DEBUG flag is on.
Constructing electric Network
All connections in the topology seem consistent!!!
Wrote stats to file: ./megafly_p8_a16_h8_min_sequential_fr0.00_seed13.2026.05.12.11.58.dat
inrflow.version                     v0.4.1              
network                                                 
topology                            megafly             
p                                   16                  
topo.version                        v0.1                
n.servers                           4160                
n.switches                          1040                
switch.radix                        16                  
n.links                             20800               
n.cables                            10400               
p.cable.failures                    0.000000            
n.cable.failures                    0                   
n.server.pairs.NN                   17305600            
n.server.pairs.NN-1                 17301440            
routing.algorithm                   min                 
max_paths                           0                   
traffic                                                 
pattern                             hotregion           
nhotrflows                          1000                
n.flows                             1000                
n.flows.delivered                   1000                
p.flows.connected                   100.000000          
placement.strategy                  sequential          
miscelanea                                              
r.seed                              13                  
started.at.y.m.d.h.m                2026.05.12.11.58    
on machine                          pop-os              
runtime                             0.000000            
path.info                                               
min.link.path.length                2                   
max.link.path.length                5                   
mean.link.path.length               4.984000            
median.link.path.length             5.000000            
var.link.path.length                0.021766            
std.link.path.length                0.147532            
hop.info                                                
min.server.hop.length               1                   
max.server.hop.length               1                   
mean.server.hop.length              1.000000            
median.server.hop.length            1.000000            
var.server.hop.length               0.000000            
std.server.hop.length               0.000000            
flow.info                                               
min.flows.per.link                  0                   
max.flows.per.link                  5                   
mean.flows.per.link                 0.239615            
median.flows.per.link               0.000000            
var.flows.per.link                  0.257308            
std.flows.per.link                  0.507256            
connected.nonzero.flows.over.bottleneck.flow 3460288.000000      
connected.flows.over.bottleneck.flow 3461120.000000      
connected.nonzero.flows.over.mean.flow 72205046.548957     
connected.flows.over.mean.flow      72222407.704655     
#Server hop length histogram (server hop path length, number of occurrences)
h    1      1000
#Path length histogram (path length, number of occurrences)
p    2         1
p    4        13
p    5       986
#Flows histogram (number of flows, number of uni-directional links with this many flows)
f    0     16498
f    1      3707
f    2       519
f    3        66
f    4         9
f    5         1
DEBUG flag is on.
