DEBUG flag is on.
Constructing electric Network
All connections in the topology seem consistent!!!
Wrote stats to file: ./megafly_p4_a8_h4_min_sequential_fr0.00_seed99.2026.05.12.11.58.dat
inrflow.version                     v0.4.1              
network                                                 
topology                            megafly             
p                                   8                   
topo.version                        v0.1                
n.servers                           272                 
n.switches                          136                 
switch.radix                        8                   
n.links                             1360                
n.cables                            680                 
p.cable.failures                    0.000000            
n.cable.failures                    0                   
n.server.pairs.NN                   73984               
n.server.pairs.NN-1                 73712               
routing.algorithm                   min                 
max_paths                           0                   
traffic                                                 
pattern                             alltoall            
n.flows                             73984               
n.flows.delivered                   73984               
p.flows.connected                   100.000000          
placement.strategy                  sequential          
miscelanea                                              
r.seed                              99                  
started.at.y.m.d.h.m                2026.05.12.11.58    
on machine                          pop-os              
runtime                             0.000000            
path.info                                               
min.link.path.length                0                   
max.link.path.length                5                   
mean.link.path.length               4.904412            
median.link.path.length             5.000000            
var.link.path.length                0.226160            
std.link.path.length                0.475563            
hop.info                                                
min.server.hop.length               0                   
max.server.hop.length               1                   
mean.server.hop.length              0.996324            
median.server.hop.length            1.000000            
var.server.hop.length               0.003663            
std.server.hop.length               0.060523            
flow.info                                               
min.flows.per.link                  256                 
max.flows.per.link                  304                 
mean.flows.per.link                 266.800000          
median.flows.per.link               271.000000          
var.flows.per.link                  127.053422          
std.flows.per.link                  11.271798           
connected.nonzero.flows.over.bottleneck.flow 242.473684          
connected.flows.over.bottleneck.flow 243.368421          
connected.nonzero.flows.over.mean.flow 276.281859          
connected.flows.over.mean.flow      277.301349          
#Server hop length histogram (server hop path length, number of occurrences)
h    0       272
h    1     73712
#Path length histogram (path length, number of occurrences)
p    0       272
p    2       816
p    4      3264
p    5     69632
#Flows histogram (number of flows, number of uni-directional links with this many flows)
f  256       544
f  271       544
f  272       204
f  304        68
DEBUG flag is on.
