DEBUG flag is on.
Constructing electric Network
All connections in the topology seem consistent!!!
Wrote stats to file: ./megafly_p2_a4_h2_min_sequential_fr0.00_seed42.2026.05.12.11.58.dat
inrflow.version                     v0.4.1              
network                                                 
topology                            megafly             
p                                   4                   
topo.version                        v0.1                
n.servers                           20                  
n.switches                          20                  
switch.radix                        4                   
n.links                             100                 
n.cables                            50                  
p.cable.failures                    0.000000            
n.cable.failures                    0                   
n.server.pairs.NN                   400                 
n.server.pairs.NN-1                 380                 
routing.algorithm                   min                 
max_paths                           0                   
traffic                                                 
pattern                             hotregion           
nhotrflows                          1000                
n.flows                             1000                
n.flows.delivered                   1000                
p.flows.connected                   100.000000          
placement.strategy                  sequential          
miscelanea                                              
r.seed                              42                  
started.at.y.m.d.h.m                2026.05.12.11.58    
on machine                          pop-os              
runtime                             0.000000            
path.info                                               
min.link.path.length                0                   
max.link.path.length                5                   
mean.link.path.length               4.527000            
median.link.path.length             5.000000            
var.link.path.length                1.444716            
std.link.path.length                1.201963            
hop.info                                                
min.server.hop.length               0                   
max.server.hop.length               1                   
mean.server.hop.length              0.955000            
median.server.hop.length            1.000000            
var.server.hop.length               0.043018            
std.server.hop.length               0.207408            
flow.info                                               
min.flows.per.link                  21                  
max.flows.per.link                  151                 
mean.flows.per.link                 45.270000           
median.flows.per.link               39.500000           
var.flows.per.link                  604.885960          
std.flows.per.link                  24.594429           
connected.nonzero.flows.over.bottleneck.flow 2.516556            
connected.flows.over.bottleneck.flow 2.649007            
connected.nonzero.flows.over.mean.flow 8.394080            
connected.flows.over.mean.flow      8.835874            
#Server hop length histogram (server hop path length, number of occurrences)
h    0        45
h    1       955
#Path length histogram (path length, number of occurrences)
p    0        45
p    2        49
p    4       101
p    5       805
#Flows histogram (number of flows, number of uni-directional links with this many flows)
f   21         2
f   23         1
f   24         1
f   25         1
f   26         4
f   27         5
f   28         2
f   29         2
f   30         4
f   31         8
f   32         4
f   34         3
f   35         3
f   36         4
f   37         1
f   38         2
f   39         3
f   40         1
f   41         3
f   42         4
f   43         6
f   44         3
f   45         3
f   46         1
f   47         2
f   49         4
f   50         2
f   51         1
f   54         2
f   56         2
f   57         1
f   60         1
f   61         1
f   63         1
f   65         1
f   71         2
f   73         1
f   74         2
f   86         1
f   90         1
f  130         1
f  144         1
f  150         1
f  151         1
DEBUG flag is on.
