DEBUG flag is on.
Constructing electric Network
All connections in the topology seem consistent!!!
Wrote stats to file: ./megafly_p8_a16_h8_min_sequential_fr0.00_seed42.2026.05.12.11.58.dat
inrflow.version                     v0.4.1              
network                                                 
topology                            megafly             
p                                   16                  
topo.version                        v0.1                
n.servers                           4160                
n.switches                          1040                
switch.radix                        16                  
n.links                             20800               
n.cables                            10400               
p.cable.failures                    0.000000            
n.cable.failures                    0                   
n.server.pairs.NN                   17305600            
n.server.pairs.NN-1                 17301440            
routing.algorithm                   min                 
max_paths                           0                   
traffic                                                 
pattern                             alltoall            
n.flows                             17305600            
n.flows.delivered                   17305600            
p.flows.connected                   100.000000          
placement.strategy                  sequential          
miscelanea                                              
r.seed                              42                  
started.at.y.m.d.h.m                2026.05.12.11.58    
on machine                          pop-os              
runtime                             2.000000            
path.info                                               
min.link.path.length                0                   
max.link.path.length                5                   
mean.link.path.length               4.980288            
median.link.path.length             5.000000            
var.link.path.length                0.034227            
std.link.path.length                0.185005            
hop.info                                                
min.server.hop.length               0                   
max.server.hop.length               1                   
mean.server.hop.length              0.999760            
median.server.hop.length            1.000000            
var.server.hop.length               0.000240            
std.server.hop.length               0.015502            
flow.info                                               
min.flows.per.link                  4096                
max.flows.per.link                  4544                
mean.flows.per.link                 4143.600000         
median.flows.per.link               4159.000000         
var.flows.per.link                  5056.483100         
std.flows.per.link                  71.108952           
connected.nonzero.flows.over.bottleneck.flow 3807.535211         
connected.flows.over.bottleneck.flow 3808.450704         
connected.nonzero.flows.over.mean.flow 4175.460952         
connected.flows.over.mean.flow      4176.464910         
#Server hop length histogram (server hop path length, number of occurrences)
h    0      4160
h    1  17301440
#Path length histogram (path length, number of occurrences)
p    0      4160
p    2     29120
p    4    232960
p    5  17039360
#Flows histogram (number of flows, number of uni-directional links with this many flows)
f 4096      8320
f 4159      8320
f 4160      3640
f 4544       520
DEBUG flag is on.
