DEBUG flag is on.
Constructing electric Network
All connections in the topology seem consistent!!!
Wrote stats to file: ./megafly_p2_a4_h2_min_sequential_fr0.00_seed13.2026.05.12.11.58.dat
inrflow.version                     v0.4.1              
network                                                 
topology                            megafly             
p                                   4                   
topo.version                        v0.1                
n.servers                           20                  
n.switches                          20                  
switch.radix                        4                   
n.links                             100                 
n.cables                            50                  
p.cable.failures                    0.000000            
n.cable.failures                    0                   
n.server.pairs.NN                   400                 
n.server.pairs.NN-1                 380                 
routing.algorithm                   min                 
max_paths                           0                   
traffic                                                 
pattern                             hotregion           
nhotrflows                          1000                
n.flows                             1000                
n.flows.delivered                   1000                
p.flows.connected                   100.000000          
placement.strategy                  sequential          
miscelanea                                              
r.seed                              13                  
started.at.y.m.d.h.m                2026.05.12.11.58    
on machine                          pop-os              
runtime                             0.000000            
path.info                                               
min.link.path.length                0                   
max.link.path.length                5                   
mean.link.path.length               4.543000            
median.link.path.length             5.000000            
var.link.path.length                1.471623            
std.link.path.length                1.213105            
hop.info                                                
min.server.hop.length               0                   
max.server.hop.length               1                   
mean.server.hop.length              0.953000            
median.server.hop.length            1.000000            
var.server.hop.length               0.044836            
std.server.hop.length               0.211745            
flow.info                                               
min.flows.per.link                  23                  
max.flows.per.link                  159                 
mean.flows.per.link                 45.430000           
median.flows.per.link               39.000000           
var.flows.per.link                  596.611212          
std.flows.per.link                  24.425626           
connected.nonzero.flows.over.bottleneck.flow 2.389937            
connected.flows.over.bottleneck.flow 2.515723            
connected.nonzero.flows.over.mean.flow 8.364517            
connected.flows.over.mean.flow      8.804755            
#Server hop length histogram (server hop path length, number of occurrences)
h    0        47
h    1       953
#Path length histogram (path length, number of occurrences)
p    0        47
p    2        47
p    4        81
p    5       825
#Flows histogram (number of flows, number of uni-directional links with this many flows)
f   23         1
f   24         3
f   25         5
f   26         1
f   27         1
f   28         2
f   29         3
f   30         1
f   31         1
f   32         8
f   33         4
f   34         5
f   35         2
f   36         4
f   37         3
f   38         5
f   39         2
f   40         7
f   41         2
f   42         1
f   43         4
f   44         3
f   45         2
f   46         2
f   47         2
f   49         1
f   50         1
f   51         1
f   52         2
f   53         1
f   54         2
f   55         1
f   58         2
f   59         1
f   62         1
f   63         1
f   64         3
f   66         1
f   77         1
f   79         2
f   88         1
f  127         1
f  139         1
f  155         1
f  159         1
DEBUG flag is on.
