DEBUG flag is on.
Constructing electric Network
All connections in the topology seem consistent!!!
Wrote stats to file: ./megafly_p8_a16_h8_min_sequential_fr0.00_seed99.2026.05.12.11.58.dat
inrflow.version                     v0.4.1              
network                                                 
topology                            megafly             
p                                   16                  
topo.version                        v0.1                
n.servers                           4160                
n.switches                          1040                
switch.radix                        16                  
n.links                             20800               
n.cables                            10400               
p.cable.failures                    0.000000            
n.cable.failures                    0                   
n.server.pairs.NN                   17305600            
n.server.pairs.NN-1                 17301440            
routing.algorithm                   min                 
max_paths                           0                   
traffic                                                 
pattern                             random              
nrndflows                           5000                
n.flows                             5000                
n.flows.delivered                   5000                
p.flows.connected                   100.000000          
placement.strategy                  sequential          
miscelanea                                              
r.seed                              99                  
started.at.y.m.d.h.m                2026.05.12.11.58    
on machine                          pop-os              
runtime                             0.000000            
path.info                                               
min.link.path.length                0                   
max.link.path.length                5                   
mean.link.path.length               4.983600            
median.link.path.length             5.000000            
var.link.path.length                0.026536            
std.link.path.length                0.162900            
hop.info                                                
min.server.hop.length               0                   
max.server.hop.length               1                   
mean.server.hop.length              0.999600            
median.server.hop.length            1.000000            
var.server.hop.length               0.000400            
std.server.hop.length               0.019998            
flow.info                                               
min.flows.per.link                  0                   
max.flows.per.link                  7                   
mean.flows.per.link                 1.197981            
median.flows.per.link               1.000000            
var.flows.per.link                  1.173649            
std.flows.per.link                  1.083351            
connected.nonzero.flows.over.bottleneck.flow 2471634.285714      
connected.flows.over.bottleneck.flow 2472228.571429      
connected.nonzero.flows.over.mean.flow 14442168.392327     
connected.flows.over.mean.flow      14445640.902159     
#Server hop length histogram (server hop path length, number of occurrences)
h    0         2
h    1      4998
#Path length histogram (path length, number of occurrences)
p    0         2
p    2         2
p    4        66
p    5      4930
#Flows histogram (number of flows, number of uni-directional links with this many flows)
f    0      6248
f    1      7455
f    2      4660
f    3      1775
f    4       522
f    5       115
f    6        20
f    7         5
DEBUG flag is on.
