DEBUG flag is on.
Constructing electric Network
All connections in the topology seem consistent!!!
Wrote stats to file: ./megafly_p2_a4_h2_min_sequential_fr0.00_seed13.2026.05.12.11.58.dat
inrflow.version                     v0.4.1              
network                                                 
topology                            megafly             
p                                   4                   
topo.version                        v0.1                
n.servers                           20                  
n.switches                          20                  
switch.radix                        4                   
n.links                             100                 
n.cables                            50                  
p.cable.failures                    0.000000            
n.cable.failures                    0                   
n.server.pairs.NN                   400                 
n.server.pairs.NN-1                 380                 
routing.algorithm                   min                 
max_paths                           0                   
traffic                                                 
pattern                             random              
nrndflows                           5000                
n.flows                             5000                
n.flows.delivered                   5000                
p.flows.connected                   100.000000          
placement.strategy                  sequential          
miscelanea                                              
r.seed                              13                  
started.at.y.m.d.h.m                2026.05.12.11.58    
on machine                          pop-os              
runtime                             0.000000            
path.info                                               
min.link.path.length                0                   
max.link.path.length                5                   
mean.link.path.length               4.538000            
median.link.path.length             5.000000            
var.link.path.length                1.436043            
std.link.path.length                1.198350            
hop.info                                                
min.server.hop.length               0                   
max.server.hop.length               1                   
mean.server.hop.length              0.954200            
median.server.hop.length            1.000000            
var.server.hop.length               0.043711            
std.server.hop.length               0.209072            
flow.info                                               
min.flows.per.link                  175                 
max.flows.per.link                  274                 
mean.flows.per.link                 226.900000          
median.flows.per.link               226.500000          
var.flows.per.link                  567.141414          
std.flows.per.link                  23.814731           
connected.nonzero.flows.over.bottleneck.flow 1.386861            
connected.flows.over.bottleneck.flow 1.459854            
connected.nonzero.flows.over.mean.flow 1.674747            
connected.flows.over.mean.flow      1.762891            
#Server hop length histogram (server hop path length, number of occurrences)
h    0       229
h    1      4771
#Path length histogram (path length, number of occurrences)
p    0       229
p    2       226
p    4       487
p    5      4058
#Flows histogram (number of flows, number of uni-directional links with this many flows)
f  175         1
f  181         1
f  183         2
f  185         1
f  188         1
f  192         2
f  195         1
f  196         1
f  197         2
f  198         1
f  200         2
f  202         1
f  204         2
f  205         3
f  206         1
f  207         3
f  208         1
f  210         2
f  211         3
f  212         2
f  213         1
f  215         1
f  216         2
f  218         5
f  220         2
f  222         2
f  223         2
f  224         1
f  225         1
f  228         3
f  229         1
f  232         3
f  233         1
f  234         1
f  236         1
f  239         1
f  240         4
f  241         3
f  242         2
f  244         1
f  245         5
f  248         2
f  249         3
f  250         2
f  251         1
f  252         1
f  254         1
f  255         2
f  257         4
f  262         2
f  266         3
f  268         1
f  273         1
f  274         1
DEBUG flag is on.
