DEBUG flag is on.
Constructing electric Network
All connections in the topology seem consistent!!!
Wrote stats to file: ./megafly_p10_a20_h10_min_sequential_fr0.00_seed99.2026.05.12.11.59.dat
inrflow.version                     v0.4.1              
network                                                 
topology                            megafly             
p                                   20                  
topo.version                        v0.1                
n.servers                           10100               
n.switches                          2020                
switch.radix                        20                  
n.links                             50500               
n.cables                            25250               
p.cable.failures                    0.000000            
n.cable.failures                    0                   
n.server.pairs.NN                   102010000           
n.server.pairs.NN-1                 101999900           
routing.algorithm                   min                 
max_paths                           0                   
traffic                                                 
pattern                             random              
nrndflows                           5000                
n.flows                             5000                
n.flows.delivered                   5000                
p.flows.connected                   100.000000          
placement.strategy                  sequential          
miscelanea                                              
r.seed                              99                  
started.at.y.m.d.h.m                2026.05.12.11.59    
on machine                          pop-os              
runtime                             0.000000            
path.info                                               
min.link.path.length                2                   
max.link.path.length                5                   
mean.link.path.length               4.984400            
median.link.path.length             5.000000            
var.link.path.length                0.028562            
std.link.path.length                0.169004            
hop.info                                                
min.server.hop.length               1                   
max.server.hop.length               1                   
mean.server.hop.length              1.000000            
median.server.hop.length            1.000000            
var.server.hop.length               0.000000            
std.server.hop.length               0.000000            
flow.info                                               
min.flows.per.link                  0                   
max.flows.per.link                  7                   
mean.flows.per.link                 0.493505            
median.flows.per.link               0.000000            
var.flows.per.link                  0.490601            
std.flows.per.link                  0.700429            
connected.nonzero.flows.over.bottleneck.flow 14571414.285714     
connected.flows.over.bottleneck.flow 14572857.142857     
connected.nonzero.flows.over.mean.flow 206684654.120857    
connected.flows.over.mean.flow      206705119.974320    
#Server hop length histogram (server hop path length, number of occurrences)
h    1      5000
#Path length histogram (path length, number of occurrences)
p    2        11
p    4        45
p    5      4944
#Flows histogram (number of flows, number of uni-directional links with this many flows)
f    0     30780
f    1     15284
f    2      3769
f    3       574
f    4        89
f    5         3
f    7         1
DEBUG flag is on.
