DEBUG flag is on.
Constructing electric Network
All connections in the topology seem consistent!!!
Wrote stats to file: ./megafly_p10_a20_h10_min_sequential_fr0.00_seed13.2026.05.12.11.59.dat
inrflow.version                     v0.4.1              
network                                                 
topology                            megafly             
p                                   20                  
topo.version                        v0.1                
n.servers                           10100               
n.switches                          2020                
switch.radix                        20                  
n.links                             50500               
n.cables                            25250               
p.cable.failures                    0.000000            
n.cable.failures                    0                   
n.server.pairs.NN                   102010000           
n.server.pairs.NN-1                 101999900           
routing.algorithm                   min                 
max_paths                           0                   
traffic                                                 
pattern                             random              
nrndflows                           5000                
n.flows                             5000                
n.flows.delivered                   5000                
p.flows.connected                   100.000000          
placement.strategy                  sequential          
miscelanea                                              
r.seed                              13                  
started.at.y.m.d.h.m                2026.05.12.11.59    
on machine                          pop-os              
runtime                             0.000000            
path.info                                               
min.link.path.length                0                   
max.link.path.length                5                   
mean.link.path.length               4.986800            
median.link.path.length             5.000000            
var.link.path.length                0.025831            
std.link.path.length                0.160720            
hop.info                                                
min.server.hop.length               0                   
max.server.hop.length               1                   
mean.server.hop.length              0.999600            
median.server.hop.length            1.000000            
var.server.hop.length               0.000400            
std.server.hop.length               0.019998            
flow.info                                               
min.flows.per.link                  0                   
max.flows.per.link                  5                   
mean.flows.per.link                 0.493743            
median.flows.per.link               0.000000            
var.flows.per.link                  0.491911            
std.flows.per.link                  0.701364            
connected.nonzero.flows.over.bottleneck.flow 20399980.000000     
connected.flows.over.bottleneck.flow 20402000.000000     
connected.nonzero.flows.over.mean.flow 206585182.882811    
connected.flows.over.mean.flow      206605638.886661    
#Server hop length histogram (server hop path length, number of occurrences)
h    0         2
h    1      4998
#Path length histogram (path length, number of occurrences)
p    0         2
p    2         4
p    4        44
p    5      4950
#Flows histogram (number of flows, number of uni-directional links with this many flows)
f    0     30808
f    1     15220
f    2      3792
f    3       597
f    4        76
f    5         7
DEBUG flag is on.
