DEBUG flag is on.
Constructing electric Network
All connections in the topology seem consistent!!!
Wrote stats to file: ./megafly_p4_a8_h4_min_sequential_fr0.00_seed99.2026.05.12.11.58.dat
inrflow.version                     v0.4.1              
network                                                 
topology                            megafly             
p                                   8                   
topo.version                        v0.1                
n.servers                           272                 
n.switches                          136                 
switch.radix                        8                   
n.links                             1360                
n.cables                            680                 
p.cable.failures                    0.000000            
n.cable.failures                    0                   
n.server.pairs.NN                   73984               
n.server.pairs.NN-1                 73712               
routing.algorithm                   min                 
max_paths                           0                   
traffic                                                 
pattern                             hotregion           
nhotrflows                          1000                
n.flows                             1000                
n.flows.delivered                   1000                
p.flows.connected                   100.000000          
placement.strategy                  sequential          
miscelanea                                              
r.seed                              99                  
started.at.y.m.d.h.m                2026.05.12.11.58    
on machine                          pop-os              
runtime                             0.000000            
path.info                                               
min.link.path.length                0                   
max.link.path.length                5                   
mean.link.path.length               4.907000            
median.link.path.length             5.000000            
var.link.path.length                0.244596            
std.link.path.length                0.494566            
hop.info                                                
min.server.hop.length               0                   
max.server.hop.length               1                   
mean.server.hop.length              0.995000            
median.server.hop.length            1.000000            
var.server.hop.length               0.004980            
std.server.hop.length               0.070569            
flow.info                                               
min.flows.per.link                  0                   
max.flows.per.link                  18                  
mean.flows.per.link                 3.608088            
median.flows.per.link               3.000000            
var.flows.per.link                  7.326057            
std.flows.per.link                  2.706669            
connected.nonzero.flows.over.bottleneck.flow 4095.111111         
connected.flows.over.bottleneck.flow 4110.222222         
connected.nonzero.flows.over.mean.flow 20429.655594        
connected.flows.over.mean.flow      20505.041777        
#Server hop length histogram (server hop path length, number of occurrences)
h    0         5
h    1       995
#Path length histogram (path length, number of occurrences)
p    0         5
p    2        10
p    4        38
p    5       947
#Flows histogram (number of flows, number of uni-directional links with this many flows)
f    0        61
f    1       203
f    2       277
f    3       267
f    4       183
f    5       128
f    6        86
f    7        43
f    8        30
f    9        22
f   10        20
f   11        10
f   12         4
f   13        10
f   14         9
f   15         6
f   18         1
DEBUG flag is on.
