DEBUG flag is on.
Constructing electric Network
All connections in the topology seem consistent!!!
Wrote stats to file: ./megafly_p10_a20_h10_min_sequential_fr0.00_seed42.2026.05.12.11.59.dat
inrflow.version                     v0.4.1              
network                                                 
topology                            megafly             
p                                   20                  
topo.version                        v0.1                
n.servers                           10100               
n.switches                          2020                
switch.radix                        20                  
n.links                             50500               
n.cables                            25250               
p.cable.failures                    0.000000            
n.cable.failures                    0                   
n.server.pairs.NN                   102010000           
n.server.pairs.NN-1                 101999900           
routing.algorithm                   min                 
max_paths                           0                   
traffic                                                 
pattern                             random              
nrndflows                           5000                
n.flows                             5000                
n.flows.delivered                   5000                
p.flows.connected                   100.000000          
placement.strategy                  sequential          
miscelanea                                              
r.seed                              42                  
started.at.y.m.d.h.m                2026.05.12.11.59    
on machine                          pop-os              
runtime                             0.000000            
path.info                                               
min.link.path.length                2                   
max.link.path.length                5                   
mean.link.path.length               4.991600            
median.link.path.length             5.000000            
var.link.path.length                0.010732            
std.link.path.length                0.103593            
hop.info                                                
min.server.hop.length               1                   
max.server.hop.length               1                   
mean.server.hop.length              1.000000            
median.server.hop.length            1.000000            
var.server.hop.length               0.000000            
std.server.hop.length               0.000000            
flow.info                                               
min.flows.per.link                  0                   
max.flows.per.link                  6                   
mean.flows.per.link                 0.494218            
median.flows.per.link               0.000000            
var.flows.per.link                  0.492036            
std.flows.per.link                  0.701453            
connected.nonzero.flows.over.bottleneck.flow 16999983.333333     
connected.flows.over.bottleneck.flow 17001666.666667     
connected.nonzero.flows.over.mean.flow 206386527.365975    
connected.flows.over.mean.flow      206406963.699014    
#Server hop length histogram (server hop path length, number of occurrences)
h    1      5000
#Path length histogram (path length, number of occurrences)
p    2         2
p    4        36
p    5      4962
#Flows histogram (number of flows, number of uni-directional links with this many flows)
f    0     30764
f    1     15303
f    2      3734
f    3       619
f    4        71
f    5         8
f    6         1
DEBUG flag is on.
