DEBUG flag is on.
Constructing electric Network
All connections in the topology seem consistent!!!
Wrote stats to file: ./megafly_p10_a20_h10_min_sequential_fr0.00_seed13.2026.05.12.11.59.dat
inrflow.version                     v0.4.1              
network                                                 
topology                            megafly             
p                                   20                  
topo.version                        v0.1                
n.servers                           10100               
n.switches                          2020                
switch.radix                        20                  
n.links                             50500               
n.cables                            25250               
p.cable.failures                    0.000000            
n.cable.failures                    0                   
n.server.pairs.NN                   102010000           
n.server.pairs.NN-1                 101999900           
routing.algorithm                   min                 
max_paths                           0                   
traffic                                                 
pattern                             shift               
stride                              5                   
n.flows                             10100               
n.flows.delivered                   10100               
p.flows.connected                   100.000000          
placement.strategy                  sequential          
miscelanea                                              
r.seed                              13                  
started.at.y.m.d.h.m                2026.05.12.11.59    
on machine                          pop-os              
runtime                             0.000000            
path.info                                               
min.link.path.length                2                   
max.link.path.length                5                   
mean.link.path.length               3.050000            
median.link.path.length             3.000000            
var.link.path.length                1.147614            
std.link.path.length                1.071267            
hop.info                                                
min.server.hop.length               1                   
max.server.hop.length               1                   
mean.server.hop.length              1.000000            
median.server.hop.length            1.000000            
var.server.hop.length               0.000000            
std.server.hop.length               0.000000            
flow.info                                               
min.flows.per.link                  0                   
max.flows.per.link                  5                   
mean.flows.per.link                 0.610000            
median.flows.per.link               0.000000            
var.flows.per.link                  1.077921            
std.flows.per.link                  1.038230            
connected.nonzero.flows.over.bottleneck.flow 20399980.000000     
connected.flows.over.bottleneck.flow 20402000.000000     
connected.nonzero.flows.over.mean.flow 167212950.819672    
connected.flows.over.mean.flow      167229508.196721    
#Server hop length histogram (server hop path length, number of occurrences)
h    1     10100
#Path length histogram (path length, number of occurrences)
p    2      5050
p    4      4545
p    5       505
#Flows histogram (number of flows, number of uni-directional links with this many flows)
f    0     28179
f    1     20200
f    5      2121
DEBUG flag is on.
