DEBUG flag is on.
Constructing electric Network
All connections in the topology seem consistent!!!
Wrote stats to file: ./megafly_p2_a4_h2_min_sequential_fr0.00_seed42.2026.05.12.11.58.dat
inrflow.version                     v0.4.1              
network                                                 
topology                            megafly             
p                                   4                   
topo.version                        v0.1                
n.servers                           20                  
n.switches                          20                  
switch.radix                        4                   
n.links                             100                 
n.cables                            50                  
p.cable.failures                    0.000000            
n.cable.failures                    0                   
n.server.pairs.NN                   400                 
n.server.pairs.NN-1                 380                 
routing.algorithm                   min                 
max_paths                           0                   
traffic                                                 
pattern                             bisection           
n.flows                             20                  
n.flows.delivered                   20                  
p.flows.connected                   100.000000          
placement.strategy                  sequential          
miscelanea                                              
r.seed                              42                  
started.at.y.m.d.h.m                2026.05.12.11.58    
on machine                          pop-os              
runtime                             0.000000            
path.info                                               
min.link.path.length                4                   
max.link.path.length                5                   
mean.link.path.length               4.900000            
median.link.path.length             5.000000            
var.link.path.length                0.094737            
std.link.path.length                0.307794            
hop.info                                                
min.server.hop.length               1                   
max.server.hop.length               1                   
mean.server.hop.length              1.000000            
median.server.hop.length            1.000000            
var.server.hop.length               0.000000            
std.server.hop.length               0.000000            
flow.info                                               
min.flows.per.link                  0                   
max.flows.per.link                  2                   
mean.flows.per.link                 0.980000            
median.flows.per.link               1.000000            
var.flows.per.link                  0.302626            
std.flows.per.link                  0.550115            
connected.nonzero.flows.over.bottleneck.flow 190.000000          
connected.flows.over.bottleneck.flow 200.000000          
connected.nonzero.flows.over.mean.flow 387.755102          
connected.flows.over.mean.flow      408.163265          
#Server hop length histogram (server hop path length, number of occurrences)
h    1        20
#Path length histogram (path length, number of occurrences)
p    4         2
p    5        18
#Flows histogram (number of flows, number of uni-directional links with this many flows)
f    0        16
f    1        70
f    2        14
DEBUG flag is on.
