DEBUG flag is on.
Constructing electric Network
All connections in the topology seem consistent!!!
Wrote stats to file: ./megafly_p4_a8_h4_min_sequential_fr0.00_seed13.2026.05.12.11.58.dat
inrflow.version                     v0.4.1              
network                                                 
topology                            megafly             
p                                   8                   
topo.version                        v0.1                
n.servers                           272                 
n.switches                          136                 
switch.radix                        8                   
n.links                             1360                
n.cables                            680                 
p.cable.failures                    0.000000            
n.cable.failures                    0                   
n.server.pairs.NN                   73984               
n.server.pairs.NN-1                 73712               
routing.algorithm                   min                 
max_paths                           0                   
traffic                                                 
pattern                             hotregion           
nhotrflows                          1000                
n.flows                             1000                
n.flows.delivered                   1000                
p.flows.connected                   100.000000          
placement.strategy                  sequential          
miscelanea                                              
r.seed                              13                  
started.at.y.m.d.h.m                2026.05.12.11.58    
on machine                          pop-os              
runtime                             0.000000            
path.info                                               
min.link.path.length                0                   
max.link.path.length                5                   
mean.link.path.length               4.910000            
median.link.path.length             5.000000            
var.link.path.length                0.194094            
std.link.path.length                0.440561            
hop.info                                                
min.server.hop.length               0                   
max.server.hop.length               1                   
mean.server.hop.length              0.998000            
median.server.hop.length            1.000000            
var.server.hop.length               0.001998            
std.server.hop.length               0.044699            
flow.info                                               
min.flows.per.link                  0                   
max.flows.per.link                  18                  
mean.flows.per.link                 3.610294            
median.flows.per.link               3.000000            
var.flows.per.link                  7.332933            
std.flows.per.link                  2.707939            
connected.nonzero.flows.over.bottleneck.flow 4095.111111         
connected.flows.over.bottleneck.flow 4110.222222         
connected.nonzero.flows.over.mean.flow 20417.173116        
connected.flows.over.mean.flow      20492.513238        
#Server hop length histogram (server hop path length, number of occurrences)
h    0         2
h    1       998
#Path length histogram (path length, number of occurrences)
p    0         2
p    2        12
p    4        44
p    5       942
#Flows histogram (number of flows, number of uni-directional links with this many flows)
f    0        54
f    1       202
f    2       287
f    3       267
f    4       202
f    5       115
f    6        63
f    7        51
f    8        40
f    9        19
f   10        16
f   11        12
f   12        12
f   13         6
f   14         7
f   15         3
f   16         2
f   17         1
f   18         1
DEBUG flag is on.
