DEBUG flag is on.
Constructing electric Network
All connections in the topology seem consistent!!!
Wrote stats to file: ./megafly_p2_a4_h2_min_sequential_fr0.00_seed99.2026.05.12.11.58.dat
inrflow.version                     v0.4.1              
network                                                 
topology                            megafly             
p                                   4                   
topo.version                        v0.1                
n.servers                           20                  
n.switches                          20                  
switch.radix                        4                   
n.links                             100                 
n.cables                            50                  
p.cable.failures                    0.000000            
n.cable.failures                    0                   
n.server.pairs.NN                   400                 
n.server.pairs.NN-1                 380                 
routing.algorithm                   min                 
max_paths                           0                   
traffic                                                 
pattern                             hotregion           
nhotrflows                          1000                
n.flows                             1000                
n.flows.delivered                   1000                
p.flows.connected                   100.000000          
placement.strategy                  sequential          
miscelanea                                              
r.seed                              99                  
started.at.y.m.d.h.m                2026.05.12.11.58    
on machine                          pop-os              
runtime                             0.000000            
path.info                                               
min.link.path.length                0                   
max.link.path.length                5                   
mean.link.path.length               4.492000            
median.link.path.length             5.000000            
var.link.path.length                1.643580            
std.link.path.length                1.282022            
hop.info                                                
min.server.hop.length               0                   
max.server.hop.length               1                   
mean.server.hop.length              0.946000            
median.server.hop.length            1.000000            
var.server.hop.length               0.051135            
std.server.hop.length               0.226131            
flow.info                                               
min.flows.per.link                  20                  
max.flows.per.link                  166                 
mean.flows.per.link                 44.920000           
median.flows.per.link               36.000000           
var.flows.per.link                  809.145051          
std.flows.per.link                  28.445475           
connected.nonzero.flows.over.bottleneck.flow 2.289157            
connected.flows.over.bottleneck.flow 2.409639            
connected.nonzero.flows.over.mean.flow 8.459484            
connected.flows.over.mean.flow      8.904720            
#Server hop length histogram (server hop path length, number of occurrences)
h    0        54
h    1       946
#Path length histogram (path length, number of occurrences)
p    0        54
p    2        52
p    4        82
p    5       812
#Flows histogram (number of flows, number of uni-directional links with this many flows)
f   20         1
f   21         1
f   22         1
f   23         2
f   24         2
f   25         2
f   26         3
f   27         4
f   28         3
f   29         5
f   30         5
f   31         5
f   32         5
f   33         3
f   34         1
f   35         4
f   36         4
f   37         2
f   38         2
f   39         4
f   40         2
f   41         1
f   42         1
f   43         3
f   44         3
f   45         2
f   46         4
f   48         2
f   49         1
f   50         1
f   52         1
f   53         1
f   54         2
f   57         1
f   58         1
f   59         1
f   62         1
f   63         1
f   64         1
f   66         1
f   67         1
f   75         1
f   80         1
f   87         1
f   93         1
f   97         1
f  153         1
f  163         1
f  166         2
DEBUG flag is on.
