DEBUG flag is on.
Constructing electric Network
All connections in the topology seem consistent!!!
Wrote stats to file: ./megafly_p4_a8_h4_min_sequential_fr0.00_seed42.2026.05.12.11.58.dat
inrflow.version                     v0.4.1              
network                                                 
topology                            megafly             
p                                   8                   
topo.version                        v0.1                
n.servers                           272                 
n.switches                          136                 
switch.radix                        8                   
n.links                             1360                
n.cables                            680                 
p.cable.failures                    0.000000            
n.cable.failures                    0                   
n.server.pairs.NN                   73984               
n.server.pairs.NN-1                 73712               
routing.algorithm                   min                 
max_paths                           0                   
traffic                                                 
pattern                             random              
nrndflows                           5000                
n.flows                             5000                
n.flows.delivered                   5000                
p.flows.connected                   100.000000          
placement.strategy                  sequential          
miscelanea                                              
r.seed                              42                  
started.at.y.m.d.h.m                2026.05.12.11.58    
on machine                          pop-os              
runtime                             0.000000            
path.info                                               
min.link.path.length                0                   
max.link.path.length                5                   
mean.link.path.length               4.901600            
median.link.path.length             5.000000            
var.link.path.length                0.235164            
std.link.path.length                0.484938            
hop.info                                                
min.server.hop.length               0                   
max.server.hop.length               1                   
mean.server.hop.length              0.997000            
median.server.hop.length            1.000000            
var.server.hop.length               0.002992            
std.server.hop.length               0.054696            
flow.info                                               
min.flows.per.link                  7                   
max.flows.per.link                  36                  
mean.flows.per.link                 18.020588           
median.flows.per.link               18.000000           
var.flows.per.link                  18.338060           
std.flows.per.link                  4.282296            
connected.nonzero.flows.over.bottleneck.flow 2047.555556         
connected.flows.over.bottleneck.flow 2055.111111         
connected.nonzero.flows.over.mean.flow 4090.432512         
connected.flows.over.mean.flow      4105.526359         
#Server hop length histogram (server hop path length, number of occurrences)
h    0        15
h    1      4985
#Path length histogram (path length, number of occurrences)
p    0        15
p    2        72
p    4       201
p    5      4712
#Flows histogram (number of flows, number of uni-directional links with this many flows)
f    7         5
f    8         6
f    9        14
f   10        26
f   11        39
f   12        47
f   13        68
f   14        89
f   15        81
f   16       116
f   17       118
f   18       116
f   19       156
f   20       104
f   21        89
f   22        99
f   23        56
f   24        51
f   25        28
f   26        18
f   27        12
f   28         8
f   29         6
f   30         3
f   31         1
f   32         1
f   34         1
f   35         1
f   36         1
DEBUG flag is on.
