DEBUG flag is on.
Constructing electric Network
All connections in the topology seem consistent!!!
Wrote stats to file: ./megafly_p4_a8_h4_min_sequential_fr0.00_seed13.2026.05.12.11.58.dat
inrflow.version                     v0.4.1              
network                                                 
topology                            megafly             
p                                   8                   
topo.version                        v0.1                
n.servers                           272                 
n.switches                          136                 
switch.radix                        8                   
n.links                             1360                
n.cables                            680                 
p.cable.failures                    0.000000            
n.cable.failures                    0                   
n.server.pairs.NN                   73984               
n.server.pairs.NN-1                 73712               
routing.algorithm                   min                 
max_paths                           0                   
traffic                                                 
pattern                             random              
nrndflows                           5000                
n.flows                             5000                
n.flows.delivered                   5000                
p.flows.connected                   100.000000          
placement.strategy                  sequential          
miscelanea                                              
r.seed                              13                  
started.at.y.m.d.h.m                2026.05.12.11.58    
on machine                          pop-os              
runtime                             0.000000            
path.info                                               
min.link.path.length                0                   
max.link.path.length                5                   
mean.link.path.length               4.904000            
median.link.path.length             5.000000            
var.link.path.length                0.222028            
std.link.path.length                0.471199            
hop.info                                                
min.server.hop.length               0                   
max.server.hop.length               1                   
mean.server.hop.length              0.996600            
median.server.hop.length            1.000000            
var.server.hop.length               0.003389            
std.server.hop.length               0.058216            
flow.info                                               
min.flows.per.link                  4                   
max.flows.per.link                  36                  
mean.flows.per.link                 18.029412           
median.flows.per.link               18.000000           
var.flows.per.link                  19.672423           
std.flows.per.link                  4.435361            
connected.nonzero.flows.over.bottleneck.flow 2047.555556         
connected.flows.over.bottleneck.flow 2055.111111         
connected.nonzero.flows.over.mean.flow 4088.430669         
connected.flows.over.mean.flow      4103.517129         
#Server hop length histogram (server hop path length, number of occurrences)
h    0        17
h    1      4983
#Path length histogram (path length, number of occurrences)
p    0        17
p    2        56
p    4       227
p    5      4700
#Flows histogram (number of flows, number of uni-directional links with this many flows)
f    4         1
f    5         2
f    7         5
f    8         3
f    9        15
f   10        23
f   11        32
f   12        53
f   13        62
f   14        89
f   15       111
f   16       136
f   17       121
f   18       120
f   19       100
f   20       106
f   21        92
f   22        73
f   23        59
f   24        47
f   25        32
f   26        34
f   27        12
f   28        17
f   29         7
f   30         3
f   31         2
f   32         1
f   34         1
f   36         1
DEBUG flag is on.
