DEBUG flag is on.
Constructing electric Network
All connections in the topology seem consistent!!!
Wrote stats to file: ./megafly_p4_a8_h4_min_sequential_fr0.00_seed13.2026.05.12.11.58.dat
inrflow.version                     v0.4.1              
network                                                 
topology                            megafly             
p                                   8                   
topo.version                        v0.1                
n.servers                           272                 
n.switches                          136                 
switch.radix                        8                   
n.links                             1360                
n.cables                            680                 
p.cable.failures                    0.000000            
n.cable.failures                    0                   
n.server.pairs.NN                   73984               
n.server.pairs.NN-1                 73712               
routing.algorithm                   min                 
max_paths                           0                   
traffic                                                 
pattern                             bisection           
n.flows                             272                 
n.flows.delivered                   272                 
p.flows.connected                   100.000000          
placement.strategy                  sequential          
miscelanea                                              
r.seed                              13                  
started.at.y.m.d.h.m                2026.05.12.11.58    
on machine                          pop-os              
runtime                             0.000000            
path.info                                               
min.link.path.length                2                   
max.link.path.length                5                   
mean.link.path.length               4.889706            
median.link.path.length             5.000000            
var.link.path.length                0.231333            
std.link.path.length                0.480971            
hop.info                                                
min.server.hop.length               1                   
max.server.hop.length               1                   
mean.server.hop.length              1.000000            
median.server.hop.length            1.000000            
var.server.hop.length               0.000000            
std.server.hop.length               0.000000            
flow.info                                               
min.flows.per.link                  0                   
max.flows.per.link                  4                   
mean.flows.per.link                 0.977941            
median.flows.per.link               1.000000            
var.flows.per.link                  0.496938            
std.flows.per.link                  0.704938            
connected.nonzero.flows.over.bottleneck.flow 18428.000000        
connected.flows.over.bottleneck.flow 18496.000000        
connected.nonzero.flows.over.mean.flow 75374.676692        
connected.flows.over.mean.flow      75652.812030        
#Server hop length histogram (server hop path length, number of occurrences)
h    1       272
#Path length histogram (path length, number of occurrences)
p    2         6
p    4        12
p    5       254
#Flows histogram (number of flows, number of uni-directional links with this many flows)
f    0       286
f    1       877
f    2       146
f    3        43
f    4         8
DEBUG flag is on.
