DEBUG flag is on.
Constructing electric Network
All connections in the topology seem consistent!!!
Wrote stats to file: ./megafly_p10_a20_h10_min_sequential_fr0.00_seed13.2026.05.12.11.59.dat
inrflow.version                     v0.4.1              
network                                                 
topology                            megafly             
p                                   20                  
topo.version                        v0.1                
n.servers                           10100               
n.switches                          2020                
switch.radix                        20                  
n.links                             50500               
n.cables                            25250               
p.cable.failures                    0.000000            
n.cable.failures                    0                   
n.server.pairs.NN                   102010000           
n.server.pairs.NN-1                 101999900           
routing.algorithm                   min                 
max_paths                           0                   
traffic                                                 
pattern                             hotregion           
nhotrflows                          1000                
n.flows                             1000                
n.flows.delivered                   1000                
p.flows.connected                   100.000000          
placement.strategy                  sequential          
miscelanea                                              
r.seed                              13                  
started.at.y.m.d.h.m                2026.05.12.11.59    
on machine                          pop-os              
runtime                             0.000000            
path.info                                               
min.link.path.length                2                   
max.link.path.length                5                   
mean.link.path.length               4.988000            
median.link.path.length             5.000000            
var.link.path.length                0.017874            
std.link.path.length                0.133693            
hop.info                                                
min.server.hop.length               1                   
max.server.hop.length               1                   
mean.server.hop.length              1.000000            
median.server.hop.length            1.000000            
var.server.hop.length               0.000000            
std.server.hop.length               0.000000            
flow.info                                               
min.flows.per.link                  0                   
max.flows.per.link                  4                   
mean.flows.per.link                 0.098772            
median.flows.per.link               0.000000            
var.flows.per.link                  0.101335            
std.flows.per.link                  0.318332            
connected.nonzero.flows.over.bottleneck.flow 25499975.000000     
connected.flows.over.bottleneck.flow 25502500.000000     
connected.nonzero.flows.over.mean.flow 1032677415.797915   
connected.flows.over.mean.flow      1032779671.210906   
#Server hop length histogram (server hop path length, number of occurrences)
h    1      1000
#Path length histogram (path length, number of occurrences)
p    2         1
p    4         9
p    5       990
#Flows histogram (number of flows, number of uni-directional links with this many flows)
f    0     45802
f    1      4428
f    2       251
f    3        18
f    4         1
DEBUG flag is on.
