DEBUG flag is on.
Constructing electric Network
All connections in the topology seem consistent!!!
Wrote stats to file: ./megafly_p2_a4_h2_min_sequential_fr0.00_seed99.2026.05.12.11.58.dat
inrflow.version                     v0.4.1              
network                                                 
topology                            megafly             
p                                   4                   
topo.version                        v0.1                
n.servers                           20                  
n.switches                          20                  
switch.radix                        4                   
n.links                             100                 
n.cables                            50                  
p.cable.failures                    0.000000            
n.cable.failures                    0                   
n.server.pairs.NN                   400                 
n.server.pairs.NN-1                 380                 
routing.algorithm                   min                 
max_paths                           0                   
traffic                                                 
pattern                             alltoall            
n.flows                             400                 
n.flows.delivered                   400                 
p.flows.connected                   100.000000          
placement.strategy                  sequential          
miscelanea                                              
r.seed                              99                  
started.at.y.m.d.h.m                2026.05.12.11.58    
on machine                          pop-os              
runtime                             0.000000            
path.info                                               
min.link.path.length                0                   
max.link.path.length                5                   
mean.link.path.length               4.500000            
median.link.path.length             5.000000            
var.link.path.length                1.553885            
std.link.path.length                1.246549            
hop.info                                                
min.server.hop.length               0                   
max.server.hop.length               1                   
mean.server.hop.length              0.950000            
median.server.hop.length            1.000000            
var.server.hop.length               0.047619            
std.server.hop.length               0.218218            
flow.info                                               
min.flows.per.link                  16                  
max.flows.per.link                  20                  
mean.flows.per.link                 18.000000           
median.flows.per.link               19.000000           
var.flows.per.link                  2.828283            
std.flows.per.link                  1.681750            
connected.nonzero.flows.over.bottleneck.flow 19.000000           
connected.flows.over.bottleneck.flow 20.000000           
connected.nonzero.flows.over.mean.flow 21.111111           
connected.flows.over.mean.flow      22.222222           
#Server hop length histogram (server hop path length, number of occurrences)
h    0        20
h    1       380
#Path length histogram (path length, number of occurrences)
p    0        20
p    2        20
p    4        40
p    5       320
#Flows histogram (number of flows, number of uni-directional links with this many flows)
f   16        40
f   19        40
f   20        20
DEBUG flag is on.
