DEBUG flag is on.
Constructing electric Network
All connections in the topology seem consistent!!!
Wrote stats to file: ./megafly_p8_a16_h8_min_sequential_fr0.00_seed42.2026.05.12.11.58.dat
inrflow.version                     v0.4.1              
network                                                 
topology                            megafly             
p                                   16                  
topo.version                        v0.1                
n.servers                           4160                
n.switches                          1040                
switch.radix                        16                  
n.links                             20800               
n.cables                            10400               
p.cable.failures                    0.000000            
n.cable.failures                    0                   
n.server.pairs.NN                   17305600            
n.server.pairs.NN-1                 17301440            
routing.algorithm                   min                 
max_paths                           0                   
traffic                                                 
pattern                             hotregion           
nhotrflows                          1000                
n.flows                             1000                
n.flows.delivered                   1000                
p.flows.connected                   100.000000          
placement.strategy                  sequential          
miscelanea                                              
r.seed                              42                  
started.at.y.m.d.h.m                2026.05.12.11.58    
on machine                          pop-os              
runtime                             0.000000            
path.info                                               
min.link.path.length                0                   
max.link.path.length                5                   
mean.link.path.length               4.971000            
median.link.path.length             5.000000            
var.link.path.length                0.074233            
std.link.path.length                0.272458            
hop.info                                                
min.server.hop.length               0                   
max.server.hop.length               1                   
mean.server.hop.length              0.998000            
median.server.hop.length            1.000000            
var.server.hop.length               0.001998            
std.server.hop.length               0.044699            
flow.info                                               
min.flows.per.link                  0                   
max.flows.per.link                  6                   
mean.flows.per.link                 0.238990            
median.flows.per.link               0.000000            
var.flows.per.link                  0.260060            
std.flows.per.link                  0.509960            
connected.nonzero.flows.over.bottleneck.flow 2883573.333333      
connected.flows.over.bottleneck.flow 2884266.666667      
connected.nonzero.flows.over.mean.flow 72393874.874271     
connected.flows.over.mean.flow      72411281.432307     
#Server hop length histogram (server hop path length, number of occurrences)
h    0         2
h    1       998
#Path length histogram (path length, number of occurrences)
p    0         2
p    2         1
p    4        16
p    5       981
#Flows histogram (number of flows, number of uni-directional links with this many flows)
f    0     16526
f    1      3675
f    2       515
f    3        73
f    4         9
f    5         1
f    6         1
DEBUG flag is on.
