DEBUG flag is on.
Constructing electric Network
All connections in the topology seem consistent!!!
Wrote stats to file: ./megafly_p8_a16_h8_min_sequential_fr0.00_seed99.2026.05.12.11.58.dat
inrflow.version                     v0.4.1              
network                                                 
topology                            megafly             
p                                   16                  
topo.version                        v0.1                
n.servers                           4160                
n.switches                          1040                
switch.radix                        16                  
n.links                             20800               
n.cables                            10400               
p.cable.failures                    0.000000            
n.cable.failures                    0                   
n.server.pairs.NN                   17305600            
n.server.pairs.NN-1                 17301440            
routing.algorithm                   min                 
max_paths                           0                   
traffic                                                 
pattern                             bisection           
n.flows                             4160                
n.flows.delivered                   4160                
p.flows.connected                   100.000000          
placement.strategy                  sequential          
miscelanea                                              
r.seed                              99                  
started.at.y.m.d.h.m                2026.05.12.11.58    
on machine                          pop-os              
runtime                             0.000000            
path.info                                               
min.link.path.length                2                   
max.link.path.length                5                   
mean.link.path.length               4.982692            
median.link.path.length             5.000000            
var.link.path.length                0.022783            
std.link.path.length                0.150940            
hop.info                                                
min.server.hop.length               1                   
max.server.hop.length               1                   
mean.server.hop.length              1.000000            
median.server.hop.length            1.000000            
var.server.hop.length               0.000000            
std.server.hop.length               0.000000            
flow.info                                               
min.flows.per.link                  0                   
max.flows.per.link                  6                   
mean.flows.per.link                 0.996538            
median.flows.per.link               1.000000            
var.flows.per.link                  0.543572            
std.flows.per.link                  0.737273            
connected.nonzero.flows.over.bottleneck.flow 2883573.333333      
connected.flows.over.bottleneck.flow 2884266.666667      
connected.nonzero.flows.over.mean.flow 17361537.630259     
connected.flows.over.mean.flow      17365712.080278     
#Server hop length histogram (server hop path length, number of occurrences)
h    1      4160
#Path length histogram (path length, number of occurrences)
p    2         4
p    4        60
p    5      4096
#Flows histogram (number of flows, number of uni-directional links with this many flows)
f    0      4425
f    1     13076
f    2      2427
f    3       714
f    4       138
f    5        16
f    6         4
DEBUG flag is on.
