DEBUG flag is on.
Constructing electric Network
All connections in the topology seem consistent!!!
Wrote stats to file: ./megafly_p4_a8_h4_min_sequential_fr0.00_seed42.2026.05.12.11.58.dat
inrflow.version                     v0.4.1              
network                                                 
topology                            megafly             
p                                   8                   
topo.version                        v0.1                
n.servers                           272                 
n.switches                          136                 
switch.radix                        8                   
n.links                             1360                
n.cables                            680                 
p.cable.failures                    0.000000            
n.cable.failures                    0                   
n.server.pairs.NN                   73984               
n.server.pairs.NN-1                 73712               
routing.algorithm                   min                 
max_paths                           0                   
traffic                                                 
pattern                             shift               
stride                              5                   
n.flows                             272                 
n.flows.delivered                   272                 
p.flows.connected                   100.000000          
placement.strategy                  sequential          
miscelanea                                              
r.seed                              42                  
started.at.y.m.d.h.m                2026.05.12.11.58    
on machine                          pop-os              
runtime                             0.000000            
path.info                                               
min.link.path.length                4                   
max.link.path.length                5                   
mean.link.path.length               4.312500            
median.link.path.length             4.000000            
var.link.path.length                0.215637            
std.link.path.length                0.464367            
hop.info                                                
min.server.hop.length               1                   
max.server.hop.length               1                   
mean.server.hop.length              1.000000            
median.server.hop.length            1.000000            
var.server.hop.length               0.000000            
std.server.hop.length               0.000000            
flow.info                                               
min.flows.per.link                  0                   
max.flows.per.link                  5                   
mean.flows.per.link                 0.862500            
median.flows.per.link               1.000000            
var.flows.per.link                  1.304847            
std.flows.per.link                  1.142299            
connected.nonzero.flows.over.bottleneck.flow 14742.400000        
connected.flows.over.bottleneck.flow 14796.800000        
connected.nonzero.flows.over.mean.flow 85463.188406        
connected.flows.over.mean.flow      85778.550725        
#Server hop length histogram (server hop path length, number of occurrences)
h    1       272
#Path length histogram (path length, number of occurrences)
p    4       187
p    5        85
#Flows histogram (number of flows, number of uni-directional links with this many flows)
f    0       603
f    1       604
f    3        60
f    4        76
f    5        17
DEBUG flag is on.
