DEBUG flag is on.
Constructing electric Network
All connections in the topology seem consistent!!!
Wrote stats to file: ./megafly_p4_a8_h4_min_sequential_fr0.00_seed42.2026.05.12.11.58.dat
inrflow.version                     v0.4.1              
network                                                 
topology                            megafly             
p                                   8                   
topo.version                        v0.1                
n.servers                           272                 
n.switches                          136                 
switch.radix                        8                   
n.links                             1360                
n.cables                            680                 
p.cable.failures                    0.000000            
n.cable.failures                    0                   
n.server.pairs.NN                   73984               
n.server.pairs.NN-1                 73712               
routing.algorithm                   min                 
max_paths                           0                   
traffic                                                 
pattern                             hotregion           
nhotrflows                          1000                
n.flows                             1000                
n.flows.delivered                   1000                
p.flows.connected                   100.000000          
placement.strategy                  sequential          
miscelanea                                              
r.seed                              42                  
started.at.y.m.d.h.m                2026.05.12.11.58    
on machine                          pop-os              
runtime                             0.000000            
path.info                                               
min.link.path.length                0                   
max.link.path.length                5                   
mean.link.path.length               4.886000            
median.link.path.length             5.000000            
var.link.path.length                0.287291            
std.link.path.length                0.535996            
hop.info                                                
min.server.hop.length               0                   
max.server.hop.length               1                   
mean.server.hop.length              0.994000            
median.server.hop.length            1.000000            
var.server.hop.length               0.005970            
std.server.hop.length               0.077266            
flow.info                                               
min.flows.per.link                  0                   
max.flows.per.link                  18                  
mean.flows.per.link                 3.592647            
median.flows.per.link               3.000000            
var.flows.per.link                  6.591852            
std.flows.per.link                  2.567460            
connected.nonzero.flows.over.bottleneck.flow 4095.111111         
connected.flows.over.bottleneck.flow 4110.222222         
connected.nonzero.flows.over.mean.flow 20517.462137        
connected.flows.over.mean.flow      20593.172329        
#Server hop length histogram (server hop path length, number of occurrences)
h    0         6
h    1       994
#Path length histogram (path length, number of occurrences)
p    0         6
p    2        11
p    4        51
p    5       932
#Flows histogram (number of flows, number of uni-directional links with this many flows)
f    0        64
f    1       194
f    2       255
f    3       272
f    4       208
f    5       130
f    6        80
f    7        57
f    8        29
f    9        23
f   10        19
f   11         8
f   12         7
f   13         2
f   14         8
f   15         2
f   18         2
DEBUG flag is on.
