DEBUG flag is on.
Constructing electric Network
All connections in the topology seem consistent!!!
Wrote stats to file: ./megafly_p10_a20_h10_min_sequential_fr0.00_seed99.2026.05.12.11.59.dat
inrflow.version                     v0.4.1              
network                                                 
topology                            megafly             
p                                   20                  
topo.version                        v0.1                
n.servers                           10100               
n.switches                          2020                
switch.radix                        20                  
n.links                             50500               
n.cables                            25250               
p.cable.failures                    0.000000            
n.cable.failures                    0                   
n.server.pairs.NN                   102010000           
n.server.pairs.NN-1                 101999900           
routing.algorithm                   min                 
max_paths                           0                   
traffic                                                 
pattern                             alltoall            
n.flows                             102010000           
n.flows.delivered                   102010000           
p.flows.connected                   100.000000          
placement.strategy                  sequential          
miscelanea                                              
r.seed                              99                  
started.at.y.m.d.h.m                2026.05.12.11.59    
on machine                          pop-os              
runtime                             16.000000           
path.info                                               
min.link.path.length                0                   
max.link.path.length                5                   
mean.link.path.length               4.987921            
median.link.path.length             5.000000            
var.link.path.length                0.019260            
std.link.path.length                0.138781            
hop.info                                                
min.server.hop.length               0                   
max.server.hop.length               1                   
mean.server.hop.length              0.999901            
median.server.hop.length            1.000000            
var.server.hop.length               0.000099            
std.server.hop.length               0.009950            
flow.info                                               
min.flows.per.link                  10000               
max.flows.per.link                  10900               
mean.flows.per.link                 10075.600000        
median.flows.per.link               10099.000000        
var.flows.per.link                  16205.360898        
std.flows.per.link                  127.300278          
connected.nonzero.flows.over.bottleneck.flow 9357.788991         
connected.flows.over.bottleneck.flow 9358.715596         
connected.nonzero.flows.over.mean.flow 10123.456668        
connected.flows.over.mean.flow      10124.459089        
#Server hop length histogram (server hop path length, number of occurrences)
h    0     10100
h    1 101999900
#Path length histogram (path length, number of occurrences)
p    0     10100
p    2     90900
p    4    909000
p    5 101000000
#Flows histogram (number of flows, number of uni-directional links with this many flows)
f 10000     20200
f 10099     20200
f 10100      9090
f 10900      1010
DEBUG flag is on.
