DEBUG flag is on.
Constructing electric Network
All connections in the topology seem consistent!!!
Wrote stats to file: ./megafly_p10_a20_h10_min_sequential_fr0.00_seed13.2026.05.12.11.58.dat
inrflow.version                     v0.4.1              
network                                                 
topology                            megafly             
p                                   20                  
topo.version                        v0.1                
n.servers                           10100               
n.switches                          2020                
switch.radix                        20                  
n.links                             50500               
n.cables                            25250               
p.cable.failures                    0.000000            
n.cable.failures                    0                   
n.server.pairs.NN                   102010000           
n.server.pairs.NN-1                 101999900           
routing.algorithm                   min                 
max_paths                           0                   
traffic                                                 
pattern                             bisection           
n.flows                             10100               
n.flows.delivered                   10100               
p.flows.connected                   100.000000          
placement.strategy                  sequential          
miscelanea                                              
r.seed                              13                  
started.at.y.m.d.h.m                2026.05.12.11.58    
on machine                          pop-os              
runtime                             0.000000            
path.info                                               
min.link.path.length                2                   
max.link.path.length                5                   
mean.link.path.length               4.987327            
median.link.path.length             5.000000            
var.link.path.length                0.023208            
std.link.path.length                0.152342            
hop.info                                                
min.server.hop.length               1                   
max.server.hop.length               1                   
mean.server.hop.length              1.000000            
median.server.hop.length            1.000000            
var.server.hop.length               0.000000            
std.server.hop.length               0.000000            
flow.info                                               
min.flows.per.link                  0                   
max.flows.per.link                  6                   
mean.flows.per.link                 0.997465            
median.flows.per.link               1.000000            
var.flows.per.link                  0.556282            
std.flows.per.link                  0.745843            
connected.nonzero.flows.over.bottleneck.flow 16999983.333333     
connected.flows.over.bottleneck.flow 17001666.666667     
connected.nonzero.flows.over.mean.flow 102259091.360280    
connected.flows.over.mean.flow      102269217.025332    
#Server hop length histogram (server hop path length, number of occurrences)
h    1     10100
#Path length histogram (path length, number of occurrences)
p    2        18
p    4        74
p    5     10008
#Flows histogram (number of flows, number of uni-directional links with this many flows)
f    0     10807
f    1     31737
f    2      5754
f    3      1738
f    4       409
f    5        53
f    6         2
DEBUG flag is on.
