DEBUG flag is on.
Constructing electric Network
All connections in the topology seem consistent!!!
Wrote stats to file: ./megafly_p10_a20_h10_min_sequential_fr0.00_seed99.2026.05.12.11.58.dat
inrflow.version                     v0.4.1              
network                                                 
topology                            megafly             
p                                   20                  
topo.version                        v0.1                
n.servers                           10100               
n.switches                          2020                
switch.radix                        20                  
n.links                             50500               
n.cables                            25250               
p.cable.failures                    0.000000            
n.cable.failures                    0                   
n.server.pairs.NN                   102010000           
n.server.pairs.NN-1                 101999900           
routing.algorithm                   min                 
max_paths                           0                   
traffic                                                 
pattern                             bisection           
n.flows                             10100               
n.flows.delivered                   10100               
p.flows.connected                   100.000000          
placement.strategy                  sequential          
miscelanea                                              
r.seed                              99                  
started.at.y.m.d.h.m                2026.05.12.11.58    
on machine                          pop-os              
runtime                             0.000000            
path.info                                               
min.link.path.length                2                   
max.link.path.length                5                   
mean.link.path.length               4.989307            
median.link.path.length             5.000000            
var.link.path.length                0.016521            
std.link.path.length                0.128534            
hop.info                                                
min.server.hop.length               1                   
max.server.hop.length               1                   
mean.server.hop.length              1.000000            
median.server.hop.length            1.000000            
var.server.hop.length               0.000000            
std.server.hop.length               0.000000            
flow.info                                               
min.flows.per.link                  0                   
max.flows.per.link                  7                   
mean.flows.per.link                 0.997861            
median.flows.per.link               1.000000            
var.flows.per.link                  0.542739            
std.flows.per.link                  0.736708            
connected.nonzero.flows.over.bottleneck.flow 14571414.285714     
connected.flows.over.bottleneck.flow 14572857.142857     
connected.nonzero.flows.over.mean.flow 102218505.913637    
connected.flows.over.mean.flow      102228627.559930    
#Server hop length histogram (server hop path length, number of occurrences)
h    1     10100
#Path length histogram (path length, number of occurrences)
p    2        10
p    4        78
p    5     10012
#Flows histogram (number of flows, number of uni-directional links with this many flows)
f    0     10655
f    1     31893
f    2      5793
f    3      1788
f    4       311
f    5        57
f    6         1
f    7         2
DEBUG flag is on.
