DEBUG flag is on.
param_delta_final: -1
switches: 18 
p: 3 
servers: 54 
x[0]=1
x[1]=2
x[0]=1
x[1]=2
Constructing electric Network
All connections in the topology seem consistent!!!
Wrote stats to file: ./slimfly_p3_a3_h3_min_sequential_fr0.00_seed42.2026.05.12.11.59.dat
inrflow.version                     v0.4.1              
network                                                 
topology                            slimfly             
p                                   3                   
topo.version                        v0.1                
n.servers                           54                  
n.switches                          18                  
switch.radix                        8                   
n.links                             198                 
n.cables                            99                  
p.cable.failures                    0.000000            
n.cable.failures                    0                   
n.server.pairs.NN                   2916                
n.server.pairs.NN-1                 2862                
routing.algorithm                   min                 
max_paths                           0                   
traffic                                                 
pattern                             hotregion           
nhotrflows                          1000                
n.flows                             1000                
n.flows.delivered                   1000                
p.flows.connected                   100.000000          
placement.strategy                  sequential          
miscelanea                                              
r.seed                              42                  
started.at.y.m.d.h.m                2026.05.12.11.59    
on machine                          pop-os              
runtime                             0.000000            
path.info                                               
min.link.path.length                0                   
max.link.path.length                4                   
mean.link.path.length               3.552000            
median.link.path.length             4.000000            
var.link.path.length                0.577874            
std.link.path.length                0.760180            
hop.info                                                
min.server.hop.length               0                   
max.server.hop.length               1                   
mean.server.hop.length              0.978000            
median.server.hop.length            1.000000            
var.server.hop.length               0.021538            
std.server.hop.length               0.146757            
flow.info                                               
min.flows.per.link                  5                   
max.flows.per.link                  63                  
mean.flows.per.link                 17.939394           
median.flows.per.link               16.000000           
var.flows.per.link                  100.432856          
std.flows.per.link                  10.021619           
connected.nonzero.flows.over.bottleneck.flow 45.428571           
connected.flows.over.bottleneck.flow 46.285714           
connected.nonzero.flows.over.mean.flow 159.537162          
connected.flows.over.mean.flow      162.547297          
#Server hop length histogram (server hop path length, number of occurrences)
h    0        22
h    1       978
#Path length histogram (path length, number of occurrences)
p    0        22
p    2        33
p    3       294
p    4       651
#Flows histogram (number of flows, number of uni-directional links with this many flows)
f    5         3
f    6         4
f    7         1
f    8         7
f    9        10
f   10         8
f   11         8
f   12        16
f   13        12
f   14        15
f   15        10
f   16        12
f   17        17
f   18         9
f   19        12
f   20         8
f   21         6
f   22         7
f   23         5
f   24         3
f   26         1
f   27         4
f   29         2
f   31         2
f   34         2
f   36         1
f   38         1
f   39         2
f   42         1
f   43         1
f   49         2
f   50         1
f   53         3
f   57         1
f   63         1
DEBUG flag is on.
