DEBUG flag is on.
param_delta_final: -1
switches: 18 
p: 3 
servers: 54 
x[0]=1
x[1]=2
x[0]=1
x[1]=2
Constructing electric Network
All connections in the topology seem consistent!!!
Wrote stats to file: ./slimfly_p3_a3_h3_min_sequential_fr0.00_seed99.2026.05.12.11.59.dat
inrflow.version                     v0.4.1              
network                                                 
topology                            slimfly             
p                                   3                   
topo.version                        v0.1                
n.servers                           54                  
n.switches                          18                  
switch.radix                        8                   
n.links                             198                 
n.cables                            99                  
p.cable.failures                    0.000000            
n.cable.failures                    0                   
n.server.pairs.NN                   2916                
n.server.pairs.NN-1                 2862                
routing.algorithm                   min                 
max_paths                           0                   
traffic                                                 
pattern                             bisection           
n.flows                             54                  
n.flows.delivered                   54                  
p.flows.connected                   100.000000          
placement.strategy                  sequential          
miscelanea                                              
r.seed                              99                  
started.at.y.m.d.h.m                2026.05.12.11.59    
on machine                          pop-os              
runtime                             0.000000            
path.info                                               
min.link.path.length                2                   
max.link.path.length                4                   
mean.link.path.length               3.629630            
median.link.path.length             4.000000            
var.link.path.length                0.313068            
std.link.path.length                0.559525            
hop.info                                                
min.server.hop.length               1                   
max.server.hop.length               1                   
mean.server.hop.length              1.000000            
median.server.hop.length            1.000000            
var.server.hop.length               0.000000            
std.server.hop.length               0.000000            
flow.info                                               
min.flows.per.link                  0                   
max.flows.per.link                  3                   
mean.flows.per.link                 0.989899            
median.flows.per.link               1.000000            
var.flows.per.link                  0.233400            
std.flows.per.link                  0.483115            
connected.nonzero.flows.over.bottleneck.flow 954.000000          
connected.flows.over.bottleneck.flow 972.000000          
connected.nonzero.flows.over.mean.flow 2891.204082         
connected.flows.over.mean.flow      2945.755102         
#Server hop length histogram (server hop path length, number of occurrences)
h    1        54
#Path length histogram (path length, number of occurrences)
p    2         2
p    3        16
p    4        36
#Flows histogram (number of flows, number of uni-directional links with this many flows)
f    0        22
f    1       158
f    2        16
f    3         2
DEBUG flag is on.
