DEBUG flag is on.
param_delta_final: -1
switches: 18 
p: 3 
servers: 54 
x[0]=1
x[1]=2
x[0]=1
x[1]=2
Constructing electric Network
All connections in the topology seem consistent!!!
Wrote stats to file: ./slimfly_p3_a3_h3_min_sequential_fr0.00_seed99.2026.05.12.11.59.dat
inrflow.version                     v0.4.1              
network                                                 
topology                            slimfly             
p                                   3                   
topo.version                        v0.1                
n.servers                           54                  
n.switches                          18                  
switch.radix                        8                   
n.links                             198                 
n.cables                            99                  
p.cable.failures                    0.000000            
n.cable.failures                    0                   
n.server.pairs.NN                   2916                
n.server.pairs.NN-1                 2862                
routing.algorithm                   min                 
max_paths                           0                   
traffic                                                 
pattern                             alltoall            
n.flows                             2916                
n.flows.delivered                   2916                
p.flows.connected                   100.000000          
placement.strategy                  sequential          
miscelanea                                              
r.seed                              99                  
started.at.y.m.d.h.m                2026.05.12.11.59    
on machine                          pop-os              
runtime                             0.000000            
path.info                                               
min.link.path.length                0                   
max.link.path.length                4                   
mean.link.path.length               3.574074            
median.link.path.length             4.000000            
var.link.path.length                0.540995            
std.link.path.length                0.735524            
hop.info                                                
min.server.hop.length               0                   
max.server.hop.length               1                   
mean.server.hop.length              0.981481            
median.server.hop.length            1.000000            
var.server.hop.length               0.018182            
std.server.hop.length               0.134840            
flow.info                                               
min.flows.per.link                  36                  
max.flows.per.link                  63                  
mean.flows.per.link                 52.636364           
median.flows.per.link               53.000000           
var.flows.per.link                  80.090448           
std.flows.per.link                  8.949327            
connected.nonzero.flows.over.bottleneck.flow 45.428571           
connected.flows.over.bottleneck.flow 46.285714           
connected.nonzero.flows.over.mean.flow 54.373057           
connected.flows.over.mean.flow      55.398964           
#Server hop length histogram (server hop path length, number of occurrences)
h    0        54
h    1      2862
#Path length histogram (path length, number of occurrences)
p    0        54
p    2       108
p    3       810
p    4      1944
#Flows histogram (number of flows, number of uni-directional links with this many flows)
f   36        36
f   53       108
f   63        54
DEBUG flag is on.
