DEBUG flag is on.
param_delta_final: 1
switches: 50 
p: 4 
servers: 200 
x[0]=1
x[1]=4
x[0]=2
x[1]=3
Constructing electric Network
All connections in the topology seem consistent!!!
Wrote stats to file: ./slimfly_p4_a5_h5_min_sequential_fr0.00_seed13.2026.05.12.11.59.dat
inrflow.version                     v0.4.1              
network                                                 
topology                            slimfly             
p                                   5                   
topo.version                        v0.1                
n.servers                           200                 
n.switches                          50                  
switch.radix                        11                  
n.links                             750                 
n.cables                            375                 
p.cable.failures                    0.000000            
n.cable.failures                    0                   
n.server.pairs.NN                   40000               
n.server.pairs.NN-1                 39800               
routing.algorithm                   min                 
max_paths                           0                   
traffic                                                 
pattern                             bisection           
n.flows                             200                 
n.flows.delivered                   200                 
p.flows.connected                   100.000000          
placement.strategy                  sequential          
miscelanea                                              
r.seed                              13                  
started.at.y.m.d.h.m                2026.05.12.11.59    
on machine                          pop-os              
runtime                             0.000000            
path.info                                               
min.link.path.length                2                   
max.link.path.length                4                   
mean.link.path.length               3.810000            
median.link.path.length             4.000000            
var.link.path.length                0.194874            
std.link.path.length                0.441446            
hop.info                                                
min.server.hop.length               1                   
max.server.hop.length               1                   
mean.server.hop.length              1.000000            
median.server.hop.length            1.000000            
var.server.hop.length               0.000000            
std.server.hop.length               0.000000            
flow.info                                               
min.flows.per.link                  0                   
max.flows.per.link                  5                   
mean.flows.per.link                 1.016000            
median.flows.per.link               1.000000            
var.flows.per.link                  0.437661            
std.flows.per.link                  0.661559            
connected.nonzero.flows.over.bottleneck.flow 7960.000000         
connected.flows.over.bottleneck.flow 8000.000000         
connected.nonzero.flows.over.mean.flow 39173.228346        
connected.flows.over.mean.flow      39370.078740        
#Server hop length histogram (server hop path length, number of occurrences)
h    1       200
#Path length histogram (path length, number of occurrences)
p    2         4
p    3        30
p    4       166
#Flows histogram (number of flows, number of uni-directional links with this many flows)
f    0       118
f    1       536
f    2        66
f    3        28
f    5         2
DEBUG flag is on.
