DEBUG flag is on.
param_delta_final: 1
switches: 50 
p: 4 
servers: 200 
x[0]=1
x[1]=4
x[0]=2
x[1]=3
Constructing electric Network
All connections in the topology seem consistent!!!
Wrote stats to file: ./slimfly_p4_a5_h5_min_sequential_fr0.00_seed42.2026.05.12.11.59.dat
inrflow.version                     v0.4.1              
network                                                 
topology                            slimfly             
p                                   5                   
topo.version                        v0.1                
n.servers                           200                 
n.switches                          50                  
switch.radix                        11                  
n.links                             750                 
n.cables                            375                 
p.cable.failures                    0.000000            
n.cable.failures                    0                   
n.server.pairs.NN                   40000               
n.server.pairs.NN-1                 39800               
routing.algorithm                   min                 
max_paths                           0                   
traffic                                                 
pattern                             random              
nrndflows                           5000                
n.flows                             5000                
n.flows.delivered                   5000                
p.flows.connected                   100.000000          
placement.strategy                  sequential          
miscelanea                                              
r.seed                              42                  
started.at.y.m.d.h.m                2026.05.12.11.59    
on machine                          pop-os              
runtime                             0.000000            
path.info                                               
min.link.path.length                0                   
max.link.path.length                4                   
mean.link.path.length               3.801600            
median.link.path.length             4.000000            
var.link.path.length                0.277493            
std.link.path.length                0.526776            
hop.info                                                
min.server.hop.length               0                   
max.server.hop.length               1                   
mean.server.hop.length              0.992800            
median.server.hop.length            1.000000            
var.server.hop.length               0.007150            
std.server.hop.length               0.084555            
flow.info                                               
min.flows.per.link                  13                  
max.flows.per.link                  42                  
mean.flows.per.link                 25.344000           
median.flows.per.link               25.000000           
var.flows.per.link                  24.591786           
std.flows.per.link                  4.959011            
connected.nonzero.flows.over.bottleneck.flow 947.619048          
connected.flows.over.bottleneck.flow 952.380952          
connected.nonzero.flows.over.mean.flow 1570.391414         
connected.flows.over.mean.flow      1578.282828         
#Server hop length histogram (server hop path length, number of occurrences)
h    0        36
h    1      4964
#Path length histogram (path length, number of occurrences)
p    0        36
p    2        80
p    3       688
p    4      4196
#Flows histogram (number of flows, number of uni-directional links with this many flows)
f   13         1
f   14         2
f   15         8
f   16        10
f   17        17
f   18        22
f   19        30
f   20        34
f   21        57
f   22        47
f   23        47
f   24        56
f   25        49
f   26        68
f   27        61
f   28        51
f   29        43
f   30        38
f   31        29
f   32        26
f   33        15
f   34         7
f   35        13
f   36         7
f   37         2
f   38         3
f   39         1
f   40         4
f   41         1
f   42         1
DEBUG flag is on.
