DEBUG flag is on.
param_delta_final: 1
switches: 578 
p: 13 
servers: 7514 
x[0]=1
x[1]=2
x[2]=4
x[3]=8
x[4]=9
x[5]=13
x[6]=15
x[7]=16
x[0]=3
x[1]=5
x[2]=6
x[3]=7
x[4]=10
x[5]=11
x[6]=12
x[7]=14
Constructing electric Network
All connections in the topology seem consistent!!!
Wrote stats to file: ./slimfly_p13_a17_h17_min_sequential_fr0.00_seed99.2026.05.12.12.00.dat
inrflow.version                     v0.4.1              
network                                                 
topology                            slimfly             
p                                   17                  
topo.version                        v0.1                
n.servers                           7514                
n.switches                          578                 
switch.radix                        38                  
n.links                             29478               
n.cables                            14739               
p.cable.failures                    0.000000            
n.cable.failures                    0                   
n.server.pairs.NN                   56460196            
n.server.pairs.NN-1                 56452682            
routing.algorithm                   min                 
max_paths                           0                   
traffic                                                 
pattern                             random              
nrndflows                           5000                
n.flows                             5000                
n.flows.delivered                   5000                
p.flows.connected                   100.000000          
placement.strategy                  sequential          
miscelanea                                              
r.seed                              99                  
started.at.y.m.d.h.m                2026.05.12.12.00    
on machine                          pop-os              
runtime                             0.000000            
path.info                                               
min.link.path.length                2                   
max.link.path.length                4                   
mean.link.path.length               3.953000            
median.link.path.length             4.000000            
var.link.path.length                0.046000            
std.link.path.length                0.214477            
hop.info                                                
min.server.hop.length               1                   
max.server.hop.length               1                   
mean.server.hop.length              1.000000            
median.server.hop.length            1.000000            
var.server.hop.length               0.000000            
std.server.hop.length               0.000000            
flow.info                                               
min.flows.per.link                  0                   
max.flows.per.link                  7                   
mean.flows.per.link                 0.670500            
median.flows.per.link               0.000000            
var.flows.per.link                  0.677225            
std.flows.per.link                  0.822937            
connected.nonzero.flows.over.bottleneck.flow 8064668.857143      
connected.flows.over.bottleneck.flow 8065742.285714      
connected.nonzero.flows.over.mean.flow 84194898.051910     
connected.flows.over.mean.flow      84206104.613610     
#Server hop length histogram (server hop path length, number of occurrences)
h    1      5000
#Path length histogram (path length, number of occurrences)
p    2         3
p    3       229
p    4      4768
#Flows histogram (number of flows, number of uni-directional links with this many flows)
f    0     15089
f    1     10134
f    2      3332
f    3       749
f    4       154
f    5        18
f    7         2
DEBUG flag is on.
