DEBUG flag is on.
param_delta_final: 1
switches: 338 
p: 10 
servers: 3380 
x[0]=1
x[1]=3
x[2]=4
x[3]=9
x[4]=10
x[5]=12
x[0]=2
x[1]=5
x[2]=6
x[3]=7
x[4]=8
x[5]=11
Constructing electric Network
All connections in the topology seem consistent!!!
Wrote stats to file: ./slimfly_p10_a13_h13_min_sequential_fr0.00_seed13.2026.05.12.11.59.dat
inrflow.version                     v0.4.1              
network                                                 
topology                            slimfly             
p                                   13                  
topo.version                        v0.1                
n.servers                           3380                
n.switches                          338                 
switch.radix                        29                  
n.links                             13182               
n.cables                            6591                
p.cable.failures                    0.000000            
n.cable.failures                    0                   
n.server.pairs.NN                   11424400            
n.server.pairs.NN-1                 11421020            
routing.algorithm                   min                 
max_paths                           0                   
traffic                                                 
pattern                             bisection           
n.flows                             3380                
n.flows.delivered                   3380                
p.flows.connected                   100.000000          
placement.strategy                  sequential          
miscelanea                                              
r.seed                              13                  
started.at.y.m.d.h.m                2026.05.12.11.59    
on machine                          pop-os              
runtime                             0.000000            
path.info                                               
min.link.path.length                2                   
max.link.path.length                4                   
mean.link.path.length               3.931953            
median.link.path.length             4.000000            
var.link.path.length                0.070538            
std.link.path.length                0.265591            
hop.info                                                
min.server.hop.length               1                   
max.server.hop.length               1                   
mean.server.hop.length              1.000000            
median.server.hop.length            1.000000            
var.server.hop.length               0.000000            
std.server.hop.length               0.000000            
flow.info                                               
min.flows.per.link                  0                   
max.flows.per.link                  6                   
mean.flows.per.link                 1.008193            
median.flows.per.link               1.000000            
var.flows.per.link                  0.470459            
std.flows.per.link                  0.685900            
connected.nonzero.flows.over.bottleneck.flow 1903503.333333      
connected.flows.over.bottleneck.flow 1904066.666667      
connected.nonzero.flows.over.mean.flow 11328208.099323     
connected.flows.over.mean.flow      11331560.632054     
#Server hop length histogram (server hop path length, number of occurrences)
h    1      3380
#Path length histogram (path length, number of occurrences)
p    2        12
p    3       206
p    4      3162
#Flows histogram (number of flows, number of uni-directional links with this many flows)
f    0      2265
f    1      9171
f    2      1255
f    3       372
f    4       104
f    5        13
f    6         2
DEBUG flag is on.
