DEBUG flag is on.
param_delta_final: -1
switches: 18 
p: 3 
servers: 54 
x[0]=1
x[1]=2
x[0]=1
x[1]=2
Constructing electric Network
All connections in the topology seem consistent!!!
Wrote stats to file: ./slimfly_p3_a3_h3_min_sequential_fr0.00_seed13.2026.05.12.11.59.dat
inrflow.version                     v0.4.1              
network                                                 
topology                            slimfly             
p                                   3                   
topo.version                        v0.1                
n.servers                           54                  
n.switches                          18                  
switch.radix                        8                   
n.links                             198                 
n.cables                            99                  
p.cable.failures                    0.000000            
n.cable.failures                    0                   
n.server.pairs.NN                   2916                
n.server.pairs.NN-1                 2862                
routing.algorithm                   min                 
max_paths                           0                   
traffic                                                 
pattern                             hotregion           
nhotrflows                          1000                
n.flows                             1000                
n.flows.delivered                   1000                
p.flows.connected                   100.000000          
placement.strategy                  sequential          
miscelanea                                              
r.seed                              13                  
started.at.y.m.d.h.m                2026.05.12.11.59    
on machine                          pop-os              
runtime                             0.000000            
path.info                                               
min.link.path.length                0                   
max.link.path.length                4                   
mean.link.path.length               3.590000            
median.link.path.length             4.000000            
var.link.path.length                0.488388            
std.link.path.length                0.698848            
hop.info                                                
min.server.hop.length               0                   
max.server.hop.length               1                   
mean.server.hop.length              0.986000            
median.server.hop.length            1.000000            
var.server.hop.length               0.013818            
std.server.hop.length               0.117549            
flow.info                                               
min.flows.per.link                  5                   
max.flows.per.link                  60                  
mean.flows.per.link                 18.131313           
median.flows.per.link               16.000000           
var.flows.per.link                  98.500436           
std.flows.per.link                  9.924739            
connected.nonzero.flows.over.bottleneck.flow 47.700000           
connected.flows.over.bottleneck.flow 48.600000           
connected.nonzero.flows.over.mean.flow 157.848468          
connected.flows.over.mean.flow      160.826741          
#Server hop length histogram (server hop path length, number of occurrences)
h    0        14
h    1       986
#Path length histogram (path length, number of occurrences)
p    0        14
p    2        39
p    3       276
p    4       671
#Flows histogram (number of flows, number of uni-directional links with this many flows)
f    5         1
f    6         5
f    7         6
f    8         4
f    9         7
f   10        10
f   11         8
f   12        19
f   13         8
f   14        16
f   15        10
f   16         8
f   17        10
f   18        11
f   19         9
f   20        13
f   21        14
f   22         3
f   23         3
f   24         2
f   25         8
f   26         1
f   27         3
f   29         2
f   30         1
f   32         1
f   33         1
f   38         1
f   39         1
f   40         2
f   41         1
f   42         1
f   46         2
f   49         1
f   51         1
f   55         2
f   58         1
f   60         1
DEBUG flag is on.
