DEBUG flag is on.
param_delta_final: 1
switches: 50 
p: 4 
servers: 200 
x[0]=1
x[1]=4
x[0]=2
x[1]=3
Constructing electric Network
All connections in the topology seem consistent!!!
Wrote stats to file: ./slimfly_p4_a5_h5_min_sequential_fr0.00_seed13.2026.05.12.11.59.dat
inrflow.version                     v0.4.1              
network                                                 
topology                            slimfly             
p                                   5                   
topo.version                        v0.1                
n.servers                           200                 
n.switches                          50                  
switch.radix                        11                  
n.links                             750                 
n.cables                            375                 
p.cable.failures                    0.000000            
n.cable.failures                    0                   
n.server.pairs.NN                   40000               
n.server.pairs.NN-1                 39800               
routing.algorithm                   min                 
max_paths                           0                   
traffic                                                 
pattern                             random              
nrndflows                           5000                
n.flows                             5000                
n.flows.delivered                   5000                
p.flows.connected                   100.000000          
placement.strategy                  sequential          
miscelanea                                              
r.seed                              13                  
started.at.y.m.d.h.m                2026.05.12.11.59    
on machine                          pop-os              
runtime                             0.000000            
path.info                                               
min.link.path.length                0                   
max.link.path.length                4                   
mean.link.path.length               3.810600            
median.link.path.length             4.000000            
var.link.path.length                0.251178            
std.link.path.length                0.501176            
hop.info                                                
min.server.hop.length               0                   
max.server.hop.length               1                   
mean.server.hop.length              0.994200            
median.server.hop.length            1.000000            
var.server.hop.length               0.005768            
std.server.hop.length               0.075944            
flow.info                                               
min.flows.per.link                  12                  
max.flows.per.link                  43                  
mean.flows.per.link                 25.404000           
median.flows.per.link               25.000000           
var.flows.per.link                  25.311866           
std.flows.per.link                  5.031090            
connected.nonzero.flows.over.bottleneck.flow 925.581395          
connected.flows.over.bottleneck.flow 930.232558          
connected.nonzero.flows.over.mean.flow 1566.682412         
connected.flows.over.mean.flow      1574.555188         
#Server hop length histogram (server hop path length, number of occurrences)
h    0        29
h    1      4971
#Path length histogram (path length, number of occurrences)
p    0        29
p    2        70
p    3       691
p    4      4210
#Flows histogram (number of flows, number of uni-directional links with this many flows)
f   12         1
f   13         2
f   14         3
f   15         6
f   16        11
f   17        13
f   18        21
f   19        34
f   20        29
f   21        49
f   22        46
f   23        64
f   24        53
f   25        72
f   26        56
f   27        48
f   28        43
f   29        39
f   30        41
f   31        30
f   32        23
f   33        12
f   34        23
f   35        13
f   36         4
f   37         8
f   38         1
f   39         1
f   40         2
f   41         1
f   43         1
DEBUG flag is on.
