DEBUG flag is on.
param_delta_final: -1
switches: 18 
p: 3 
servers: 54 
x[0]=1
x[1]=2
x[0]=1
x[1]=2
Constructing electric Network
All connections in the topology seem consistent!!!
Wrote stats to file: ./slimfly_p3_a3_h3_min_sequential_fr0.00_seed13.2026.05.12.11.59.dat
inrflow.version                     v0.4.1              
network                                                 
topology                            slimfly             
p                                   3                   
topo.version                        v0.1                
n.servers                           54                  
n.switches                          18                  
switch.radix                        8                   
n.links                             198                 
n.cables                            99                  
p.cable.failures                    0.000000            
n.cable.failures                    0                   
n.server.pairs.NN                   2916                
n.server.pairs.NN-1                 2862                
routing.algorithm                   min                 
max_paths                           0                   
traffic                                                 
pattern                             random              
nrndflows                           5000                
n.flows                             5000                
n.flows.delivered                   5000                
p.flows.connected                   100.000000          
placement.strategy                  sequential          
miscelanea                                              
r.seed                              13                  
started.at.y.m.d.h.m                2026.05.12.11.59    
on machine                          pop-os              
runtime                             0.000000            
path.info                                               
min.link.path.length                0                   
max.link.path.length                4                   
mean.link.path.length               3.560200            
median.link.path.length             4.000000            
var.link.path.length                0.549286            
std.link.path.length                0.741138            
hop.info                                                
min.server.hop.length               0                   
max.server.hop.length               1                   
mean.server.hop.length              0.981600            
median.server.hop.length            1.000000            
var.server.hop.length               0.018065            
std.server.hop.length               0.134406            
flow.info                                               
min.flows.per.link                  45                  
max.flows.per.link                  136                 
mean.flows.per.link                 89.904040           
median.flows.per.link               92.000000           
var.flows.per.link                  317.295314          
std.flows.per.link                  17.812785           
connected.nonzero.flows.over.bottleneck.flow 21.044118           
connected.flows.over.bottleneck.flow 21.441176           
connected.nonzero.flows.over.mean.flow 31.833942           
connected.flows.over.mean.flow      32.434582           
#Server hop length histogram (server hop path length, number of occurrences)
h    0        92
h    1      4908
#Path length histogram (path length, number of occurrences)
p    0        92
p    2       205
p    3      1421
p    4      3282
#Flows histogram (number of flows, number of uni-directional links with this many flows)
f   45         1
f   46         1
f   47         1
f   54         2
f   55         1
f   56         2
f   57         2
f   58         2
f   59         1
f   60         2
f   62         4
f   63         1
f   64         1
f   65         4
f   67         2
f   68         2
f   69         3
f   70         2
f   71         2
f   72         1
f   73         2
f   74         2
f   76         1
f   77         3
f   78         2
f   79         2
f   80         2
f   81         3
f   82         1
f   83         4
f   84         5
f   85         6
f   86         6
f   87         6
f   88         4
f   89         4
f   90         5
f   91         1
f   92         4
f   93         8
f   94         5
f   95         5
f   96         9
f   97         3
f   98         4
f   99         7
f  100         4
f  101         2
f  102         2
f  103         5
f  104         2
f  105         5
f  106         1
f  107         4
f  108         5
f  109         3
f  110         5
f  111         1
f  112         1
f  113         1
f  114         1
f  115         5
f  117         1
f  118         1
f  119         1
f  120         1
f  121         1
f  125         2
f  127         1
f  129         1
f  136         1
DEBUG flag is on.
