DEBUG flag is on.
param_delta_final: -1
switches: 18 
p: 3 
servers: 54 
x[0]=1
x[1]=2
x[0]=1
x[1]=2
Constructing electric Network
All connections in the topology seem consistent!!!
Wrote stats to file: ./slimfly_p3_a3_h3_min_sequential_fr0.00_seed99.2026.05.12.11.59.dat
inrflow.version                     v0.4.1              
network                                                 
topology                            slimfly             
p                                   3                   
topo.version                        v0.1                
n.servers                           54                  
n.switches                          18                  
switch.radix                        8                   
n.links                             198                 
n.cables                            99                  
p.cable.failures                    0.000000            
n.cable.failures                    0                   
n.server.pairs.NN                   2916                
n.server.pairs.NN-1                 2862                
routing.algorithm                   min                 
max_paths                           0                   
traffic                                                 
pattern                             hotregion           
nhotrflows                          1000                
n.flows                             1000                
n.flows.delivered                   1000                
p.flows.connected                   100.000000          
placement.strategy                  sequential          
miscelanea                                              
r.seed                              99                  
started.at.y.m.d.h.m                2026.05.12.11.59    
on machine                          pop-os              
runtime                             0.000000            
path.info                                               
min.link.path.length                0                   
max.link.path.length                4                   
mean.link.path.length               3.588000            
median.link.path.length             4.000000            
var.link.path.length                0.510767            
std.link.path.length                0.714679            
hop.info                                                
min.server.hop.length               0                   
max.server.hop.length               1                   
mean.server.hop.length              0.984000            
median.server.hop.length            1.000000            
var.server.hop.length               0.015760            
std.server.hop.length               0.125538            
flow.info                                               
min.flows.per.link                  4                   
max.flows.per.link                  68                  
mean.flows.per.link                 18.121212           
median.flows.per.link               16.000000           
var.flows.per.link                  125.030918          
std.flows.per.link                  11.181723           
connected.nonzero.flows.over.bottleneck.flow 42.088235           
connected.flows.over.bottleneck.flow 42.882353           
connected.nonzero.flows.over.mean.flow 157.936455          
connected.flows.over.mean.flow      160.916388          
#Server hop length histogram (server hop path length, number of occurrences)
h    0        16
h    1       984
#Path length histogram (path length, number of occurrences)
p    0        16
p    2        38
p    3       272
p    4       674
#Flows histogram (number of flows, number of uni-directional links with this many flows)
f    4         1
f    5         2
f    6         3
f    7         6
f    8         9
f    9         9
f   10        11
f   11         8
f   12        14
f   13        12
f   14        11
f   15         9
f   16        13
f   17        13
f   18         9
f   19         8
f   20        13
f   21         8
f   22         6
f   23         4
f   24         2
f   25         1
f   26         4
f   27         1
f   28         1
f   31         1
f   33         1
f   34         1
f   35         1
f   37         1
f   38         1
f   40         2
f   41         1
f   42         1
f   43         1
f   48         2
f   53         1
f   55         2
f   56         1
f   58         1
f   68         2
DEBUG flag is on.
