DEBUG flag is on.
param_delta_final: 1
switches: 50 
p: 4 
servers: 200 
x[0]=1
x[1]=4
x[0]=2
x[1]=3
Constructing electric Network
All connections in the topology seem consistent!!!
Wrote stats to file: ./slimfly_p4_a5_h5_min_sequential_fr0.00_seed99.2026.05.12.11.59.dat
inrflow.version                     v0.4.1              
network                                                 
topology                            slimfly             
p                                   5                   
topo.version                        v0.1                
n.servers                           200                 
n.switches                          50                  
switch.radix                        11                  
n.links                             750                 
n.cables                            375                 
p.cable.failures                    0.000000            
n.cable.failures                    0                   
n.server.pairs.NN                   40000               
n.server.pairs.NN-1                 39800               
routing.algorithm                   min                 
max_paths                           0                   
traffic                                                 
pattern                             alltoall            
n.flows                             40000               
n.flows.delivered                   40000               
p.flows.connected                   100.000000          
placement.strategy                  sequential          
miscelanea                                              
r.seed                              99                  
started.at.y.m.d.h.m                2026.05.12.11.59    
on machine                          pop-os              
runtime                             0.000000            
path.info                                               
min.link.path.length                0                   
max.link.path.length                4                   
mean.link.path.length               3.810000            
median.link.path.length             4.000000            
var.link.path.length                0.243906            
std.link.path.length                0.493869            
hop.info                                                
min.server.hop.length               0                   
max.server.hop.length               1                   
mean.server.hop.length              0.995000            
median.server.hop.length            1.000000            
var.server.hop.length               0.004975            
std.server.hop.length               0.070535            
flow.info                                               
min.flows.per.link                  199                 
max.flows.per.link                  208                 
mean.flows.per.link                 203.200000          
median.flows.per.link               199.000000          
var.flows.per.link                  20.186916           
std.flows.per.link                  4.492985            
connected.nonzero.flows.over.bottleneck.flow 191.346154          
connected.flows.over.bottleneck.flow 192.307692          
connected.nonzero.flows.over.mean.flow 195.866142          
connected.flows.over.mean.flow      196.850394          
#Server hop length histogram (server hop path length, number of occurrences)
h    0       200
h    1     39800
#Path length histogram (path length, number of occurrences)
p    0       200
p    2       600
p    3      5600
p    4     33600
#Flows histogram (number of flows, number of uni-directional links with this many flows)
f  199       400
f  208       350
DEBUG flag is on.
