DEBUG flag is on.
param_delta_final: 1
switches: 338 
p: 10 
servers: 3380 
x[0]=1
x[1]=3
x[2]=4
x[3]=9
x[4]=10
x[5]=12
x[0]=2
x[1]=5
x[2]=6
x[3]=7
x[4]=8
x[5]=11
Constructing electric Network
All connections in the topology seem consistent!!!
Wrote stats to file: ./slimfly_p10_a13_h13_min_sequential_fr0.00_seed99.2026.05.12.11.59.dat
inrflow.version                     v0.4.1              
network                                                 
topology                            slimfly             
p                                   13                  
topo.version                        v0.1                
n.servers                           3380                
n.switches                          338                 
switch.radix                        29                  
n.links                             13182               
n.cables                            6591                
p.cable.failures                    0.000000            
n.cable.failures                    0                   
n.server.pairs.NN                   11424400            
n.server.pairs.NN-1                 11421020            
routing.algorithm                   min                 
max_paths                           0                   
traffic                                                 
pattern                             alltoall            
n.flows                             11424400            
n.flows.delivered                   11424400            
p.flows.connected                   100.000000          
placement.strategy                  sequential          
miscelanea                                              
r.seed                              99                  
started.at.y.m.d.h.m                2026.05.12.11.59    
on machine                          pop-os              
runtime                             3.000000            
path.info                                               
min.link.path.length                0                   
max.link.path.length                4                   
mean.link.path.length               3.937278            
median.link.path.length             4.000000            
var.link.path.length                0.067664            
std.link.path.length                0.260122            
hop.info                                                
min.server.hop.length               0                   
max.server.hop.length               1                   
mean.server.hop.length              0.999704            
median.server.hop.length            1.000000            
var.server.hop.length               0.000296            
std.server.hop.length               0.017198            
flow.info                                               
min.flows.per.link                  2700                
max.flows.per.link                  3700                
mean.flows.per.link                 3412.307692         
median.flows.per.link               3379.000000         
var.flows.per.link                  71618.569153        
std.flows.per.link                  267.616459          
connected.nonzero.flows.over.bottleneck.flow 3086.762162         
connected.flows.over.bottleneck.flow 3087.675676         
connected.nonzero.flows.over.mean.flow 3347.007665         
connected.flows.over.mean.flow      3347.998197         
#Server hop length histogram (server hop path length, number of occurrences)
h    0      3380
h    1  11421020
#Path length histogram (path length, number of occurrences)
p    0      3380
p    2     30420
p    3    642200
p    4  10748400
#Flows histogram (number of flows, number of uni-directional links with this many flows)
f 2700       338
f 2800       507
f 2900       507
f 3000       169
f 3100       507
f 3379      6760
f 3700      4394
DEBUG flag is on.
