DEBUG flag is on.
param_delta_final: 1
switches: 50 
p: 4 
servers: 200 
x[0]=1
x[1]=4
x[0]=2
x[1]=3
Constructing electric Network
All connections in the topology seem consistent!!!
Wrote stats to file: ./slimfly_p4_a5_h5_min_sequential_fr0.00_seed13.2026.05.12.11.59.dat
inrflow.version                     v0.4.1              
network                                                 
topology                            slimfly             
p                                   5                   
topo.version                        v0.1                
n.servers                           200                 
n.switches                          50                  
switch.radix                        11                  
n.links                             750                 
n.cables                            375                 
p.cable.failures                    0.000000            
n.cable.failures                    0                   
n.server.pairs.NN                   40000               
n.server.pairs.NN-1                 39800               
routing.algorithm                   min                 
max_paths                           0                   
traffic                                                 
pattern                             hotregion           
nhotrflows                          1000                
n.flows                             1000                
n.flows.delivered                   1000                
p.flows.connected                   100.000000          
placement.strategy                  sequential          
miscelanea                                              
r.seed                              13                  
started.at.y.m.d.h.m                2026.05.12.11.59    
on machine                          pop-os              
runtime                             0.000000            
path.info                                               
min.link.path.length                0                   
max.link.path.length                4                   
mean.link.path.length               3.819000            
median.link.path.length             4.000000            
var.link.path.length                0.236475            
std.link.path.length                0.486287            
hop.info                                                
min.server.hop.length               0                   
max.server.hop.length               1                   
mean.server.hop.length              0.995000            
median.server.hop.length            1.000000            
var.server.hop.length               0.004980            
std.server.hop.length               0.070569            
flow.info                                               
min.flows.per.link                  0                   
max.flows.per.link                  21                  
mean.flows.per.link                 5.092000            
median.flows.per.link               5.000000            
var.flows.per.link                  10.337319           
std.flows.per.link                  3.215170            
connected.nonzero.flows.over.bottleneck.flow 1895.238095         
connected.flows.over.bottleneck.flow 1904.761905         
connected.nonzero.flows.over.mean.flow 7816.182247         
connected.flows.over.mean.flow      7855.459544         
#Server hop length histogram (server hop path length, number of occurrences)
h    0         5
h    1       995
#Path length histogram (path length, number of occurrences)
p    0         5
p    2        14
p    3       133
p    4       848
#Flows histogram (number of flows, number of uni-directional links with this many flows)
f    0         8
f    1        31
f    2        86
f    3       127
f    4       119
f    5       124
f    6        91
f    7        51
f    8        36
f    9        21
f   10        10
f   11        10
f   12        10
f   13         2
f   14         6
f   15         3
f   16         3
f   17         3
f   18         2
f   19         3
f   20         2
f   21         2
DEBUG flag is on.
