DEBUG flag is on.
param_delta_final: 1
switches: 50 
p: 4 
servers: 200 
x[0]=1
x[1]=4
x[0]=2
x[1]=3
Constructing electric Network
All connections in the topology seem consistent!!!
Wrote stats to file: ./slimfly_p4_a5_h5_min_sequential_fr0.00_seed42.2026.05.12.11.59.dat
inrflow.version                     v0.4.1              
network                                                 
topology                            slimfly             
p                                   5                   
topo.version                        v0.1                
n.servers                           200                 
n.switches                          50                  
switch.radix                        11                  
n.links                             750                 
n.cables                            375                 
p.cable.failures                    0.000000            
n.cable.failures                    0                   
n.server.pairs.NN                   40000               
n.server.pairs.NN-1                 39800               
routing.algorithm                   min                 
max_paths                           0                   
traffic                                                 
pattern                             hotregion           
nhotrflows                          1000                
n.flows                             1000                
n.flows.delivered                   1000                
p.flows.connected                   100.000000          
placement.strategy                  sequential          
miscelanea                                              
r.seed                              42                  
started.at.y.m.d.h.m                2026.05.12.11.59    
on machine                          pop-os              
runtime                             0.000000            
path.info                                               
min.link.path.length                0                   
max.link.path.length                4                   
mean.link.path.length               3.823000            
median.link.path.length             4.000000            
var.link.path.length                0.245917            
std.link.path.length                0.495900            
hop.info                                                
min.server.hop.length               0                   
max.server.hop.length               1                   
mean.server.hop.length              0.994000            
median.server.hop.length            1.000000            
var.server.hop.length               0.005970            
std.server.hop.length               0.077266            
flow.info                                               
min.flows.per.link                  0                   
max.flows.per.link                  22                  
mean.flows.per.link                 5.097333            
median.flows.per.link               5.000000            
var.flows.per.link                  9.711475            
std.flows.per.link                  3.116324            
connected.nonzero.flows.over.bottleneck.flow 1809.090909         
connected.flows.over.bottleneck.flow 1818.181818         
connected.nonzero.flows.over.mean.flow 7808.004185         
connected.flows.over.mean.flow      7847.240387         
#Server hop length histogram (server hop path length, number of occurrences)
h    0         6
h    1       994
#Path length histogram (path length, number of occurrences)
p    0         6
p    2        14
p    3       125
p    4       855
#Flows histogram (number of flows, number of uni-directional links with this many flows)
f    0        10
f    1        36
f    2        81
f    3       131
f    4       108
f    5       107
f    6        96
f    7        65
f    8        32
f    9        24
f   10        17
f   11        10
f   12         9
f   13         7
f   14         2
f   15         5
f   16         3
f   17         3
f   19         1
f   20         2
f   22         1
DEBUG flag is on.
