DEBUG flag is on.
param_delta_final: 1
switches: 338 
p: 10 
servers: 3380 
x[0]=1
x[1]=3
x[2]=4
x[3]=9
x[4]=10
x[5]=12
x[0]=2
x[1]=5
x[2]=6
x[3]=7
x[4]=8
x[5]=11
Constructing electric Network
All connections in the topology seem consistent!!!
Wrote stats to file: ./slimfly_p10_a13_h13_min_sequential_fr0.00_seed13.2026.05.12.11.59.dat
inrflow.version                     v0.4.1              
network                                                 
topology                            slimfly             
p                                   13                  
topo.version                        v0.1                
n.servers                           3380                
n.switches                          338                 
switch.radix                        29                  
n.links                             13182               
n.cables                            6591                
p.cable.failures                    0.000000            
n.cable.failures                    0                   
n.server.pairs.NN                   11424400            
n.server.pairs.NN-1                 11421020            
routing.algorithm                   min                 
max_paths                           0                   
traffic                                                 
pattern                             random              
nrndflows                           5000                
n.flows                             5000                
n.flows.delivered                   5000                
p.flows.connected                   100.000000          
placement.strategy                  sequential          
miscelanea                                              
r.seed                              13                  
started.at.y.m.d.h.m                2026.05.12.11.59    
on machine                          pop-os              
runtime                             0.000000            
path.info                                               
min.link.path.length                0                   
max.link.path.length                4                   
mean.link.path.length               3.938200            
median.link.path.length             4.000000            
var.link.path.length                0.069195            
std.link.path.length                0.263049            
hop.info                                                
min.server.hop.length               0                   
max.server.hop.length               1                   
mean.server.hop.length              0.999600            
median.server.hop.length            1.000000            
var.server.hop.length               0.000400            
std.server.hop.length               0.019998            
flow.info                                               
min.flows.per.link                  0                   
max.flows.per.link                  8                   
mean.flows.per.link                 1.493779            
median.flows.per.link               1.000000            
var.flows.per.link                  1.530005            
std.flows.per.link                  1.236934            
connected.nonzero.flows.over.bottleneck.flow 1427627.500000      
connected.flows.over.bottleneck.flow 1428050.000000      
connected.nonzero.flows.over.mean.flow 7645720.666294      
connected.flows.over.mean.flow      7647983.383272      
#Server hop length histogram (server hop path length, number of occurrences)
h    0         2
h    1      4998
#Path length histogram (path length, number of occurrences)
p    0         2
p    2        16
p    3       269
p    4      4713
#Flows histogram (number of flows, number of uni-directional links with this many flows)
f    0      3008
f    1      4398
f    2      3285
f    3      1584
f    4       641
f    5       205
f    6        46
f    7        14
f    8         1
DEBUG flag is on.
