DEBUG flag is on.
param_delta_final: -1
switches: 18 
p: 3 
servers: 54 
x[0]=1
x[1]=2
x[0]=1
x[1]=2
Constructing electric Network
All connections in the topology seem consistent!!!
Wrote stats to file: ./slimfly_p3_a3_h3_min_sequential_fr0.00_seed99.2026.05.12.11.59.dat
inrflow.version                     v0.4.1              
network                                                 
topology                            slimfly             
p                                   3                   
topo.version                        v0.1                
n.servers                           54                  
n.switches                          18                  
switch.radix                        8                   
n.links                             198                 
n.cables                            99                  
p.cable.failures                    0.000000            
n.cable.failures                    0                   
n.server.pairs.NN                   2916                
n.server.pairs.NN-1                 2862                
routing.algorithm                   min                 
max_paths                           0                   
traffic                                                 
pattern                             shift               
stride                              5                   
n.flows                             54                  
n.flows.delivered                   54                  
p.flows.connected                   100.000000          
placement.strategy                  sequential          
miscelanea                                              
r.seed                              99                  
started.at.y.m.d.h.m                2026.05.12.11.59    
on machine                          pop-os              
runtime                             0.000000            
path.info                                               
min.link.path.length                3                   
max.link.path.length                4                   
mean.link.path.length               3.555556            
median.link.path.length             4.000000            
var.link.path.length                0.251572            
std.link.path.length                0.501570            
hop.info                                                
min.server.hop.length               1                   
max.server.hop.length               1                   
mean.server.hop.length              1.000000            
median.server.hop.length            1.000000            
var.server.hop.length               0.000000            
std.server.hop.length               0.000000            
flow.info                                               
min.flows.per.link                  0                   
max.flows.per.link                  4                   
mean.flows.per.link                 0.969697            
median.flows.per.link               1.000000            
var.flows.per.link                  0.455930            
std.flows.per.link                  0.675226            
connected.nonzero.flows.over.bottleneck.flow 715.500000          
connected.flows.over.bottleneck.flow 729.000000          
connected.nonzero.flows.over.mean.flow 2951.437500         
connected.flows.over.mean.flow      3007.125000         
#Server hop length histogram (server hop path length, number of occurrences)
h    1        54
#Path length histogram (path length, number of occurrences)
p    3        24
p    4        30
#Flows histogram (number of flows, number of uni-directional links with this many flows)
f    0        41
f    1       128
f    2        24
f    3         4
f    4         1
DEBUG flag is on.
