DEBUG flag is on.
param_delta_final: 1
switches: 50 
p: 4 
servers: 200 
x[0]=1
x[1]=4
x[0]=2
x[1]=3
Constructing electric Network
All connections in the topology seem consistent!!!
Wrote stats to file: ./slimfly_p4_a5_h5_min_sequential_fr0.00_seed99.2026.05.12.11.59.dat
inrflow.version                     v0.4.1              
network                                                 
topology                            slimfly             
p                                   5                   
topo.version                        v0.1                
n.servers                           200                 
n.switches                          50                  
switch.radix                        11                  
n.links                             750                 
n.cables                            375                 
p.cable.failures                    0.000000            
n.cable.failures                    0                   
n.server.pairs.NN                   40000               
n.server.pairs.NN-1                 39800               
routing.algorithm                   min                 
max_paths                           0                   
traffic                                                 
pattern                             hotregion           
nhotrflows                          1000                
n.flows                             1000                
n.flows.delivered                   1000                
p.flows.connected                   100.000000          
placement.strategy                  sequential          
miscelanea                                              
r.seed                              99                  
started.at.y.m.d.h.m                2026.05.12.11.59    
on machine                          pop-os              
runtime                             0.000000            
path.info                                               
min.link.path.length                0                   
max.link.path.length                4                   
mean.link.path.length               3.810000            
median.link.path.length             4.000000            
var.link.path.length                0.226126            
std.link.path.length                0.475527            
hop.info                                                
min.server.hop.length               0                   
max.server.hop.length               1                   
mean.server.hop.length              0.996000            
median.server.hop.length            1.000000            
var.server.hop.length               0.003988            
std.server.hop.length               0.063151            
flow.info                                               
min.flows.per.link                  0                   
max.flows.per.link                  21                  
mean.flows.per.link                 5.080000            
median.flows.per.link               4.000000            
var.flows.per.link                  11.416822           
std.flows.per.link                  3.378879            
connected.nonzero.flows.over.bottleneck.flow 1895.238095         
connected.flows.over.bottleneck.flow 1904.761905         
connected.nonzero.flows.over.mean.flow 7834.645669         
connected.flows.over.mean.flow      7874.015748         
#Server hop length histogram (server hop path length, number of occurrences)
h    0         4
h    1       996
#Path length histogram (path length, number of occurrences)
p    0         4
p    2        12
p    3       150
p    4       834
#Flows histogram (number of flows, number of uni-directional links with this many flows)
f    0        11
f    1        39
f    2        88
f    3       128
f    4       122
f    5       121
f    6        67
f    7        56
f    8        31
f    9        22
f   10        14
f   11         8
f   12         7
f   13         5
f   14        10
f   15         6
f   16         3
f   17         2
f   18         6
f   19         1
f   20         1
f   21         2
DEBUG flag is on.
