DEBUG flag is on.
param_delta_final: 1
switches: 578 
p: 13 
servers: 7514 
x[0]=1
x[1]=2
x[2]=4
x[3]=8
x[4]=9
x[5]=13
x[6]=15
x[7]=16
x[0]=3
x[1]=5
x[2]=6
x[3]=7
x[4]=10
x[5]=11
x[6]=12
x[7]=14
Constructing electric Network
All connections in the topology seem consistent!!!
Wrote stats to file: ./slimfly_p13_a17_h17_min_sequential_fr0.00_seed99.2026.05.12.12.00.dat
inrflow.version                     v0.4.1              
network                                                 
topology                            slimfly             
p                                   17                  
topo.version                        v0.1                
n.servers                           7514                
n.switches                          578                 
switch.radix                        38                  
n.links                             29478               
n.cables                            14739               
p.cable.failures                    0.000000            
n.cable.failures                    0                   
n.server.pairs.NN                   56460196            
n.server.pairs.NN-1                 56452682            
routing.algorithm                   min                 
max_paths                           0                   
traffic                                                 
pattern                             alltoall            
n.flows                             56460196            
n.flows.delivered                   56460196            
p.flows.connected                   100.000000          
placement.strategy                  sequential          
miscelanea                                              
r.seed                              99                  
started.at.y.m.d.h.m                2026.05.12.12.00    
on machine                          pop-os              
runtime                             14.000000           
path.info                                               
min.link.path.length                0                   
max.link.path.length                4                   
mean.link.path.length               3.953021            
median.link.path.length             4.000000            
var.link.path.length                0.049563            
std.link.path.length                0.222628            
hop.info                                                
min.server.hop.length               0                   
max.server.hop.length               1                   
mean.server.hop.length              0.999867            
median.server.hop.length            1.000000            
var.server.hop.length               0.000133            
std.server.hop.length               0.011535            
flow.info                                               
min.flows.per.link                  5915                
max.flows.per.link                  8281                
mean.flows.per.link                 7571.352941         
median.flows.per.link               7513.000000         
var.flows.per.link                  447853.617261       
std.flows.per.link                  669.218662          
connected.nonzero.flows.over.bottleneck.flow 6817.133438         
connected.flows.over.bottleneck.flow 6818.040816         
connected.nonzero.flows.over.mean.flow 7456.089082         
connected.flows.over.mean.flow      7457.081507         
#Server hop length histogram (server hop path length, number of occurrences)
h    0      7514
h    1  56452682
#Path length histogram (path length, number of occurrences)
p    0      7514
p    2     90168
p    3   2442050
p    4  53920464
#Flows histogram (number of flows, number of uni-directional links with this many flows)
f 5915       289
f 6084      1445
f 6253      1445
f 6422       867
f 6591       578
f 7513     15028
f 8281      9826
DEBUG flag is on.
