DEBUG flag is on.
Constructing electric Network
All connections in the topology seem consistent!!!
Wrote stats to file: ./megafly_p10_a20_h10_min_sequential_fr0.00_seed42.2026.05.12.12.47.dat
inrflow.version                     v0.4.1              
network                                                 
topology                            megafly             
p                                   20                  
topo.version                        v0.1                
n.servers                           10100               
n.switches                          2020                
switch.radix                        20                  
n.links                             50500               
n.cables                            25250               
p.cable.failures                    0.000000            
n.cable.failures                    0                   
n.server.pairs.NN                   102010000           
n.server.pairs.NN-1                 101999900           
routing.algorithm                   min                 
max_paths                           0                   
traffic                                                 
pattern                             random              
nrndflows                           10000               
n.flows                             10000               
n.flows.delivered                   10000               
p.flows.connected                   100.000000          
placement.strategy                  sequential          
miscelanea                                              
r.seed                              42                  
started.at.y.m.d.h.m                2026.05.12.12.47    
on machine                          pop-os              
runtime                             0.000000            
path.info                                               
min.link.path.length                2                   
max.link.path.length                5                   
mean.link.path.length               4.988800            
median.link.path.length             5.000000            
var.link.path.length                0.015876            
std.link.path.length                0.126001            
hop.info                                                
min.server.hop.length               1                   
max.server.hop.length               1                   
mean.server.hop.length              1.000000            
median.server.hop.length            1.000000            
var.server.hop.length               0.000000            
std.server.hop.length               0.000000            
flow.info                                               
min.flows.per.link                  0                   
max.flows.per.link                  7                   
mean.flows.per.link                 0.987881            
median.flows.per.link               1.000000            
var.flows.per.link                  0.992665            
std.flows.per.link                  0.996326            
connected.nonzero.flows.over.bottleneck.flow 14571414.285714     
connected.flows.over.bottleneck.flow 14572857.142857     
connected.nonzero.flows.over.mean.flow 103251181.646889    
connected.flows.over.mean.flow      103261405.548428    
#Server hop length histogram (server hop path length, number of occurrences)
h    1     10000
#Path length histogram (path length, number of occurrences)
p    2         8
p    4        88
p    5      9904
#Flows histogram (number of flows, number of uni-directional links with this many flows)
f    0     18825
f    1     18601
f    2      9099
f    3      3021
f    4       776
f    5       150
f    6        24
f    7         4
DEBUG flag is on.
