DEBUG flag is on.
Constructing electric Network
All connections in the topology seem consistent!!!
Wrote stats to file: ./megafly_p10_a20_h10_min_sequential_fr0.00_seed13.2026.05.12.12.47.dat
inrflow.version                     v0.4.1              
network                                                 
topology                            megafly             
p                                   20                  
topo.version                        v0.1                
n.servers                           10100               
n.switches                          2020                
switch.radix                        20                  
n.links                             50500               
n.cables                            25250               
p.cable.failures                    0.000000            
n.cable.failures                    0                   
n.server.pairs.NN                   102010000           
n.server.pairs.NN-1                 101999900           
routing.algorithm                   min                 
max_paths                           0                   
traffic                                                 
pattern                             random              
nrndflows                           100000              
n.flows                             100000              
n.flows.delivered                   100000              
p.flows.connected                   100.000000          
placement.strategy                  sequential          
miscelanea                                              
r.seed                              13                  
started.at.y.m.d.h.m                2026.05.12.12.47    
on machine                          pop-os              
runtime                             0.000000            
path.info                                               
min.link.path.length                0                   
max.link.path.length                5                   
mean.link.path.length               4.987060            
median.link.path.length             5.000000            
var.link.path.length                0.021133            
std.link.path.length                0.145371            
hop.info                                                
min.server.hop.length               0                   
max.server.hop.length               1                   
mean.server.hop.length              0.999870            
median.server.hop.length            1.000000            
var.server.hop.length               0.000130            
std.server.hop.length               0.011401            
flow.info                                               
min.flows.per.link                  0                   
max.flows.per.link                  26                  
mean.flows.per.link                 9.875366            
median.flows.per.link               10.000000           
var.flows.per.link                  9.984506            
std.flows.per.link                  3.159827            
connected.nonzero.flows.over.bottleneck.flow 3923073.076923      
connected.flows.over.bottleneck.flow 3923461.538462      
connected.nonzero.flows.over.mean.flow 10328720.628988     
connected.flows.over.mean.flow      10329743.375857     
#Server hop length histogram (server hop path length, number of occurrences)
h    0        13
h    1     99987
#Path length histogram (path length, number of occurrences)
p    0        13
p    2        96
p    4       941
p    5     98950
#Flows histogram (number of flows, number of uni-directional links with this many flows)
f    0         3
f    1        16
f    2       129
f    3       433
f    4      1044
f    5      2082
f    6      3365
f    7      4800
f    8      5740
f    9      6318
f   10      6282
f   11      5583
f   12      4646
f   13      3576
f   14      2519
f   15      1666
f   16      1068
f   17       605
f   18       296
f   19       160
f   20        91
f   21        48
f   22        18
f   23         9
f   24         2
f   26         1
DEBUG flag is on.
