DEBUG flag is on.
Constructing electric Network
All connections in the topology seem consistent!!!
Wrote stats to file: ./megafly_p10_a20_h10_min_sequential_fr0.00_seed42.2026.05.12.12.47.dat
inrflow.version                     v0.4.1              
network                                                 
topology                            megafly             
p                                   20                  
topo.version                        v0.1                
n.servers                           10100               
n.switches                          2020                
switch.radix                        20                  
n.links                             50500               
n.cables                            25250               
p.cable.failures                    0.000000            
n.cable.failures                    0                   
n.server.pairs.NN                   102010000           
n.server.pairs.NN-1                 101999900           
routing.algorithm                   min                 
max_paths                           0                   
traffic                                                 
pattern                             random              
nrndflows                           100000              
n.flows                             100000              
n.flows.delivered                   100000              
p.flows.connected                   100.000000          
placement.strategy                  sequential          
miscelanea                                              
r.seed                              42                  
started.at.y.m.d.h.m                2026.05.12.12.47    
on machine                          pop-os              
runtime                             1.000000            
path.info                                               
min.link.path.length                0                   
max.link.path.length                5                   
mean.link.path.length               4.988030            
median.link.path.length             5.000000            
var.link.path.length                0.017867            
std.link.path.length                0.133667            
hop.info                                                
min.server.hop.length               0                   
max.server.hop.length               1                   
mean.server.hop.length              0.999980            
median.server.hop.length            1.000000            
var.server.hop.length               0.000020            
std.server.hop.length               0.004472            
flow.info                                               
min.flows.per.link                  0                   
max.flows.per.link                  27                  
mean.flows.per.link                 9.877287            
median.flows.per.link               10.000000           
var.flows.per.link                  9.942109            
std.flows.per.link                  3.153111            
connected.nonzero.flows.over.bottleneck.flow 3777774.074074      
connected.flows.over.bottleneck.flow 3778148.148148      
connected.nonzero.flows.over.mean.flow 10326712.048644     
connected.flows.over.mean.flow      10327734.596624     
#Server hop length histogram (server hop path length, number of occurrences)
h    0         2
h    1     99998
#Path length histogram (path length, number of occurrences)
p    0         2
p    2        94
p    4       905
p    5     98999
#Flows histogram (number of flows, number of uni-directional links with this many flows)
f    0         2
f    1        29
f    2       129
f    3       432
f    4       995
f    5      2048
f    6      3361
f    7      4673
f    8      5935
f    9      6453
f   10      6203
f   11      5585
f   12      4597
f   13      3633
f   14      2505
f   15      1591
f   16      1074
f   17       616
f   18       324
f   19       148
f   20        95
f   21        40
f   22        15
f   23         9
f   24         6
f   25         1
f   27         1
DEBUG flag is on.
