DEBUG flag is on.
Constructing electric Network
All connections in the topology seem consistent!!!
Wrote stats to file: ./megafly_p10_a20_h10_min_sequential_fr0.00_seed13.2026.05.12.12.47.dat
inrflow.version                     v0.4.1              
network                                                 
topology                            megafly             
p                                   20                  
topo.version                        v0.1                
n.servers                           10100               
n.switches                          2020                
switch.radix                        20                  
n.links                             50500               
n.cables                            25250               
p.cable.failures                    0.000000            
n.cable.failures                    0                   
n.server.pairs.NN                   102010000           
n.server.pairs.NN-1                 101999900           
routing.algorithm                   min                 
max_paths                           0                   
traffic                                                 
pattern                             random              
nrndflows                           10000               
n.flows                             10000               
n.flows.delivered                   10000               
p.flows.connected                   100.000000          
placement.strategy                  sequential          
miscelanea                                              
r.seed                              13                  
started.at.y.m.d.h.m                2026.05.12.12.47    
on machine                          pop-os              
runtime                             0.000000            
path.info                                               
min.link.path.length                0                   
max.link.path.length                5                   
mean.link.path.length               4.988400            
median.link.path.length             5.000000            
var.link.path.length                0.019067            
std.link.path.length                0.138085            
hop.info                                                
min.server.hop.length               0                   
max.server.hop.length               1                   
mean.server.hop.length              0.999800            
median.server.hop.length            1.000000            
var.server.hop.length               0.000200            
std.server.hop.length               0.014141            
flow.info                                               
min.flows.per.link                  0                   
max.flows.per.link                  8                   
mean.flows.per.link                 0.987802            
median.flows.per.link               1.000000            
var.flows.per.link                  0.977415            
std.flows.per.link                  0.988643            
connected.nonzero.flows.over.bottleneck.flow 12749987.500000     
connected.flows.over.bottleneck.flow 12751250.000000     
connected.nonzero.flows.over.mean.flow 103259460.949403    
connected.flows.over.mean.flow      103269685.670756    
#Server hop length histogram (server hop path length, number of occurrences)
h    0         2
h    1      9998
#Path length histogram (path length, number of occurrences)
p    0         2
p    2         6
p    4        88
p    5      9904
#Flows histogram (number of flows, number of uni-directional links with this many flows)
f    0     18666
f    1     18725
f    2      9283
f    3      2928
f    4       723
f    5       140
f    6        31
f    7         1
f    8         3
DEBUG flag is on.
