DEBUG flag is on.
Constructing electric Network
All connections in the topology seem consistent!!!
Wrote stats to file: ./megafly_p4_a8_h4_min_sequential_fr0.00_seed99.2026.05.12.12.47.dat
inrflow.version                     v0.4.1              
network                                                 
topology                            megafly             
p                                   8                   
topo.version                        v0.1                
n.servers                           272                 
n.switches                          136                 
switch.radix                        8                   
n.links                             1360                
n.cables                            680                 
p.cable.failures                    0.000000            
n.cable.failures                    0                   
n.server.pairs.NN                   73984               
n.server.pairs.NN-1                 73712               
routing.algorithm                   min                 
max_paths                           0                   
traffic                                                 
pattern                             random              
nrndflows                           50000               
n.flows                             50000               
n.flows.delivered                   50000               
p.flows.connected                   100.000000          
placement.strategy                  sequential          
miscelanea                                              
r.seed                              99                  
started.at.y.m.d.h.m                2026.05.12.12.47    
on machine                          pop-os              
runtime                             0.000000            
path.info                                               
min.link.path.length                0                   
max.link.path.length                5                   
mean.link.path.length               4.902060            
median.link.path.length             5.000000            
var.link.path.length                0.235512            
std.link.path.length                0.485296            
hop.info                                                
min.server.hop.length               0                   
max.server.hop.length               1                   
mean.server.hop.length              0.996140            
median.server.hop.length            1.000000            
var.server.hop.length               0.003845            
std.server.hop.length               0.062009            
flow.info                                               
min.flows.per.link                  138                 
max.flows.per.link                  243                 
mean.flows.per.link                 180.222794          
median.flows.per.link               180.000000          
var.flows.per.link                  225.466883          
std.flows.per.link                  15.015555           
connected.nonzero.flows.over.bottleneck.flow 303.341564          
connected.flows.over.bottleneck.flow 304.460905          
connected.nonzero.flows.over.mean.flow 409.004867          
connected.flows.over.mean.flow      410.514110          
#Server hop length histogram (server hop path length, number of occurrences)
h    0       193
h    1     49807
#Path length histogram (path length, number of occurrences)
p    0       193
p    2       583
p    4      2183
p    5     47041
#Flows histogram (number of flows, number of uni-directional links with this many flows)
f  138         1
f  139         1
f  140         2
f  141         2
f  142         2
f  143         3
f  146         2
f  147         4
f  148         1
f  149         3
f  150         2
f  151         5
f  152         6
f  153         7
f  154         5
f  155         8
f  156         5
f  157         9
f  158        10
f  159        15
f  160        19
f  161        13
f  162        19
f  163        29
f  164        20
f  165        17
f  166        32
f  167        40
f  168        24
f  169        27
f  170        34
f  171        36
f  172        23
f  173        37
f  174        38
f  175        28
f  176        30
f  177        43
f  178        41
f  179        36
f  180        26
f  181        42
f  182        31
f  183        30
f  184        37
f  185        36
f  186        33
f  187        37
f  188        27
f  189        30
f  190        31
f  191        28
f  192        28
f  193        23
f  194        23
f  195        16
f  196        16
f  197        26
f  198        21
f  199        13
f  200        13
f  201         9
f  202         7
f  203        12
f  204         7
f  205         9
f  206         8
f  207         7
f  208         6
f  209         7
f  210         5
f  211         5
f  212         3
f  213         2
f  215         5
f  216         2
f  217         3
f  218         1
f  219         1
f  220         4
f  221         1
f  223         1
f  226         1
f  227         3
f  229         1
f  231         2
f  232         1
f  243         1
DEBUG flag is on.
