DEBUG flag is on.
Constructing electric Network
All connections in the topology seem consistent!!!
Wrote stats to file: ./megafly_p8_a16_h8_min_sequential_fr0.00_seed99.2026.05.12.12.47.dat
inrflow.version                     v0.4.1              
network                                                 
topology                            megafly             
p                                   16                  
topo.version                        v0.1                
n.servers                           4160                
n.switches                          1040                
switch.radix                        16                  
n.links                             20800               
n.cables                            10400               
p.cable.failures                    0.000000            
n.cable.failures                    0                   
n.server.pairs.NN                   17305600            
n.server.pairs.NN-1                 17301440            
routing.algorithm                   min                 
max_paths                           0                   
traffic                                                 
pattern                             random              
nrndflows                           50000               
n.flows                             50000               
n.flows.delivered                   50000               
p.flows.connected                   100.000000          
placement.strategy                  sequential          
miscelanea                                              
r.seed                              99                  
started.at.y.m.d.h.m                2026.05.12.12.47    
on machine                          pop-os              
runtime                             0.000000            
path.info                                               
min.link.path.length                0                   
max.link.path.length                5                   
mean.link.path.length               4.980020            
median.link.path.length             5.000000            
var.link.path.length                0.036862            
std.link.path.length                0.191994            
hop.info                                                
min.server.hop.length               0                   
max.server.hop.length               1                   
mean.server.hop.length              0.999700            
median.server.hop.length            1.000000            
var.server.hop.length               0.000300            
std.server.hop.length               0.017318            
flow.info                                               
min.flows.per.link                  2                   
max.flows.per.link                  27                  
mean.flows.per.link                 11.971202           
median.flows.per.link               12.000000           
var.flows.per.link                  11.887579           
std.flows.per.link                  3.447837            
connected.nonzero.flows.over.bottleneck.flow 640794.074074       
connected.flows.over.bottleneck.flow 640948.148148       
connected.nonzero.flows.over.mean.flow 1445255.047168      
connected.flows.over.mean.flow      1445602.547781      
#Server hop length histogram (server hop path length, number of occurrences)
h    0        15
h    1     49985
#Path length histogram (path length, number of occurrences)
p    0        15
p    2        94
p    4       642
p    5     49249
#Flows histogram (number of flows, number of uni-directional links with this many flows)
f    2        10
f    3        35
f    4       103
f    5       266
f    6       543
f    7       899
f    8      1368
f    9      1803
f   10      2230
f   11      2482
f   12      2412
f   13      2145
f   14      1844
f   15      1478
f   16      1079
f   17       795
f   18       528
f   19       343
f   20       208
f   21       107
f   22        60
f   23        35
f   24        17
f   25         6
f   26         3
f   27         1
DEBUG flag is on.
