DEBUG flag is on.
Constructing electric Network
All connections in the topology seem consistent!!!
Wrote stats to file: ./megafly_p2_a4_h2_min_sequential_fr0.00_seed13.2026.05.12.12.47.dat
inrflow.version                     v0.4.1              
network                                                 
topology                            megafly             
p                                   4                   
topo.version                        v0.1                
n.servers                           20                  
n.switches                          20                  
switch.radix                        4                   
n.links                             100                 
n.cables                            50                  
p.cable.failures                    0.000000            
n.cable.failures                    0                   
n.server.pairs.NN                   400                 
n.server.pairs.NN-1                 380                 
routing.algorithm                   min                 
max_paths                           0                   
traffic                                                 
pattern                             shift               
stride                              100                 
n.flows                             20                  
n.flows.delivered                   20                  
p.flows.connected                   100.000000          
placement.strategy                  sequential          
miscelanea                                              
r.seed                              13                  
started.at.y.m.d.h.m                2026.05.12.12.47    
on machine                          pop-os              
runtime                             0.000000            
path.info                                               
min.link.path.length                0                   
max.link.path.length                0                   
mean.link.path.length               0.000000            
median.link.path.length             0.000000            
var.link.path.length                0.000000            
std.link.path.length                0.000000            
hop.info                                                
min.server.hop.length               0                   
max.server.hop.length               0                   
mean.server.hop.length              0.000000            
median.server.hop.length            0.000000            
var.server.hop.length               0.000000            
std.server.hop.length               0.000000            
flow.info                                               
min.flows.per.link                  0                   
max.flows.per.link                  0                   
mean.flows.per.link                 0.000000            
median.flows.per.link               0.000000            
var.flows.per.link                  0.000000            
std.flows.per.link                  0.000000            
connected.nonzero.flows.over.bottleneck.flow inf                 
connected.flows.over.bottleneck.flow inf                 
connected.nonzero.flows.over.mean.flow inf                 
connected.flows.over.mean.flow      inf                 
#Server hop length histogram (server hop path length, number of occurrences)
h    0        20
#Path length histogram (path length, number of occurrences)
p    0        20
#Flows histogram (number of flows, number of uni-directional links with this many flows)
f    0       100
DEBUG flag is on.
