DEBUG flag is on.
Constructing electric Network
All connections in the topology seem consistent!!!
Wrote stats to file: ./megafly_p2_a4_h2_min_sequential_fr0.00_seed99.2026.05.12.12.15.dat
inrflow.version                     v0.4.1              
network                                                 
topology                            megafly             
p                                   4                   
topo.version                        v0.1                
n.servers                           20                  
n.switches                          20                  
switch.radix                        4                   
n.links                             100                 
n.cables                            50                  
p.cable.failures                    0.000000            
n.cable.failures                    0                   
n.server.pairs.NN                   400                 
n.server.pairs.NN-1                 380                 
routing.algorithm                   min                 
max_paths                           0                   
traffic                                                 
pattern                             random              
nrndflows                           5000                
n.flows                             5000                
n.flows.delivered                   5000                
p.flows.connected                   100.000000          
placement.strategy                  sequential          
miscelanea                                              
r.seed                              99                  
started.at.y.m.d.h.m                2026.05.12.12.15    
on machine                          pop-os              
runtime                             0.000000            
path.info                                               
min.link.path.length                0                   
max.link.path.length                5                   
mean.link.path.length               4.525000            
median.link.path.length             5.000000            
var.link.path.length                1.443264            
std.link.path.length                1.201359            
hop.info                                                
min.server.hop.length               0                   
max.server.hop.length               1                   
mean.server.hop.length              0.954600            
median.server.hop.length            1.000000            
var.server.hop.length               0.043348            
std.server.hop.length               0.208201            
flow.info                                               
min.flows.per.link                  161                 
max.flows.per.link                  298                 
mean.flows.per.link                 226.250000          
median.flows.per.link               228.000000          
var.flows.per.link                  878.431818          
std.flows.per.link                  29.638350           
connected.nonzero.flows.over.bottleneck.flow 1.275168            
connected.flows.over.bottleneck.flow 1.342282            
connected.nonzero.flows.over.mean.flow 1.679558            
connected.flows.over.mean.flow      1.767956            
#Server hop length histogram (server hop path length, number of occurrences)
h    0       227
h    1      4773
#Path length histogram (path length, number of occurrences)
p    0       227
p    2       238
p    4       526
p    5      4009
#Flows histogram (number of flows, number of uni-directional links with this many flows)
f  161         1
f  164         1
f  165         1
f  174         1
f  180         1
f  184         1
f  186         1
f  187         1
f  188         1
f  189         1
f  190         1
f  191         1
f  192         1
f  193         2
f  194         2
f  195         2
f  197         1
f  201         1
f  202         1
f  203         3
f  206         2
f  207         2
f  209         5
f  210         1
f  212         1
f  213         1
f  215         1
f  216         1
f  219         2
f  220         1
f  221         2
f  223         1
f  225         1
f  226         2
f  228         3
f  229         3
f  230         3
f  232         3
f  233         1
f  234         1
f  235         2
f  238         3
f  239         1
f  241         1
f  242         4
f  244         1
f  246         2
f  247         1
f  248         1
f  250         1
f  251         1
f  253         1
f  255         1
f  256         1
f  257         1
f  259         1
f  260         1
f  263         2
f  266         3
f  268         2
f  269         1
f  270         1
f  279         1
f  280         1
f  288         1
f  292         1
f  298         1
DEBUG flag is on.
