DEBUG flag is on.
Constructing electric Network
All connections in the topology seem consistent!!!
Wrote stats to file: ./megafly_p4_a8_h4_min_sequential_fr0.00_seed13.2026.05.12.12.47.dat
inrflow.version                     v0.4.1              
network                                                 
topology                            megafly             
p                                   8                   
topo.version                        v0.1                
n.servers                           272                 
n.switches                          136                 
switch.radix                        8                   
n.links                             1360                
n.cables                            680                 
p.cable.failures                    0.000000            
n.cable.failures                    0                   
n.server.pairs.NN                   73984               
n.server.pairs.NN-1                 73712               
routing.algorithm                   min                 
max_paths                           0                   
traffic                                                 
pattern                             onetoall            
n.flows                             272                 
n.flows.delivered                   272                 
p.flows.connected                   100.000000          
placement.strategy                  sequential          
miscelanea                                              
r.seed                              13                  
started.at.y.m.d.h.m                2026.05.12.12.47    
on machine                          pop-os              
runtime                             0.000000            
path.info                                               
min.link.path.length                0                   
max.link.path.length                5                   
mean.link.path.length               4.904412            
median.link.path.length             5.000000            
var.link.path.length                0.226992            
std.link.path.length                0.476436            
hop.info                                                
min.server.hop.length               0                   
max.server.hop.length               1                   
mean.server.hop.length              0.996324            
median.server.hop.length            1.000000            
var.server.hop.length               0.003676            
std.server.hop.length               0.060634            
flow.info                                               
min.flows.per.link                  0                   
max.flows.per.link                  271                 
mean.flows.per.link                 0.980882            
median.flows.per.link               0.000000            
var.flows.per.link                  70.301327           
std.flows.per.link                  8.384589            
connected.nonzero.flows.over.bottleneck.flow 272.000000          
connected.flows.over.bottleneck.flow 273.003690          
connected.nonzero.flows.over.mean.flow 75148.665667        
connected.flows.over.mean.flow      75425.967016        
#Server hop length histogram (server hop path length, number of occurrences)
h    0         1
h    1       271
#Path length histogram (path length, number of occurrences)
p    0         1
p    2         3
p    4        12
p    5       256
#Flows histogram (number of flows, number of uni-directional links with this many flows)
f    0      1001
f    1       271
f    4        67
f   16        16
f   64         1
f   68         3
f  271         1
DEBUG flag is on.
