DEBUG flag is on.
Constructing electric Network
All connections in the topology seem consistent!!!
Wrote stats to file: ./megafly_p2_a4_h2_min_sequential_fr0.00_seed13.2026.05.12.12.47.dat
inrflow.version                     v0.4.1              
network                                                 
topology                            megafly             
p                                   4                   
topo.version                        v0.1                
n.servers                           20                  
n.switches                          20                  
switch.radix                        4                   
n.links                             100                 
n.cables                            50                  
p.cable.failures                    0.000000            
n.cable.failures                    0                   
n.server.pairs.NN                   400                 
n.server.pairs.NN-1                 380                 
routing.algorithm                   min                 
max_paths                           0                   
traffic                                                 
pattern                             hotregion           
nhotrflows                          100                 
n.flows                             100                 
n.flows.delivered                   100                 
p.flows.connected                   100.000000          
placement.strategy                  sequential          
miscelanea                                              
r.seed                              13                  
started.at.y.m.d.h.m                2026.05.12.12.47    
on machine                          pop-os              
runtime                             0.000000            
path.info                                               
min.link.path.length                0                   
max.link.path.length                5                   
mean.link.path.length               4.600000            
median.link.path.length             5.000000            
var.link.path.length                1.292929            
std.link.path.length                1.137070            
hop.info                                                
min.server.hop.length               0                   
max.server.hop.length               1                   
mean.server.hop.length              0.960000            
median.server.hop.length            1.000000            
var.server.hop.length               0.038788            
std.server.hop.length               0.196946            
flow.info                                               
min.flows.per.link                  0                   
max.flows.per.link                  19                  
mean.flows.per.link                 4.600000            
median.flows.per.link               4.000000            
var.flows.per.link                  8.848485            
std.flows.per.link                  2.974640            
connected.nonzero.flows.over.bottleneck.flow 20.000000           
connected.flows.over.bottleneck.flow 21.052632           
connected.nonzero.flows.over.mean.flow 82.608696           
connected.flows.over.mean.flow      86.956522           
#Server hop length histogram (server hop path length, number of occurrences)
h    0         4
h    1        96
#Path length histogram (path length, number of occurrences)
p    0         4
p    2         4
p    4         8
p    5        84
#Flows histogram (number of flows, number of uni-directional links with this many flows)
f    0         1
f    1         6
f    2        16
f    3        15
f    4        22
f    5        10
f    6        13
f    7         5
f    8         6
f    9         1
f   10         1
f   11         1
f   13         1
f   16         1
f   19         1
DEBUG flag is on.
