DEBUG flag is on.
Constructing electric Network
All connections in the topology seem consistent!!!
Wrote stats to file: ./megafly_p2_a4_h2_min_sequential_fr0.00_seed99.2026.05.12.12.47.dat
inrflow.version                     v0.4.1              
network                                                 
topology                            megafly             
p                                   4                   
topo.version                        v0.1                
n.servers                           20                  
n.switches                          20                  
switch.radix                        4                   
n.links                             100                 
n.cables                            50                  
p.cable.failures                    0.000000            
n.cable.failures                    0                   
n.server.pairs.NN                   400                 
n.server.pairs.NN-1                 380                 
routing.algorithm                   min                 
max_paths                           0                   
traffic                                                 
pattern                             hotregion           
nhotrflows                          10                  
n.flows                             10                  
n.flows.delivered                   10                  
p.flows.connected                   100.000000          
placement.strategy                  sequential          
miscelanea                                              
r.seed                              99                  
started.at.y.m.d.h.m                2026.05.12.12.47    
on machine                          pop-os              
runtime                             0.000000            
path.info                                               
min.link.path.length                2                   
max.link.path.length                5                   
mean.link.path.length               4.700000            
median.link.path.length             5.000000            
var.link.path.length                0.900000            
std.link.path.length                0.948683            
hop.info                                                
min.server.hop.length               1                   
max.server.hop.length               1                   
mean.server.hop.length              1.000000            
median.server.hop.length            1.000000            
var.server.hop.length               0.000000            
std.server.hop.length               0.000000            
flow.info                                               
min.flows.per.link                  0                   
max.flows.per.link                  4                   
mean.flows.per.link                 0.470000            
median.flows.per.link               0.000000            
var.flows.per.link                  0.675859            
std.flows.per.link                  0.822106            
connected.nonzero.flows.over.bottleneck.flow 95.000000           
connected.flows.over.bottleneck.flow 100.000000          
connected.nonzero.flows.over.mean.flow 808.510638          
connected.flows.over.mean.flow      851.063830          
#Server hop length histogram (server hop path length, number of occurrences)
h    1        10
#Path length histogram (path length, number of occurrences)
p    2         1
p    5         9
#Flows histogram (number of flows, number of uni-directional links with this many flows)
f    0        66
f    1        27
f    2         3
f    3         2
f    4         2
DEBUG flag is on.
