DEBUG flag is on.
Constructing electric Network
All connections in the topology seem consistent!!!
Wrote stats to file: ./megafly_p10_a20_h10_min_sequential_fr0.00_seed13.2026.05.12.12.47.dat
inrflow.version                     v0.4.1              
network                                                 
topology                            megafly             
p                                   20                  
topo.version                        v0.1                
n.servers                           10100               
n.switches                          2020                
switch.radix                        20                  
n.links                             50500               
n.cables                            25250               
p.cable.failures                    0.000000            
n.cable.failures                    0                   
n.server.pairs.NN                   102010000           
n.server.pairs.NN-1                 101999900           
routing.algorithm                   min                 
max_paths                           0                   
traffic                                                 
pattern                             random              
nrndflows                           50000               
n.flows                             50000               
n.flows.delivered                   50000               
p.flows.connected                   100.000000          
placement.strategy                  sequential          
miscelanea                                              
r.seed                              13                  
started.at.y.m.d.h.m                2026.05.12.12.47    
on machine                          pop-os              
runtime                             0.000000            
path.info                                               
min.link.path.length                0                   
max.link.path.length                5                   
mean.link.path.length               4.987160            
median.link.path.length             5.000000            
var.link.path.length                0.020196            
std.link.path.length                0.142111            
hop.info                                                
min.server.hop.length               0                   
max.server.hop.length               1                   
mean.server.hop.length              0.999840            
median.server.hop.length            1.000000            
var.server.hop.length               0.000160            
std.server.hop.length               0.012648            
flow.info                                               
min.flows.per.link                  0                   
max.flows.per.link                  15                  
mean.flows.per.link                 4.937782            
median.flows.per.link               5.000000            
var.flows.per.link                  4.945534            
std.flows.per.link                  2.223856            
connected.nonzero.flows.over.bottleneck.flow 6799993.333333      
connected.flows.over.bottleneck.flow 6800666.666667      
connected.nonzero.flows.over.mean.flow 20657027.045453     
connected.flows.over.mean.flow      20659072.498175     
#Server hop length histogram (server hop path length, number of occurrences)
h    0         8
h    1     49992
#Path length histogram (path length, number of occurrences)
p    0         8
p    2        36
p    4       494
p    5     49462
#Flows histogram (number of flows, number of uni-directional links with this many flows)
f    0       356
f    1      1837
f    2      4438
f    3      7254
f    4      8901
f    5      8787
f    6      7296
f    7      5163
f    8      3259
f    9      1719
f   10       851
f   11       392
f   12       170
f   13        58
f   14        17
f   15         2
DEBUG flag is on.
