DEBUG flag is on.
Constructing electric Network
All connections in the topology seem consistent!!!
Wrote stats to file: ./megafly_p2_a4_h2_min_sequential_fr0.00_seed42.2026.05.12.12.47.dat
inrflow.version                     v0.4.1              
network                                                 
topology                            megafly             
p                                   4                   
topo.version                        v0.1                
n.servers                           20                  
n.switches                          20                  
switch.radix                        4                   
n.links                             100                 
n.cables                            50                  
p.cable.failures                    0.000000            
n.cable.failures                    0                   
n.server.pairs.NN                   400                 
n.server.pairs.NN-1                 380                 
routing.algorithm                   min                 
max_paths                           0                   
traffic                                                 
pattern                             hotregion           
nhotrflows                          500                 
n.flows                             500                 
n.flows.delivered                   500                 
p.flows.connected                   100.000000          
placement.strategy                  sequential          
miscelanea                                              
r.seed                              42                  
started.at.y.m.d.h.m                2026.05.12.12.47    
on machine                          pop-os              
runtime                             0.000000            
path.info                                               
min.link.path.length                0                   
max.link.path.length                5                   
mean.link.path.length               4.506000            
median.link.path.length             5.000000            
var.link.path.length                1.541046            
std.link.path.length                1.241389            
hop.info                                                
min.server.hop.length               0                   
max.server.hop.length               1                   
mean.server.hop.length              0.950000            
median.server.hop.length            1.000000            
var.server.hop.length               0.047595            
std.server.hop.length               0.218163            
flow.info                                               
min.flows.per.link                  9                   
max.flows.per.link                  90                  
mean.flows.per.link                 22.530000           
median.flows.per.link               18.000000           
var.flows.per.link                  212.877879          
std.flows.per.link                  14.590335           
connected.nonzero.flows.over.bottleneck.flow 4.222222            
connected.flows.over.bottleneck.flow 4.444444            
connected.nonzero.flows.over.mean.flow 16.866400           
connected.flows.over.mean.flow      17.754106           
#Server hop length histogram (server hop path length, number of occurrences)
h    0        25
h    1       475
#Path length histogram (path length, number of occurrences)
p    0        25
p    2        24
p    4        50
p    5       401
#Flows histogram (number of flows, number of uni-directional links with this many flows)
f    9         2
f   10         4
f   11         4
f   12         3
f   13         8
f   14         7
f   15         5
f   16        10
f   17         5
f   18         3
f   19         6
f   20         3
f   21         5
f   22         4
f   23         3
f   24         2
f   25         1
f   26         1
f   27         2
f   28         3
f   29         3
f   30         1
f   31         1
f   32         1
f   34         1
f   38         3
f   39         2
f   45         1
f   47         1
f   50         1
f   72         1
f   73         1
f   83         1
f   90         1
DEBUG flag is on.
