DEBUG flag is on.
Constructing electric Network
All connections in the topology seem consistent!!!
Wrote stats to file: ./megafly_p2_a4_h2_min_sequential_fr0.00_seed42.2026.05.12.12.47.dat
inrflow.version                     v0.4.1              
network                                                 
topology                            megafly             
p                                   4                   
topo.version                        v0.1                
n.servers                           20                  
n.switches                          20                  
switch.radix                        4                   
n.links                             100                 
n.cables                            50                  
p.cable.failures                    0.000000            
n.cable.failures                    0                   
n.server.pairs.NN                   400                 
n.server.pairs.NN-1                 380                 
routing.algorithm                   min                 
max_paths                           0                   
traffic                                                 
pattern                             hotregion           
nhotrflows                          100                 
n.flows                             100                 
n.flows.delivered                   100                 
p.flows.connected                   100.000000          
placement.strategy                  sequential          
miscelanea                                              
r.seed                              42                  
started.at.y.m.d.h.m                2026.05.12.12.47    
on machine                          pop-os              
runtime                             0.000000            
path.info                                               
min.link.path.length                0                   
max.link.path.length                5                   
mean.link.path.length               4.470000            
median.link.path.length             5.000000            
var.link.path.length                1.403131            
std.link.path.length                1.184538            
hop.info                                                
min.server.hop.length               0                   
max.server.hop.length               1                   
mean.server.hop.length              0.970000            
median.server.hop.length            1.000000            
var.server.hop.length               0.029394            
std.server.hop.length               0.171447            
flow.info                                               
min.flows.per.link                  0                   
max.flows.per.link                  22                  
mean.flows.per.link                 4.470000            
median.flows.per.link               3.500000            
var.flows.per.link                  14.635455           
std.flows.per.link                  3.825631            
connected.nonzero.flows.over.bottleneck.flow 17.272727           
connected.flows.over.bottleneck.flow 18.181818           
connected.nonzero.flows.over.mean.flow 85.011186           
connected.flows.over.mean.flow      89.485459           
#Server hop length histogram (server hop path length, number of occurrences)
h    0         3
h    1        97
#Path length histogram (path length, number of occurrences)
p    0         3
p    2         9
p    4        11
p    5        77
#Flows histogram (number of flows, number of uni-directional links with this many flows)
f    0         4
f    1         6
f    2        25
f    3        15
f    4        12
f    5        11
f    6        13
f    7         2
f    8         4
f    9         1
f   10         1
f   11         1
f   15         1
f   16         1
f   17         1
f   19         1
f   22         1
DEBUG flag is on.
