DEBUG flag is on.
Constructing electric Network
All connections in the topology seem consistent!!!
Wrote stats to file: ./megafly_p4_a8_h4_min_sequential_fr0.00_seed99.2026.05.12.12.47.dat
inrflow.version                     v0.4.1              
network                                                 
topology                            megafly             
p                                   8                   
topo.version                        v0.1                
n.servers                           272                 
n.switches                          136                 
switch.radix                        8                   
n.links                             1360                
n.cables                            680                 
p.cable.failures                    0.000000            
n.cable.failures                    0                   
n.server.pairs.NN                   73984               
n.server.pairs.NN-1                 73712               
routing.algorithm                   min                 
max_paths                           0                   
traffic                                                 
pattern                             shift               
stride                              10                  
n.flows                             272                 
n.flows.delivered                   272                 
p.flows.connected                   100.000000          
placement.strategy                  sequential          
miscelanea                                              
r.seed                              99                  
started.at.y.m.d.h.m                2026.05.12.12.47    
on machine                          pop-os              
runtime                             0.000000            
path.info                                               
min.link.path.length                4                   
max.link.path.length                5                   
mean.link.path.length               4.625000            
median.link.path.length             5.000000            
var.link.path.length                0.235240            
std.link.path.length                0.485015            
hop.info                                                
min.server.hop.length               1                   
max.server.hop.length               1                   
mean.server.hop.length              1.000000            
median.server.hop.length            1.000000            
var.server.hop.length               0.000000            
std.server.hop.length               0.000000            
flow.info                                               
min.flows.per.link                  0                   
max.flows.per.link                  10                  
mean.flows.per.link                 0.925000            
median.flows.per.link               1.000000            
var.flows.per.link                  2.143010            
std.flows.per.link                  1.463902            
connected.nonzero.flows.over.bottleneck.flow 7371.200000         
connected.flows.over.bottleneck.flow 7398.400000         
connected.nonzero.flows.over.mean.flow 79688.648649        
connected.flows.over.mean.flow      79982.702703        
#Server hop length histogram (server hop path length, number of occurrences)
h    1       272
#Path length histogram (path length, number of occurrences)
p    4       102
p    5       170
#Flows histogram (number of flows, number of uni-directional links with this many flows)
f    0       620
f    1       544
f    2        86
f    4        93
f   10        17
DEBUG flag is on.
