DEBUG flag is on.
param_delta_final: 1
switches: 50 
p: 4 
servers: 200 
x[0]=1
x[1]=4
x[0]=2
x[1]=3
Constructing electric Network
All connections in the topology seem consistent!!!
Wrote stats to file: ./slimfly_p4_a5_h5_min_sequential_fr0.00_seed99.2026.05.12.12.15.dat
inrflow.version                     v0.4.1              
network                                                 
topology                            slimfly             
p                                   5                   
topo.version                        v0.1                
n.servers                           200                 
n.switches                          50                  
switch.radix                        11                  
n.links                             750                 
n.cables                            375                 
p.cable.failures                    0.000000            
n.cable.failures                    0                   
n.server.pairs.NN                   40000               
n.server.pairs.NN-1                 39800               
routing.algorithm                   min                 
max_paths                           0                   
traffic                                                 
pattern                             random              
nrndflows                           5000                
n.flows                             5000                
n.flows.delivered                   5000                
p.flows.connected                   100.000000          
placement.strategy                  sequential          
miscelanea                                              
r.seed                              99                  
started.at.y.m.d.h.m                2026.05.12.12.15    
on machine                          pop-os              
runtime                             0.000000            
path.info                                               
min.link.path.length                0                   
max.link.path.length                4                   
mean.link.path.length               3.798600            
median.link.path.length             4.000000            
var.link.path.length                0.260090            
std.link.path.length                0.509990            
hop.info                                                
min.server.hop.length               0                   
max.server.hop.length               1                   
mean.server.hop.length              0.994600            
median.server.hop.length            1.000000            
var.server.hop.length               0.005372            
std.server.hop.length               0.073293            
flow.info                                               
min.flows.per.link                  11                  
max.flows.per.link                  48                  
mean.flows.per.link                 25.324000           
median.flows.per.link               25.000000           
var.flows.per.link                  26.785405           
std.flows.per.link                  5.175462            
connected.nonzero.flows.over.bottleneck.flow 829.166667          
connected.flows.over.bottleneck.flow 833.333333          
connected.nonzero.flows.over.mean.flow 1571.631654         
connected.flows.over.mean.flow      1579.529300         
#Server hop length histogram (server hop path length, number of occurrences)
h    0        27
h    1      4973
#Path length histogram (path length, number of occurrences)
p    0        27
p    2        86
p    3       727
p    4      4160
#Flows histogram (number of flows, number of uni-directional links with this many flows)
f   11         1
f   12         1
f   13         1
f   14         3
f   15         3
f   16        10
f   17        14
f   18        20
f   19        38
f   20        46
f   21        56
f   22        44
f   23        51
f   24        65
f   25        49
f   26        53
f   27        57
f   28        45
f   29        35
f   30        37
f   31        32
f   32        23
f   33        21
f   34        13
f   35         8
f   36         9
f   37         2
f   38         4
f   39         3
f   40         1
f   41         2
f   42         1
f   44         1
f   48         1
DEBUG flag is on.
