DEBUG flag is on.
param_delta_final: 1
switches: 578 
p: 13 
servers: 7514 
x[0]=1
x[1]=2
x[2]=4
x[3]=8
x[4]=9
x[5]=13
x[6]=15
x[7]=16
x[0]=3
x[1]=5
x[2]=6
x[3]=7
x[4]=10
x[5]=11
x[6]=12
x[7]=14
Constructing electric Network
All connections in the topology seem consistent!!!
Wrote stats to file: ./slimfly_p13_a17_h17_min_sequential_fr0.00_seed99.2026.05.12.12.47.dat
inrflow.version                     v0.4.1              
network                                                 
topology                            slimfly             
p                                   17                  
topo.version                        v0.1                
n.servers                           7514                
n.switches                          578                 
switch.radix                        38                  
n.links                             29478               
n.cables                            14739               
p.cable.failures                    0.000000            
n.cable.failures                    0                   
n.server.pairs.NN                   56460196            
n.server.pairs.NN-1                 56452682            
routing.algorithm                   min                 
max_paths                           0                   
traffic                                                 
pattern                             random              
nrndflows                           10000               
n.flows                             10000               
n.flows.delivered                   10000               
p.flows.connected                   100.000000          
placement.strategy                  sequential          
miscelanea                                              
r.seed                              99                  
started.at.y.m.d.h.m                2026.05.12.12.47    
on machine                          pop-os              
runtime                             0.000000            
path.info                                               
min.link.path.length                0                   
max.link.path.length                4                   
mean.link.path.length               3.955200            
median.link.path.length             4.000000            
var.link.path.length                0.046598            
std.link.path.length                0.215865            
hop.info                                                
min.server.hop.length               0                   
max.server.hop.length               1                   
mean.server.hop.length              0.999800            
median.server.hop.length            1.000000            
var.server.hop.length               0.000200            
std.server.hop.length               0.014141            
flow.info                                               
min.flows.per.link                  0                   
max.flows.per.link                  8                   
mean.flows.per.link                 1.341746            
median.flows.per.link               1.000000            
var.flows.per.link                  1.360086            
std.flows.per.link                  1.166227            
connected.nonzero.flows.over.bottleneck.flow 7056585.250000      
connected.flows.over.bottleneck.flow 7057524.500000      
connected.nonzero.flows.over.mean.flow 42074033.171420     
connected.flows.over.mean.flow      42079633.335558     
#Server hop length histogram (server hop path length, number of occurrences)
h    0         2
h    1      9998
#Path length histogram (path length, number of occurrences)
p    0         2
p    2         7
p    3       426
p    4      9565
#Flows histogram (number of flows, number of uni-directional links with this many flows)
f    0      7807
f    1     10209
f    2      6950
f    3      3078
f    4      1063
f    5       289
f    6        64
f    7        16
f    8         2
DEBUG flag is on.
