DEBUG flag is on.
param_delta_final: 1
switches: 50 
p: 4 
servers: 200 
x[0]=1
x[1]=4
x[0]=2
x[1]=3
Constructing electric Network
All connections in the topology seem consistent!!!
Wrote stats to file: ./slimfly_p4_a5_h5_min_sequential_fr0.00_seed42.2026.05.12.12.47.dat
inrflow.version                     v0.4.1              
network                                                 
topology                            slimfly             
p                                   5                   
topo.version                        v0.1                
n.servers                           200                 
n.switches                          50                  
switch.radix                        11                  
n.links                             750                 
n.cables                            375                 
p.cable.failures                    0.000000            
n.cable.failures                    0                   
n.server.pairs.NN                   40000               
n.server.pairs.NN-1                 39800               
routing.algorithm                   min                 
max_paths                           0                   
traffic                                                 
pattern                             random              
nrndflows                           100000              
n.flows                             100000              
n.flows.delivered                   100000              
p.flows.connected                   100.000000          
placement.strategy                  sequential          
miscelanea                                              
r.seed                              42                  
started.at.y.m.d.h.m                2026.05.12.12.47    
on machine                          pop-os              
runtime                             0.000000            
path.info                                               
min.link.path.length                0                   
max.link.path.length                4                   
mean.link.path.length               3.810220            
median.link.path.length             4.000000            
var.link.path.length                0.243806            
std.link.path.length                0.493767            
hop.info                                                
min.server.hop.length               0                   
max.server.hop.length               1                   
mean.server.hop.length              0.994950            
median.server.hop.length            1.000000            
var.server.hop.length               0.005025            
std.server.hop.length               0.070884            
flow.info                                               
min.flows.per.link                  434                 
max.flows.per.link                  580                 
mean.flows.per.link                 508.029333          
median.flows.per.link               508.000000          
var.flows.per.link                  623.884319          
std.flows.per.link                  24.977676           
connected.nonzero.flows.over.bottleneck.flow 68.620690           
connected.flows.over.bottleneck.flow 68.965517           
connected.nonzero.flows.over.mean.flow 78.341933           
connected.flows.over.mean.flow      78.735611           
#Server hop length histogram (server hop path length, number of occurrences)
h    0       505
h    1     99495
#Path length histogram (path length, number of occurrences)
p    0       505
p    2      1472
p    3     14014
p    4     84009
#Flows histogram (number of flows, number of uni-directional links with this many flows)
f  434         1
f  438         1
f  440         1
f  441         1
f  443         1
f  448         1
f  449         2
f  450         3
f  452         1
f  456         1
f  458         2
f  459         4
f  460         3
f  461         1
f  462         1
f  463         2
f  464         3
f  465         3
f  466         2
f  467         2
f  468         3
f  469         2
f  470         3
f  471         4
f  472         4
f  473         5
f  474         7
f  475         5
f  476         5
f  477         4
f  478         3
f  479         9
f  480         8
f  481         4
f  482         5
f  483        14
f  484         9
f  485         8
f  486        10
f  487         9
f  488         7
f  489         5
f  490         8
f  491         9
f  492         8
f  493        18
f  494        11
f  495        11
f  496         9
f  497        10
f  498        18
f  499         8
f  500         4
f  501        13
f  502        13
f  503        11
f  504         6
f  505        16
f  506        11
f  507        18
f  508        10
f  509        14
f  510        15
f  511        17
f  512        11
f  513        12
f  514        13
f  515        10
f  516        12
f  517        18
f  518         5
f  519        11
f  520        12
f  521        13
f  522        10
f  523         7
f  524        10
f  525         5
f  526        11
f  527         8
f  528        11
f  529         5
f  530         9
f  531         5
f  532         6
f  533        11
f  534         5
f  535         5
f  536         4
f  537         6
f  538         5
f  539         4
f  540         3
f  541         6
f  542         4
f  543         3
f  544         4
f  545         5
f  546         4
f  547         2
f  548         3
f  549         6
f  550         2
f  551         1
f  552         2
f  554         2
f  555         2
f  557         2
f  558         3
f  559         2
f  560         2
f  562         1
f  563         3
f  564         5
f  565         1
f  566         1
f  567         3
f  569         1
f  571         1
f  572         1
f  575         2
f  576         1
f  580         1
DEBUG flag is on.
