DEBUG flag is on.
param_delta_final: 1
switches: 50 
p: 4 
servers: 200 
x[0]=1
x[1]=4
x[0]=2
x[1]=3
Constructing electric Network
All connections in the topology seem consistent!!!
Wrote stats to file: ./slimfly_p4_a5_h5_min_sequential_fr0.00_seed99.2026.05.12.12.47.dat
inrflow.version                     v0.4.1              
network                                                 
topology                            slimfly             
p                                   5                   
topo.version                        v0.1                
n.servers                           200                 
n.switches                          50                  
switch.radix                        11                  
n.links                             750                 
n.cables                            375                 
p.cable.failures                    0.000000            
n.cable.failures                    0                   
n.server.pairs.NN                   40000               
n.server.pairs.NN-1                 39800               
routing.algorithm                   min                 
max_paths                           0                   
traffic                                                 
pattern                             random              
nrndflows                           10000               
n.flows                             10000               
n.flows.delivered                   10000               
p.flows.connected                   100.000000          
placement.strategy                  sequential          
miscelanea                                              
r.seed                              99                  
started.at.y.m.d.h.m                2026.05.12.12.47    
on machine                          pop-os              
runtime                             0.000000            
path.info                                               
min.link.path.length                0                   
max.link.path.length                4                   
mean.link.path.length               3.799300            
median.link.path.length             4.000000            
var.link.path.length                0.264646            
std.link.path.length                0.514438            
hop.info                                                
min.server.hop.length               0                   
max.server.hop.length               1                   
mean.server.hop.length              0.994200            
median.server.hop.length            1.000000            
var.server.hop.length               0.005767            
std.server.hop.length               0.075940            
flow.info                                               
min.flows.per.link                  24                  
max.flows.per.link                  78                  
mean.flows.per.link                 50.657333           
median.flows.per.link               50.000000           
var.flows.per.link                  53.659459           
std.flows.per.link                  7.325262            
connected.nonzero.flows.over.bottleneck.flow 510.256410          
connected.flows.over.bottleneck.flow 512.820513          
connected.nonzero.flows.over.mean.flow 785.671045          
connected.flows.over.mean.flow      789.619140          
#Server hop length histogram (server hop path length, number of occurrences)
h    0        58
h    1      9942
#Path length histogram (path length, number of occurrences)
p    0        58
p    2       173
p    3      1429
p    4      8340
#Flows histogram (number of flows, number of uni-directional links with this many flows)
f   24         1
f   33         1
f   34         2
f   35         5
f   36         7
f   37         4
f   38         7
f   39        13
f   40        18
f   41        13
f   42        20
f   43        26
f   44        32
f   45        43
f   46        39
f   47        37
f   48        36
f   49        37
f   50        43
f   51        44
f   52        27
f   53        38
f   54        35
f   55        27
f   56        35
f   57        33
f   58        25
f   59        18
f   60        16
f   61         9
f   62        16
f   63         7
f   64         5
f   65         9
f   66         8
f   67         4
f   68         3
f   69         2
f   71         1
f   72         2
f   74         1
f   78         1
DEBUG flag is on.
