DEBUG flag is on.
param_delta_final: -1
switches: 18 
p: 3 
servers: 54 
x[0]=1
x[1]=2
x[0]=1
x[1]=2
Constructing electric Network
All connections in the topology seem consistent!!!
Wrote stats to file: ./slimfly_p3_a3_h3_min_sequential_fr0.00_seed42.2026.05.12.12.47.dat
inrflow.version                     v0.4.1              
network                                                 
topology                            slimfly             
p                                   3                   
topo.version                        v0.1                
n.servers                           54                  
n.switches                          18                  
switch.radix                        8                   
n.links                             198                 
n.cables                            99                  
p.cable.failures                    0.000000            
n.cable.failures                    0                   
n.server.pairs.NN                   2916                
n.server.pairs.NN-1                 2862                
routing.algorithm                   min                 
max_paths                           0                   
traffic                                                 
pattern                             random              
nrndflows                           100000              
n.flows                             100000              
n.flows.delivered                   100000              
p.flows.connected                   100.000000          
placement.strategy                  sequential          
miscelanea                                              
r.seed                              42                  
started.at.y.m.d.h.m                2026.05.12.12.47    
on machine                          pop-os              
runtime                             0.000000            
path.info                                               
min.link.path.length                0                   
max.link.path.length                4                   
mean.link.path.length               3.575790            
median.link.path.length             4.000000            
var.link.path.length                0.542121            
std.link.path.length                0.736289            
hop.info                                                
min.server.hop.length               0                   
max.server.hop.length               1                   
mean.server.hop.length              0.981300            
median.server.hop.length            1.000000            
var.server.hop.length               0.018350            
std.server.hop.length               0.135464            
flow.info                                               
min.flows.per.link                  1170                
max.flows.per.link                  2298                
mean.flows.per.link                 1805.954545         
median.flows.per.link               1827.000000         
var.flows.per.link                  96247.546147        
std.flows.per.link                  310.237886          
connected.nonzero.flows.over.bottleneck.flow 1.245431            
connected.flows.over.bottleneck.flow 1.268930            
connected.nonzero.flows.over.mean.flow 1.584757            
connected.flows.over.mean.flow      1.614659            
#Server hop length histogram (server hop path length, number of occurrences)
h    0      1870
h    1     98130
#Path length histogram (path length, number of occurrences)
p    0      1870
p    2      3673
p    3     27595
p    4     66862
#Flows histogram (number of flows, number of uni-directional links with this many flows)
f 1170         1
f 1176         1
f 1186         1
f 1187         1
f 1202         1
f 1205         1
f 1206         1
f 1208         1
f 1210         1
f 1218         2
f 1220         1
f 1221         1
f 1225         1
f 1227         1
f 1228         1
f 1231         1
f 1234         1
f 1235         1
f 1236         1
f 1238         1
f 1248         1
f 1254         2
f 1255         1
f 1256         1
f 1259         1
f 1260         1
f 1265         1
f 1267         2
f 1270         1
f 1273         2
f 1278         1
f 1292         1
f 1685         1
f 1740         1
f 1747         1
f 1755         1
f 1757         1
f 1760         1
f 1763         1
f 1764         2
f 1765         1
f 1769         2
f 1771         1
f 1772         1
f 1773         2
f 1775         1
f 1778         1
f 1781         2
f 1783         1
f 1785         3
f 1787         2
f 1788         2
f 1789         1
f 1791         1
f 1794         2
f 1796         1
f 1798         2
f 1800         1
f 1802         2
f 1803         1
f 1805         2
f 1806         1
f 1810         1
f 1811         1
f 1812         4
f 1813         1
f 1814         1
f 1816         1
f 1817         1
f 1818         1
f 1819         2
f 1820         3
f 1821         1
f 1822         2
f 1824         2
f 1827         1
f 1828         3
f 1830         1
f 1832         1
f 1835         2
f 1836         2
f 1837         4
f 1838         1
f 1839         1
f 1840         2
f 1844         1
f 1845         1
f 1846         1
f 1848         1
f 1851         1
f 1852         1
f 1853         2
f 1854         1
f 1855         1
f 1856         1
f 1860         1
f 1861         1
f 1862         1
f 1863         1
f 1864         2
f 1869         1
f 1870         2
f 1872         1
f 1873         1
f 1884         2
f 1886         1
f 1887         1
f 1943         1
f 2089         1
f 2113         1
f 2115         1
f 2119         2
f 2124         1
f 2125         1
f 2129         1
f 2130         1
f 2131         1
f 2132         1
f 2133         1
f 2134         1
f 2137         1
f 2142         1
f 2144         3
f 2145         1
f 2148         3
f 2149         1
f 2150         1
f 2154         1
f 2158         1
f 2159         1
f 2161         1
f 2163         1
f 2165         1
f 2167         2
f 2168         1
f 2170         1
f 2171         1
f 2175         1
f 2178         1
f 2180         2
f 2181         3
f 2182         2
f 2196         1
f 2197         1
f 2198         1
f 2206         1
f 2207         1
f 2230         1
f 2236         1
f 2241         1
f 2243         1
f 2298         1
DEBUG flag is on.
