DEBUG flag is on.
param_delta_final: -1
switches: 18 
p: 3 
servers: 54 
x[0]=1
x[1]=2
x[0]=1
x[1]=2
Constructing electric Network
All connections in the topology seem consistent!!!
Wrote stats to file: ./slimfly_p3_a3_h3_min_sequential_fr0.00_seed13.2026.05.12.12.47.dat
inrflow.version                     v0.4.1              
network                                                 
topology                            slimfly             
p                                   3                   
topo.version                        v0.1                
n.servers                           54                  
n.switches                          18                  
switch.radix                        8                   
n.links                             198                 
n.cables                            99                  
p.cable.failures                    0.000000            
n.cable.failures                    0                   
n.server.pairs.NN                   2916                
n.server.pairs.NN-1                 2862                
routing.algorithm                   min                 
max_paths                           0                   
traffic                                                 
pattern                             hotregion           
nhotrflows                          100                 
n.flows                             100                 
n.flows.delivered                   100                 
p.flows.connected                   100.000000          
placement.strategy                  sequential          
miscelanea                                              
r.seed                              13                  
started.at.y.m.d.h.m                2026.05.12.12.47    
on machine                          pop-os              
runtime                             0.000000            
path.info                                               
min.link.path.length                0                   
max.link.path.length                4                   
mean.link.path.length               3.620000            
median.link.path.length             4.000000            
var.link.path.length                0.541010            
std.link.path.length                0.735534            
hop.info                                                
min.server.hop.length               0                   
max.server.hop.length               1                   
mean.server.hop.length              0.980000            
median.server.hop.length            1.000000            
var.server.hop.length               0.019798            
std.server.hop.length               0.140705            
flow.info                                               
min.flows.per.link                  0                   
max.flows.per.link                  9                   
mean.flows.per.link                 1.828283            
median.flows.per.link               2.000000            
var.flows.per.link                  2.406912            
std.flows.per.link                  1.551422            
connected.nonzero.flows.over.bottleneck.flow 318.000000          
connected.flows.over.bottleneck.flow 324.000000          
connected.nonzero.flows.over.mean.flow 1565.403315         
connected.flows.over.mean.flow      1594.939227         
#Server hop length histogram (server hop path length, number of occurrences)
h    0         2
h    1        98
#Path length histogram (path length, number of occurrences)
p    0         2
p    2         3
p    3        24
p    4        71
#Flows histogram (number of flows, number of uni-directional links with this many flows)
f    0        35
f    1        58
f    2        52
f    3        36
f    4         6
f    5         7
f    7         1
f    8         1
f    9         2
DEBUG flag is on.
