DEBUG flag is on.
param_delta_final: 1
switches: 338 
p: 10 
servers: 3380 
x[0]=1
x[1]=3
x[2]=4
x[3]=9
x[4]=10
x[5]=12
x[0]=2
x[1]=5
x[2]=6
x[3]=7
x[4]=8
x[5]=11
Constructing electric Network
All connections in the topology seem consistent!!!
Wrote stats to file: ./slimfly_p10_a13_h13_min_sequential_fr0.00_seed13.2026.05.12.12.47.dat
inrflow.version                     v0.4.1              
network                                                 
topology                            slimfly             
p                                   13                  
topo.version                        v0.1                
n.servers                           3380                
n.switches                          338                 
switch.radix                        29                  
n.links                             13182               
n.cables                            6591                
p.cable.failures                    0.000000            
n.cable.failures                    0                   
n.server.pairs.NN                   11424400            
n.server.pairs.NN-1                 11421020            
routing.algorithm                   min                 
max_paths                           0                   
traffic                                                 
pattern                             random              
nrndflows                           50000               
n.flows                             50000               
n.flows.delivered                   50000               
p.flows.connected                   100.000000          
placement.strategy                  sequential          
miscelanea                                              
r.seed                              13                  
started.at.y.m.d.h.m                2026.05.12.12.47    
on machine                          pop-os              
runtime                             0.000000            
path.info                                               
min.link.path.length                0                   
max.link.path.length                4                   
mean.link.path.length               3.938180            
median.link.path.length             4.000000            
var.link.path.length                0.067560            
std.link.path.length                0.259922            
hop.info                                                
min.server.hop.length               0                   
max.server.hop.length               1                   
mean.server.hop.length              0.999660            
median.server.hop.length            1.000000            
var.server.hop.length               0.000340            
std.server.hop.length               0.018436            
flow.info                                               
min.flows.per.link                  2                   
max.flows.per.link                  32                  
mean.flows.per.link                 14.937718           
median.flows.per.link               15.000000           
var.flows.per.link                  16.154151           
std.flows.per.link                  4.019223            
connected.nonzero.flows.over.bottleneck.flow 356906.875000       
connected.flows.over.bottleneck.flow 357012.500000       
connected.nonzero.flows.over.mean.flow 764575.949500       
connected.flows.over.mean.flow      764802.222346       
#Server hop length histogram (server hop path length, number of occurrences)
h    0        17
h    1     49983
#Path length histogram (path length, number of occurrences)
p    0        17
p    2       137
p    3      2749
p    4     47097
#Flows histogram (number of flows, number of uni-directional links with this many flows)
f    2         1
f    3         4
f    4        15
f    5        32
f    6        72
f    7       159
f    8       291
f    9       479
f   10       672
f   11       906
f   12      1068
f   13      1219
f   14      1361
f   15      1352
f   16      1170
f   17      1068
f   18       928
f   19       689
f   20       536
f   21       373
f   22       277
f   23       179
f   24       138
f   25        77
f   26        55
f   27        31
f   28        12
f   29        13
f   30         1
f   31         2
f   32         2
DEBUG flag is on.
