DEBUG flag is on.
param_delta_final: -1
switches: 18 
p: 3 
servers: 54 
x[0]=1
x[1]=2
x[0]=1
x[1]=2
Constructing electric Network
All connections in the topology seem consistent!!!
Wrote stats to file: ./slimfly_p3_a3_h3_min_sequential_fr0.00_seed99.2026.05.12.12.47.dat
inrflow.version                     v0.4.1              
network                                                 
topology                            slimfly             
p                                   3                   
topo.version                        v0.1                
n.servers                           54                  
n.switches                          18                  
switch.radix                        8                   
n.links                             198                 
n.cables                            99                  
p.cable.failures                    0.000000            
n.cable.failures                    0                   
n.server.pairs.NN                   2916                
n.server.pairs.NN-1                 2862                
routing.algorithm                   min                 
max_paths                           0                   
traffic                                                 
pattern                             random              
nrndflows                           100000              
n.flows                             100000              
n.flows.delivered                   100000              
p.flows.connected                   100.000000          
placement.strategy                  sequential          
miscelanea                                              
r.seed                              99                  
started.at.y.m.d.h.m                2026.05.12.12.47    
on machine                          pop-os              
runtime                             0.000000            
path.info                                               
min.link.path.length                0                   
max.link.path.length                4                   
mean.link.path.length               3.570420            
median.link.path.length             4.000000            
var.link.path.length                0.550947            
std.link.path.length                0.742258            
hop.info                                                
min.server.hop.length               0                   
max.server.hop.length               1                   
mean.server.hop.length              0.980690            
median.server.hop.length            1.000000            
var.server.hop.length               0.018937            
std.server.hop.length               0.137613            
flow.info                                               
min.flows.per.link                  1117                
max.flows.per.link                  2286                
mean.flows.per.link                 1803.242424         
median.flows.per.link               1823.000000         
var.flows.per.link                  96420.011998        
std.flows.per.link                  310.515719          
connected.nonzero.flows.over.bottleneck.flow 1.251969            
connected.flows.over.bottleneck.flow 1.275591            
connected.nonzero.flows.over.mean.flow 1.587141            
connected.flows.over.mean.flow      1.617087            
#Server hop length histogram (server hop path length, number of occurrences)
h    0      1931
h    1     98069
#Path length histogram (path length, number of occurrences)
p    0      1931
p    2      3709
p    3     27816
p    4     66544
#Flows histogram (number of flows, number of uni-directional links with this many flows)
f 1117         1
f 1148         1
f 1197         2
f 1198         1
f 1199         1
f 1202         1
f 1207         1
f 1209         1
f 1210         1
f 1211         1
f 1212         1
f 1213         1
f 1216         1
f 1220         1
f 1221         1
f 1232         1
f 1235         1
f 1236         1
f 1239         1
f 1240         1
f 1246         1
f 1247         2
f 1248         1
f 1250         1
f 1251         1
f 1254         1
f 1256         1
f 1264         1
f 1267         2
f 1275         1
f 1295         1
f 1301         1
f 1320         1
f 1702         1
f 1718         1
f 1740         1
f 1742         1
f 1746         1
f 1747         1
f 1750         1
f 1751         1
f 1753         1
f 1755         1
f 1757         1
f 1758         1
f 1760         1
f 1763         1
f 1764         2
f 1767         1
f 1771         1
f 1774         2
f 1775         1
f 1779         1
f 1780         1
f 1781         1
f 1782         2
f 1785         2
f 1786         1
f 1787         1
f 1790         2
f 1791         3
f 1792         1
f 1795         3
f 1796         1
f 1798         1
f 1799         3
f 1800         1
f 1801         1
f 1802         1
f 1803         1
f 1805         2
f 1806         1
f 1808         1
f 1810         2
f 1811         1
f 1812         2
f 1814         1
f 1816         1
f 1817         1
f 1818         1
f 1819         1
f 1821         1
f 1823         2
f 1826         1
f 1827         1
f 1831         1
f 1832         1
f 1834         2
f 1835         2
f 1836         1
f 1839         1
f 1842         1
f 1844         3
f 1848         3
f 1849         1
f 1850         1
f 1852         1
f 1855         1
f 1859         1
f 1863         1
f 1866         2
f 1868         1
f 1870         2
f 1871         2
f 1872         1
f 1877         2
f 1879         1
f 1883         1
f 1886         1
f 1888         1
f 1895         1
f 1900         1
f 1904         1
f 1920         1
f 1923         1
f 1942         1
f 2062         1
f 2068         1
f 2088         1
f 2090         2
f 2096         1
f 2097         1
f 2098         1
f 2103         1
f 2111         1
f 2118         1
f 2124         1
f 2126         1
f 2127         1
f 2130         3
f 2133         1
f 2138         2
f 2141         1
f 2142         1
f 2146         1
f 2153         1
f 2155         1
f 2156         1
f 2160         1
f 2161         1
f 2162         2
f 2164         1
f 2166         1
f 2167         1
f 2168         1
f 2170         1
f 2171         1
f 2172         1
f 2176         1
f 2177         1
f 2182         1
f 2196         1
f 2201         2
f 2203         1
f 2206         1
f 2207         1
f 2214         1
f 2219         1
f 2226         1
f 2232         1
f 2234         1
f 2241         1
f 2243         1
f 2286         1
DEBUG flag is on.
