DEBUG flag is on.
param_delta_final: 1
switches: 50 
p: 4 
servers: 200 
x[0]=1
x[1]=4
x[0]=2
x[1]=3
Constructing electric Network
All connections in the topology seem consistent!!!
Wrote stats to file: ./slimfly_p4_a5_h5_min_sequential_fr0.00_seed13.2026.05.12.12.47.dat
inrflow.version                     v0.4.1              
network                                                 
topology                            slimfly             
p                                   5                   
topo.version                        v0.1                
n.servers                           200                 
n.switches                          50                  
switch.radix                        11                  
n.links                             750                 
n.cables                            375                 
p.cable.failures                    0.000000            
n.cable.failures                    0                   
n.server.pairs.NN                   40000               
n.server.pairs.NN-1                 39800               
routing.algorithm                   min                 
max_paths                           0                   
traffic                                                 
pattern                             random              
nrndflows                           50000               
n.flows                             50000               
n.flows.delivered                   50000               
p.flows.connected                   100.000000          
placement.strategy                  sequential          
miscelanea                                              
r.seed                              13                  
started.at.y.m.d.h.m                2026.05.12.12.47    
on machine                          pop-os              
runtime                             0.000000            
path.info                                               
min.link.path.length                0                   
max.link.path.length                4                   
mean.link.path.length               3.812760            
median.link.path.length             4.000000            
var.link.path.length                0.241106            
std.link.path.length                0.491025            
hop.info                                                
min.server.hop.length               0                   
max.server.hop.length               1                   
mean.server.hop.length              0.995180            
median.server.hop.length            1.000000            
var.server.hop.length               0.004797            
std.server.hop.length               0.069259            
flow.info                                               
min.flows.per.link                  200                 
max.flows.per.link                  310                 
mean.flows.per.link                 254.184000          
median.flows.per.link               254.000000          
var.flows.per.link                  306.561559          
std.flows.per.link                  17.508899           
connected.nonzero.flows.over.bottleneck.flow 128.387097          
connected.flows.over.bottleneck.flow 129.032258          
connected.nonzero.flows.over.mean.flow 156.579486          
connected.flows.over.mean.flow      157.366317          
#Server hop length histogram (server hop path length, number of occurrences)
h    0       241
h    1     49759
#Path length histogram (path length, number of occurrences)
p    0       241
p    2       777
p    3      6844
p    4     42138
#Flows histogram (number of flows, number of uni-directional links with this many flows)
f  200         1
f  204         1
f  210         1
f  211         1
f  212         1
f  213         1
f  215         2
f  216         2
f  217         2
f  218         3
f  219         1
f  220         4
f  221         2
f  222         5
f  223         3
f  224         6
f  225         7
f  226         6
f  227         7
f  228         3
f  229         2
f  230         4
f  231        10
f  232         5
f  233        13
f  234         9
f  235        12
f  236         7
f  237        11
f  238         9
f  239         8
f  240        17
f  241        12
f  242        12
f  243        12
f  244        16
f  245        14
f  246        15
f  247         9
f  248         9
f  249        13
f  250        16
f  251        27
f  252        25
f  253        21
f  254        20
f  255        19
f  256        20
f  257         9
f  258        15
f  259        14
f  260        21
f  261        14
f  262        13
f  263        16
f  264        14
f  265        14
f  266        13
f  267        17
f  268        17
f  269        13
f  270         9
f  271         9
f  272         5
f  273         9
f  274         6
f  275         9
f  276         3
f  277         4
f  278        10
f  279        10
f  280         6
f  281         7
f  282         4
f  283         4
f  284         6
f  285         3
f  286         3
f  287         3
f  288         5
f  289         4
f  290         1
f  291         5
f  293         2
f  294         2
f  296         1
f  298         1
f  299         1
f  304         1
f  310         1
DEBUG flag is on.
