DEBUG flag is on.
param_delta_final: 1
switches: 338 
p: 10 
servers: 3380 
x[0]=1
x[1]=3
x[2]=4
x[3]=9
x[4]=10
x[5]=12
x[0]=2
x[1]=5
x[2]=6
x[3]=7
x[4]=8
x[5]=11
Constructing electric Network
All connections in the topology seem consistent!!!
Wrote stats to file: ./slimfly_p10_a13_h13_min_sequential_fr0.00_seed13.2026.05.12.12.47.dat
inrflow.version                     v0.4.1              
network                                                 
topology                            slimfly             
p                                   13                  
topo.version                        v0.1                
n.servers                           3380                
n.switches                          338                 
switch.radix                        29                  
n.links                             13182               
n.cables                            6591                
p.cable.failures                    0.000000            
n.cable.failures                    0                   
n.server.pairs.NN                   11424400            
n.server.pairs.NN-1                 11421020            
routing.algorithm                   min                 
max_paths                           0                   
traffic                                                 
pattern                             random              
nrndflows                           100000              
n.flows                             100000              
n.flows.delivered                   100000              
p.flows.connected                   100.000000          
placement.strategy                  sequential          
miscelanea                                              
r.seed                              13                  
started.at.y.m.d.h.m                2026.05.12.12.47    
on machine                          pop-os              
runtime                             0.000000            
path.info                                               
min.link.path.length                0                   
max.link.path.length                4                   
mean.link.path.length               3.938340            
median.link.path.length             4.000000            
var.link.path.length                0.067359            
std.link.path.length                0.259536            
hop.info                                                
min.server.hop.length               0                   
max.server.hop.length               1                   
mean.server.hop.length              0.999650            
median.server.hop.length            1.000000            
var.server.hop.length               0.000350            
std.server.hop.length               0.018705            
flow.info                                               
min.flows.per.link                  9                   
max.flows.per.link                  55                  
mean.flows.per.link                 29.876650           
median.flows.per.link               30.000000           
var.flows.per.link                  34.974693           
std.flows.per.link                  5.913941            
connected.nonzero.flows.over.bottleneck.flow 207654.909091       
connected.flows.over.bottleneck.flow 207716.363636       
connected.nonzero.flows.over.mean.flow 382272.443822       
connected.flows.over.mean.flow      382385.575649       
#Server hop length histogram (server hop path length, number of occurrences)
h    0        35
h    1     99965
#Path length histogram (path length, number of occurrences)
p    0        35
p    2       265
p    3      5496
p    4     94204
#Flows histogram (number of flows, number of uni-directional links with this many flows)
f    9         1
f   11         3
f   12         4
f   13         6
f   14        16
f   15        19
f   16        49
f   17        67
f   18       120
f   19       171
f   20       226
f   21       309
f   22       394
f   23       452
f   24       552
f   25       688
f   26       732
f   27       819
f   28       905
f   29       888
f   30       857
f   31       881
f   32       770
f   33       775
f   34       676
f   35       591
f   36       468
f   37       402
f   38       345
f   39       261
f   40       203
f   41       137
f   42       116
f   43        84
f   44        71
f   45        52
f   46        17
f   47        20
f   48        11
f   49         9
f   50         7
f   52         4
f   53         1
f   54         1
f   55         2
DEBUG flag is on.
