DEBUG flag is on.
param_delta_final: 1
switches: 338 
p: 10 
servers: 3380 
x[0]=1
x[1]=3
x[2]=4
x[3]=9
x[4]=10
x[5]=12
x[0]=2
x[1]=5
x[2]=6
x[3]=7
x[4]=8
x[5]=11
Constructing electric Network
All connections in the topology seem consistent!!!
Wrote stats to file: ./slimfly_p10_a13_h13_min_sequential_fr0.00_seed42.2026.05.12.12.47.dat
inrflow.version                     v0.4.1              
network                                                 
topology                            slimfly             
p                                   13                  
topo.version                        v0.1                
n.servers                           3380                
n.switches                          338                 
switch.radix                        29                  
n.links                             13182               
n.cables                            6591                
p.cable.failures                    0.000000            
n.cable.failures                    0                   
n.server.pairs.NN                   11424400            
n.server.pairs.NN-1                 11421020            
routing.algorithm                   min                 
max_paths                           0                   
traffic                                                 
pattern                             shift               
stride                              1                   
n.flows                             3380                
n.flows.delivered                   3380                
p.flows.connected                   100.000000          
placement.strategy                  sequential          
miscelanea                                              
r.seed                              42                  
started.at.y.m.d.h.m                2026.05.12.12.47    
on machine                          pop-os              
runtime                             0.000000            
path.info                                               
min.link.path.length                2                   
max.link.path.length                4                   
mean.link.path.length               2.153846            
median.link.path.length             2.000000            
var.link.path.length                0.237940            
std.link.path.length                0.487791            
hop.info                                                
min.server.hop.length               1                   
max.server.hop.length               1                   
mean.server.hop.length              1.000000            
median.server.hop.length            1.000000            
var.server.hop.length               0.000000            
std.server.hop.length               0.000000            
flow.info                                               
min.flows.per.link                  0                   
max.flows.per.link                  1                   
mean.flows.per.link                 0.552268            
median.flows.per.link               1.000000            
var.flows.per.link                  0.247287            
std.flows.per.link                  0.497279            
connected.nonzero.flows.over.bottleneck.flow 11421020.000000     
connected.flows.over.bottleneck.flow 11424400.000000     
connected.nonzero.flows.over.mean.flow 20680204.071429     
connected.flows.over.mean.flow      20686324.285714     
#Server hop length histogram (server hop path length, number of occurrences)
h    1      3380
#Path length histogram (path length, number of occurrences)
p    2      3042
p    3       156
p    4       182
#Flows histogram (number of flows, number of uni-directional links with this many flows)
f    0      5902
f    1      7280
DEBUG flag is on.
