DEBUG flag is on.
param_delta_final: 1
switches: 338 
p: 10 
servers: 3380 
x[0]=1
x[1]=3
x[2]=4
x[3]=9
x[4]=10
x[5]=12
x[0]=2
x[1]=5
x[2]=6
x[3]=7
x[4]=8
x[5]=11
Constructing electric Network
All connections in the topology seem consistent!!!
Wrote stats to file: ./slimfly_p10_a13_h13_min_sequential_fr0.00_seed99.2026.05.12.12.47.dat
inrflow.version                     v0.4.1              
network                                                 
topology                            slimfly             
p                                   13                  
topo.version                        v0.1                
n.servers                           3380                
n.switches                          338                 
switch.radix                        29                  
n.links                             13182               
n.cables                            6591                
p.cable.failures                    0.000000            
n.cable.failures                    0                   
n.server.pairs.NN                   11424400            
n.server.pairs.NN-1                 11421020            
routing.algorithm                   min                 
max_paths                           0                   
traffic                                                 
pattern                             random              
nrndflows                           50000               
n.flows                             50000               
n.flows.delivered                   50000               
p.flows.connected                   100.000000          
placement.strategy                  sequential          
miscelanea                                              
r.seed                              99                  
started.at.y.m.d.h.m                2026.05.12.12.47    
on machine                          pop-os              
runtime                             1.000000            
path.info                                               
min.link.path.length                0                   
max.link.path.length                4                   
mean.link.path.length               3.939060            
median.link.path.length             4.000000            
var.link.path.length                0.066108            
std.link.path.length                0.257114            
hop.info                                                
min.server.hop.length               0                   
max.server.hop.length               1                   
mean.server.hop.length              0.999700            
median.server.hop.length            1.000000            
var.server.hop.length               0.000300            
std.server.hop.length               0.017318            
flow.info                                               
min.flows.per.link                  2                   
max.flows.per.link                  34                  
mean.flows.per.link                 14.941056           
median.flows.per.link               15.000000           
var.flows.per.link                  16.097201           
std.flows.per.link                  4.012132            
connected.nonzero.flows.over.bottleneck.flow 335912.352941       
connected.flows.over.bottleneck.flow 336011.764706       
connected.nonzero.flows.over.mean.flow 764405.140516       
connected.flows.over.mean.flow      764631.362812       
#Server hop length histogram (server hop path length, number of occurrences)
h    0        15
h    1     49985
#Path length histogram (path length, number of occurrences)
p    0        15
p    2       132
p    3      2723
p    4     47130
#Flows histogram (number of flows, number of uni-directional links with this many flows)
f    2         1
f    3         1
f    4        14
f    5        35
f    6        80
f    7       152
f    8       298
f    9       461
f   10       696
f   11       875
f   12      1112
f   13      1214
f   14      1310
f   15      1320
f   16      1202
f   17      1092
f   18       908
f   19       703
f   20       539
f   21       409
f   22       278
f   23       171
f   24       126
f   25        83
f   26        50
f   27        18
f   28        17
f   29         8
f   30         5
f   31         1
f   32         1
f   34         2
DEBUG flag is on.
