DEBUG flag is on.
param_delta_final: 1
switches: 338 
p: 10 
servers: 3380 
x[0]=1
x[1]=3
x[2]=4
x[3]=9
x[4]=10
x[5]=12
x[0]=2
x[1]=5
x[2]=6
x[3]=7
x[4]=8
x[5]=11
Constructing electric Network
All connections in the topology seem consistent!!!
Wrote stats to file: ./slimfly_p10_a13_h13_min_sequential_fr0.00_seed99.2026.05.12.12.47.dat
inrflow.version                     v0.4.1              
network                                                 
topology                            slimfly             
p                                   13                  
topo.version                        v0.1                
n.servers                           3380                
n.switches                          338                 
switch.radix                        29                  
n.links                             13182               
n.cables                            6591                
p.cable.failures                    0.000000            
n.cable.failures                    0                   
n.server.pairs.NN                   11424400            
n.server.pairs.NN-1                 11421020            
routing.algorithm                   min                 
max_paths                           0                   
traffic                                                 
pattern                             random              
nrndflows                           100000              
n.flows                             100000              
n.flows.delivered                   100000              
p.flows.connected                   100.000000          
placement.strategy                  sequential          
miscelanea                                              
r.seed                              99                  
started.at.y.m.d.h.m                2026.05.12.12.47    
on machine                          pop-os              
runtime                             0.000000            
path.info                                               
min.link.path.length                0                   
max.link.path.length                4                   
mean.link.path.length               3.937690            
median.link.path.length             4.000000            
var.link.path.length                0.066968            
std.link.path.length                0.258782            
hop.info                                                
min.server.hop.length               0                   
max.server.hop.length               1                   
mean.server.hop.length              0.999730            
median.server.hop.length            1.000000            
var.server.hop.length               0.000270            
std.server.hop.length               0.016430            
flow.info                                               
min.flows.per.link                  11                  
max.flows.per.link                  54                  
mean.flows.per.link                 29.871719           
median.flows.per.link               30.000000           
var.flows.per.link                  35.152574           
std.flows.per.link                  5.928961            
connected.nonzero.flows.over.bottleneck.flow 211500.370370       
connected.flows.over.bottleneck.flow 211562.962963       
connected.nonzero.flows.over.mean.flow 382335.546069       
connected.flows.over.mean.flow      382448.696571       
#Server hop length histogram (server hop path length, number of occurrences)
h    0        27
h    1     99973
#Path length histogram (path length, number of occurrences)
p    0        27
p    2       265
p    3      5593
p    4     94115
#Flows histogram (number of flows, number of uni-directional links with this many flows)
f   11         2
f   12         6
f   13        14
f   14        19
f   15        19
f   16        44
f   17        71
f   18       109
f   19       183
f   20       226
f   21       287
f   22       352
f   23       513
f   24       580
f   25       672
f   26       795
f   27       785
f   28       845
f   29       883
f   30       872
f   31       859
f   32       772
f   33       757
f   34       669
f   35       623
f   36       493
f   37       429
f   38       306
f   39       248
f   40       204
f   41       170
f   42       109
f   43        76
f   44        53
f   45        44
f   46        33
f   47        27
f   48        15
f   49         9
f   50         1
f   51         3
f   52         2
f   53         1
f   54         2
DEBUG flag is on.
