DEBUG flag is on.
param_delta_final: -1
switches: 18 
p: 3 
servers: 54 
x[0]=1
x[1]=2
x[0]=1
x[1]=2
Constructing electric Network
All connections in the topology seem consistent!!!
Wrote stats to file: ./slimfly_p3_a3_h3_min_sequential_fr0.00_seed99.2026.05.12.12.47.dat
inrflow.version                     v0.4.1              
network                                                 
topology                            slimfly             
p                                   3                   
topo.version                        v0.1                
n.servers                           54                  
n.switches                          18                  
switch.radix                        8                   
n.links                             198                 
n.cables                            99                  
p.cable.failures                    0.000000            
n.cable.failures                    0                   
n.server.pairs.NN                   2916                
n.server.pairs.NN-1                 2862                
routing.algorithm                   min                 
max_paths                           0                   
traffic                                                 
pattern                             random              
nrndflows                           50000               
n.flows                             50000               
n.flows.delivered                   50000               
p.flows.connected                   100.000000          
placement.strategy                  sequential          
miscelanea                                              
r.seed                              99                  
started.at.y.m.d.h.m                2026.05.12.12.47    
on machine                          pop-os              
runtime                             0.000000            
path.info                                               
min.link.path.length                0                   
max.link.path.length                4                   
mean.link.path.length               3.570660            
median.link.path.length             4.000000            
var.link.path.length                0.557018            
std.link.path.length                0.746337            
hop.info                                                
min.server.hop.length               0                   
max.server.hop.length               1                   
mean.server.hop.length              0.980120            
median.server.hop.length            1.000000            
var.server.hop.length               0.019485            
std.server.hop.length               0.139589            
flow.info                                               
min.flows.per.link                  547                 
max.flows.per.link                  1147                
mean.flows.per.link                 901.681818          
median.flows.per.link               913.000000          
var.flows.per.link                  24709.355099        
std.flows.per.link                  157.192096          
connected.nonzero.flows.over.bottleneck.flow 2.495205            
connected.flows.over.bottleneck.flow 2.542284            
connected.nonzero.flows.over.mean.flow 3.174069            
connected.flows.over.mean.flow      3.233957            
#Server hop length histogram (server hop path length, number of occurrences)
h    0       994
h    1     49006
#Path length histogram (path length, number of occurrences)
p    0       994
p    2      1836
p    3     13819
p    4     33351
#Flows histogram (number of flows, number of uni-directional links with this many flows)
f  547         1
f  584         1
f  591         2
f  593         1
f  595         1
f  598         1
f  601         1
f  602         1
f  604         1
f  605         1
f  606         1
f  607         1
f  608         3
f  612         1
f  614         1
f  615         1
f  616         2
f  618         2
f  621         1
f  623         1
f  625         1
f  627         1
f  628         1
f  631         1
f  633         1
f  646         1
f  647         1
f  654         1
f  658         1
f  659         1
f  660         1
f  825         1
f  840         1
f  846         1
f  847         1
f  853         1
f  855         1
f  857         2
f  859         1
f  862         1
f  863         1
f  865         1
f  867         1
f  868         1
f  869         1
f  870         2
f  872         2
f  874         1
f  875         1
f  878         2
f  879         1
f  880         1
f  882         1
f  883         1
f  884         2
f  886         1
f  893         3
f  894         1
f  895         2
f  896         4
f  898         1
f  899         1
f  900         2
f  902         4
f  903         1
f  905         3
f  906         1
f  907         1
f  909         3
f  911         1
f  912         3
f  913         4
f  917         3
f  919         2
f  920         1
f  921         1
f  922         1
f  923         2
f  924         1
f  925         1
f  928         1
f  929         2
f  932         2
f  934         1
f  935         1
f  936         3
f  938         1
f  939         1
f  942         3
f  946         3
f  948         1
f  951         1
f  952         2
f  955         1
f  957         1
f  961         1
f  962         1
f  963         1
f  967         1
f  969         1
f  970         1
f  981         1
f 1006         1
f 1015         1
f 1020         1
f 1021         1
f 1032         1
f 1035         2
f 1042         1
f 1044         1
f 1045         1
f 1048         1
f 1057         1
f 1060         1
f 1061         1
f 1063         1
f 1065         2
f 1069         1
f 1072         4
f 1073         3
f 1079         1
f 1082         3
f 1083         1
f 1086         1
f 1087         1
f 1089         1
f 1092         1
f 1095         1
f 1098         1
f 1103         2
f 1105         2
f 1106         1
f 1107         2
f 1109         1
f 1111         1
f 1116         1
f 1117         1
f 1119         1
f 1122         1
f 1123         1
f 1128         1
f 1133         1
f 1146         1
f 1147         1
DEBUG flag is on.
