DEBUG flag is on.
param_delta_final: 1
switches: 578 
p: 13 
servers: 7514 
x[0]=1
x[1]=2
x[2]=4
x[3]=8
x[4]=9
x[5]=13
x[6]=15
x[7]=16
x[0]=3
x[1]=5
x[2]=6
x[3]=7
x[4]=10
x[5]=11
x[6]=12
x[7]=14
Constructing electric Network
All connections in the topology seem consistent!!!
Wrote stats to file: ./slimfly_p13_a17_h17_min_sequential_fr0.00_seed13.2026.05.12.12.47.dat
inrflow.version                     v0.4.1              
network                                                 
topology                            slimfly             
p                                   17                  
topo.version                        v0.1                
n.servers                           7514                
n.switches                          578                 
switch.radix                        38                  
n.links                             29478               
n.cables                            14739               
p.cable.failures                    0.000000            
n.cable.failures                    0                   
n.server.pairs.NN                   56460196            
n.server.pairs.NN-1                 56452682            
routing.algorithm                   min                 
max_paths                           0                   
traffic                                                 
pattern                             random              
nrndflows                           100000              
n.flows                             100000              
n.flows.delivered                   100000              
p.flows.connected                   100.000000          
placement.strategy                  sequential          
miscelanea                                              
r.seed                              13                  
started.at.y.m.d.h.m                2026.05.12.12.47    
on machine                          pop-os              
runtime                             0.000000            
path.info                                               
min.link.path.length                0                   
max.link.path.length                4                   
mean.link.path.length               3.952560            
median.link.path.length             4.000000            
var.link.path.length                0.049930            
std.link.path.length                0.223450            
hop.info                                                
min.server.hop.length               0                   
max.server.hop.length               1                   
mean.server.hop.length              0.999870            
median.server.hop.length            1.000000            
var.server.hop.length               0.000130            
std.server.hop.length               0.011401            
flow.info                                               
min.flows.per.link                  1                   
max.flows.per.link                  30                  
mean.flows.per.link                 13.408508           
median.flows.per.link               13.000000           
var.flows.per.link                  14.716313           
std.flows.per.link                  3.836185            
connected.nonzero.flows.over.bottleneck.flow 1881756.066667      
connected.flows.over.bottleneck.flow 1882006.533333      
connected.nonzero.flows.over.mean.flow 4210213.532485      
connected.flows.over.mean.flow      4210773.922946      
#Server hop length histogram (server hop path length, number of occurrences)
h    0        13
h    1     99987
#Path length histogram (path length, number of occurrences)
p    0        13
p    2       159
p    3      4374
p    4     95454
#Flows histogram (number of flows, number of uni-directional links with this many flows)
f    1         1
f    2         7
f    3        26
f    4        85
f    5       220
f    6       430
f    7       770
f    8      1213
f    9      1774
f   10      2262
f   11      2735
f   12      3014
f   13      3071
f   14      2869
f   15      2677
f   16      2269
f   17      1754
f   18      1441
f   19      1016
f   20       685
f   21       439
f   22       320
f   23       185
f   24        91
f   25        65
f   26        32
f   27        12
f   28        13
f   29         1
f   30         1
DEBUG flag is on.
