DEBUG flag is on.
param_delta_final: 1
switches: 50 
p: 4 
servers: 200 
x[0]=1
x[1]=4
x[0]=2
x[1]=3
Constructing electric Network
All connections in the topology seem consistent!!!
Wrote stats to file: ./slimfly_p4_a5_h5_min_sequential_fr0.00_seed42.2026.05.12.12.47.dat
inrflow.version                     v0.4.1              
network                                                 
topology                            slimfly             
p                                   5                   
topo.version                        v0.1                
n.servers                           200                 
n.switches                          50                  
switch.radix                        11                  
n.links                             750                 
n.cables                            375                 
p.cable.failures                    0.000000            
n.cable.failures                    0                   
n.server.pairs.NN                   40000               
n.server.pairs.NN-1                 39800               
routing.algorithm                   min                 
max_paths                           0                   
traffic                                                 
pattern                             hotregion           
nhotrflows                          100                 
n.flows                             100                 
n.flows.delivered                   100                 
p.flows.connected                   100.000000          
placement.strategy                  sequential          
miscelanea                                              
r.seed                              42                  
started.at.y.m.d.h.m                2026.05.12.12.47    
on machine                          pop-os              
runtime                             0.000000            
path.info                                               
min.link.path.length                0                   
max.link.path.length                4                   
mean.link.path.length               3.820000            
median.link.path.length             4.000000            
var.link.path.length                0.411717            
std.link.path.length                0.641652            
hop.info                                                
min.server.hop.length               0                   
max.server.hop.length               1                   
mean.server.hop.length              0.980000            
median.server.hop.length            1.000000            
var.server.hop.length               0.019798            
std.server.hop.length               0.140705            
flow.info                                               
min.flows.per.link                  0                   
max.flows.per.link                  4                   
mean.flows.per.link                 0.509333            
median.flows.per.link               0.000000            
var.flows.per.link                  0.543972            
std.flows.per.link                  0.737544            
connected.nonzero.flows.over.bottleneck.flow 9950.000000         
connected.flows.over.bottleneck.flow 10000.000000        
connected.nonzero.flows.over.mean.flow 78141.361257        
connected.flows.over.mean.flow      78534.031414        
#Server hop length histogram (server hop path length, number of occurrences)
h    0         2
h    1        98
#Path length histogram (path length, number of occurrences)
p    0         2
p    2         1
p    3         8
p    4        89
#Flows histogram (number of flows, number of uni-directional links with this many flows)
f    0       460
f    1       214
f    2        62
f    3        12
f    4         2
DEBUG flag is on.
