DEBUG flag is on.
param_delta_final: 1
switches: 338 
p: 10 
servers: 3380 
x[0]=1
x[1]=3
x[2]=4
x[3]=9
x[4]=10
x[5]=12
x[0]=2
x[1]=5
x[2]=6
x[3]=7
x[4]=8
x[5]=11
Constructing electric Network
All connections in the topology seem consistent!!!
Wrote stats to file: ./slimfly_p10_a13_h13_min_sequential_fr0.00_seed42.2026.05.12.12.47.dat
inrflow.version                     v0.4.1              
network                                                 
topology                            slimfly             
p                                   13                  
topo.version                        v0.1                
n.servers                           3380                
n.switches                          338                 
switch.radix                        29                  
n.links                             13182               
n.cables                            6591                
p.cable.failures                    0.000000            
n.cable.failures                    0                   
n.server.pairs.NN                   11424400            
n.server.pairs.NN-1                 11421020            
routing.algorithm                   min                 
max_paths                           0                   
traffic                                                 
pattern                             random              
nrndflows                           10000               
n.flows                             10000               
n.flows.delivered                   10000               
p.flows.connected                   100.000000          
placement.strategy                  sequential          
miscelanea                                              
r.seed                              42                  
started.at.y.m.d.h.m                2026.05.12.12.47    
on machine                          pop-os              
runtime                             0.000000            
path.info                                               
min.link.path.length                0                   
max.link.path.length                4                   
mean.link.path.length               3.936000            
median.link.path.length             4.000000            
var.link.path.length                0.070711            
std.link.path.length                0.265916            
hop.info                                                
min.server.hop.length               0                   
max.server.hop.length               1                   
mean.server.hop.length              0.999700            
median.server.hop.length            1.000000            
var.server.hop.length               0.000300            
std.server.hop.length               0.017319            
flow.info                                               
min.flows.per.link                  0                   
max.flows.per.link                  13                  
mean.flows.per.link                 2.985890            
median.flows.per.link               3.000000            
var.flows.per.link                  2.993959            
std.flows.per.link                  1.730306            
connected.nonzero.flows.over.bottleneck.flow 878540.000000       
connected.flows.over.bottleneck.flow 878800.000000       
connected.nonzero.flows.over.mean.flow 3824997.094512      
connected.flows.over.mean.flow      3826129.085366      
#Server hop length histogram (server hop path length, number of occurrences)
h    0         3
h    1      9997
#Path length histogram (path length, number of occurrences)
p    0         3
p    2        36
p    3       556
p    4      9405
#Flows histogram (number of flows, number of uni-directional links with this many flows)
f    0       656
f    1      2005
f    2      2980
f    3      2942
f    4      2190
f    5      1307
f    6       652
f    7       301
f    8        99
f    9        42
f   10         5
f   11         2
f   13         1
DEBUG flag is on.
