DEBUG flag is on.
param_delta_final: 1
switches: 338 
p: 10 
servers: 3380 
x[0]=1
x[1]=3
x[2]=4
x[3]=9
x[4]=10
x[5]=12
x[0]=2
x[1]=5
x[2]=6
x[3]=7
x[4]=8
x[5]=11
Constructing electric Network
All connections in the topology seem consistent!!!
Wrote stats to file: ./slimfly_p10_a13_h13_min_sequential_fr0.00_seed42.2026.05.12.12.47.dat
inrflow.version                     v0.4.1              
network                                                 
topology                            slimfly             
p                                   13                  
topo.version                        v0.1                
n.servers                           3380                
n.switches                          338                 
switch.radix                        29                  
n.links                             13182               
n.cables                            6591                
p.cable.failures                    0.000000            
n.cable.failures                    0                   
n.server.pairs.NN                   11424400            
n.server.pairs.NN-1                 11421020            
routing.algorithm                   min                 
max_paths                           0                   
traffic                                                 
pattern                             random              
nrndflows                           50000               
n.flows                             50000               
n.flows.delivered                   50000               
p.flows.connected                   100.000000          
placement.strategy                  sequential          
miscelanea                                              
r.seed                              42                  
started.at.y.m.d.h.m                2026.05.12.12.47    
on machine                          pop-os              
runtime                             0.000000            
path.info                                               
min.link.path.length                0                   
max.link.path.length                4                   
mean.link.path.length               3.937300            
median.link.path.length             4.000000            
var.link.path.length                0.069210            
std.link.path.length                0.263078            
hop.info                                                
min.server.hop.length               0                   
max.server.hop.length               1                   
mean.server.hop.length              0.999620            
median.server.hop.length            1.000000            
var.server.hop.length               0.000380            
std.server.hop.length               0.019490            
flow.info                                               
min.flows.per.link                  3                   
max.flows.per.link                  34                  
mean.flows.per.link                 14.934380           
median.flows.per.link               15.000000           
var.flows.per.link                  16.167987           
std.flows.per.link                  4.020944            
connected.nonzero.flows.over.bottleneck.flow 335912.352941       
connected.flows.over.bottleneck.flow 336011.764706       
connected.nonzero.flows.over.mean.flow 764746.834836       
connected.flows.over.mean.flow      764973.158256       
#Server hop length histogram (server hop path length, number of occurrences)
h    0        19
h    1     49981
#Path length histogram (path length, number of occurrences)
p    0        19
p    2       147
p    3      2765
p    4     47069
#Flows histogram (number of flows, number of uni-directional links with this many flows)
f    3         4
f    4        19
f    5        47
f    6        95
f    7       175
f    8       255
f    9       460
f   10       674
f   11       853
f   12      1141
f   13      1209
f   14      1320
f   15      1305
f   16      1198
f   17      1082
f   18       904
f   19       722
f   20       580
f   21       372
f   22       285
f   23       192
f   24       117
f   25        82
f   26        40
f   27        27
f   28        10
f   29         5
f   30         4
f   31         4
f   34         1
DEBUG flag is on.
