╰─❯ ./insee topo=megafly_20 routing=static load=0.2 tpattern=shuffle rseed=13
switches: 98
p: 6
servers: 588
WARNING: nways has no sense in indirect topologies
         Setting nways to 1!!!
WARNING: Using global congestion control with neither TORUS nor MESH topology
         Setting update_period to 1 cycles!!!
      clock, injload, accload,  avgdel,  stddel, maxdel, inj. limit, cur. occup.

       1000, 0.11968, 0.02166,  401.81,  258.23,    988,     484800,      44148
       2000, 0.07096, 0.02178,  820.39,  528.60,   1984,     484800,      44198
       3000, 0.05459, 0.02179, 1237.47,  796.12,   2943,     484800,      44200
       4000, 0.04642, 0.02182, 1646.09, 1059.84,   3923,     484800,      44210
       5000, 0.04150, 0.02183, 2027.97, 1302.09,   4897,     484800,      44203
       6000, 0.03824, 0.02184, 2362.05, 1503.20,   5893,     484800,      44231
       7000, 0.02191, 0.02187, 4318.98, 1538.69,   6849,     484800,      44243
       8000, 0.02181, 0.02183, 4460.66, 1687.69,   7798,     484800,      44241
       9000, 0.02187, 0.02185, 4483.34, 1759.20,   8667,     484800,      44239
      10000, 0.02181, 0.02179, 4514.88, 1781.96,   9552,     484800,      44249

 ---------------------------------------------
                Warmed Up !!!!!!
 ---------------------------------------------

      11000, 0.02182, 0.02178, 4525.97, 1789.23,  10472,     484800,      44287
Batch 0, 1000, 4.949420, 0.021819, 0.021784, 27547.000000, 27501.000000, 0.000000, 4525.968837, 1789.233853, 10472, 2915.111378, 1330.283472, 9143

      12000, 0.02183, 0.02183, 4513.10, 1774.40,  11405,     484800,      44279
Batch 1, 1000, 4.948772, 0.021829, 0.021832, 27559.000000, 27563.000000, 0.000000, 4513.096688, 1774.399123, 11405, 2909.529369, 1328.340673, 9719

      13000, 0.02189, 0.02188, 4502.98, 1802.09,  12518,     484800,      44277
Batch 2, 1000, 4.948914, 0.021885, 0.021877, 27630.000000, 27620.000000, 0.000000, 4502.980268, 1802.086761, 12518, 2892.923534, 1334.958528, 9679

      14000, 0.02187, 0.02186, 4501.64, 1794.81,  12388,     484800,      44296
Batch 3, 1000, 4.950078, 0.021867, 0.021864, 27607.000000, 27603.000000, 0.000000, 4501.639351, 1794.805436, 12388, 2893.364091, 1330.899226, 9479

      15000, 0.02188, 0.02191, 4485.18, 1797.56,  12580,     484800,      44276
Batch 4, 1000, 4.950034, 0.021880, 0.021907, 27623.000000, 27659.000000, 0.000000, 4485.184352, 1797.558825, 12580, 2897.981308, 1341.129438, 10199

      16000, 0.02182, 0.02183, 4517.15, 1816.14,  13793,     484800,      44254
Batch 5, 1000, 4.948694, 0.021817, 0.021831, 27544.000000, 27560.000000, 0.000000, 4517.147896, 1816.137317, 13793, 2914.007656, 1353.556231, 9967

      17000, 0.02183, 0.02182, 4511.45, 1804.69,  13553,     484800,      44260
Batch 6, 1000, 4.949481, 0.021828, 0.021824, 27558.000000, 27554.000000, 0.000000, 4511.452747, 1804.691057, 13553, 2896.833200, 1340.112936, 10615

      18000, 0.02181, 0.02182, 4506.77, 1800.93,  13641,     484800,      44248
Batch 7, 1000, 4.950312, 0.021810, 0.021824, 27535.000000, 27552.000000, 0.000000, 4506.772684, 1800.932602, 13641, 2903.804733, 1339.143864, 10314

      19000, 0.02181, 0.02183, 4508.10, 1807.60,  12761,     484800,      44236
Batch 8, 1000, 4.950258, 0.021811, 0.021829, 27537.000000, 27562.000000, 0.000000, 4508.103294, 1807.597624, 12761, 2902.329512, 1342.096765, 9935

      20000, 0.02184, 0.02184, 4515.90, 1812.71,  13280,     484800,      44236
Batch 9, 1000, 4.951739, 0.021843, 0.021844, 27577.000000, 27579.000000, 0.000000, 4515.896914, 1812.709897, 13280, 2908.674281, 1345.377004, 10647


===============================================================================================================================================================

Program Started at:               Thu May 14 21:13:52 2026
Execution completed at:           Thu May 14 21:45:13 2026
On machine:                       pop-os
Simulation clock (cycles/us):     20000    128.000
Total execution time:             31 mins, 21 secs
Cycles per Second:                10.632642

Random seed:                      13

Topology, uni(1)/bidir(2):        megafly(1)Random link failures:             0

Operation modes Inj-Req-Arb-Con:  shortest other random multiple
Traf./Inj. queue len (pkt/ph):    4/32, 4/32, 1 injectors
VC management:                    dragonfly-dally, 3 VCs;
VCs used:                         1

Routing in multistage network:    static
Parallel injection:               YES
Dropping/Extracting packets:      NO       NO

Global congestion control:        gcc=100%, update_period=1
In-transit priority, bub. to ad:  0.000000, NO

Traffic pattern:                  shuffle at load 0.20000, packets of 8 phits
Trigger rate, packets triggered:  0.00000     0
Warm Up Period Prov., Used:       5000 + 15000, 10000
Conv. sampling period, threshold: 1000, 0.050000
Sample count, size, min pkts:     10 x 1000, 0

===============================================================================================================================================================

  #,  BatchTime, AvDistance,    InjLoad,    AccLoad, PacketSent, PacketRcvd, PacketDrop,   AvgDelay, StDevDelay,   MaxDelay,  InjAvgDel, InjStDvDel,  InjMaxDel
  0,       1000,    4.94942,    0.02182,    0.02178,      27547,      27501,          0,    4525.97,    1789.23,      10472,    2915.11,    1330.28,       9143
  1,       1000,    4.94877,    0.02183,    0.02183,      27559,      27563,          0,    4513.10,    1774.40,      11405,    2909.53,    1328.34,       9719
  2,       1000,    4.94891,    0.02189,    0.02188,      27630,      27620,          0,    4502.98,    1802.09,      12518,    2892.92,    1334.96,       9679
  3,       1000,    4.95008,    0.02187,    0.02186,      27607,      27603,          0,    4501.64,    1794.81,      12388,    2893.36,    1330.90,       9479
  4,       1000,    4.95003,    0.02188,    0.02191,      27623,      27659,          0,    4485.18,    1797.56,      12580,    2897.98,    1341.13,      10199
  5,       1000,    4.94869,    0.02182,    0.02183,      27544,      27560,          0,    4517.15,    1816.14,      13793,    2914.01,    1353.56,       9967
  6,       1000,    4.94948,    0.02183,    0.02182,      27558,      27554,          0,    4511.45,    1804.69,      13553,    2896.83,    1340.11,      10615
  7,       1000,    4.95031,    0.02181,    0.02182,      27535,      27552,          0,    4506.77,    1800.93,      13641,    2903.80,    1339.14,      10314
  8,       1000,    4.95026,    0.02181,    0.02183,      27537,      27562,          0,    4508.10,    1807.60,      12761,    2902.33,    1342.10,       9935
  9,       1000,    4.95174,    0.02184,    0.02184,      27577,      27579,          0,    4515.90,    1812.71,      13280,    2908.67,    1345.38,      10647

AVG,    1000.00,    4.94977,    0.02184,    0.02184,   27571.70,   27575.30,       0.00,    4508.82,    1800.02,   12639.10,    2903.46,    1338.59,    9969.70
STD,       0.00,    0.00092,    0.00003,    0.00003,      35.87,      43.29,       0.00,      10.99,      12.07,    1048.63,       8.16,       7.73,     485.23
