switches: 98 
p: 6 
servers: 588 
WARNING: nways has no sense in indirect topologies
         Setting nways to 1!!!
WARNING: Using global congestion control with neither TORUS nor MESH topology
         Setting update_period to 1 cycles!!!
      clock, injload, accload,  avgdel,  stddel, maxdel, inj. limit, cur. occup.

       1000, 0.31492, 0.21337,  266.52,  201.45,    923,      31200,       3378
       2000, 0.25492, 0.20412,  392.29,  263.54,   1780,      31200,       3384
       3000, 0.23417, 0.20040,  432.14,  270.40,   1892,      31200,       3336
       4000, 0.22436, 0.19902,  455.38,  272.44,   2158,      31200,       3321
       5000, 0.21763, 0.19737,  472.04,  274.48,   2158,      31200,       3346
       6000, 0.21272, 0.19580,  482.24,  274.08,   2158,      31200,       3341
       7000, 0.19236, 0.19166,  534.91,  278.01,   1914,      31200,       3360
       8000, 0.18559, 0.18593,  554.26,  282.35,   1958,      31200,       3332
       9000, 0.18802, 0.18862,  534.94,  270.35,   2232,      31200,       3349
      10000, 0.19191, 0.19141,  535.13,  273.04,   1870,      31200,       3381

 ---------------------------------------------
                Warmed Up !!!!!!               
 ---------------------------------------------

      11000, 0.18292, 0.18322,  555.26,  289.53,   2190,      31200,       3361
Batch 0, 1000, 4.948341, 0.182917, 0.183215, 14862.000000, 14886.000000, 0.000000, 555.257625, 289.529476, 2190, 332.294774, 225.773469, 1813

      12000, 0.19814, 0.19868,  526.98,  284.15,   2386,      31200,       3389
Batch 1, 1000, 4.949169, 0.198142, 0.198678, 16099.000000, 16132.000000, 0.000000, 526.979296, 284.154498, 2386, 312.156149, 210.315406, 2168

      13000, 0.19353, 0.19304,  523.53,  255.86,   1758,      31200,       3365
Batch 2, 1000, 4.950865, 0.193526, 0.193040, 15724.000000, 15671.000000, 0.000000, 523.530789, 255.863501, 1758, 313.031842, 195.452420, 1396

      14000, 0.18927, 0.18921,  541.33,  269.09,   2047,      31200,       3323
Batch 3, 1000, 4.944863, 0.189268, 0.189206, 15378.000000, 15398.000000, 0.000000, 541.333160, 269.094734, 2047, 321.851799, 208.582241, 1657

      15000, 0.19386, 0.19305,  533.04,  270.13,   1888,      31200,       3401
Batch 4, 1000, 4.947587, 0.193858, 0.193049, 15751.000000, 15683.000000, 0.000000, 533.039661, 270.130423, 1888, 316.332844, 205.862090, 1364

      16000, 0.19046, 0.19071,  533.40,  259.27,   2060,      31200,       3424
Batch 5, 1000, 4.951907, 0.190462, 0.190712, 15475.000000, 15470.000000, 0.000000, 533.403361, 259.267153, 2060, 320.232450, 201.612287, 1602

      17000, 0.19015, 0.19000,  541.75,  269.17,   1991,      31200,       3383
Batch 6, 1000, 4.953946, 0.190154, 0.190000, 15450.000000, 15460.000000, 0.000000, 541.751358, 269.165317, 1991, 321.450582, 208.130225, 1649

      18000, 0.18747, 0.18833,  535.49,  267.29,   2030,      31200,       3343
Batch 7, 1000, 4.948054, 0.187471, 0.188334, 15232.000000, 15285.000000, 0.000000, 535.493229, 267.288605, 2030, 319.597448, 205.755545, 1515

      19000, 0.18453, 0.18449,  559.65,  293.70,   2374,      31200,       3384
Batch 8, 1000, 4.948843, 0.184529, 0.184492, 14993.000000, 14993.000000, 0.000000, 559.647902, 293.696036, 2374, 334.045488, 225.969221, 1777

      20000, 0.18862, 0.18893,  531.46,  270.04,   1979,      31200,       3306
Batch 9, 1000, 4.950943, 0.188615, 0.188928, 15325.000000, 15370.000000, 0.000000, 531.461809, 270.036870, 1979, 316.140729, 204.228500, 1850


===============================================================================================================================================================

Program Started at:               Wed May 13 11:21:28 2026
Execution completed at:           Wed May 13 11:23:30 2026
On machine:                       pop-os
Simulation clock (cycles/us):     20000    128.000
Total execution time:             2 mins, 2 secs
Cycles per Second:                163.934426

Random seed:                      13

Topology, uni(1)/bidir(2):        megafly(1)Random link failures:             0

Operation modes Inj-Req-Arb-Con:  shortest other random multiple
Traf./Inj. queue len (pkt/ph):    4/32, 4/32, 1 injectors
VC management:                    dragonfly-dally, 3 VCs; 
VCs used:                         1

Routing in multistage network:    static
Parallel injection:               YES
Dropping/Extracting packets:      NO       NO

Global congestion control:        gcc=100%, update_period=1
In-transit priority, bub. to ad:  0.000000, NO

Traffic pattern:                  hotregion at load 0.80000, packets of 8 phits
Trigger rate, packets triggered:  0.00000     0
Warm Up Period Prov., Used:       5000 + 15000, 10000
Conv. sampling period, threshold: 1000, 0.050000
Sample count, size, min pkts:     10 x 1000, 0

===============================================================================================================================================================

  #,  BatchTime, AvDistance,    InjLoad,    AccLoad, PacketSent, PacketRcvd, PacketDrop,   AvgDelay, StDevDelay,   MaxDelay,  InjAvgDel, InjStDvDel,  InjMaxDel
  0,       1000,    4.94834,    0.18292,    0.18322,      14862,      14886,          0,     555.26,     289.53,       2190,     332.29,     225.77,       1813
  1,       1000,    4.94917,    0.19814,    0.19868,      16099,      16132,          0,     526.98,     284.15,       2386,     312.16,     210.32,       2168
  2,       1000,    4.95086,    0.19353,    0.19304,      15724,      15671,          0,     523.53,     255.86,       1758,     313.03,     195.45,       1396
  3,       1000,    4.94486,    0.18927,    0.18921,      15378,      15398,          0,     541.33,     269.09,       2047,     321.85,     208.58,       1657
  4,       1000,    4.94759,    0.19386,    0.19305,      15751,      15683,          0,     533.04,     270.13,       1888,     316.33,     205.86,       1364
  5,       1000,    4.95191,    0.19046,    0.19071,      15475,      15470,          0,     533.40,     259.27,       2060,     320.23,     201.61,       1602
  6,       1000,    4.95395,    0.19015,    0.19000,      15450,      15460,          0,     541.75,     269.17,       1991,     321.45,     208.13,       1649
  7,       1000,    4.94805,    0.18747,    0.18833,      15232,      15285,          0,     535.49,     267.29,       2030,     319.60,     205.76,       1515
  8,       1000,    4.94884,    0.18453,    0.18449,      14993,      14993,          0,     559.65,     293.70,       2374,     334.05,     225.97,       1777
  9,       1000,    4.95094,    0.18862,    0.18893,      15325,      15370,          0,     531.46,     270.04,       1979,     316.14,     204.23,       1850

AVG,    1000.00,    4.94945,    0.18989,    0.18997,   15428.90,   15434.80,       0.00,     538.19,     272.82,    2070.30,     320.71,     209.17,    1679.10
STD,       0.00,    0.00255,    0.00451,    0.00441,     366.06,     354.29,       0.00,      11.63,      12.42,     198.30,       7.36,       9.74,     237.92
