switches: 98 
p: 6 
servers: 588 
WARNING: nways has no sense in indirect topologies
         Setting nways to 1!!!
WARNING: Using global congestion control with neither TORUS nor MESH topology
         Setting update_period to 1 cycles!!!
      clock, injload, accload,  avgdel,  stddel, maxdel, inj. limit, cur. occup.

       1000, 0.19541, 0.19311,   16.46,    6.00,     60,      13056,        100
       2000, 0.20079, 0.19948,   16.76,    6.40,     66,      13056,        101
       3000, 0.20063, 0.19961,   16.72,    6.39,     83,      13056,        116
       4000, 0.20067, 0.20008,   16.72,    6.41,     83,      13056,         93
       5000, 0.20024, 0.19959,   16.70,    6.42,     83,      13056,        124
       6000, 0.20048, 0.20004,   16.70,    6.38,     83,      13056,        104
       7000, 0.19835, 0.19854,   16.58,    6.23,     73,      13056,         99
       8000, 0.20365, 0.20365,   16.92,    6.58,     70,      13056,         88
       9000, 0.20074, 0.20061,   16.61,    6.21,     61,      13056,        107

 ---------------------------------------------
                Warmed Up !!!!!!               
 ---------------------------------------------

      10000, 0.19832, 0.19821,   16.54,    6.09,     61,      13056,        114
Batch 0, 1000, 4.917211, 0.198324, 0.198210, 6743.000000, 6740.000000, 0.000000, 16.535312, 6.093945, 61, 0.846884, 2.191391, 19

      11000, 0.19900, 0.19889,   16.81,    6.80,     77,      13056,        118
Batch 1, 1000, 4.916395, 0.199000, 0.198886, 6766.000000, 6758.000000, 0.000000, 16.805416, 6.803040, 77, 0.872891, 2.283639, 24

      12000, 0.20238, 0.20197,   16.84,    6.55,     58,      13056,        123
Batch 2, 1000, 4.920111, 0.202382, 0.201967, 6881.000000, 6872.000000, 0.000000, 16.835419, 6.548931, 58, 0.966676, 2.517335, 27

      13000, 0.20294, 0.20321,   16.90,    6.52,     65,      13056,        125
Batch 3, 1000, 4.924001, 0.202941, 0.203210, 6900.000000, 6908.000000, 0.000000, 16.900840, 6.517998, 65, 0.916618, 2.375920, 21

      14000, 0.20229, 0.20227,   17.09,    6.87,     93,      13056,        122
Batch 4, 1000, 4.928592, 0.202294, 0.202268, 6878.000000, 6876.000000, 0.000000, 17.088424, 6.872281, 93, 0.900814, 2.278192, 20

      15000, 0.19818, 0.19873,   16.66,    6.40,     68,      13056,         97
Batch 5, 1000, 4.926479, 0.198176, 0.198728, 6738.000000, 6760.000000, 0.000000, 16.657396, 6.398681, 68, 0.874704, 2.229504, 18

      16000, 0.19776, 0.19754,   16.39,    5.99,     60,      13056,        103
Batch 6, 1000, 4.915587, 0.197765, 0.197537, 6724.000000, 6717.000000, 0.000000, 16.394372, 5.991163, 60, 0.843680, 2.172979, 18

      17000, 0.20332, 0.20324,   16.86,    6.50,     59,      13056,        118
Batch 7, 1000, 4.920348, 0.203324, 0.203235, 6913.000000, 6905.000000, 0.000000, 16.860246, 6.501539, 59, 0.930775, 2.317277, 18

      18000, 0.19644, 0.19686,   16.56,    6.17,     61,      13056,        100
Batch 8, 1000, 4.929211, 0.196441, 0.196864, 6679.000000, 6696.000000, 0.000000, 16.562425, 6.171605, 61, 0.794355, 2.131447, 20

      19000, 0.20026, 0.19996,   16.56,    6.40,     76,      13056,        117
Batch 9, 1000, 4.914016, 0.200265, 0.199956, 6809.000000, 6792.000000, 0.000000, 16.558746, 6.399485, 76, 0.838339, 2.225424, 25


===============================================================================================================================================================

Program Started at:               Wed May 13 11:20:43 2026
Execution completed at:           Wed May 13 11:21:18 2026
On machine:                       pop-os
Simulation clock (cycles/us):     19000    121.600
Total execution time:             35 secs
Cycles per Second:                542.857143

Random seed:                      13

Topology, uni(1)/bidir(2):        megafly(1)Random link failures:             0

Operation modes Inj-Req-Arb-Con:  shortest other random multiple
Traf./Inj. queue len (pkt/ph):    4/32, 4/32, 1 injectors
VC management:                    dragonfly-dally, 3 VCs; 
VCs used:                         1

Routing in multistage network:    static
Parallel injection:               YES
Dropping/Extracting packets:      NO       NO

Global congestion control:        gcc=100%, update_period=1
In-transit priority, bub. to ad:  0.000000, NO

Traffic pattern:                  uniform at load 0.20000, packets of 8 phits
Trigger rate, packets triggered:  0.00000     0
Warm Up Period Prov., Used:       5000 + 15000, 9000
Conv. sampling period, threshold: 1000, 0.050000
Sample count, size, min pkts:     10 x 1000, 0

===============================================================================================================================================================

  #,  BatchTime, AvDistance,    InjLoad,    AccLoad, PacketSent, PacketRcvd, PacketDrop,   AvgDelay, StDevDelay,   MaxDelay,  InjAvgDel, InjStDvDel,  InjMaxDel
  0,       1000,    4.91721,    0.19832,    0.19821,       6743,       6740,          0,      16.54,       6.09,         61,       0.85,       2.19,         19
  1,       1000,    4.91640,    0.19900,    0.19889,       6766,       6758,          0,      16.81,       6.80,         77,       0.87,       2.28,         24
  2,       1000,    4.92011,    0.20238,    0.20197,       6881,       6872,          0,      16.84,       6.55,         58,       0.97,       2.52,         27
  3,       1000,    4.92400,    0.20294,    0.20321,       6900,       6908,          0,      16.90,       6.52,         65,       0.92,       2.38,         21
  4,       1000,    4.92859,    0.20229,    0.20227,       6878,       6876,          0,      17.09,       6.87,         93,       0.90,       2.28,         20
  5,       1000,    4.92648,    0.19818,    0.19873,       6738,       6760,          0,      16.66,       6.40,         68,       0.87,       2.23,         18
  6,       1000,    4.91559,    0.19776,    0.19754,       6724,       6717,          0,      16.39,       5.99,         60,       0.84,       2.17,         18
  7,       1000,    4.92035,    0.20332,    0.20324,       6913,       6905,          0,      16.86,       6.50,         59,       0.93,       2.32,         18
  8,       1000,    4.92921,    0.19644,    0.19686,       6679,       6696,          0,      16.56,       6.17,         61,       0.79,       2.13,         20
  9,       1000,    4.91402,    0.20026,    0.19996,       6809,       6792,          0,      16.56,       6.40,         76,       0.84,       2.23,         25

AVG,    1000.00,    4.92120,    0.20009,    0.20009,    6803.10,    6802.40,       0.00,      16.72,       6.43,      67.80,       0.88,       2.27,      21.00
STD,       0.00,    0.00556,    0.00248,    0.00240,      84.37,      80.50,       0.00,       0.21,       0.29,      11.16,       0.05,       0.11,       3.23
