switches: 98 
p: 6 
servers: 588 
WARNING: nways has no sense in indirect topologies
         Setting nways to 1!!!
WARNING: Using global congestion control with neither TORUS nor MESH topology
         Setting update_period to 1 cycles!!!
      clock, injload, accload,  avgdel,  stddel, maxdel, inj. limit, cur. occup.

       1000, 0.17006, 0.08174,  263.11,  190.08,    878,      31200,       3033
       2000, 0.13045, 0.08221,  523.64,  374.76,   1821,      31200,       3054
       3000, 0.11495, 0.08245,  722.60,  487.04,   2441,      31200,       3058
       4000, 0.10682, 0.08250,  835.76,  521.31,   2944,      31200,       3059
       5000, 0.10197, 0.08255,  903.11,  530.80,   3063,      31200,       3057
       6000, 0.09885, 0.08261,  948.05,  533.40,   3063,      31200,       3054
       7000, 0.08225, 0.08300, 1176.50,  493.42,   3089,      31200,       3046
       8000, 0.08314, 0.08282, 1178.67,  490.38,   3244,      31200,       3051
       9000, 0.08284, 0.08268, 1175.04,  480.49,   3297,      31200,       3066
      10000, 0.08290, 0.08287, 1172.43,  483.84,   3505,      31200,       3062

 ---------------------------------------------
                Warmed Up !!!!!!               
 ---------------------------------------------

      11000, 0.08249, 0.08273, 1173.06,  480.70,   3161,      31200,       3057
Batch 0, 1000, 4.941238, 0.082486, 0.082728, 6702.000000, 6722.000000, 0.000000, 1173.055192, 480.700114, 3161, 718.048200, 354.546464, 2671

      12000, 0.08271, 0.08259, 1175.22,  493.84,   3462,      31200,       3072
Batch 1, 1000, 4.937854, 0.082708, 0.082594, 6720.000000, 6710.000000, 0.000000, 1175.223547, 493.839135, 3462, 724.861699, 359.856986, 2565

      13000, 0.08297, 0.08296, 1175.74,  489.39,   3201,      31200,       3064
Batch 2, 1000, 4.938001, 0.082966, 0.082963, 6741.000000, 6742.000000, 0.000000, 1175.742510, 489.387832, 3201, 718.187185, 353.846204, 2463

      14000, 0.08246, 0.08239, 1190.65,  478.75,   3150,      31200,       3065
Batch 3, 1000, 4.943996, 0.082462, 0.082394, 6700.000000, 6696.000000, 0.000000, 1190.650388, 478.746819, 3150, 727.293757, 344.953390, 2327

      15000, 0.08289, 0.08276, 1171.27,  464.06,   2969,      31200,       3057
Batch 4, 1000, 4.937240, 0.082892, 0.082760, 6735.000000, 6724.000000, 0.000000, 1171.265764, 464.058143, 2969, 718.385485, 345.872074, 2327

      16000, 0.08247, 0.08266, 1177.13,  477.51,   3320,      31200,       3059
Batch 5, 1000, 4.941483, 0.082474, 0.082658, 6701.000000, 6716.000000, 0.000000, 1177.128499, 477.509735, 3320, 725.164086, 354.691103, 2535

      17000, 0.08251, 0.08268, 1174.88,  496.23,   3545,      31200,       3050
Batch 6, 1000, 4.943155, 0.082511, 0.082682, 6704.000000, 6720.000000, 0.000000, 1174.882887, 496.232692, 3545, 718.416369, 360.998098, 2687

      18000, 0.08283, 0.08294, 1182.98,  493.87,   3558,      31200,       3060
Batch 7, 1000, 4.940609, 0.082831, 0.082938, 6730.000000, 6735.000000, 0.000000, 1182.976986, 493.870978, 3558, 726.371938, 359.081489, 2775

      19000, 0.08331, 0.08295, 1176.59,  487.09,   3468,      31200,       3061
Batch 8, 1000, 4.938594, 0.083311, 0.082949, 6769.000000, 6742.000000, 0.000000, 1176.589736, 487.087259, 3468, 724.025512, 354.170518, 2375

      20000, 0.08276, 0.08255, 1178.87,  472.20,   2941,      31200,       3056
Batch 9, 1000, 4.942133, 0.082757, 0.082549, 6724.000000, 6705.000000, 0.000000, 1178.873527, 472.204624, 2941, 722.001491, 344.231990, 2073


===============================================================================================================================================================

Program Started at:               Wed May 13 11:21:30 2026
Execution completed at:           Wed May 13 11:23:29 2026
On machine:                       pop-os
Simulation clock (cycles/us):     20000    128.000
Total execution time:             1 mins, 59 secs
Cycles per Second:                168.067227

Random seed:                      13

Topology, uni(1)/bidir(2):        megafly(1)Random link failures:             0

Operation modes Inj-Req-Arb-Con:  shortest other random multiple
Traf./Inj. queue len (pkt/ph):    4/32, 4/32, 1 injectors
VC management:                    dragonfly-dally, 3 VCs; 
VCs used:                         1

Routing in multistage network:    static
Parallel injection:               YES
Dropping/Extracting packets:      NO       NO

Global congestion control:        gcc=100%, update_period=1
In-transit priority, bub. to ad:  0.000000, NO

Traffic pattern:                  shuffle at load 0.20000, packets of 8 phits
Trigger rate, packets triggered:  0.00000     0
Warm Up Period Prov., Used:       5000 + 15000, 10000
Conv. sampling period, threshold: 1000, 0.050000
Sample count, size, min pkts:     10 x 1000, 0

===============================================================================================================================================================

  #,  BatchTime, AvDistance,    InjLoad,    AccLoad, PacketSent, PacketRcvd, PacketDrop,   AvgDelay, StDevDelay,   MaxDelay,  InjAvgDel, InjStDvDel,  InjMaxDel
  0,       1000,    4.94124,    0.08249,    0.08273,       6702,       6722,          0,    1173.06,     480.70,       3161,     718.05,     354.55,       2671
  1,       1000,    4.93785,    0.08271,    0.08259,       6720,       6710,          0,    1175.22,     493.84,       3462,     724.86,     359.86,       2565
  2,       1000,    4.93800,    0.08297,    0.08296,       6741,       6742,          0,    1175.74,     489.39,       3201,     718.19,     353.85,       2463
  3,       1000,    4.94400,    0.08246,    0.08239,       6700,       6696,          0,    1190.65,     478.75,       3150,     727.29,     344.95,       2327
  4,       1000,    4.93724,    0.08289,    0.08276,       6735,       6724,          0,    1171.27,     464.06,       2969,     718.39,     345.87,       2327
  5,       1000,    4.94148,    0.08247,    0.08266,       6701,       6716,          0,    1177.13,     477.51,       3320,     725.16,     354.69,       2535
  6,       1000,    4.94315,    0.08251,    0.08268,       6704,       6720,          0,    1174.88,     496.23,       3545,     718.42,     361.00,       2687
  7,       1000,    4.94061,    0.08283,    0.08294,       6730,       6735,          0,    1182.98,     493.87,       3558,     726.37,     359.08,       2775
  8,       1000,    4.93859,    0.08331,    0.08295,       6769,       6742,          0,    1176.59,     487.09,       3468,     724.03,     354.17,       2375
  9,       1000,    4.94213,    0.08276,    0.08255,       6724,       6705,          0,    1178.87,     472.20,       2941,     722.00,     344.23,       2073

AVG,    1000.00,    4.94043,    0.08274,    0.08272,    6722.60,    6721.20,       0.00,    1177.64,     483.36,    3277.50,     722.28,     353.22,    2479.80
STD,       0.00,    0.00238,    0.00027,    0.00019,      22.25,      15.33,       0.00,       5.57,      10.52,     227.66,       3.72,       6.21,     210.92
