switches: 98 
p: 6 
servers: 588 
WARNING: nways has no sense in indirect topologies
         Setting nways to 1!!!
WARNING: Using global congestion control with neither TORUS nor MESH topology
         Setting update_period to 1 cycles!!!
      clock, injload, accload,  avgdel,  stddel, maxdel, inj. limit, cur. occup.

       1000, 0.60591, 0.50024,  150.24,   83.57,    541,      13056,       1855
       2000, 0.54674, 0.49397,  183.44,   91.92,    788,      13056,       1844
       3000, 0.53158, 0.49656,  194.30,   89.05,    788,      13056,       1824
       4000, 0.52204, 0.49562,  199.70,   88.46,    788,      13056,       1898
       5000, 0.51750, 0.49637,  202.77,   87.96,    846,      13056,       1918
       6000, 0.51658, 0.49895,  203.82,   85.83,    846,      13056,       1876
       7000, 0.50026, 0.50196,  213.60,   78.24,    675,      13056,       1804
       8000, 0.50103, 0.50104,  211.89,   80.86,    691,      13056,       1811
       9000, 0.51103, 0.51100,  208.36,   77.77,    662,      13056,       1799

 ---------------------------------------------
                Warmed Up !!!!!!               
 ---------------------------------------------

      10000, 0.50406, 0.50073,  214.80,   82.36,    713,      13056,       1909
Batch 0, 1000, 4.924793, 0.504059, 0.500728, 17138.000000, 17033.000000, 0.000000, 214.799096, 82.362659, 713, 105.624846, 58.282241, 528

      11000, 0.49456, 0.49862,  214.07,   83.06,    746,      13056,       1823
Batch 1, 1000, 4.921942, 0.494559, 0.498625, 16815.000000, 16949.000000, 0.000000, 214.069444, 83.064626, 746, 104.094165, 60.901901, 535

      12000, 0.49841, 0.49874,  213.43,   79.95,    652,      13056,       1783
Batch 2, 1000, 4.922155, 0.498412, 0.498735, 16946.000000, 16944.000000, 0.000000, 213.427349, 79.945999, 652, 104.767587, 59.694362, 515

      13000, 0.49832, 0.49615,  214.33,   84.97,    792,      13056,       1837
Batch 3, 1000, 4.926391, 0.498324, 0.496151, 16943.000000, 16873.000000, 0.000000, 214.326142, 84.965207, 792, 105.726131, 62.227475, 618

      14000, 0.50674, 0.50343,  214.02,   76.96,    639,      13056,       1974
Batch 4, 1000, 4.925820, 0.506735, 0.503430, 17229.000000, 17134.000000, 0.000000, 214.022878, 76.959269, 639, 105.328120, 56.086876, 465

      15000, 0.48850, 0.49101,  216.27,   82.59,    770,      13056,       1877
Batch 5, 1000, 4.919422, 0.488500, 0.491015, 16609.000000, 16692.000000, 0.000000, 216.274682, 82.594976, 770, 106.637132, 61.155829, 538

      16000, 0.50094, 0.50264,  213.03,   80.73,    747,      13056,       1814
Batch 6, 1000, 4.921030, 0.500941, 0.502640, 17032.000000, 17095.000000, 0.000000, 213.034455, 80.728204, 747, 103.272185, 59.101663, 540

      17000, 0.50421, 0.50338,  214.02,   77.81,    706,      13056,       1939
Batch 7, 1000, 4.925809, 0.504206, 0.503375, 17143.000000, 17091.000000, 0.000000, 214.018899, 77.814350, 706, 104.180621, 55.741919, 471

      18000, 0.50097, 0.50282,  211.36,   77.45,    723,      13056,       1818
Batch 8, 1000, 4.920173, 0.500971, 0.502820, 17033.000000, 17112.000000, 0.000000, 211.363838, 77.451945, 723, 102.367637, 58.699018, 532

      19000, 0.50265, 0.50097,  212.56,   85.54,    824,      13056,       1871
Batch 9, 1000, 4.920258, 0.502647, 0.500967, 17090.000000, 17030.000000, 0.000000, 212.564768, 85.544526, 824, 104.776336, 61.830591, 734


===============================================================================================================================================================

Program Started at:               Wed May 13 11:20:44 2026
Execution completed at:           Wed May 13 11:21:27 2026
On machine:                       pop-os
Simulation clock (cycles/us):     19000    121.600
Total execution time:             43 secs
Cycles per Second:                441.860465

Random seed:                      13

Topology, uni(1)/bidir(2):        megafly(1)Random link failures:             0

Operation modes Inj-Req-Arb-Con:  shortest other random multiple
Traf./Inj. queue len (pkt/ph):    4/32, 4/32, 1 injectors
VC management:                    dragonfly-dally, 3 VCs; 
VCs used:                         1

Routing in multistage network:    static
Parallel injection:               YES
Dropping/Extracting packets:      NO       NO

Global congestion control:        gcc=100%, update_period=1
In-transit priority, bub. to ad:  0.000000, NO

Traffic pattern:                  uniform at load 0.80000, packets of 8 phits
Trigger rate, packets triggered:  0.00000     0
Warm Up Period Prov., Used:       5000 + 15000, 9000
Conv. sampling period, threshold: 1000, 0.050000
Sample count, size, min pkts:     10 x 1000, 0

===============================================================================================================================================================

  #,  BatchTime, AvDistance,    InjLoad,    AccLoad, PacketSent, PacketRcvd, PacketDrop,   AvgDelay, StDevDelay,   MaxDelay,  InjAvgDel, InjStDvDel,  InjMaxDel
  0,       1000,    4.92479,    0.50406,    0.50073,      17138,      17033,          0,     214.80,      82.36,        713,     105.62,      58.28,        528
  1,       1000,    4.92194,    0.49456,    0.49862,      16815,      16949,          0,     214.07,      83.06,        746,     104.09,      60.90,        535
  2,       1000,    4.92216,    0.49841,    0.49874,      16946,      16944,          0,     213.43,      79.95,        652,     104.77,      59.69,        515
  3,       1000,    4.92639,    0.49832,    0.49615,      16943,      16873,          0,     214.33,      84.97,        792,     105.73,      62.23,        618
  4,       1000,    4.92582,    0.50674,    0.50343,      17229,      17134,          0,     214.02,      76.96,        639,     105.33,      56.09,        465
  5,       1000,    4.91942,    0.48850,    0.49101,      16609,      16692,          0,     216.27,      82.59,        770,     106.64,      61.16,        538
  6,       1000,    4.92103,    0.50094,    0.50264,      17032,      17095,          0,     213.03,      80.73,        747,     103.27,      59.10,        540
  7,       1000,    4.92581,    0.50421,    0.50338,      17143,      17091,          0,     214.02,      77.81,        706,     104.18,      55.74,        471
  8,       1000,    4.92017,    0.50097,    0.50282,      17033,      17112,          0,     211.36,      77.45,        723,     102.37,      58.70,        532
  9,       1000,    4.92026,    0.50265,    0.50097,      17090,      17030,          0,     212.56,      85.54,        824,     104.78,      61.83,        734

AVG,    1000.00,    4.92278,    0.49994,    0.49985,   16997.80,   16995.30,       0.00,     213.79,      81.14,     731.20,     104.68,      59.37,     547.60
STD,       0.00,    0.00267,    0.00533,    0.00392,     181.16,     135.93,       0.00,       1.32,       3.07,      57.82,       1.26,       2.25,      77.74
