switches: 98 
p: 6 
servers: 588 
WARNING: nways has no sense in indirect topologies
         Setting nways to 1!!!
WARNING: Using global congestion control with neither TORUS nor MESH topology
         Setting update_period to 1 cycles!!!
      clock, injload, accload,  avgdel,  stddel, maxdel, inj. limit, cur. occup.

       1000, 0.58720, 0.55545,   44.50,   29.06,    216,        960,         70
       2000, 0.59720, 0.57305,   50.70,   33.03,    216,        960,         89
       3000, 0.59493, 0.58355,   62.20,   43.57,    280,        960,         76
       4000, 0.59570, 0.58590,   62.11,   41.65,    280,        960,         75
       5000, 0.59352, 0.58676,   63.37,   41.93,    280,        960,         73
       6000, 0.59447, 0.58926,   62.65,   41.12,    280,        960,         74
       7000, 0.60640, 0.59995,   76.12,   43.69,    219,        960,         79
       8000, 0.58080, 0.58990,   69.17,   46.87,    267,        960,         64
       9000, 0.57920, 0.58095,   53.78,   34.15,    211,        960,         60
      10000, 0.61040, 0.59475,   63.46,   37.75,    245,        960,         88
      11000, 0.60280, 0.60785,   73.83,   43.74,    237,        960,         88
      12000, 0.59360, 0.58800,   58.75,   39.09,    283,        960,        101
      13000, 0.60880, 0.61970,   60.23,   35.57,    217,        960,         73
      14000, 0.57800, 0.57655,   53.08,   39.40,    268,        960,         75
      15000, 0.57440, 0.57945,   64.29,   47.28,    253,        960,         66
      16000, 0.59320, 0.58325,   69.41,   47.51,    322,        960,         80
      17000, 0.60880, 0.59990,   65.19,   41.77,    277,        960,        100
      18000, 0.60760, 0.61405,   85.36,   54.45,    301,        960,         91
      19000, 0.58840, 0.60630,   53.32,   33.15,    197,        960,         50
      20000, 0.59040, 0.58580,   46.11,   26.57,    160,        960,         65

**********************************************
*        Convergency timeout reached.        *
*         Continue without converge!         *
**********************************************

      21000, 0.60520, 0.60605,   54.98,   32.39,    188,        960,         62
Batch 0, 1000, 4.714380, 0.605200, 0.606050, 1513.000000, 1516.000000, 0.000000, 54.981530, 32.385503, 188, 7.094987, 10.947891, 83

      22000, 0.60280, 0.59325,   63.26,   39.99,    226,        960,         79
Batch 1, 1000, 4.719109, 0.602800, 0.593250, 1507.000000, 1481.000000, 0.000000, 63.263336, 39.994436, 226, 10.462525, 17.525467, 111

      23000, 0.60440, 0.61035,   63.26,   36.99,    216,        960,         66
Batch 2, 1000, 4.749181, 0.604400, 0.610350, 1511.000000, 1527.000000, 0.000000, 63.257367, 36.991496, 216, 9.285527, 15.049928, 98

      24000, 0.60280, 0.59865,   73.33,   46.42,    300,        960,         78
Batch 3, 1000, 4.718291, 0.602800, 0.598650, 1507.000000, 1498.000000, 0.000000, 73.327103, 46.423105, 300, 16.624833, 23.946460, 118

      25000, 0.59120, 0.60260,   72.87,   50.60,    358,        960,         57
Batch 4, 1000, 4.732404, 0.591200, 0.602600, 1478.000000, 1506.000000, 0.000000, 72.871846, 50.596812, 358, 13.283533, 24.387104, 155

      26000, 0.57480, 0.57415,   47.33,   28.35,    185,        960,         56
Batch 5, 1000, 4.721757, 0.574800, 0.574150, 1437.000000, 1434.000000, 0.000000, 47.333333, 28.346927, 185, 6.339609, 10.671966, 93

      27000, 0.61000, 0.58770,   69.67,   47.97,    302,        960,         84
Batch 6, 1000, 4.762746, 0.610000, 0.587700, 1525.000000, 1471.000000, 0.000000, 69.672332, 47.974923, 302, 12.718559, 20.752534, 119

      28000, 0.59760, 0.59655,   85.42,   57.10,    345,        960,         93
Batch 7, 1000, 4.755869, 0.597600, 0.596550, 1494.000000, 1491.000000, 0.000000, 85.423206, 57.103485, 345, 18.886653, 30.708172, 196

      29000, 0.57760, 0.58655,   72.11,   55.71,    332,        960,         72
Batch 8, 1000, 4.749148, 0.577600, 0.586550, 1444.000000, 1467.000000, 0.000000, 72.107021, 55.713726, 332, 15.600545, 27.289139, 167

      30000, 0.58400, 0.57215,   69.45,   56.40,    316,        960,         89
Batch 9, 1000, 4.747729, 0.584000, 0.572150, 1460.000000, 1431.000000, 0.000000, 69.450734, 56.401150, 316, 16.965758, 29.893416, 186


===============================================================================================================================================================

Program Started at:               Wed May 13 11:20:42 2026
Execution completed at:           Wed May 13 11:20:44 2026
On machine:                       pop-os
Simulation clock (cycles/us):     30000    192.000
Total execution time:             2 secs
Cycles per Second:                15000.000000

Random seed:                      13

Topology, uni(1)/bidir(2):        megafly(1)Random link failures:             0

Operation modes Inj-Req-Arb-Con:  shortest other random multiple
Traf./Inj. queue len (pkt/ph):    4/32, 4/32, 1 injectors
VC management:                    dragonfly-dally, 3 VCs; 
VCs used:                         1

Routing in multistage network:    static
Parallel injection:               YES
Dropping/Extracting packets:      NO       NO

Global congestion control:        gcc=100%, update_period=1
In-transit priority, bub. to ad:  0.000000, NO

Traffic pattern:                  uniform at load 0.60000, packets of 8 phits
Trigger rate, packets triggered:  0.00000     0
Warm Up Period Prov., Used:       5000 + 15000, 20000
Conv. sampling period, threshold: 1000, 0.050000
Sample count, size, min pkts:     10 x 1000, 0

===============================================================================================================================================================

  #,  BatchTime, AvDistance,    InjLoad,    AccLoad, PacketSent, PacketRcvd, PacketDrop,   AvgDelay, StDevDelay,   MaxDelay,  InjAvgDel, InjStDvDel,  InjMaxDel
  0,       1000,    4.71438,    0.60520,    0.60605,       1513,       1516,          0,      54.98,      32.39,        188,       7.09,      10.95,         83
  1,       1000,    4.71911,    0.60280,    0.59325,       1507,       1481,          0,      63.26,      39.99,        226,      10.46,      17.53,        111
  2,       1000,    4.74918,    0.60440,    0.61035,       1511,       1527,          0,      63.26,      36.99,        216,       9.29,      15.05,         98
  3,       1000,    4.71829,    0.60280,    0.59865,       1507,       1498,          0,      73.33,      46.42,        300,      16.62,      23.95,        118
  4,       1000,    4.73240,    0.59120,    0.60260,       1478,       1506,          0,      72.87,      50.60,        358,      13.28,      24.39,        155
  5,       1000,    4.72176,    0.57480,    0.57415,       1437,       1434,          0,      47.33,      28.35,        185,       6.34,      10.67,         93
  6,       1000,    4.76275,    0.61000,    0.58770,       1525,       1471,          0,      69.67,      47.97,        302,      12.72,      20.75,        119
  7,       1000,    4.75587,    0.59760,    0.59655,       1494,       1491,          0,      85.42,      57.10,        345,      18.89,      30.71,        196
  8,       1000,    4.74915,    0.57760,    0.58655,       1444,       1467,          0,      72.11,      55.71,        332,      15.60,      27.29,        167
  9,       1000,    4.74773,    0.58400,    0.57215,       1460,       1431,          0,      69.45,      56.40,        316,      16.97,      29.89,        186

AVG,    1000.00,    4.73706,    0.59504,    0.59280,    1487.60,    1482.20,       0.00,      67.17,      45.19,     276.80,      12.73,      21.12,     132.60
STD,       0.00,    0.01784,    0.01244,    0.01277,      31.09,      32.22,       0.00,      10.60,      10.32,      66.33,       4.34,       7.36,      40.34
