switches: 98 
p: 6 
servers: 588 
WARNING: nways has no sense in indirect topologies
         Setting nways to 1!!!
WARNING: Using global congestion control with neither TORUS nor MESH topology
         Setting update_period to 1 cycles!!!
      clock, injload, accload,  avgdel,  stddel, maxdel, inj. limit, cur. occup.

       1000, 0.69680, 0.60030,  124.29,   71.51,    410,        960,        163
       2000, 0.66680, 0.61418,  140.39,   69.55,    433,        960,        152
       3000, 0.66133, 0.62623,  147.41,   65.47,    433,        960,        159
       4000, 0.64940, 0.62080,  153.34,   65.90,    462,        960,        161
       5000, 0.64176, 0.62078,  157.67,   65.76,    483,        960,        155
       6000, 0.63673, 0.62063,  159.28,   65.78,    483,        960,        142
       7000, 0.63160, 0.63545,  154.94,   64.57,    426,        960,        140
       8000, 0.61480, 0.60430,  174.48,   65.04,    386,        960,        138
       9000, 0.61920, 0.62315,  171.43,   59.77,    368,        960,        137
      10000, 0.64440, 0.63185,  164.13,   62.21,    400,        960,        172
      11000, 0.62400, 0.63515,  173.83,   53.17,    396,        960,        139
      12000, 0.62880, 0.62855,  174.94,   55.34,    361,        960,        154
      13000, 0.60280, 0.60355,  174.27,   59.96,    428,        960,        139
      14000, 0.61400, 0.60885,  175.44,   69.46,    491,        960,        156

 ---------------------------------------------
                Warmed Up !!!!!!               
 ---------------------------------------------

      15000, 0.60560, 0.60720,  172.03,   64.96,    415,        960,        147
Batch 0, 1000, 4.705339, 0.605600, 0.607200, 1514.000000, 1517.000000, 0.000000, 172.025049, 64.957207, 415, 73.159525, 42.260761, 233

      16000, 0.62600, 0.62600,  164.49,   61.88,    568,        960,        147
Batch 1, 1000, 4.722791, 0.626000, 0.626000, 1565.000000, 1562.000000, 0.000000, 164.494238, 61.884595, 568, 73.498079, 39.329376, 243

      17000, 0.61720, 0.61785,  172.39,   58.85,    436,        960,        143
Batch 2, 1000, 4.747899, 0.617200, 0.617850, 1543.000000, 1547.000000, 0.000000, 172.390433, 58.853867, 436, 76.822883, 38.570172, 260

      18000, 0.62680, 0.62635,  166.52,   58.43,    402,        960,        135
Batch 3, 1000, 4.750480, 0.626800, 0.626350, 1567.000000, 1563.000000, 0.000000, 166.515675, 58.425853, 402, 73.190019, 39.366157, 270

      19000, 0.62160, 0.62135,  168.92,   63.70,    544,        960,        150
Batch 4, 1000, 4.738294, 0.621600, 0.621350, 1554.000000, 1559.000000, 0.000000, 168.918538, 63.695071, 544, 75.508018, 40.356035, 396

      20000, 0.62840, 0.63025,  169.15,   61.57,    448,        960,        148
Batch 5, 1000, 4.733968, 0.628400, 0.630250, 1571.000000, 1575.000000, 0.000000, 169.145397, 61.572901, 448, 72.769524, 37.798329, 228

      21000, 0.63280, 0.63050,  159.12,   64.55,    407,        960,        155
Batch 6, 1000, 4.757460, 0.632800, 0.630500, 1582.000000, 1575.000000, 0.000000, 159.123175, 64.553791, 407, 64.680000, 43.654025, 252

      22000, 0.61720, 0.63035,  162.64,   62.14,    442,        960,        138
Batch 7, 1000, 4.733333, 0.617200, 0.630350, 1543.000000, 1575.000000, 0.000000, 162.644444, 62.135580, 442, 68.645079, 41.707539, 249

      23000, 0.63440, 0.63240,  158.28,   58.97,    371,        960,        139
Batch 8, 1000, 4.732617, 0.634400, 0.632400, 1586.000000, 1582.000000, 0.000000, 158.283818, 58.974300, 371, 65.490518, 39.472978, 254

      24000, 0.61400, 0.60555,  172.33,   59.44,    426,        960,        155
Batch 9, 1000, 4.721268, 0.614000, 0.605550, 1535.000000, 1514.000000, 0.000000, 172.331572, 59.441538, 426, 76.456407, 37.314774, 250


===============================================================================================================================================================

Program Started at:               Wed May 13 11:20:42 2026
Execution completed at:           Wed May 13 11:20:44 2026
On machine:                       pop-os
Simulation clock (cycles/us):     24000    153.600
Total execution time:             2 secs
Cycles per Second:                12000.000000

Random seed:                      13

Topology, uni(1)/bidir(2):        megafly(1)Random link failures:             0

Operation modes Inj-Req-Arb-Con:  shortest other random multiple
Traf./Inj. queue len (pkt/ph):    4/32, 4/32, 1 injectors
VC management:                    dragonfly-dally, 3 VCs; 
VCs used:                         1

Routing in multistage network:    static
Parallel injection:               YES
Dropping/Extracting packets:      NO       NO

Global congestion control:        gcc=100%, update_period=1
In-transit priority, bub. to ad:  0.000000, NO

Traffic pattern:                  uniform at load 0.80000, packets of 8 phits
Trigger rate, packets triggered:  0.00000     0
Warm Up Period Prov., Used:       5000 + 15000, 14000
Conv. sampling period, threshold: 1000, 0.050000
Sample count, size, min pkts:     10 x 1000, 0

===============================================================================================================================================================

  #,  BatchTime, AvDistance,    InjLoad,    AccLoad, PacketSent, PacketRcvd, PacketDrop,   AvgDelay, StDevDelay,   MaxDelay,  InjAvgDel, InjStDvDel,  InjMaxDel
  0,       1000,    4.70534,    0.60560,    0.60720,       1514,       1517,          0,     172.03,      64.96,        415,      73.16,      42.26,        233
  1,       1000,    4.72279,    0.62600,    0.62600,       1565,       1562,          0,     164.49,      61.88,        568,      73.50,      39.33,        243
  2,       1000,    4.74790,    0.61720,    0.61785,       1543,       1547,          0,     172.39,      58.85,        436,      76.82,      38.57,        260
  3,       1000,    4.75048,    0.62680,    0.62635,       1567,       1563,          0,     166.52,      58.43,        402,      73.19,      39.37,        270
  4,       1000,    4.73829,    0.62160,    0.62135,       1554,       1559,          0,     168.92,      63.70,        544,      75.51,      40.36,        396
  5,       1000,    4.73397,    0.62840,    0.63025,       1571,       1575,          0,     169.15,      61.57,        448,      72.77,      37.80,        228
  6,       1000,    4.75746,    0.63280,    0.63050,       1582,       1575,          0,     159.12,      64.55,        407,      64.68,      43.65,        252
  7,       1000,    4.73333,    0.61720,    0.63035,       1543,       1575,          0,     162.64,      62.14,        442,      68.65,      41.71,        249
  8,       1000,    4.73262,    0.63440,    0.63240,       1586,       1582,          0,     158.28,      58.97,        371,      65.49,      39.47,        254
  9,       1000,    4.72127,    0.61400,    0.60555,       1535,       1514,          0,     172.33,      59.44,        426,      76.46,      37.31,        250

AVG,    1000.00,    4.73435,    0.62240,    0.62278,    1556.00,    1556.90,       0.00,     166.59,      61.45,     445.90,      72.02,      39.98,     263.50
STD,       0.00,    0.01543,    0.00899,    0.00974,      22.48,      24.06,       0.00,       5.30,       2.44,      62.41,       4.32,       2.02,      48.12
