switches: 98 
p: 6 
servers: 588 
WARNING: nways has no sense in indirect topologies
         Setting nways to 1!!!
WARNING: Using global congestion control with neither TORUS nor MESH topology
         Setting update_period to 1 cycles!!!
      clock, injload, accload,  avgdel,  stddel, maxdel, inj. limit, cur. occup.

       1000, 0.18671, 0.08600,  394.72,  255.07,    950,      31200,       3112
       2000, 0.13654, 0.08610,  707.20,  446.43,   1923,      31200,       3118
       3000, 0.11992, 0.08637,  859.79,  508.84,   2662,      31200,       3114
       4000, 0.11150, 0.08631,  936.46,  522.41,   2913,      31200,       3118
       5000, 0.10642, 0.08630,  981.53,  526.53,   3353,      31200,       3114
       6000, 0.10319, 0.08639, 1013.51,  530.66,   3388,      31200,       3115
       7000, 0.08652, 0.08646, 1161.09,  502.16,   3265,      31200,       3121
       8000, 0.08634, 0.08639, 1172.70,  513.65,   3166,      31200,       3119
       9000, 0.08635, 0.08628, 1175.93,  504.95,   3601,      31200,       3117
      10000, 0.08655, 0.08656, 1165.16,  510.14,   3129,      31200,       3117

 ---------------------------------------------
                Warmed Up !!!!!!               
 ---------------------------------------------

      11000, 0.08690, 0.08685, 1169.48,  501.48,   3243,      31200,       3117
Batch 0, 1000, 4.873920, 0.086905, 0.086854, 7061.000000, 7059.000000, 0.000000, 1169.475138, 501.481240, 3243, 724.941918, 361.583942, 2759

      12000, 0.08662, 0.08676, 1169.24,  502.56,   3408,      31200,       3112
Batch 1, 1000, 4.866061, 0.086622, 0.086763, 7038.000000, 7048.000000, 0.000000, 1169.242480, 502.560519, 3408, 722.104427, 360.096818, 2415

      13000, 0.08688, 0.08691, 1166.70,  500.12,   3121,      31200,       3115
Batch 2, 1000, 4.870575, 0.086880, 0.086908, 7059.000000, 7062.000000, 0.000000, 1166.695695, 500.122974, 3121, 720.183376, 358.062364, 2373

      14000, 0.08655, 0.08644, 1159.48,  490.62,   3081,      31200,       3125
Batch 3, 1000, 4.870265, 0.086548, 0.086440, 7032.000000, 7022.000000, 0.000000, 1159.483623, 490.621130, 3081, 726.595414, 354.755530, 2415

      15000, 0.08662, 0.08663, 1163.73,  506.00,   3369,      31200,       3117
Batch 4, 1000, 4.872301, 0.086622, 0.086629, 7038.000000, 7040.000000, 0.000000, 1163.732244, 505.999607, 3369, 717.327273, 362.742652, 2424

      16000, 0.08660, 0.08667, 1169.76,  504.00,   3394,      31200,       3116
Batch 5, 1000, 4.872461, 0.086597, 0.086668, 7036.000000, 7041.000000, 0.000000, 1169.762818, 504.004629, 3394, 725.890356, 360.754518, 2566

      17000, 0.08623, 0.08611, 1169.62,  501.67,   3185,      31200,       3118
Batch 6, 1000, 4.875393, 0.086228, 0.086114, 7006.000000, 6998.000000, 0.000000, 1169.619177, 501.666593, 3185, 722.865390, 358.231412, 2487

      18000, 0.08638, 0.08634, 1166.15,  507.01,   3264,      31200,       3120
Batch 7, 1000, 4.870402, 0.086375, 0.086342, 7018.000000, 7014.000000, 0.000000, 1166.151697, 507.007165, 3264, 726.300969, 365.333560, 2623

      19000, 0.08612, 0.08640, 1178.38,  510.58,   3537,      31200,       3114
Batch 8, 1000, 4.879932, 0.086117, 0.086397, 6997.000000, 7021.000000, 0.000000, 1178.376727, 510.582267, 3537, 731.530551, 369.015985, 2701

      20000, 0.08660, 0.08635, 1167.61,  507.15,   3479,      31200,       3125
Batch 9, 1000, 4.873681, 0.086597, 0.086354, 7036.000000, 7014.000000, 0.000000, 1167.614343, 507.153450, 3479, 722.815654, 359.195982, 2473


===============================================================================================================================================================

Program Started at:               Wed May 13 11:21:35 2026
Execution completed at:           Wed May 13 11:23:33 2026
On machine:                       pop-os
Simulation clock (cycles/us):     20000    128.000
Total execution time:             1 mins, 58 secs
Cycles per Second:                169.491525

Random seed:                      13

Topology, uni(1)/bidir(2):        megafly(1)Random link failures:             0

Operation modes Inj-Req-Arb-Con:  shortest other random multiple
Traf./Inj. queue len (pkt/ph):    4/32, 4/32, 1 injectors
VC management:                    dragonfly-dally, 3 VCs; 
VCs used:                         1

Routing in multistage network:    static
Parallel injection:               YES
Dropping/Extracting packets:      NO       NO

Global congestion control:        gcc=100%, update_period=1
In-transit priority, bub. to ad:  0.000000, NO

Traffic pattern:                  shuffle at load 0.60000, packets of 8 phits
Trigger rate, packets triggered:  0.00000     0
Warm Up Period Prov., Used:       5000 + 15000, 10000
Conv. sampling period, threshold: 1000, 0.050000
Sample count, size, min pkts:     10 x 1000, 0

===============================================================================================================================================================

  #,  BatchTime, AvDistance,    InjLoad,    AccLoad, PacketSent, PacketRcvd, PacketDrop,   AvgDelay, StDevDelay,   MaxDelay,  InjAvgDel, InjStDvDel,  InjMaxDel
  0,       1000,    4.87392,    0.08690,    0.08685,       7061,       7059,          0,    1169.48,     501.48,       3243,     724.94,     361.58,       2759
  1,       1000,    4.86606,    0.08662,    0.08676,       7038,       7048,          0,    1169.24,     502.56,       3408,     722.10,     360.10,       2415
  2,       1000,    4.87057,    0.08688,    0.08691,       7059,       7062,          0,    1166.70,     500.12,       3121,     720.18,     358.06,       2373
  3,       1000,    4.87026,    0.08655,    0.08644,       7032,       7022,          0,    1159.48,     490.62,       3081,     726.60,     354.76,       2415
  4,       1000,    4.87230,    0.08662,    0.08663,       7038,       7040,          0,    1163.73,     506.00,       3369,     717.33,     362.74,       2424
  5,       1000,    4.87246,    0.08660,    0.08667,       7036,       7041,          0,    1169.76,     504.00,       3394,     725.89,     360.75,       2566
  6,       1000,    4.87539,    0.08623,    0.08611,       7006,       6998,          0,    1169.62,     501.67,       3185,     722.87,     358.23,       2487
  7,       1000,    4.87040,    0.08638,    0.08634,       7018,       7014,          0,    1166.15,     507.01,       3264,     726.30,     365.33,       2623
  8,       1000,    4.87993,    0.08612,    0.08640,       6997,       7021,          0,    1178.38,     510.58,       3537,     731.53,     369.02,       2701
  9,       1000,    4.87368,    0.08660,    0.08635,       7036,       7014,          0,    1167.61,     507.15,       3479,     722.82,     359.20,       2473

AVG,    1000.00,    4.87250,    0.08655,    0.08655,    7032.10,    7031.90,       0.00,    1168.02,     503.12,    3308.10,     724.06,     360.98,    2523.60
STD,       0.00,    0.00368,    0.00025,    0.00026,      20.47,      21.23,       0.00,       4.87,       5.44,     152.97,       3.92,       4.03,     132.77
