switches: 98 
p: 6 
servers: 588 
WARNING: nways has no sense in indirect topologies
         Setting nways to 1!!!
WARNING: Using global congestion control with neither TORUS nor MESH topology
         Setting update_period to 1 cycles!!!
      clock, injload, accload,  avgdel,  stddel, maxdel, inj. limit, cur. occup.

       1000, 0.20132, 0.19538,   29.16,   28.45,    232,      13056,        221
       2000, 0.19854, 0.19524,   33.27,   41.76,    687,      13056,        226
       3000, 0.19822, 0.19563,   34.01,   42.41,    687,      13056,        283
       4000, 0.19828, 0.19436,   38.68,   55.48,    794,      13056,        414
       5000, 0.19856, 0.19576,   46.79,   76.86,   1374,      13056,        401
       6000, 0.19862, 0.19607,   51.27,   85.76,   1374,      13056,        421
       7000, 0.19585, 0.19294,   83.01,  131.60,   1193,      13056,        515
       8000, 0.19844, 0.19633,   92.87,  126.02,   1236,      13056,        569
       9000, 0.19421, 0.19745,   99.96,  135.78,    860,      13056,        454
      10000, 0.20200, 0.20248,   91.20,  133.01,   1186,      13056,        445
      11000, 0.19847, 0.20151,   82.88,  131.50,   1235,      13056,        404
      12000, 0.20179, 0.19489,  101.85,  136.01,   1420,      13056,        598
      13000, 0.19894, 0.20481,  102.26,  134.89,   1371,      13056,        436
      14000, 0.20121, 0.20380,   79.41,  115.01,   1104,      13056,        358
      15000, 0.19882, 0.19727,   70.41,  101.29,    753,      13056,        410
      16000, 0.19797, 0.20215,   61.14,   92.36,    877,      13056,        312
      17000, 0.19947, 0.19626,   57.65,   85.22,   1076,      13056,        369
      18000, 0.19709, 0.19498,   72.71,  112.16,   1187,      13056,        425
      19000, 0.19903, 0.19642,   83.60,  119.29,   1267,      13056,        474
      20000, 0.19788, 0.19889,   87.65,  137.12,   1165,      13056,        459

**********************************************
*        Convergency timeout reached.        *
*         Continue without converge!         *
**********************************************

      21000, 0.20000, 0.19945,   86.41,  133.47,   1245,      13056,        462
Batch 0, 1000, 4.924075, 0.200000, 0.199452, 6800.000000, 6783.000000, 0.000000, 86.411765, 133.473015, 1245, 16.756597, 69.027022, 963

      22000, 0.19800, 0.20205,   83.89,  127.09,    964,      13056,        367
Batch 1, 1000, 4.921072, 0.198000, 0.202048, 6732.000000, 6867.000000, 0.000000, 83.891364, 127.088384, 964, 17.562400, 67.506351, 782

      23000, 0.19526, 0.19694,   71.74,  125.71,   1357,      13056,        316
Batch 2, 1000, 4.919480, 0.195265, 0.196937, 6639.000000, 6694.000000, 0.000000, 71.743651, 125.712878, 1357, 14.820137, 61.418113, 808

      24000, 0.19653, 0.19833,   52.52,   98.50,    922,      13056,        300
Batch 3, 1000, 4.922963, 0.196529, 0.198335, 6682.000000, 6737.000000, 0.000000, 52.524714, 98.503656, 922, 9.267330, 49.325001, 671

      25000, 0.20132, 0.19912,   54.71,   83.19,    914,      13056,        356
Batch 4, 1000, 4.933865, 0.201324, 0.199125, 6845.000000, 6774.000000, 0.000000, 54.714201, 83.185546, 914, 6.911131, 38.624230, 626

      26000, 0.19965, 0.19797,   68.12,  109.15,    943,      13056,        388
Batch 5, 1000, 4.920119, 0.199647, 0.197967, 6788.000000, 6735.000000, 0.000000, 68.116704, 109.149269, 943, 11.741500, 51.891735, 614

      27000, 0.19521, 0.19252,   68.14,  108.45,   1016,      13056,        460
Batch 6, 1000, 4.920366, 0.195206, 0.192518, 6637.000000, 6555.000000, 0.000000, 68.143860, 108.454276, 1016, 11.597254, 53.316803, 742

      28000, 0.19947, 0.20540,   75.60,  110.59,    906,      13056,        326
Batch 7, 1000, 4.916332, 0.199471, 0.205404, 6782.000000, 6980.000000, 0.000000, 75.596848, 110.586022, 906, 13.562607, 53.471768, 603

      29000, 0.20188, 0.20012,   56.83,   75.50,    717,      13056,        368
Batch 8, 1000, 4.920995, 0.201882, 0.200118, 6864.000000, 6797.000000, 0.000000, 56.826982, 75.501744, 717, 5.217743, 24.808548, 386

      30000, 0.19644, 0.19499,   66.95,   92.09,    707,      13056,        389
Batch 9, 1000, 4.923599, 0.196441, 0.194985, 6679.000000, 6636.000000, 0.000000, 66.951929, 92.085434, 707, 8.864225, 38.238968, 467


===============================================================================================================================================================

Program Started at:               Wed May 13 11:20:44 2026
Execution completed at:           Wed May 13 11:21:42 2026
On machine:                       pop-os
Simulation clock (cycles/us):     30000    192.000
Total execution time:             58 secs
Cycles per Second:                517.241379

Random seed:                      13

Topology, uni(1)/bidir(2):        megafly(1)Random link failures:             0

Operation modes Inj-Req-Arb-Con:  shortest other random multiple
Traf./Inj. queue len (pkt/ph):    4/32, 4/32, 1 injectors
VC management:                    dragonfly-dally, 3 VCs; 
VCs used:                         1

Routing in multistage network:    static
Parallel injection:               YES
Dropping/Extracting packets:      NO       NO

Global congestion control:        gcc=100%, update_period=1
In-transit priority, bub. to ad:  0.000000, NO

Traffic pattern:                  hotregion at load 0.20000, packets of 8 phits
Trigger rate, packets triggered:  0.00000     0
Warm Up Period Prov., Used:       5000 + 15000, 20000
Conv. sampling period, threshold: 1000, 0.050000
Sample count, size, min pkts:     10 x 1000, 0

===============================================================================================================================================================

  #,  BatchTime, AvDistance,    InjLoad,    AccLoad, PacketSent, PacketRcvd, PacketDrop,   AvgDelay, StDevDelay,   MaxDelay,  InjAvgDel, InjStDvDel,  InjMaxDel
  0,       1000,    4.92407,    0.20000,    0.19945,       6800,       6783,          0,      86.41,     133.47,       1245,      16.76,      69.03,        963
  1,       1000,    4.92107,    0.19800,    0.20205,       6732,       6867,          0,      83.89,     127.09,        964,      17.56,      67.51,        782
  2,       1000,    4.91948,    0.19526,    0.19694,       6639,       6694,          0,      71.74,     125.71,       1357,      14.82,      61.42,        808
  3,       1000,    4.92296,    0.19653,    0.19833,       6682,       6737,          0,      52.52,      98.50,        922,       9.27,      49.33,        671
  4,       1000,    4.93386,    0.20132,    0.19912,       6845,       6774,          0,      54.71,      83.19,        914,       6.91,      38.62,        626
  5,       1000,    4.92012,    0.19965,    0.19797,       6788,       6735,          0,      68.12,     109.15,        943,      11.74,      51.89,        614
  6,       1000,    4.92037,    0.19521,    0.19252,       6637,       6555,          0,      68.14,     108.45,       1016,      11.60,      53.32,        742
  7,       1000,    4.91633,    0.19947,    0.20540,       6782,       6980,          0,      75.60,     110.59,        906,      13.56,      53.47,        603
  8,       1000,    4.92099,    0.20188,    0.20012,       6864,       6797,          0,      56.83,      75.50,        717,       5.22,      24.81,        386
  9,       1000,    4.92360,    0.19644,    0.19499,       6679,       6636,          0,      66.95,      92.09,        707,       8.86,      38.24,        467

AVG,    1000.00,    4.92229,    0.19838,    0.19869,    6744.80,    6755.80,       0.00,      68.49,     106.37,     969.10,      11.63,      50.76,     666.20
STD,       0.00,    0.00465,    0.00244,    0.00357,      82.86,     117.70,       0.00,      11.56,      19.22,     203.03,       4.11,      13.83,     167.96
