switches: 98 
p: 6 
servers: 588 
WARNING: nways has no sense in indirect topologies
         Setting nways to 1!!!
WARNING: Using global congestion control with neither TORUS nor MESH topology
         Setting update_period to 1 cycles!!!
      clock, injload, accload,  avgdel,  stddel, maxdel, inj. limit, cur. occup.

       1000, 0.51040, 0.41110,  175.84,   97.09,    617,        960,        124
       2000, 0.46080, 0.40973,  217.33,  109.34,    680,        960,        133
       3000, 0.44693, 0.41065,  231.88,  105.97,    680,        960,        134
       4000, 0.43560, 0.40894,  242.29,  108.36,    767,        960,        135
       5000, 0.42872, 0.40723,  248.22,  108.77,    767,        960,        137
       6000, 0.42573, 0.40747,  251.74,  108.60,    767,        960,        140
       7000, 0.40440, 0.40570,  268.38,   97.57,    650,        960,        142
       8000, 0.40240, 0.40220,  277.78,   99.42,    681,        960,        136
       9000, 0.40400, 0.40500,  263.66,   98.75,    695,        960,        140
      10000, 0.39880, 0.40230,  275.37,  106.17,    689,        960,        136
      11000, 0.41000, 0.40640,  267.99,  106.53,    721,        960,        140
      12000, 0.41040, 0.40605,  271.77,  104.64,    772,        960,        140

 ---------------------------------------------
                Warmed Up !!!!!!               
 ---------------------------------------------

      13000, 0.40520, 0.40345,  267.33,   87.88,    592,        960,        143
Batch 0, 1000, 4.950495, 0.405200, 0.403450, 1013.000000, 1010.000000, 0.000000, 267.331683, 87.880922, 592, 133.023762, 52.743159, 369

      14000, 0.40400, 0.41045,  270.33,  107.31,    760,        960,        139
Batch 1, 1000, 4.953125, 0.404000, 0.410450, 1010.000000, 1024.000000, 0.000000, 270.326172, 107.306438, 760, 133.041992, 66.180706, 519

      15000, 0.41120, 0.40860,  263.51,   97.27,    709,        960,        141
Batch 2, 1000, 4.946131, 0.411200, 0.408600, 1028.000000, 1021.000000, 0.000000, 263.514202, 97.270439, 709, 130.035260, 58.260139, 397

      16000, 0.41320, 0.41270,  263.44,  101.81,    688,        960,        140
Batch 3, 1000, 4.948693, 0.413200, 0.412700, 1033.000000, 1033.000000, 0.000000, 263.438529, 101.810226, 688, 130.123911, 61.519441, 439

      17000, 0.40200, 0.40500,  272.82,   99.47,    664,        960,        138
Batch 4, 1000, 4.941757, 0.402000, 0.405000, 1005.000000, 1013.000000, 0.000000, 272.824284, 99.473022, 664, 134.377098, 58.457984, 452

      18000, 0.41320, 0.41150,  265.58,   96.00,    679,        960,        138
Batch 5, 1000, 4.946498, 0.413200, 0.411500, 1033.000000, 1028.000000, 0.000000, 265.584630, 95.995931, 679, 131.074903, 58.032084, 456

      19000, 0.40200, 0.40460,  273.14,  104.88,    729,        960,        140
Batch 6, 1000, 4.936821, 0.402000, 0.404600, 1005.000000, 1013.000000, 0.000000, 273.140178, 104.878162, 729, 134.353406, 58.726585, 407

      20000, 0.40400, 0.40425,  266.94,  106.17,    625,        960,        135
Batch 7, 1000, 4.942574, 0.404000, 0.404250, 1010.000000, 1010.000000, 0.000000, 266.938614, 106.168416, 625, 130.991089, 64.135240, 431

      21000, 0.41240, 0.41885,  263.32,   91.86,    600,        960,        131
Batch 8, 1000, 4.947419, 0.412400, 0.418850, 1031.000000, 1046.000000, 0.000000, 263.321224, 91.859848, 600, 128.404398, 52.090535, 376

      22000, 0.41520, 0.40490,  263.41,   97.46,    639,        960,        136
Batch 9, 1000, 4.945652, 0.415200, 0.404900, 1038.000000, 1012.000000, 0.000000, 263.408103, 97.462455, 639, 132.023715, 53.295673, 336


===============================================================================================================================================================

Program Started at:               Wed May 13 11:20:42 2026
Execution completed at:           Wed May 13 11:20:44 2026
On machine:                       pop-os
Simulation clock (cycles/us):     22000    140.800
Total execution time:             2 secs
Cycles per Second:                11000.000000

Random seed:                      13

Topology, uni(1)/bidir(2):        megafly(1)Random link failures:             0

Operation modes Inj-Req-Arb-Con:  shortest other random multiple
Traf./Inj. queue len (pkt/ph):    4/32, 4/32, 1 injectors
VC management:                    dragonfly-dally, 3 VCs; 
VCs used:                         1

Routing in multistage network:    static
Parallel injection:               YES
Dropping/Extracting packets:      NO       NO

Global congestion control:        gcc=100%, update_period=1
In-transit priority, bub. to ad:  0.000000, NO

Traffic pattern:                  shuffle at load 0.80000, packets of 8 phits
Trigger rate, packets triggered:  0.00000     0
Warm Up Period Prov., Used:       5000 + 15000, 12000
Conv. sampling period, threshold: 1000, 0.050000
Sample count, size, min pkts:     10 x 1000, 0

===============================================================================================================================================================

  #,  BatchTime, AvDistance,    InjLoad,    AccLoad, PacketSent, PacketRcvd, PacketDrop,   AvgDelay, StDevDelay,   MaxDelay,  InjAvgDel, InjStDvDel,  InjMaxDel
  0,       1000,    4.95050,    0.40520,    0.40345,       1013,       1010,          0,     267.33,      87.88,        592,     133.02,      52.74,        369
  1,       1000,    4.95312,    0.40400,    0.41045,       1010,       1024,          0,     270.33,     107.31,        760,     133.04,      66.18,        519
  2,       1000,    4.94613,    0.41120,    0.40860,       1028,       1021,          0,     263.51,      97.27,        709,     130.04,      58.26,        397
  3,       1000,    4.94869,    0.41320,    0.41270,       1033,       1033,          0,     263.44,     101.81,        688,     130.12,      61.52,        439
  4,       1000,    4.94176,    0.40200,    0.40500,       1005,       1013,          0,     272.82,      99.47,        664,     134.38,      58.46,        452
  5,       1000,    4.94650,    0.41320,    0.41150,       1033,       1028,          0,     265.58,      96.00,        679,     131.07,      58.03,        456
  6,       1000,    4.93682,    0.40200,    0.40460,       1005,       1013,          0,     273.14,     104.88,        729,     134.35,      58.73,        407
  7,       1000,    4.94257,    0.40400,    0.40425,       1010,       1010,          0,     266.94,     106.17,        625,     130.99,      64.14,        431
  8,       1000,    4.94742,    0.41240,    0.41885,       1031,       1046,          0,     263.32,      91.86,        600,     128.40,      52.09,        376
  9,       1000,    4.94565,    0.41520,    0.40490,       1038,       1012,          0,     263.41,      97.46,        639,     132.02,      53.30,        336

AVG,    1000.00,    4.94592,    0.40824,    0.40843,    1020.60,    1021.00,       0.00,     266.98,      99.01,     668.50,     131.74,      58.34,     418.20
STD,       0.00,    0.00465,    0.00524,    0.00496,      13.09,      11.92,       0.00,       3.89,       6.25,      55.27,       1.97,       4.73,      52.56
