switches: 98 
p: 6 
servers: 588 
WARNING: nways has no sense in indirect topologies
         Setting nways to 1!!!
WARNING: Using global congestion control with neither TORUS nor MESH topology
         Setting update_period to 1 cycles!!!
      clock, injload, accload,  avgdel,  stddel, maxdel, inj. limit, cur. occup.

       1000, 0.19728, 0.18942,   28.25,   27.99,    320,      31200,        650
       2000, 0.19658, 0.18916,   44.42,   67.42,    922,      31200,       1010
       3000, 0.19697, 0.18897,   60.07,   96.07,   1354,      31200,       1464
       4000, 0.19593, 0.18894,   80.32,  126.41,   1409,      31200,       1613
       5000, 0.19526, 0.18895,   96.13,  146.77,   1409,      31200,       1841
       6000, 0.19403, 0.18806,  109.57,  160.64,   1511,      31200,       1913
       7000, 0.18871, 0.18890,  191.95,  221.17,   1818,      31200,       1798
       8000, 0.18894, 0.19509,  182.26,  219.65,   1657,      31200,       1626
       9000, 0.18960, 0.18874,  165.98,  195.30,   1242,      31200,       1726
      10000, 0.19295, 0.19678,  153.86,  183.35,   1323,      31200,       1589
      11000, 0.19563, 0.19716,  140.23,  178.18,   1361,      31200,       1493
      12000, 0.19243, 0.18700,  140.86,  183.01,   1364,      31200,       1680
      13000, 0.18729, 0.18522,  163.79,  198.51,   1521,      31200,       1737
      14000, 0.19138, 0.19250,  170.64,  210.11,   1501,      31200,       1769
      15000, 0.18923, 0.19027,  171.31,  211.61,   1755,      31200,       1760
      16000, 0.19218, 0.19101,  168.08,  198.10,   1436,      31200,       1834

 ---------------------------------------------
                Warmed Up !!!!!!               
 ---------------------------------------------

      17000, 0.19153, 0.18721,  175.04,  196.56,   1527,      31200,       1949
Batch 0, 1000, 4.948649, 0.191532, 0.187212, 15562.000000, 15209.000000, 0.000000, 175.044908, 196.561413, 1527, 55.326977, 119.079285, 1242

      18000, 0.19017, 0.19123,  187.49,  220.82,   1672,      31200,       1924
Batch 1, 1000, 4.946268, 0.190166, 0.191231, 15451.000000, 15540.000000, 0.000000, 187.486100, 220.823731, 1672, 66.096976, 140.560246, 1496

      19000, 0.19058, 0.18898,  186.67,  217.64,   1848,      31200,       1948
Batch 2, 1000, 4.950247, 0.190585, 0.188983, 15485.000000, 15356.000000, 0.000000, 186.668924, 217.642210, 1848, 65.205653, 136.399663, 1147

      20000, 0.18750, 0.18986,  190.28,  215.79,   1685,      31200,       1845
Batch 3, 1000, 4.951047, 0.187495, 0.189862, 15234.000000, 15423.000000, 0.000000, 190.278156, 215.786530, 1685, 66.963885, 133.731631, 976

      21000, 0.19291, 0.19962,  164.30,  204.37,   1709,      31200,       1618
Batch 4, 1000, 4.951122, 0.192911, 0.199620, 15674.000000, 16224.000000, 0.000000, 164.298817, 204.368576, 1709, 51.011958, 122.045091, 1078

      22000, 0.19360, 0.19077,  146.85,  180.38,   1816,      31200,       1699
Batch 5, 1000, 4.953085, 0.193600, 0.190771, 15730.000000, 15496.000000, 0.000000, 146.854479, 180.383301, 1816, 41.933338, 107.675381, 1418

      23000, 0.19196, 0.18872,  159.69,  180.81,   1481,      31200,       1823
Batch 6, 1000, 4.955272, 0.191963, 0.188725, 15597.000000, 15337.000000, 0.000000, 159.688466, 180.806961, 1481, 49.763057, 109.880733, 1046

      24000, 0.19065, 0.19341,  172.43,  202.24,   1570,      31200,       1796
Batch 7, 1000, 4.950051, 0.190646, 0.193412, 15490.000000, 15716.000000, 0.000000, 172.429244, 202.244114, 1570, 54.883240, 123.948357, 1252

      25000, 0.19191, 0.19215,  162.13,  187.99,   1336,      31200,       1758
Batch 8, 1000, 4.949910, 0.191914, 0.192146, 15593.000000, 15592.000000, 0.000000, 162.128592, 187.986359, 1336, 50.278925, 114.434680, 989

      26000, 0.18983, 0.18620,  166.47,  198.85,   1384,      31200,       1836
Batch 9, 1000, 4.952016, 0.189834, 0.186200, 15424.000000, 15151.000000, 0.000000, 166.466108, 198.852758, 1384, 55.703518, 122.857055, 1191


===============================================================================================================================================================

Program Started at:               Wed May 13 11:21:27 2026
Execution completed at:           Wed May 13 11:23:55 2026
On machine:                       pop-os
Simulation clock (cycles/us):     26000    166.400
Total execution time:             2 mins, 28 secs
Cycles per Second:                175.675676

Random seed:                      13

Topology, uni(1)/bidir(2):        megafly(1)Random link failures:             0

Operation modes Inj-Req-Arb-Con:  shortest other random multiple
Traf./Inj. queue len (pkt/ph):    4/32, 4/32, 1 injectors
VC management:                    dragonfly-dally, 3 VCs; 
VCs used:                         1

Routing in multistage network:    static
Parallel injection:               YES
Dropping/Extracting packets:      NO       NO

Global congestion control:        gcc=100%, update_period=1
In-transit priority, bub. to ad:  0.000000, NO

Traffic pattern:                  hotregion at load 0.20000, packets of 8 phits
Trigger rate, packets triggered:  0.00000     0
Warm Up Period Prov., Used:       5000 + 15000, 16000
Conv. sampling period, threshold: 1000, 0.050000
Sample count, size, min pkts:     10 x 1000, 0

===============================================================================================================================================================

  #,  BatchTime, AvDistance,    InjLoad,    AccLoad, PacketSent, PacketRcvd, PacketDrop,   AvgDelay, StDevDelay,   MaxDelay,  InjAvgDel, InjStDvDel,  InjMaxDel
  0,       1000,    4.94865,    0.19153,    0.18721,      15562,      15209,          0,     175.04,     196.56,       1527,      55.33,     119.08,       1242
  1,       1000,    4.94627,    0.19017,    0.19123,      15451,      15540,          0,     187.49,     220.82,       1672,      66.10,     140.56,       1496
  2,       1000,    4.95025,    0.19058,    0.18898,      15485,      15356,          0,     186.67,     217.64,       1848,      65.21,     136.40,       1147
  3,       1000,    4.95105,    0.18750,    0.18986,      15234,      15423,          0,     190.28,     215.79,       1685,      66.96,     133.73,        976
  4,       1000,    4.95112,    0.19291,    0.19962,      15674,      16224,          0,     164.30,     204.37,       1709,      51.01,     122.05,       1078
  5,       1000,    4.95308,    0.19360,    0.19077,      15730,      15496,          0,     146.85,     180.38,       1816,      41.93,     107.68,       1418
  6,       1000,    4.95527,    0.19196,    0.18872,      15597,      15337,          0,     159.69,     180.81,       1481,      49.76,     109.88,       1046
  7,       1000,    4.95005,    0.19065,    0.19341,      15490,      15716,          0,     172.43,     202.24,       1570,      54.88,     123.95,       1252
  8,       1000,    4.94991,    0.19191,    0.19215,      15593,      15592,          0,     162.13,     187.99,       1336,      50.28,     114.43,        989
  9,       1000,    4.95202,    0.18983,    0.18620,      15424,      15151,          0,     166.47,     198.85,       1384,      55.70,     122.86,       1191

AVG,    1000.00,    4.95077,    0.19106,    0.19082,   15524.00,   15504.40,       0.00,     171.13,     200.55,    1602.80,      55.72,     123.06,    1183.50
STD,       0.00,    0.00244,    0.00173,    0.00379,     140.86,     305.58,       0.00,      13.99,      14.63,     172.92,       8.18,      11.06,     174.19
