switches: 98 
p: 6 
servers: 588 
WARNING: nways has no sense in indirect topologies
         Setting nways to 1!!!
WARNING: Using global congestion control with neither TORUS nor MESH topology
         Setting update_period to 1 cycles!!!
      clock, injload, accload,  avgdel,  stddel, maxdel, inj. limit, cur. occup.

       1000, 0.23159, 0.13039,  362.78,  225.77,    919,      13056,       1346
       2000, 0.18104, 0.13045,  561.44,  310.52,   1839,      13056,       1343
       3000, 0.16450, 0.13080,  632.01,  317.79,   2014,      13056,       1348
       4000, 0.15637, 0.13105,  666.61,  312.77,   2014,      13056,       1346
       5000, 0.15124, 0.13105,  689.17,  309.06,   2146,      13056,       1345
       6000, 0.14794, 0.13108,  702.15,  304.43,   2146,      13056,       1350
       7000, 0.13100, 0.13119,  781.52,  275.96,   1897,      13056,       1346
       8000, 0.13165, 0.13181,  764.78,  265.74,   1649,      13056,       1345
       9000, 0.13159, 0.13128,  777.37,  269.60,   1609,      13056,       1344
      10000, 0.13085, 0.13066,  772.74,  262.84,   1761,      13056,       1341

 ---------------------------------------------
                Warmed Up !!!!!!               
 ---------------------------------------------

      11000, 0.13182, 0.13180,  773.72,  267.52,   1833,      13056,       1346
Batch 0, 1000, 4.883114, 0.131824, 0.131801, 4482.000000, 4483.000000, 0.000000, 773.720723, 267.522392, 1833, 471.233995, 197.880593, 1447

      12000, 0.13041, 0.13062,  771.69,  270.34,   1725,      13056,       1344
Batch 1, 1000, 4.885837, 0.130412, 0.130621, 4434.000000, 4441.000000, 0.000000, 771.693087, 270.335153, 1725, 471.781581, 199.667418, 1331

      13000, 0.13079, 0.13102,  774.83,  276.67,   1976,      13056,       1343
Batch 2, 1000, 4.873119, 0.130794, 0.131022, 4447.000000, 4453.000000, 0.000000, 774.832922, 276.674765, 1976, 472.535369, 205.702754, 1599

      14000, 0.13176, 0.13169,  770.74,  281.19,   2032,      13056,       1343
Batch 3, 1000, 4.874944, 0.131765, 0.131688, 4480.000000, 4478.000000, 0.000000, 770.740956, 281.186172, 2032, 471.134435, 204.098791, 1479

      15000, 0.13129, 0.13111,  772.09,  278.37,   1841,      13056,       1342
Batch 4, 1000, 4.879767, 0.131294, 0.131114, 4464.000000, 4458.000000, 0.000000, 772.086137, 278.369834, 1841, 470.403993, 205.777551, 1175

      16000, 0.13032, 0.13050,  779.81,  272.17,   1720,      13056,       1341
Batch 5, 1000, 4.885534, 0.130324, 0.130504, 4431.000000, 4438.000000, 0.000000, 779.805768, 272.172168, 1720, 475.913475, 201.732142, 1311

      17000, 0.13153, 0.13136,  771.99,  280.63,   1824,      13056,       1342
Batch 6, 1000, 4.885382, 0.131529, 0.131360, 4472.000000, 4467.000000, 0.000000, 771.993956, 280.632564, 1824, 470.890083, 207.324618, 1375

      18000, 0.13071, 0.13098,  772.67,  284.16,   2016,      13056,       1346
Batch 7, 1000, 4.877978, 0.130706, 0.130982, 4444.000000, 4450.000000, 0.000000, 772.668090, 284.161379, 2016, 471.612584, 212.624552, 1519

      19000, 0.13153, 0.13126,  772.42,  283.83,   1808,      13056,       1341
Batch 8, 1000, 4.879955, 0.131529, 0.131265, 4472.000000, 4465.000000, 0.000000, 772.417693, 283.833682, 1808, 471.354759, 206.627639, 1265

      20000, 0.13112, 0.13099,  773.58,  277.16,   1923,      13056,       1345
Batch 9, 1000, 4.875814, 0.131118, 0.130993, 4458.000000, 4453.000000, 0.000000, 773.583651, 277.162099, 1923, 472.176959, 206.202811, 1327


===============================================================================================================================================================

Program Started at:               Wed May 13 11:20:44 2026
Execution completed at:           Wed May 13 11:21:28 2026
On machine:                       pop-os
Simulation clock (cycles/us):     20000    128.000
Total execution time:             44 secs
Cycles per Second:                454.545455

Random seed:                      13

Topology, uni(1)/bidir(2):        megafly(1)Random link failures:             0

Operation modes Inj-Req-Arb-Con:  shortest other random multiple
Traf./Inj. queue len (pkt/ph):    4/32, 4/32, 1 injectors
VC management:                    dragonfly-dally, 3 VCs; 
VCs used:                         1

Routing in multistage network:    static
Parallel injection:               YES
Dropping/Extracting packets:      NO       NO

Global congestion control:        gcc=100%, update_period=1
In-transit priority, bub. to ad:  0.000000, NO

Traffic pattern:                  shuffle at load 0.60000, packets of 8 phits
Trigger rate, packets triggered:  0.00000     0
Warm Up Period Prov., Used:       5000 + 15000, 10000
Conv. sampling period, threshold: 1000, 0.050000
Sample count, size, min pkts:     10 x 1000, 0

===============================================================================================================================================================

  #,  BatchTime, AvDistance,    InjLoad,    AccLoad, PacketSent, PacketRcvd, PacketDrop,   AvgDelay, StDevDelay,   MaxDelay,  InjAvgDel, InjStDvDel,  InjMaxDel
  0,       1000,    4.88311,    0.13182,    0.13180,       4482,       4483,          0,     773.72,     267.52,       1833,     471.23,     197.88,       1447
  1,       1000,    4.88584,    0.13041,    0.13062,       4434,       4441,          0,     771.69,     270.34,       1725,     471.78,     199.67,       1331
  2,       1000,    4.87312,    0.13079,    0.13102,       4447,       4453,          0,     774.83,     276.67,       1976,     472.54,     205.70,       1599
  3,       1000,    4.87494,    0.13176,    0.13169,       4480,       4478,          0,     770.74,     281.19,       2032,     471.13,     204.10,       1479
  4,       1000,    4.87977,    0.13129,    0.13111,       4464,       4458,          0,     772.09,     278.37,       1841,     470.40,     205.78,       1175
  5,       1000,    4.88553,    0.13032,    0.13050,       4431,       4438,          0,     779.81,     272.17,       1720,     475.91,     201.73,       1311
  6,       1000,    4.88538,    0.13153,    0.13136,       4472,       4467,          0,     771.99,     280.63,       1824,     470.89,     207.32,       1375
  7,       1000,    4.87798,    0.13071,    0.13098,       4444,       4450,          0,     772.67,     284.16,       2016,     471.61,     212.62,       1519
  8,       1000,    4.87996,    0.13153,    0.13126,       4472,       4465,          0,     772.42,     283.83,       1808,     471.35,     206.63,       1265
  9,       1000,    4.87581,    0.13112,    0.13099,       4458,       4453,          0,     773.58,     277.16,       1923,     472.18,     206.20,       1327

AVG,    1000.00,    4.88014,    0.13113,    0.13113,    4458.40,    4458.60,       0.00,     773.35,     277.21,    1869.80,     471.90,     204.76,    1382.80
STD,       0.00,    0.00469,    0.00055,    0.00041,      18.58,      14.74,       0.00,       2.55,       5.66,     112.20,       1.54,       4.20,     127.69
