switches: 98 
p: 6 
servers: 588 
WARNING: nways has no sense in indirect topologies
         Setting nways to 1!!!
WARNING: Using global congestion control with neither TORUS nor MESH topology
         Setting update_period to 1 cycles!!!
      clock, injload, accload,  avgdel,  stddel, maxdel, inj. limit, cur. occup.

       1000, 0.31302, 0.21290,  238.12,  191.48,    923,      31200,       3376
       2000, 0.25465, 0.20483,  367.93,  256.95,   1632,      31200,       3384
       3000, 0.23571, 0.20253,  413.34,  270.06,   1862,      31200,       3334
       4000, 0.22602, 0.20118,  438.05,  272.88,   2107,      31200,       3379
       5000, 0.21815, 0.19817,  454.23,  274.21,   2121,      31200,       3320
       6000, 0.21336, 0.19667,  468.40,  278.65,   2268,      31200,       3407
       7000, 0.18903, 0.18898,  526.28,  274.22,   2282,      31200,       3331
       8000, 0.19452, 0.19458,  526.32,  277.14,   1995,      31200,       3320
       9000, 0.19370, 0.19380,  517.70,  259.20,   2070,      31200,       3304
      10000, 0.19482, 0.19492,  520.49,  278.94,   2306,      31200,       3364

 ---------------------------------------------
                Warmed Up !!!!!!               
 ---------------------------------------------

      11000, 0.18471, 0.18495,  523.76,  268.09,   1894,      31200,       3314
Batch 0, 1000, 4.950532, 0.184714, 0.184948, 15008.000000, 15040.000000, 0.000000, 523.764960, 268.089757, 1894, 309.525066, 207.480796, 1586

      12000, 0.19487, 0.19469,  532.78,  289.15,   2317,      31200,       3345
Batch 1, 1000, 4.949468, 0.194868, 0.194686, 15833.000000, 15792.000000, 0.000000, 532.775836, 289.153566, 2317, 313.639564, 219.255458, 1961

      13000, 0.19285, 0.19274,  526.51,  270.26,   1996,      31200,       3380
Batch 2, 1000, 4.947711, 0.192849, 0.192735, 15669.000000, 15682.000000, 0.000000, 526.512690, 270.261387, 1996, 309.786634, 207.607584, 1698

      14000, 0.19269, 0.19300,  521.27,  263.46,   1988,      31200,       3390
Batch 3, 1000, 4.948013, 0.192689, 0.192995, 15656.000000, 15677.000000, 0.000000, 521.266952, 263.464264, 1988, 308.046501, 202.771754, 1705

      15000, 0.19900, 0.19874,  509.25,  258.96,   2250,      31200,       3346
Batch 4, 1000, 4.952056, 0.199003, 0.198745, 16169.000000, 16144.000000, 0.000000, 509.248328, 258.955255, 2250, 297.264123, 198.396098, 1554

      16000, 0.19499, 0.19479,  507.42,  257.09,   1917,      31200,       3373
Batch 5, 1000, 4.947865, 0.194991, 0.194786, 15843.000000, 15805.000000, 0.000000, 507.424549, 257.090005, 1917, 299.187599, 196.510942, 1704

      17000, 0.18926, 0.18911,  523.60,  269.75,   1908,      31200,       3337
Batch 6, 1000, 4.949123, 0.189255, 0.189112, 15377.000000, 15390.000000, 0.000000, 523.603249, 269.745119, 1908, 309.926771, 207.003511, 1433

      18000, 0.19810, 0.19868,  521.19,  278.53,   1931,      31200,       3315
Batch 7, 1000, 4.948510, 0.198105, 0.198678, 16096.000000, 16139.000000, 0.000000, 521.191524, 278.531340, 1931, 305.917219, 212.426331, 1354

      19000, 0.20146, 0.20130,  500.25,  266.83,   1984,      31200,       3387
Batch 8, 1000, 4.952014, 0.201465, 0.201302, 16369.000000, 16338.000000, 0.000000, 500.254131, 266.828687, 1984, 293.637838, 202.830329, 1583

      20000, 0.19087, 0.19042,  513.81,  261.86,   2147,      31200,       3357
Batch 9, 1000, 4.953717, 0.190868, 0.190415, 15508.000000, 15470.000000, 0.000000, 513.808791, 261.856585, 2147, 303.514997, 200.384102, 1758


===============================================================================================================================================================

Program Started at:               Wed May 13 11:21:28 2026
Execution completed at:           Wed May 13 11:23:29 2026
On machine:                       pop-os
Simulation clock (cycles/us):     20000    128.000
Total execution time:             2 mins, 1 secs
Cycles per Second:                165.289256

Random seed:                      13

Topology, uni(1)/bidir(2):        megafly(1)Random link failures:             0

Operation modes Inj-Req-Arb-Con:  shortest other random multiple
Traf./Inj. queue len (pkt/ph):    4/32, 4/32, 1 injectors
VC management:                    dragonfly-dally, 3 VCs; 
VCs used:                         1

Routing in multistage network:    static
Parallel injection:               YES
Dropping/Extracting packets:      NO       NO

Global congestion control:        gcc=100%, update_period=1
In-transit priority, bub. to ad:  0.000000, NO

Traffic pattern:                  hotregion at load 0.60000, packets of 8 phits
Trigger rate, packets triggered:  0.00000     0
Warm Up Period Prov., Used:       5000 + 15000, 10000
Conv. sampling period, threshold: 1000, 0.050000
Sample count, size, min pkts:     10 x 1000, 0

===============================================================================================================================================================

  #,  BatchTime, AvDistance,    InjLoad,    AccLoad, PacketSent, PacketRcvd, PacketDrop,   AvgDelay, StDevDelay,   MaxDelay,  InjAvgDel, InjStDvDel,  InjMaxDel
  0,       1000,    4.95053,    0.18471,    0.18495,      15008,      15040,          0,     523.76,     268.09,       1894,     309.53,     207.48,       1586
  1,       1000,    4.94947,    0.19487,    0.19469,      15833,      15792,          0,     532.78,     289.15,       2317,     313.64,     219.26,       1961
  2,       1000,    4.94771,    0.19285,    0.19274,      15669,      15682,          0,     526.51,     270.26,       1996,     309.79,     207.61,       1698
  3,       1000,    4.94801,    0.19269,    0.19300,      15656,      15677,          0,     521.27,     263.46,       1988,     308.05,     202.77,       1705
  4,       1000,    4.95206,    0.19900,    0.19874,      16169,      16144,          0,     509.25,     258.96,       2250,     297.26,     198.40,       1554
  5,       1000,    4.94786,    0.19499,    0.19479,      15843,      15805,          0,     507.42,     257.09,       1917,     299.19,     196.51,       1704
  6,       1000,    4.94912,    0.18926,    0.18911,      15377,      15390,          0,     523.60,     269.75,       1908,     309.93,     207.00,       1433
  7,       1000,    4.94851,    0.19810,    0.19868,      16096,      16139,          0,     521.19,     278.53,       1931,     305.92,     212.43,       1354
  8,       1000,    4.95201,    0.20146,    0.20130,      16369,      16338,          0,     500.25,     266.83,       1984,     293.64,     202.83,       1583
  9,       1000,    4.95372,    0.19087,    0.19042,      15508,      15470,          0,     513.81,     261.86,       2147,     303.51,     200.38,       1758

AVG,    1000.00,    4.94990,    0.19388,    0.19384,   15752.80,   15747.70,       0.00,     517.99,     268.40,    2033.20,     305.04,     205.47,    1633.60
STD,       0.00,    0.00209,    0.00495,    0.00494,     402.43,     391.45,       0.00,       9.98,       9.58,     151.05,       6.48,       6.83,     172.06
