switches: 98 
p: 6 
servers: 588 
WARNING: nways has no sense in indirect topologies
         Setting nways to 1!!!
WARNING: Using global congestion control with neither TORUS nor MESH topology
         Setting update_period to 1 cycles!!!
      clock, injload, accload,  avgdel,  stddel, maxdel, inj. limit, cur. occup.

       1000, 0.19847, 0.19544,   16.84,    6.34,     74,      31200,        283
       2000, 0.19954, 0.19822,   16.96,    6.46,     74,      31200,        246
       3000, 0.19975, 0.19889,   17.01,    6.52,     74,      31200,        260
       4000, 0.19944, 0.19885,   17.00,    6.55,     75,      31200,        232
       5000, 0.19996, 0.19940,   17.03,    6.58,     75,      31200,        283
       6000, 0.20022, 0.19978,   17.04,    6.59,     87,      31200,        256
       7000, 0.19957, 0.19924,   16.97,    6.53,     87,      31200,        279
       8000, 0.20201, 0.20217,   17.13,    6.81,     73,      31200,        286
       9000, 0.19794, 0.19816,   17.01,    6.58,     69,      31200,        246

 ---------------------------------------------
                Warmed Up !!!!!!               
 ---------------------------------------------

      10000, 0.20122, 0.20124,   17.16,    6.61,     72,      31200,        259
Batch 0, 1000, 4.954665, 0.201218, 0.201240, 16349.000000, 16345.000000, 0.000000, 17.159437, 6.614029, 72, 0.941695, 2.410506, 28

      11000, 0.19815, 0.19836,   16.99,    6.61,     72,      31200,        243
Batch 1, 1000, 4.950673, 0.198154, 0.198360, 16100.000000, 16117.000000, 0.000000, 16.989886, 6.612550, 72, 0.895824, 2.356532, 30

      12000, 0.20085, 0.20047,   17.05,    6.51,     69,      31200,        279
Batch 2, 1000, 4.952548, 0.200849, 0.200474, 16319.000000, 16290.000000, 0.000000, 17.045181, 6.509148, 69, 0.858441, 2.216608, 23

      13000, 0.19975, 0.19992,   17.04,    6.63,     70,      31200,        247
Batch 3, 1000, 4.954892, 0.199754, 0.199922, 16230.000000, 16250.000000, 0.000000, 17.035077, 6.629602, 70, 0.888677, 2.275228, 24

      14000, 0.20016, 0.19988,   17.01,    6.56,     77,      31200,        272
Batch 4, 1000, 4.951383, 0.200160, 0.199882, 16263.000000, 16229.000000, 0.000000, 17.007579, 6.555569, 77, 0.884897, 2.301833, 26

      15000, 0.19913, 0.19904,   17.04,    6.72,     82,      31200,        271
Batch 5, 1000, 4.948563, 0.199126, 0.199035, 16179.000000, 16175.000000, 0.000000, 17.035611, 6.723889, 82, 0.860773, 2.220314, 19

      16000, 0.20167, 0.20181,   17.03,    6.49,     66,      31200,        263
Batch 6, 1000, 4.949512, 0.201674, 0.201806, 16386.000000, 16400.000000, 0.000000, 17.028659, 6.494419, 66, 0.854634, 2.215582, 26

      17000, 0.20023, 0.20056,   17.05,    6.56,     70,      31200,        248
Batch 7, 1000, 4.949497, 0.200234, 0.200555, 16269.000000, 16296.000000, 0.000000, 17.046085, 6.561113, 70, 0.857020, 2.230818, 26

      18000, 0.20026, 0.20020,   17.13,    6.70,     67,      31200,        261
Batch 8, 1000, 4.953260, 0.200258, 0.200197, 16271.000000, 16260.000000, 0.000000, 17.129336, 6.696669, 67, 0.900246, 2.303929, 26

      19000, 0.20047, 0.20010,   17.06,    6.60,     80,      31200,        272
Batch 9, 1000, 4.950594, 0.200468, 0.200100, 16288.000000, 16253.000000, 0.000000, 17.056728, 6.595657, 80, 0.891835, 2.322135, 28


===============================================================================================================================================================

Program Started at:               Wed May 13 11:21:19 2026
Execution completed at:           Wed May 13 11:23:03 2026
On machine:                       pop-os
Simulation clock (cycles/us):     19000    121.600
Total execution time:             1 mins, 44 secs
Cycles per Second:                182.692308

Random seed:                      13

Topology, uni(1)/bidir(2):        megafly(1)Random link failures:             0

Operation modes Inj-Req-Arb-Con:  shortest other random multiple
Traf./Inj. queue len (pkt/ph):    4/32, 4/32, 1 injectors
VC management:                    dragonfly-dally, 3 VCs; 
VCs used:                         1

Routing in multistage network:    static
Parallel injection:               YES
Dropping/Extracting packets:      NO       NO

Global congestion control:        gcc=100%, update_period=1
In-transit priority, bub. to ad:  0.000000, NO

Traffic pattern:                  uniform at load 0.20000, packets of 8 phits
Trigger rate, packets triggered:  0.00000     0
Warm Up Period Prov., Used:       5000 + 15000, 9000
Conv. sampling period, threshold: 1000, 0.050000
Sample count, size, min pkts:     10 x 1000, 0

===============================================================================================================================================================

  #,  BatchTime, AvDistance,    InjLoad,    AccLoad, PacketSent, PacketRcvd, PacketDrop,   AvgDelay, StDevDelay,   MaxDelay,  InjAvgDel, InjStDvDel,  InjMaxDel
  0,       1000,    4.95467,    0.20122,    0.20124,      16349,      16345,          0,      17.16,       6.61,         72,       0.94,       2.41,         28
  1,       1000,    4.95067,    0.19815,    0.19836,      16100,      16117,          0,      16.99,       6.61,         72,       0.90,       2.36,         30
  2,       1000,    4.95255,    0.20085,    0.20047,      16319,      16290,          0,      17.05,       6.51,         69,       0.86,       2.22,         23
  3,       1000,    4.95489,    0.19975,    0.19992,      16230,      16250,          0,      17.04,       6.63,         70,       0.89,       2.28,         24
  4,       1000,    4.95138,    0.20016,    0.19988,      16263,      16229,          0,      17.01,       6.56,         77,       0.88,       2.30,         26
  5,       1000,    4.94856,    0.19913,    0.19904,      16179,      16175,          0,      17.04,       6.72,         82,       0.86,       2.22,         19
  6,       1000,    4.94951,    0.20167,    0.20181,      16386,      16400,          0,      17.03,       6.49,         66,       0.85,       2.22,         26
  7,       1000,    4.94950,    0.20023,    0.20056,      16269,      16296,          0,      17.05,       6.56,         70,       0.86,       2.23,         26
  8,       1000,    4.95326,    0.20026,    0.20020,      16271,      16260,          0,      17.13,       6.70,         67,       0.90,       2.30,         26
  9,       1000,    4.95059,    0.20047,    0.20010,      16288,      16253,          0,      17.06,       6.60,         80,       0.89,       2.32,         28

AVG,    1000.00,    4.95156,    0.20019,    0.20016,   16265.40,   16261.50,       0.00,      17.05,       6.60,      72.50,       0.88,       2.29,      25.60
STD,       0.00,    0.00221,    0.00101,    0.00099,      82.36,      80.13,       0.00,       0.05,       0.07,       5.42,       0.03,       0.07,       3.06
