switches: 98 
p: 6 
servers: 588 
WARNING: nways has no sense in indirect topologies
         Setting nways to 1!!!
WARNING: Using global congestion control with neither TORUS nor MESH topology
         Setting update_period to 1 cycles!!!
      clock, injload, accload,  avgdel,  stddel, maxdel, inj. limit, cur. occup.

       1000, 0.18727, 0.08636,  412.14,  262.71,    970,      31200,       3105
       2000, 0.13743, 0.08692,  717.52,  448.68,   1920,      31200,       3116
       3000, 0.12071, 0.08705,  863.35,  511.33,   2863,      31200,       3110
       4000, 0.11238, 0.08710,  938.58,  528.28,   3473,      31200,       3117
       5000, 0.10738, 0.08715,  982.52,  532.63,   3529,      31200,       3122
       6000, 0.10405, 0.08720, 1012.09,  533.49,   3569,      31200,       3118
       7000, 0.08775, 0.08764, 1163.16,  524.82,   3355,      31200,       3126
       8000, 0.08644, 0.08662, 1164.88,  495.46,   3425,      31200,       3122
       9000, 0.08720, 0.08721, 1158.92,  508.44,   3041,      31200,       3115
      10000, 0.08758, 0.08755, 1160.93,  515.19,   3601,      31200,       3115

 ---------------------------------------------
                Warmed Up !!!!!!               
 ---------------------------------------------

      11000, 0.08710, 0.08721, 1158.02,  505.70,   3888,      31200,       3112
Batch 0, 1000, 4.857284, 0.087102, 0.087212, 7077.000000, 7084.000000, 0.000000, 1158.023998, 505.704394, 3888, 717.097261, 359.694206, 2559

      12000, 0.08725, 0.08728, 1168.09,  510.15,   3665,      31200,       3115
Batch 1, 1000, 4.859701, 0.087249, 0.087275, 7089.000000, 7092.000000, 0.000000, 1168.092217, 510.145878, 3665, 724.376058, 362.250530, 2668

      13000, 0.08704, 0.08681, 1160.18,  495.20,   2978,      31200,       3117
Batch 2, 1000, 4.852020, 0.087040, 0.086811, 7072.000000, 7055.000000, 0.000000, 1160.178313, 495.204104, 2978, 718.705599, 350.483506, 2223

      14000, 0.08716, 0.08723, 1158.69,  506.97,   3273,      31200,       3113
Batch 3, 1000, 4.856357, 0.087163, 0.087226, 7082.000000, 7087.000000, 0.000000, 1158.694793, 506.967862, 3273, 719.797658, 365.243537, 2423

      15000, 0.08689, 0.08705, 1162.63,  515.74,   3226,      31200,       3115
Batch 4, 1000, 4.852376, 0.086892, 0.087046, 7060.000000, 7072.000000, 0.000000, 1162.633343, 515.737096, 3226, 723.483173, 371.872900, 2623

      16000, 0.08699, 0.08689, 1167.99,  512.13,   3424,      31200,       3119
Batch 5, 1000, 4.857872, 0.086991, 0.086891, 7068.000000, 7057.000000, 0.000000, 1167.990931, 512.125354, 3424, 721.351708, 360.921681, 2482

      17000, 0.08735, 0.08718, 1158.78,  507.31,   3441,      31200,       3122
Batch 6, 1000, 4.858877, 0.087348, 0.087177, 7097.000000, 7086.000000, 0.000000, 1158.783235, 507.308884, 3441, 718.788738, 365.349710, 2950

      18000, 0.08734, 0.08732, 1170.81,  509.77,   3479,      31200,       3121
Batch 7, 1000, 4.856660, 0.087335, 0.087323, 7096.000000, 7095.000000, 0.000000, 1170.812826, 509.773837, 3479, 726.385624, 364.715676, 2775

      19000, 0.08743, 0.08759, 1161.92,  494.51,   3831,      31200,       3115
Batch 8, 1000, 4.853350, 0.087434, 0.087591, 7104.000000, 7119.000000, 0.000000, 1161.923163, 494.506385, 3831, 715.595027, 349.302259, 2764

      20000, 0.08690, 0.08709, 1151.11,  499.88,   3492,      31200,       3113
Batch 9, 1000, 4.859041, 0.086905, 0.087089, 7061.000000, 7073.000000, 0.000000, 1151.110703, 499.883287, 3492, 717.390358, 358.586955, 2615


===============================================================================================================================================================

Program Started at:               Wed May 13 11:21:42 2026
Execution completed at:           Wed May 13 11:23:39 2026
On machine:                       pop-os
Simulation clock (cycles/us):     20000    128.000
Total execution time:             1 mins, 57 secs
Cycles per Second:                170.940171

Random seed:                      13

Topology, uni(1)/bidir(2):        megafly(1)Random link failures:             0

Operation modes Inj-Req-Arb-Con:  shortest other random multiple
Traf./Inj. queue len (pkt/ph):    4/32, 4/32, 1 injectors
VC management:                    dragonfly-dally, 3 VCs; 
VCs used:                         1

Routing in multistage network:    static
Parallel injection:               YES
Dropping/Extracting packets:      NO       NO

Global congestion control:        gcc=100%, update_period=1
In-transit priority, bub. to ad:  0.000000, NO

Traffic pattern:                  shuffle at load 0.80000, packets of 8 phits
Trigger rate, packets triggered:  0.00000     0
Warm Up Period Prov., Used:       5000 + 15000, 10000
Conv. sampling period, threshold: 1000, 0.050000
Sample count, size, min pkts:     10 x 1000, 0

===============================================================================================================================================================

  #,  BatchTime, AvDistance,    InjLoad,    AccLoad, PacketSent, PacketRcvd, PacketDrop,   AvgDelay, StDevDelay,   MaxDelay,  InjAvgDel, InjStDvDel,  InjMaxDel
  0,       1000,    4.85728,    0.08710,    0.08721,       7077,       7084,          0,    1158.02,     505.70,       3888,     717.10,     359.69,       2559
  1,       1000,    4.85970,    0.08725,    0.08728,       7089,       7092,          0,    1168.09,     510.15,       3665,     724.38,     362.25,       2668
  2,       1000,    4.85202,    0.08704,    0.08681,       7072,       7055,          0,    1160.18,     495.20,       2978,     718.71,     350.48,       2223
  3,       1000,    4.85636,    0.08716,    0.08723,       7082,       7087,          0,    1158.69,     506.97,       3273,     719.80,     365.24,       2423
  4,       1000,    4.85238,    0.08689,    0.08705,       7060,       7072,          0,    1162.63,     515.74,       3226,     723.48,     371.87,       2623
  5,       1000,    4.85787,    0.08699,    0.08689,       7068,       7057,          0,    1167.99,     512.13,       3424,     721.35,     360.92,       2482
  6,       1000,    4.85888,    0.08735,    0.08718,       7097,       7086,          0,    1158.78,     507.31,       3441,     718.79,     365.35,       2950
  7,       1000,    4.85666,    0.08734,    0.08732,       7096,       7095,          0,    1170.81,     509.77,       3479,     726.39,     364.72,       2775
  8,       1000,    4.85335,    0.08743,    0.08759,       7104,       7119,          0,    1161.92,     494.51,       3831,     715.60,     349.30,       2764
  9,       1000,    4.85904,    0.08690,    0.08709,       7061,       7073,          0,    1151.11,     499.88,       3492,     717.39,     358.59,       2615

AVG,    1000.00,    4.85635,    0.08715,    0.08716,    7080.60,    7082.00,       0.00,    1161.82,     505.74,    3469.70,     720.30,     360.84,    2608.20
STD,       0.00,    0.00282,    0.00019,    0.00022,      15.56,      18.91,       0.00,       5.87,       7.09,     276.28,       3.51,       6.87,     203.79
