switches: 98 
p: 6 
servers: 588 
WARNING: nways has no sense in indirect topologies
         Setting nways to 1!!!
WARNING: Using global congestion control with neither TORUS nor MESH topology
         Setting update_period to 1 cycles!!!
      clock, injload, accload,  avgdel,  stddel, maxdel, inj. limit, cur. occup.

       1000, 0.48600, 0.39650,  147.45,  106.46,    562,        960,        124
       2000, 0.45040, 0.40230,  188.65,  117.68,    720,        960,        119
       3000, 0.43720, 0.40470,  205.16,  120.37,    720,        960,        128
       4000, 0.42760, 0.40420,  212.26,  117.74,    720,        960,        131
       5000, 0.42416, 0.40330,  218.67,  121.74,    929,        960,        142
       6000, 0.42087, 0.40417,  223.08,  121.55,    929,        960,        136
       7000, 0.40000, 0.41185,  240.58,  109.61,    591,        960,        125
       8000, 0.41360, 0.40885,  237.39,  109.64,    729,        960,        136
       9000, 0.41360, 0.40750,  235.69,  132.26,   1009,        960,        140
      10000, 0.41040, 0.41155,  243.64,  109.90,    696,        960,        140

 ---------------------------------------------
                Warmed Up !!!!!!               
 ---------------------------------------------

      11000, 0.41760, 0.41790,  235.52,   99.07,    584,        960,        131
Batch 0, 1000, 4.942639, 0.417600, 0.417900, 1044.000000, 1046.000000, 0.000000, 235.520076, 99.074053, 584, 103.137667, 63.093765, 375

      12000, 0.41040, 0.40750,  239.05,  108.38,    695,        960,        136
Batch 1, 1000, 4.942100, 0.410400, 0.407500, 1026.000000, 1019.000000, 0.000000, 239.047105, 108.382326, 695, 108.334642, 67.346776, 377

      13000, 0.39680, 0.39860,  253.14,  122.45,    665,        960,        139
Batch 2, 1000, 4.937626, 0.396800, 0.398600, 992.000000, 994.000000, 0.000000, 253.140845, 122.450920, 665, 116.799799, 80.446733, 456

      14000, 0.39640, 0.40090,  260.85,  114.15,    633,        960,        133
Batch 3, 1000, 4.948104, 0.396400, 0.400900, 991.000000, 1002.000000, 0.000000, 260.852295, 114.147459, 633, 120.981038, 69.100216, 464

      15000, 0.42280, 0.41170,  234.25,  115.71,    639,        960,        137
Batch 4, 1000, 4.940777, 0.422800, 0.411700, 1057.000000, 1030.000000, 0.000000, 234.253398, 115.711173, 639, 104.296117, 69.100318, 365

      16000, 0.40600, 0.41020,  249.49,  108.23,    684,        960,        137
Batch 5, 1000, 4.949318, 0.406000, 0.410200, 1015.000000, 1026.000000, 0.000000, 249.494152, 108.225773, 684, 117.203704, 60.375188, 431

      17000, 0.41680, 0.41840,  242.69,  109.67,    704,        960,        137
Batch 6, 1000, 4.946514, 0.416800, 0.418400, 1042.000000, 1047.000000, 0.000000, 242.688634, 109.668005, 704, 109.864374, 67.368772, 463

      18000, 0.40960, 0.41795,  245.17,   97.35,    639,        960,        130
Batch 7, 1000, 4.947267, 0.409600, 0.417950, 1024.000000, 1043.000000, 0.000000, 245.174497, 97.350852, 639, 112.188878, 59.110325, 415

      19000, 0.40880, 0.40015,  248.50,  117.19,    696,        960,        136
Batch 8, 1000, 4.936000, 0.408800, 0.400150, 1022.000000, 1000.000000, 0.000000, 248.495000, 117.187401, 696, 114.561000, 74.569356, 415

      20000, 0.40680, 0.40845,  243.82,  112.35,    683,        960,        140
Batch 9, 1000, 4.944227, 0.406800, 0.408450, 1017.000000, 1022.000000, 0.000000, 243.824853, 112.349391, 683, 110.195695, 67.736186, 471


===============================================================================================================================================================

Program Started at:               Wed May 13 11:20:42 2026
Execution completed at:           Wed May 13 11:20:43 2026
On machine:                       pop-os
Simulation clock (cycles/us):     20000    128.000
Total execution time:             1 secs
Cycles per Second:                20000.000000

Random seed:                      13

Topology, uni(1)/bidir(2):        megafly(1)Random link failures:             0

Operation modes Inj-Req-Arb-Con:  shortest other random multiple
Traf./Inj. queue len (pkt/ph):    4/32, 4/32, 1 injectors
VC management:                    dragonfly-dally, 3 VCs; 
VCs used:                         1

Routing in multistage network:    static
Parallel injection:               YES
Dropping/Extracting packets:      NO       NO

Global congestion control:        gcc=100%, update_period=1
In-transit priority, bub. to ad:  0.000000, NO

Traffic pattern:                  shuffle at load 0.60000, packets of 8 phits
Trigger rate, packets triggered:  0.00000     0
Warm Up Period Prov., Used:       5000 + 15000, 10000
Conv. sampling period, threshold: 1000, 0.050000
Sample count, size, min pkts:     10 x 1000, 0

===============================================================================================================================================================

  #,  BatchTime, AvDistance,    InjLoad,    AccLoad, PacketSent, PacketRcvd, PacketDrop,   AvgDelay, StDevDelay,   MaxDelay,  InjAvgDel, InjStDvDel,  InjMaxDel
  0,       1000,    4.94264,    0.41760,    0.41790,       1044,       1046,          0,     235.52,      99.07,        584,     103.14,      63.09,        375
  1,       1000,    4.94210,    0.41040,    0.40750,       1026,       1019,          0,     239.05,     108.38,        695,     108.33,      67.35,        377
  2,       1000,    4.93763,    0.39680,    0.39860,        992,        994,          0,     253.14,     122.45,        665,     116.80,      80.45,        456
  3,       1000,    4.94810,    0.39640,    0.40090,        991,       1002,          0,     260.85,     114.15,        633,     120.98,      69.10,        464
  4,       1000,    4.94078,    0.42280,    0.41170,       1057,       1030,          0,     234.25,     115.71,        639,     104.30,      69.10,        365
  5,       1000,    4.94932,    0.40600,    0.41020,       1015,       1026,          0,     249.49,     108.23,        684,     117.20,      60.38,        431
  6,       1000,    4.94651,    0.41680,    0.41840,       1042,       1047,          0,     242.69,     109.67,        704,     109.86,      67.37,        463
  7,       1000,    4.94727,    0.40960,    0.41795,       1024,       1043,          0,     245.17,      97.35,        639,     112.19,      59.11,        415
  8,       1000,    4.93600,    0.40880,    0.40015,       1022,       1000,          0,     248.50,     117.19,        696,     114.56,      74.57,        415
  9,       1000,    4.94423,    0.40680,    0.40845,       1017,       1022,          0,     243.82,     112.35,        683,     110.20,      67.74,        471

AVG,    1000.00,    4.94346,    0.40920,    0.40918,    1023.00,    1022.90,       0.00,     245.25,     110.45,     662.20,     111.76,      67.82,     423.20
STD,       0.00,    0.00447,    0.00849,    0.00753,      21.22,      19.41,       0.00,       8.14,       7.78,      37.90,       5.73,       6.34,      40.35
