switches: 98 
p: 6 
servers: 588 
WARNING: nways has no sense in indirect topologies
         Setting nways to 1!!!
WARNING: Using global congestion control with neither TORUS nor MESH topology
         Setting update_period to 1 cycles!!!
      clock, injload, accload,  avgdel,  stddel, maxdel, inj. limit, cur. occup.

       1000, 0.22791, 0.12947,  315.08,  211.97,    874,      13056,       1310
       2000, 0.17871, 0.12932,  523.73,  316.89,   1598,      13056,       1318
       3000, 0.16225, 0.12926,  604.02,  330.01,   2186,      13056,       1324
       4000, 0.15408, 0.12934,  645.94,  328.17,   2218,      13056,       1325
       5000, 0.14915, 0.12946,  669.21,  324.24,   2324,      13056,       1312
       6000, 0.14600, 0.12950,  685.12,  321.79,   2324,      13056,       1325
       7000, 0.12950, 0.12954,  765.04,  283.55,   1785,      13056,       1324
       8000, 0.12897, 0.12921,  773.32,  286.00,   1842,      13056,       1325
       9000, 0.12932, 0.12869,  773.49,  280.91,   2135,      13056,       1330
      10000, 0.12915, 0.12940,  770.49,  280.93,   2151,      13056,       1325

 ---------------------------------------------
                Warmed Up !!!!!!               
 ---------------------------------------------

      11000, 0.13003, 0.12951,  769.24,  292.40,   1909,      13056,       1329
Batch 0, 1000, 4.907109, 0.130029, 0.129507, 4421.000000, 4403.000000, 0.000000, 769.235975, 292.396025, 1909, 467.735181, 217.170036, 1415

      12000, 0.12935, 0.13019,  763.13,  285.18,   1617,      13056,       1323
Batch 1, 1000, 4.904859, 0.129353, 0.130188, 4398.000000, 4425.000000, 0.000000, 763.129944, 285.181782, 1617, 463.597062, 208.902910, 1205

      13000, 0.13056, 0.13000,  761.77,  293.23,   1689,      13056,       1329
Batch 2, 1000, 4.900000, 0.130559, 0.130000, 4439.000000, 4420.000000, 0.000000, 761.773077, 293.231322, 1689, 464.649774, 216.789277, 1287

      14000, 0.13044, 0.13068,  767.32,  295.41,   1771,      13056,       1336
Batch 3, 1000, 4.894263, 0.130441, 0.130680, 4435.000000, 4445.000000, 0.000000, 767.318110, 295.409514, 1771, 464.433521, 215.549613, 1327

      15000, 0.13065, 0.13070,  756.98,  286.01,   1656,      13056,       1329
Batch 4, 1000, 4.887289, 0.130647, 0.130699, 4442.000000, 4445.000000, 0.000000, 756.984252, 286.013464, 1656, 458.570754, 216.034255, 1327

      16000, 0.13018, 0.13011,  768.90,  295.21,   1888,      13056,       1328
Batch 5, 1000, 4.896583, 0.130176, 0.130107, 4426.000000, 4419.000000, 0.000000, 768.901109, 295.206412, 1888, 466.973071, 215.052255, 1383

      17000, 0.13041, 0.13020,  763.85,  287.59,   1793,      13056,       1333
Batch 6, 1000, 4.896388, 0.130412, 0.130202, 4434.000000, 4430.000000, 0.000000, 763.852370, 287.592095, 1793, 464.259142, 212.653475, 1511

      18000, 0.13024, 0.13067,  765.38,  286.78,   1804,      13056,       1322
Batch 7, 1000, 4.891965, 0.130235, 0.130673, 4428.000000, 4443.000000, 0.000000, 765.384200, 286.778647, 1804, 463.807112, 213.170023, 1468

      19000, 0.13029, 0.13010,  760.93,  285.40,   1726,      13056,       1329
Batch 8, 1000, 4.900294, 0.130294, 0.130103, 4430.000000, 4423.000000, 0.000000, 760.932625, 285.397743, 1726, 460.392268, 210.397051, 1367

      20000, 0.12968, 0.12915,  767.49,  291.42,   1777,      13056,       1330
Batch 9, 1000, 4.908925, 0.129676, 0.129147, 4409.000000, 4392.000000, 0.000000, 767.492259, 291.419319, 1777, 466.763206, 215.377661, 1375


===============================================================================================================================================================

Program Started at:               Wed May 13 11:20:44 2026
Execution completed at:           Wed May 13 11:21:26 2026
On machine:                       pop-os
Simulation clock (cycles/us):     20000    128.000
Total execution time:             42 secs
Cycles per Second:                476.190476

Random seed:                      13

Topology, uni(1)/bidir(2):        megafly(1)Random link failures:             0

Operation modes Inj-Req-Arb-Con:  shortest other random multiple
Traf./Inj. queue len (pkt/ph):    4/32, 4/32, 1 injectors
VC management:                    dragonfly-dally, 3 VCs; 
VCs used:                         1

Routing in multistage network:    static
Parallel injection:               YES
Dropping/Extracting packets:      NO       NO

Global congestion control:        gcc=100%, update_period=1
In-transit priority, bub. to ad:  0.000000, NO

Traffic pattern:                  shuffle at load 0.40000, packets of 8 phits
Trigger rate, packets triggered:  0.00000     0
Warm Up Period Prov., Used:       5000 + 15000, 10000
Conv. sampling period, threshold: 1000, 0.050000
Sample count, size, min pkts:     10 x 1000, 0

===============================================================================================================================================================

  #,  BatchTime, AvDistance,    InjLoad,    AccLoad, PacketSent, PacketRcvd, PacketDrop,   AvgDelay, StDevDelay,   MaxDelay,  InjAvgDel, InjStDvDel,  InjMaxDel
  0,       1000,    4.90711,    0.13003,    0.12951,       4421,       4403,          0,     769.24,     292.40,       1909,     467.74,     217.17,       1415
  1,       1000,    4.90486,    0.12935,    0.13019,       4398,       4425,          0,     763.13,     285.18,       1617,     463.60,     208.90,       1205
  2,       1000,    4.90000,    0.13056,    0.13000,       4439,       4420,          0,     761.77,     293.23,       1689,     464.65,     216.79,       1287
  3,       1000,    4.89426,    0.13044,    0.13068,       4435,       4445,          0,     767.32,     295.41,       1771,     464.43,     215.55,       1327
  4,       1000,    4.88729,    0.13065,    0.13070,       4442,       4445,          0,     756.98,     286.01,       1656,     458.57,     216.03,       1327
  5,       1000,    4.89658,    0.13018,    0.13011,       4426,       4419,          0,     768.90,     295.21,       1888,     466.97,     215.05,       1383
  6,       1000,    4.89639,    0.13041,    0.13020,       4434,       4430,          0,     763.85,     287.59,       1793,     464.26,     212.65,       1511
  7,       1000,    4.89196,    0.13024,    0.13067,       4428,       4443,          0,     765.38,     286.78,       1804,     463.81,     213.17,       1468
  8,       1000,    4.90029,    0.13029,    0.13010,       4430,       4423,          0,     760.93,     285.40,       1726,     460.39,     210.40,       1367
  9,       1000,    4.90893,    0.12968,    0.12915,       4409,       4392,          0,     767.49,     291.42,       1777,     466.76,     215.38,       1375

AVG,    1000.00,    4.89877,    0.13018,    0.13013,    4426.20,    4424.50,       0.00,     764.50,     289.86,    1763.00,     464.12,     214.11,    1366.50
STD,       0.00,    0.00685,    0.00040,    0.00051,      13.69,      17.59,       0.00,       3.92,       4.09,      93.92,       2.86,       2.76,      87.81
