switches: 98 
p: 6 
servers: 588 
WARNING: nways has no sense in indirect topologies
         Setting nways to 1!!!
WARNING: Using global congestion control with neither TORUS nor MESH topology
         Setting update_period to 1 cycles!!!
      clock, injload, accload,  avgdel,  stddel, maxdel, inj. limit, cur. occup.

       1000, 0.29969, 0.20616,  181.79,  168.51,    827,      31200,       3313
       2000, 0.24442, 0.19642,  322.27,  254.46,   1622,      31200,       3332
       3000, 0.22526, 0.19400,  383.63,  276.75,   1965,      31200,       3296
       4000, 0.21737, 0.19353,  412.68,  283.66,   2102,      31200,       3371
       5000, 0.21189, 0.19314,  427.61,  285.22,   3127,      31200,       3329
       6000, 0.20784, 0.19200,  441.35,  288.77,   3127,      31200,       3307
       7000, 0.19250, 0.19314,  493.58,  276.41,   2160,      31200,       3317
       8000, 0.19458, 0.19407,  494.26,  272.23,   1877,      31200,       3325
       9000, 0.19329, 0.19323,  486.93,  267.94,   1844,      31200,       3327
      10000, 0.19399, 0.19561,  491.03,  272.73,   2043,      31200,       3301

 ---------------------------------------------
                Warmed Up !!!!!!               
 ---------------------------------------------

      11000, 0.18903, 0.18873,  499.96,  267.28,   1938,      31200,       3338
Batch 0, 1000, 4.957667, 0.189034, 0.188729, 15359.000000, 15331.000000, 0.000000, 499.959755, 267.279895, 1938, 288.117083, 210.078676, 1427

      12000, 0.19290, 0.19244,  497.35,  273.53,   2209,      31200,       3321
Batch 1, 1000, 4.950883, 0.192898, 0.192437, 15673.000000, 15636.000000, 0.000000, 497.353863, 273.533180, 2209, 281.345932, 210.328750, 1720

      13000, 0.19322, 0.19348,  498.76,  272.20,   2714,      31200,       3335
Batch 2, 1000, 4.950060, 0.193218, 0.193485, 15699.000000, 15719.000000, 0.000000, 498.763980, 272.196832, 2714, 283.628475, 208.250836, 1874

      14000, 0.19865, 0.19897,  474.17,  273.82,   1934,      31200,       3310
Batch 3, 1000, 4.949452, 0.198646, 0.198968, 16140.000000, 16163.000000, 0.000000, 474.167358, 273.817512, 1934, 266.912331, 209.660183, 1634

      15000, 0.19328, 0.19248,  479.54,  262.80,   2005,      31200,       3352
Batch 4, 1000, 4.952819, 0.193280, 0.192477, 15704.000000, 15663.000000, 0.000000, 479.542297, 262.802191, 2005, 272.848624, 201.087567, 1575

      16000, 0.19175, 0.19153,  493.69,  277.39,   1900,      31200,       3298
Batch 5, 1000, 4.945622, 0.191754, 0.191528, 15580.000000, 15521.000000, 0.000000, 493.685652, 277.387497, 1900, 280.734424, 214.116344, 1471

      17000, 0.19306, 0.19353,  495.71,  287.19,   2348,      31200,       3309
Batch 6, 1000, 4.945858, 0.193058, 0.193526, 15686.000000, 15755.000000, 0.000000, 495.706950, 287.185369, 2348, 281.572580, 220.025404, 2056

      18000, 0.19243, 0.19175,  492.23,  279.90,   2486,      31200,       3299
Batch 7, 1000, 4.946868, 0.192431, 0.191752, 15635.000000, 15565.000000, 0.000000, 492.232573, 279.904888, 2486, 279.242917, 210.623711, 2091

      19000, 0.19447, 0.19554,  478.12,  273.96,   2111,      31200,       3326
Batch 8, 1000, 4.952618, 0.194474, 0.195543, 15801.000000, 15871.000000, 0.000000, 478.120849, 273.956138, 2111, 271.713062, 209.465675, 1787

      20000, 0.19038, 0.19024,  504.46,  287.51,   2635,      31200,       3363
Batch 9, 1000, 4.945079, 0.190375, 0.190240, 15468.000000, 15495.000000, 0.000000, 504.462149, 287.513260, 2635, 286.573475, 221.477450, 1658


===============================================================================================================================================================

Program Started at:               Wed May 13 11:21:28 2026
Execution completed at:           Wed May 13 11:23:29 2026
On machine:                       pop-os
Simulation clock (cycles/us):     20000    128.000
Total execution time:             2 mins, 1 secs
Cycles per Second:                165.289256

Random seed:                      13

Topology, uni(1)/bidir(2):        megafly(1)Random link failures:             0

Operation modes Inj-Req-Arb-Con:  shortest other random multiple
Traf./Inj. queue len (pkt/ph):    4/32, 4/32, 1 injectors
VC management:                    dragonfly-dally, 3 VCs; 
VCs used:                         1

Routing in multistage network:    static
Parallel injection:               YES
Dropping/Extracting packets:      NO       NO

Global congestion control:        gcc=100%, update_period=1
In-transit priority, bub. to ad:  0.000000, NO

Traffic pattern:                  hotregion at load 0.40000, packets of 8 phits
Trigger rate, packets triggered:  0.00000     0
Warm Up Period Prov., Used:       5000 + 15000, 10000
Conv. sampling period, threshold: 1000, 0.050000
Sample count, size, min pkts:     10 x 1000, 0

===============================================================================================================================================================

  #,  BatchTime, AvDistance,    InjLoad,    AccLoad, PacketSent, PacketRcvd, PacketDrop,   AvgDelay, StDevDelay,   MaxDelay,  InjAvgDel, InjStDvDel,  InjMaxDel
  0,       1000,    4.95767,    0.18903,    0.18873,      15359,      15331,          0,     499.96,     267.28,       1938,     288.12,     210.08,       1427
  1,       1000,    4.95088,    0.19290,    0.19244,      15673,      15636,          0,     497.35,     273.53,       2209,     281.35,     210.33,       1720
  2,       1000,    4.95006,    0.19322,    0.19348,      15699,      15719,          0,     498.76,     272.20,       2714,     283.63,     208.25,       1874
  3,       1000,    4.94945,    0.19865,    0.19897,      16140,      16163,          0,     474.17,     273.82,       1934,     266.91,     209.66,       1634
  4,       1000,    4.95282,    0.19328,    0.19248,      15704,      15663,          0,     479.54,     262.80,       2005,     272.85,     201.09,       1575
  5,       1000,    4.94562,    0.19175,    0.19153,      15580,      15521,          0,     493.69,     277.39,       1900,     280.73,     214.12,       1471
  6,       1000,    4.94586,    0.19306,    0.19353,      15686,      15755,          0,     495.71,     287.19,       2348,     281.57,     220.03,       2056
  7,       1000,    4.94687,    0.19243,    0.19175,      15635,      15565,          0,     492.23,     279.90,       2486,     279.24,     210.62,       2091
  8,       1000,    4.95262,    0.19447,    0.19554,      15801,      15871,          0,     478.12,     273.96,       2111,     271.71,     209.47,       1787
  9,       1000,    4.94508,    0.19038,    0.19024,      15468,      15495,          0,     504.46,     287.51,       2635,     286.57,     221.48,       1658

AVG,    1000.00,    4.94969,    0.19292,    0.19287,   15674.50,   15671.90,       0.00,     491.40,     275.56,    2228.00,     279.27,     211.51,    1729.30
STD,       0.00,    0.00400,    0.00255,    0.00284,     207.36,     229.25,       0.00,      10.39,       7.84,     302.71,       6.78,       5.87,     225.58
