switches: 98 
p: 6 
servers: 588 
WARNING: nways has no sense in indirect topologies
         Setting nways to 1!!!
WARNING: Using global congestion control with neither TORUS nor MESH topology
         Setting update_period to 1 cycles!!!
      clock, injload, accload,  avgdel,  stddel, maxdel, inj. limit, cur. occup.

       1000, 0.57353, 0.46829,  159.95,   92.18,    643,      31200,       4400
       2000, 0.52680, 0.47451,  191.10,   96.31,   1143,      31200,       4346
       3000, 0.51041, 0.47580,  201.42,   95.36,   1143,      31200,       4308
       4000, 0.50276, 0.47666,  206.73,   93.90,   1143,      31200,       4273
       5000, 0.49944, 0.47854,  209.58,   92.48,   1143,      31200,       4405
       6000, 0.49479, 0.47762,  211.87,   92.44,   1143,      31200,       4215
       7000, 0.47986, 0.47895,  221.73,   89.58,    998,      31200,       4242
       8000, 0.47714, 0.47844,  222.15,   88.28,    846,      31200,       4183
       9000, 0.48032, 0.47887,  220.88,   88.10,    841,      31200,       4289

 ---------------------------------------------
                Warmed Up !!!!!!               
 ---------------------------------------------

      10000, 0.47973, 0.47922,  222.33,   88.89,   1052,      31200,       4300
Batch 0, 1000, 4.951416, 0.479729, 0.479220, 38978.000000, 38943.000000, 0.000000, 222.333385, 88.893275, 1052, 110.290604, 66.093071, 608

      11000, 0.48097, 0.47958,  222.19,   90.71,    857,      31200,       4465
Batch 1, 1000, 4.949019, 0.480972, 0.479575, 39079.000000, 38956.000000, 0.000000, 222.189470, 90.705186, 857, 111.521665, 67.097375, 587

      12000, 0.48623, 0.48739,  219.33,   84.50,    825,      31200,       4325
Batch 2, 1000, 4.948542, 0.486228, 0.487388, 39506.000000, 39605.000000, 0.000000, 219.328393, 84.504658, 825, 107.582679, 62.197665, 662

      13000, 0.48039, 0.48176,  219.25,   83.69,    778,      31200,       4226
Batch 3, 1000, 4.951877, 0.480394, 0.481760, 39032.000000, 39129.000000, 0.000000, 219.248307, 83.688692, 778, 109.356973, 63.625566, 576

      14000, 0.48292, 0.48229,  221.49,   86.46,    843,      31200,       4288
Batch 4, 1000, 4.950838, 0.482917, 0.482292, 39237.000000, 39197.000000, 0.000000, 221.488226, 86.463345, 843, 109.798913, 63.460102, 669

      15000, 0.48140, 0.48196,  222.02,   84.85,    754,      31200,       4275
Batch 5, 1000, 4.952751, 0.481403, 0.481958, 39114.000000, 39133.000000, 0.000000, 222.016278, 84.850207, 754, 110.135359, 63.146408, 634

      16000, 0.47812, 0.47664,  222.68,   87.93,    925,      31200,       4433
Batch 6, 1000, 4.950520, 0.478117, 0.476637, 38847.000000, 38763.000000, 0.000000, 222.684235, 87.925317, 925, 111.580244, 65.706714, 742

      17000, 0.48437, 0.48330,  222.19,   86.44,    930,      31200,       4436
Batch 7, 1000, 4.949669, 0.484369, 0.483302, 39355.000000, 39240.000000, 0.000000, 222.193043, 86.441326, 930, 109.709888, 62.565288, 678

      18000, 0.48159, 0.48198,  221.81,   86.20,    808,      31200,       4444
Batch 8, 1000, 4.951522, 0.481588, 0.481975, 39129.000000, 39152.000000, 0.000000, 221.809716, 86.198989, 808, 111.051900, 64.456924, 574

      19000, 0.48042, 0.48100,  220.81,   82.09,    946,      31200,       4403
Batch 9, 1000, 4.950443, 0.480418, 0.481003, 39034.000000, 39086.000000, 0.000000, 220.807015, 82.087057, 946, 109.882029, 62.067871, 773


===============================================================================================================================================================

Program Started at:               Wed May 13 11:21:27 2026
Execution completed at:           Wed May 13 11:23:32 2026
On machine:                       pop-os
Simulation clock (cycles/us):     19000    121.600
Total execution time:             2 mins, 5 secs
Cycles per Second:                152.000000

Random seed:                      13

Topology, uni(1)/bidir(2):        megafly(1)Random link failures:             0

Operation modes Inj-Req-Arb-Con:  shortest other random multiple
Traf./Inj. queue len (pkt/ph):    4/32, 4/32, 1 injectors
VC management:                    dragonfly-dally, 3 VCs; 
VCs used:                         1

Routing in multistage network:    static
Parallel injection:               YES
Dropping/Extracting packets:      NO       NO

Global congestion control:        gcc=100%, update_period=1
In-transit priority, bub. to ad:  0.000000, NO

Traffic pattern:                  uniform at load 0.80000, packets of 8 phits
Trigger rate, packets triggered:  0.00000     0
Warm Up Period Prov., Used:       5000 + 15000, 9000
Conv. sampling period, threshold: 1000, 0.050000
Sample count, size, min pkts:     10 x 1000, 0

===============================================================================================================================================================

  #,  BatchTime, AvDistance,    InjLoad,    AccLoad, PacketSent, PacketRcvd, PacketDrop,   AvgDelay, StDevDelay,   MaxDelay,  InjAvgDel, InjStDvDel,  InjMaxDel
  0,       1000,    4.95142,    0.47973,    0.47922,      38978,      38943,          0,     222.33,      88.89,       1052,     110.29,      66.09,        608
  1,       1000,    4.94902,    0.48097,    0.47958,      39079,      38956,          0,     222.19,      90.71,        857,     111.52,      67.10,        587
  2,       1000,    4.94854,    0.48623,    0.48739,      39506,      39605,          0,     219.33,      84.50,        825,     107.58,      62.20,        662
  3,       1000,    4.95188,    0.48039,    0.48176,      39032,      39129,          0,     219.25,      83.69,        778,     109.36,      63.63,        576
  4,       1000,    4.95084,    0.48292,    0.48229,      39237,      39197,          0,     221.49,      86.46,        843,     109.80,      63.46,        669
  5,       1000,    4.95275,    0.48140,    0.48196,      39114,      39133,          0,     222.02,      84.85,        754,     110.14,      63.15,        634
  6,       1000,    4.95052,    0.47812,    0.47664,      38847,      38763,          0,     222.68,      87.93,        925,     111.58,      65.71,        742
  7,       1000,    4.94967,    0.48437,    0.48330,      39355,      39240,          0,     222.19,      86.44,        930,     109.71,      62.57,        678
  8,       1000,    4.95152,    0.48159,    0.48198,      39129,      39152,          0,     221.81,      86.20,        808,     111.05,      64.46,        574
  9,       1000,    4.95044,    0.48042,    0.48100,      39034,      39086,          0,     220.81,      82.09,        946,     109.88,      62.07,        773

AVG,    1000.00,    4.95066,    0.48161,    0.48151,   39131.10,   39120.40,       0.00,     221.41,      86.18,     871.80,     110.09,      64.04,     650.30
STD,       0.00,    0.00131,    0.00235,    0.00283,     190.99,     222.03,       0.00,       1.23,       2.55,      90.79,       1.17,       1.74,      68.41
