switches: 98 
p: 6 
servers: 588 
WARNING: nways has no sense in indirect topologies
         Setting nways to 1!!!
WARNING: Using global congestion control with neither TORUS nor MESH topology
         Setting update_period to 1 cycles!!!
      clock, injload, accload,  avgdel,  stddel, maxdel, inj. limit, cur. occup.

       1000, 0.38600, 0.30420,   95.79,  107.18,    526,        960,        113
       2000, 0.33760, 0.29365,  185.22,  191.93,   1115,        960,        124
       3000, 0.32653, 0.30025,  225.35,  203.51,   1115,        960,        120
       4000, 0.31830, 0.29480,  246.35,  212.47,   1136,        960,        134
       5000, 0.31208, 0.29799,  252.59,  213.48,   1136,        960,        108
       6000, 0.31267, 0.29992,  250.14,  222.38,   1138,        960,        119
       7000, 0.31000, 0.29965,  281.32,  200.37,   1002,        960,        124
       8000, 0.26720, 0.26025,  306.94,  216.34,    931,        960,        120
       9000, 0.28320, 0.28835,  343.81,  239.10,   1124,        960,        127
      10000, 0.27560, 0.27425,  339.13,  259.44,   1198,        960,        125
      11000, 0.28080, 0.29135,  297.82,  226.09,   1043,        960,        118
      12000, 0.31320, 0.30275,  284.60,  197.27,    887,        960,        134
      13000, 0.26360, 0.27070,  350.77,  257.52,   1132,        960,        114
      14000, 0.29800, 0.28660,  286.30,  205.41,    994,        960,        127
      15000, 0.28120, 0.29010,  312.86,  233.40,   1092,        960,        123
      16000, 0.31360, 0.30120,  274.05,  231.03,   1222,        960,        123
      17000, 0.29160, 0.31210,  312.63,  215.03,   1045,        960,        122
      18000, 0.29560, 0.30265,  259.94,  227.22,    963,        960,        114
      19000, 0.32680, 0.32745,  243.63,  200.35,   1038,        960,        109
      20000, 0.34440, 0.34445,  209.38,  185.99,   1095,        960,        108

**********************************************
*        Convergency timeout reached.        *
*         Continue without converge!         *
**********************************************

      21000, 0.29840, 0.28090,  245.42,  211.14,    903,        960,        123
Batch 0, 1000, 4.667614, 0.298400, 0.280900, 746.000000, 704.000000, 0.000000, 245.423295, 211.139218, 903, 98.988636, 127.922162, 514

      22000, 0.27680, 0.28300,  315.24,  242.52,   1134,        960,        114
Batch 1, 1000, 4.660537, 0.276800, 0.283000, 692.000000, 707.000000, 0.000000, 315.237624, 242.523286, 1134, 145.852900, 147.477231, 591

      23000, 0.29240, 0.27820,  302.43,  251.84,   1113,        960,        122
Batch 2, 1000, 4.712644, 0.292400, 0.278200, 731.000000, 696.000000, 0.000000, 302.433908, 251.843228, 1113, 138.091954, 150.428970, 697

      24000, 0.29080, 0.29890,  324.38,  226.50,    926,        960,        126
Batch 3, 1000, 4.669344, 0.290800, 0.298900, 727.000000, 747.000000, 0.000000, 324.384203, 226.504451, 926, 140.732262, 133.335969, 631

      25000, 0.26920, 0.26075,  355.62,  229.13,    967,        960,        132
Batch 4, 1000, 4.641104, 0.269200, 0.260750, 673.000000, 652.000000, 0.000000, 355.621166, 229.130774, 967, 171.572086, 139.003595, 742

      26000, 0.26560, 0.25600,  322.95,  259.56,   1184,        960,        127
Batch 5, 1000, 4.672387, 0.265600, 0.256000, 664.000000, 641.000000, 0.000000, 322.954758, 259.562281, 1184, 154.352574, 162.590034, 833

      27000, 0.26720, 0.27120,  403.82,  289.20,   1421,        960,        130
Batch 6, 1000, 4.663717, 0.267200, 0.271200, 668.000000, 678.000000, 0.000000, 403.818584, 289.204217, 1421, 187.647493, 164.501363, 858

      28000, 0.27960, 0.29150,  329.62,  232.34,    973,        960,        126
Batch 7, 1000, 4.606310, 0.279600, 0.291500, 699.000000, 729.000000, 0.000000, 329.624143, 232.343085, 973, 147.237311, 145.958785, 743

      29000, 0.31320, 0.31770,  276.09,  204.69,   1037,        960,        127
Batch 8, 1000, 4.705436, 0.313200, 0.317700, 783.000000, 791.000000, 0.000000, 276.088496, 204.686861, 1037, 115.552465, 113.989171, 636

      30000, 0.29040, 0.29360,  297.19,  195.48,    825,        960,        116
Batch 9, 1000, 4.723433, 0.290400, 0.293600, 726.000000, 734.000000, 0.000000, 297.188011, 195.483519, 825, 130.362398, 118.901473, 465


===============================================================================================================================================================

Program Started at:               Wed May 13 11:20:42 2026
Execution completed at:           Wed May 13 11:20:44 2026
On machine:                       pop-os
Simulation clock (cycles/us):     30000    192.000
Total execution time:             2 secs
Cycles per Second:                15000.000000

Random seed:                      13

Topology, uni(1)/bidir(2):        megafly(1)Random link failures:             0

Operation modes Inj-Req-Arb-Con:  shortest other random multiple
Traf./Inj. queue len (pkt/ph):    4/32, 4/32, 1 injectors
VC management:                    dragonfly-dally, 3 VCs; 
VCs used:                         1

Routing in multistage network:    static
Parallel injection:               YES
Dropping/Extracting packets:      NO       NO

Global congestion control:        gcc=100%, update_period=1
In-transit priority, bub. to ad:  0.000000, NO

Traffic pattern:                  hotregion at load 0.40000, packets of 8 phits
Trigger rate, packets triggered:  0.00000     0
Warm Up Period Prov., Used:       5000 + 15000, 20000
Conv. sampling period, threshold: 1000, 0.050000
Sample count, size, min pkts:     10 x 1000, 0

===============================================================================================================================================================

  #,  BatchTime, AvDistance,    InjLoad,    AccLoad, PacketSent, PacketRcvd, PacketDrop,   AvgDelay, StDevDelay,   MaxDelay,  InjAvgDel, InjStDvDel,  InjMaxDel
  0,       1000,    4.66761,    0.29840,    0.28090,        746,        704,          0,     245.42,     211.14,        903,      98.99,     127.92,        514
  1,       1000,    4.66054,    0.27680,    0.28300,        692,        707,          0,     315.24,     242.52,       1134,     145.85,     147.48,        591
  2,       1000,    4.71264,    0.29240,    0.27820,        731,        696,          0,     302.43,     251.84,       1113,     138.09,     150.43,        697
  3,       1000,    4.66934,    0.29080,    0.29890,        727,        747,          0,     324.38,     226.50,        926,     140.73,     133.34,        631
  4,       1000,    4.64110,    0.26920,    0.26075,        673,        652,          0,     355.62,     229.13,        967,     171.57,     139.00,        742
  5,       1000,    4.67239,    0.26560,    0.25600,        664,        641,          0,     322.95,     259.56,       1184,     154.35,     162.59,        833
  6,       1000,    4.66372,    0.26720,    0.27120,        668,        678,          0,     403.82,     289.20,       1421,     187.65,     164.50,        858
  7,       1000,    4.60631,    0.27960,    0.29150,        699,        729,          0,     329.62,     232.34,        973,     147.24,     145.96,        743
  8,       1000,    4.70544,    0.31320,    0.31770,        783,        791,          0,     276.09,     204.69,       1037,     115.55,     113.99,        636
  9,       1000,    4.72343,    0.29040,    0.29360,        726,        734,          0,     297.19,     195.48,        825,     130.36,     118.90,        465

AVG,    1000.00,    4.67225,    0.28436,    0.28318,     710.90,     707.90,       0.00,     317.28,     234.24,    1048.30,     143.04,     140.41,     671.00
STD,       0.00,    0.03482,    0.01537,    0.01835,      38.44,      44.99,       0.00,      43.05,      27.97,     172.30,      25.48,      17.07,     128.42
