switches: 98 
p: 6 
servers: 588 
WARNING: nways has no sense in indirect topologies
         Setting nways to 1!!!
WARNING: Using global congestion control with neither TORUS nor MESH topology
         Setting update_period to 1 cycles!!!
      clock, injload, accload,  avgdel,  stddel, maxdel, inj. limit, cur. occup.

       1000, 0.23274, 0.13132,  384.54,  237.30,    927,      13056,       1343
       2000, 0.18225, 0.13147,  573.91,  314.21,   1837,      13056,       1345
       3000, 0.16536, 0.13157,  639.66,  316.77,   1837,      13056,       1342
       4000, 0.15690, 0.13156,  673.73,  313.18,   1837,      13056,       1347
       5000, 0.15194, 0.13164,  693.57,  308.39,   1837,      13056,       1344
       6000, 0.14853, 0.13161,  707.34,  304.31,   2064,      13056,       1345
       7000, 0.13159, 0.13183,  770.35,  273.67,   2320,      13056,       1347
       8000, 0.13256, 0.13235,  772.29,  276.83,   1729,      13056,       1347
       9000, 0.13121, 0.13135,  770.97,  271.32,   1937,      13056,       1341
      10000, 0.13109, 0.13103,  776.82,  281.80,   1887,      13056,       1344

 ---------------------------------------------
                Warmed Up !!!!!!               
 ---------------------------------------------

      11000, 0.13221, 0.13201,  771.95,  277.52,   1832,      13056,       1348
Batch 0, 1000, 4.863444, 0.132206, 0.132011, 4495.000000, 4489.000000, 0.000000, 771.949877, 277.515728, 1832, 470.437068, 201.740220, 1407

      12000, 0.13118, 0.13150,  776.17,  276.90,   1760,      13056,       1341
Batch 1, 1000, 4.862416, 0.131176, 0.131504, 4460.000000, 4470.000000, 0.000000, 776.166890, 276.895109, 1760, 474.123714, 203.115617, 1375

      13000, 0.13121, 0.13093,  773.54,  272.45,   1880,      13056,       1343
Batch 2, 1000, 4.876909, 0.131206, 0.130926, 4461.000000, 4452.000000, 0.000000, 773.539982, 272.448467, 1880, 473.467880, 201.316295, 1359

      14000, 0.13206, 0.13214,  776.16,  283.87,   2304,      13056,       1344
Batch 3, 1000, 4.863566, 0.132059, 0.132140, 4490.000000, 4493.000000, 0.000000, 776.158024, 283.866151, 2304, 474.564656, 205.439763, 1599

      15000, 0.13203, 0.13188,  767.38,  273.56,   1880,      13056,       1349
Batch 4, 1000, 4.861731, 0.132029, 0.131879, 4489.000000, 4484.000000, 0.000000, 767.377342, 273.561715, 1880, 467.221900, 202.321951, 1410

      16000, 0.13185, 0.13187,  774.08,  277.36,   1674,      13056,       1347
Batch 5, 1000, 4.866860, 0.131853, 0.131868, 4483.000000, 4484.000000, 0.000000, 774.082516, 277.358609, 1674, 473.018956, 202.806917, 1223

      17000, 0.13212, 0.13222,  771.93,  276.12,   2000,      13056,       1346
Batch 6, 1000, 4.860512, 0.132118, 0.132224, 4492.000000, 4495.000000, 0.000000, 771.933927, 276.119528, 2000, 471.637375, 205.346463, 1350

      18000, 0.13218, 0.13210,  770.33,  274.01,   1959,      13056,       1347
Batch 7, 1000, 4.861723, 0.132176, 0.132096, 4494.000000, 4491.000000, 0.000000, 770.332443, 274.014792, 1959, 471.914941, 198.487589, 1223

      19000, 0.13135, 0.13154,  772.73,  270.75,   1745,      13056,       1343
Batch 8, 1000, 4.872987, 0.131353, 0.131540, 4466.000000, 4472.000000, 0.000000, 772.734123, 270.746805, 1745, 471.853533, 202.499403, 1391

      20000, 0.13156, 0.13150,  771.78,  275.14,   1716,      13056,       1344
Batch 9, 1000, 4.861745, 0.131559, 0.131504, 4473.000000, 4470.000000, 0.000000, 771.776510, 275.136561, 1716, 472.847651, 203.287335, 1521


===============================================================================================================================================================

Program Started at:               Wed May 13 11:20:44 2026
Execution completed at:           Wed May 13 11:21:27 2026
On machine:                       pop-os
Simulation clock (cycles/us):     20000    128.000
Total execution time:             43 secs
Cycles per Second:                465.116279

Random seed:                      13

Topology, uni(1)/bidir(2):        megafly(1)Random link failures:             0

Operation modes Inj-Req-Arb-Con:  shortest other random multiple
Traf./Inj. queue len (pkt/ph):    4/32, 4/32, 1 injectors
VC management:                    dragonfly-dally, 3 VCs; 
VCs used:                         1

Routing in multistage network:    static
Parallel injection:               YES
Dropping/Extracting packets:      NO       NO

Global congestion control:        gcc=100%, update_period=1
In-transit priority, bub. to ad:  0.000000, NO

Traffic pattern:                  shuffle at load 0.80000, packets of 8 phits
Trigger rate, packets triggered:  0.00000     0
Warm Up Period Prov., Used:       5000 + 15000, 10000
Conv. sampling period, threshold: 1000, 0.050000
Sample count, size, min pkts:     10 x 1000, 0

===============================================================================================================================================================

  #,  BatchTime, AvDistance,    InjLoad,    AccLoad, PacketSent, PacketRcvd, PacketDrop,   AvgDelay, StDevDelay,   MaxDelay,  InjAvgDel, InjStDvDel,  InjMaxDel
  0,       1000,    4.86344,    0.13221,    0.13201,       4495,       4489,          0,     771.95,     277.52,       1832,     470.44,     201.74,       1407
  1,       1000,    4.86242,    0.13118,    0.13150,       4460,       4470,          0,     776.17,     276.90,       1760,     474.12,     203.12,       1375
  2,       1000,    4.87691,    0.13121,    0.13093,       4461,       4452,          0,     773.54,     272.45,       1880,     473.47,     201.32,       1359
  3,       1000,    4.86357,    0.13206,    0.13214,       4490,       4493,          0,     776.16,     283.87,       2304,     474.56,     205.44,       1599
  4,       1000,    4.86173,    0.13203,    0.13188,       4489,       4484,          0,     767.38,     273.56,       1880,     467.22,     202.32,       1410
  5,       1000,    4.86686,    0.13185,    0.13187,       4483,       4484,          0,     774.08,     277.36,       1674,     473.02,     202.81,       1223
  6,       1000,    4.86051,    0.13212,    0.13222,       4492,       4495,          0,     771.93,     276.12,       2000,     471.64,     205.35,       1350
  7,       1000,    4.86172,    0.13218,    0.13210,       4494,       4491,          0,     770.33,     274.01,       1959,     471.91,     198.49,       1223
  8,       1000,    4.87299,    0.13135,    0.13154,       4466,       4472,          0,     772.73,     270.75,       1745,     471.85,     202.50,       1391
  9,       1000,    4.86174,    0.13156,    0.13150,       4473,       4470,          0,     771.78,     275.14,       1716,     472.85,     203.29,       1521

AVG,    1000.00,    4.86519,    0.13177,    0.13177,    4480.30,    4480.00,       0.00,     772.61,     275.77,    1875.00,     472.11,     202.64,    1385.80
STD,       0.00,    0.00550,    0.00041,    0.00040,      13.98,      13.65,       0.00,       2.63,       3.61,     183.92,       2.12,       1.99,     115.43
