switches: 98 
p: 6 
servers: 588 
WARNING: nways has no sense in indirect topologies
         Setting nways to 1!!!
WARNING: Using global congestion control with neither TORUS nor MESH topology
         Setting update_period to 1 cycles!!!
      clock, injload, accload,  avgdel,  stddel, maxdel, inj. limit, cur. occup.

       1000, 0.18443, 0.08462,  360.68,  240.22,    918,      31200,       3089
       2000, 0.13503, 0.08506,  671.09,  433.40,   1781,      31200,       3102
       3000, 0.11847, 0.08507,  836.66,  506.48,   2741,      31200,       3104
       4000, 0.11027, 0.08525,  922.65,  526.53,   2969,      31200,       3104
       5000, 0.10520, 0.08519,  971.65,  527.27,   3493,      31200,       3106
       6000, 0.10186, 0.08518, 1006.20,  527.45,   3669,      31200,       3103
       7000, 0.08550, 0.08537, 1174.93,  504.55,   3721,      31200,       3105
       8000, 0.08538, 0.08540, 1184.33,  492.07,   3343,      31200,       3105
       9000, 0.08526, 0.08516, 1170.64,  492.99,   3732,      31200,       3105
      10000, 0.08522, 0.08561, 1182.48,  497.33,   3207,      31200,       3097

 ---------------------------------------------
                Warmed Up !!!!!!               
 ---------------------------------------------

      11000, 0.08548, 0.08536, 1174.65,  495.31,   3153,      31200,       3102
Batch 0, 1000, 4.899510, 0.085477, 0.085355, 6945.000000, 6936.000000, 0.000000, 1174.648501, 495.314859, 3153, 725.649942, 357.370702, 2311

      12000, 0.08537, 0.08516, 1163.77,  486.50,   3257,      31200,       3107
Batch 1, 1000, 4.902573, 0.085366, 0.085162, 6936.000000, 6918.000000, 0.000000, 1163.774935, 486.496419, 3257, 721.532958, 352.499280, 2527

      13000, 0.08539, 0.08542, 1177.69,  501.10,   3297,      31200,       3107
Batch 2, 1000, 4.895965, 0.085391, 0.085417, 6938.000000, 6940.000000, 0.000000, 1177.685879, 501.101968, 3297, 731.288617, 365.483620, 2407

      14000, 0.08533, 0.08525, 1185.95,  498.05,   3216,      31200,       3106
Batch 3, 1000, 4.894760, 0.085329, 0.085252, 6933.000000, 6927.000000, 0.000000, 1185.946153, 498.052400, 3216, 729.956402, 352.972816, 2439

      15000, 0.08489, 0.08493, 1177.07,  482.88,   3472,      31200,       3106
Batch 4, 1000, 4.901449, 0.084886, 0.084931, 6897.000000, 6900.000000, 0.000000, 1177.074638, 482.876994, 3472, 731.242174, 355.886611, 2543

      16000, 0.08570, 0.08560, 1173.29,  500.47,   3737,      31200,       3108
Batch 5, 1000, 4.894321, 0.085698, 0.085600, 6963.000000, 6955.000000, 0.000000, 1173.289863, 500.474230, 3737, 725.543638, 359.064381, 3055

      17000, 0.08454, 0.08516, 1176.92,  508.29,   3737,      31200,       3086
Batch 6, 1000, 4.899986, 0.084542, 0.085157, 6869.000000, 6919.000000, 0.000000, 1176.922388, 508.289500, 3737, 730.042058, 366.924207, 2261

      18000, 0.08588, 0.08547, 1181.34,  499.38,   3105,      31200,       3103
Batch 7, 1000, 4.898185, 0.085883, 0.085471, 6978.000000, 6944.000000, 0.000000, 1181.336118, 499.379683, 3105, 728.834101, 352.398127, 2151

      19000, 0.08500, 0.08526, 1171.20,  492.37,   3141,      31200,       3090
Batch 8, 1000, 4.900982, 0.084997, 0.085260, 6906.000000, 6928.000000, 0.000000, 1171.203955, 492.371891, 3141, 726.455110, 359.394858, 2171

      20000, 0.08588, 0.08561, 1167.66,  499.94,   3281,      31200,       3104
Batch 9, 1000, 4.893761, 0.085883, 0.085614, 6978.000000, 6956.000000, 0.000000, 1167.662162, 499.939162, 3281, 724.284790, 358.661648, 2495


===============================================================================================================================================================

Program Started at:               Wed May 13 11:21:33 2026
Execution completed at:           Wed May 13 11:23:30 2026
On machine:                       pop-os
Simulation clock (cycles/us):     20000    128.000
Total execution time:             1 mins, 57 secs
Cycles per Second:                170.940171

Random seed:                      13

Topology, uni(1)/bidir(2):        megafly(1)Random link failures:             0

Operation modes Inj-Req-Arb-Con:  shortest other random multiple
Traf./Inj. queue len (pkt/ph):    4/32, 4/32, 1 injectors
VC management:                    dragonfly-dally, 3 VCs; 
VCs used:                         1

Routing in multistage network:    static
Parallel injection:               YES
Dropping/Extracting packets:      NO       NO

Global congestion control:        gcc=100%, update_period=1
In-transit priority, bub. to ad:  0.000000, NO

Traffic pattern:                  shuffle at load 0.40000, packets of 8 phits
Trigger rate, packets triggered:  0.00000     0
Warm Up Period Prov., Used:       5000 + 15000, 10000
Conv. sampling period, threshold: 1000, 0.050000
Sample count, size, min pkts:     10 x 1000, 0

===============================================================================================================================================================

  #,  BatchTime, AvDistance,    InjLoad,    AccLoad, PacketSent, PacketRcvd, PacketDrop,   AvgDelay, StDevDelay,   MaxDelay,  InjAvgDel, InjStDvDel,  InjMaxDel
  0,       1000,    4.89951,    0.08548,    0.08536,       6945,       6936,          0,    1174.65,     495.31,       3153,     725.65,     357.37,       2311
  1,       1000,    4.90257,    0.08537,    0.08516,       6936,       6918,          0,    1163.77,     486.50,       3257,     721.53,     352.50,       2527
  2,       1000,    4.89597,    0.08539,    0.08542,       6938,       6940,          0,    1177.69,     501.10,       3297,     731.29,     365.48,       2407
  3,       1000,    4.89476,    0.08533,    0.08525,       6933,       6927,          0,    1185.95,     498.05,       3216,     729.96,     352.97,       2439
  4,       1000,    4.90145,    0.08489,    0.08493,       6897,       6900,          0,    1177.07,     482.88,       3472,     731.24,     355.89,       2543
  5,       1000,    4.89432,    0.08570,    0.08560,       6963,       6955,          0,    1173.29,     500.47,       3737,     725.54,     359.06,       3055
  6,       1000,    4.89999,    0.08454,    0.08516,       6869,       6919,          0,    1176.92,     508.29,       3737,     730.04,     366.92,       2261
  7,       1000,    4.89819,    0.08588,    0.08547,       6978,       6944,          0,    1181.34,     499.38,       3105,     728.83,     352.40,       2151
  8,       1000,    4.90098,    0.08500,    0.08526,       6906,       6928,          0,    1171.20,     492.37,       3141,     726.46,     359.39,       2171
  9,       1000,    4.89376,    0.08588,    0.08561,       6978,       6956,          0,    1167.66,     499.94,       3281,     724.28,     358.66,       2495

AVG,    1000.00,    4.89815,    0.08535,    0.08532,    6934.30,    6932.30,       0.00,    1174.95,     496.43,    3339.60,     727.48,     358.07,    2436.00
STD,       0.00,    0.00323,    0.00043,    0.00021,      35.33,      17.51,       0.00,       6.43,       7.47,     233.34,       3.28,       5.07,     259.26
