switches: 98 
p: 6 
servers: 588 
WARNING: nways has no sense in indirect topologies
         Setting nways to 1!!!
WARNING: Using global congestion control with neither TORUS nor MESH topology
         Setting update_period to 1 cycles!!!
      clock, injload, accload,  avgdel,  stddel, maxdel, inj. limit, cur. occup.

       1000, 0.21320, 0.21100,   15.30,    5.40,     40,        960,          6
       2000, 0.20540, 0.20338,   15.17,    5.32,     49,        960,          9
       3000, 0.20213, 0.20150,   15.22,    5.46,     51,        960,          8
       4000, 0.20170, 0.20105,   15.26,    5.48,     60,        960,          7
       5000, 0.20232, 0.20171,   15.29,    5.49,     60,        960,          9
       6000, 0.20373, 0.20344,   15.35,    5.52,     60,        960,          8
       7000, 0.19120, 0.19170,   15.18,    5.45,     46,        960,          5
       8000, 0.20200, 0.19945,   14.10,    4.13,     38,        960,         12
       9000, 0.19400, 0.19435,   14.72,    4.65,     38,        960,          8
      10000, 0.19560, 0.19820,   14.93,    4.62,     32,        960,          3
      11000, 0.19360, 0.19215,   14.90,    5.03,     36,        960,          8

 ---------------------------------------------
                Warmed Up !!!!!!               
 ---------------------------------------------

      12000, 0.19880, 0.19820,   15.11,    5.65,     47,        960,          7
Batch 0, 1000, 4.742455, 0.198800, 0.198200, 497.000000, 497.000000, 0.000000, 15.112676, 5.651807, 47, 0.905433, 2.276526, 17

      13000, 0.19440, 0.19540,   14.74,    4.69,     37,        960,          9
Batch 1, 1000, 4.716632, 0.194400, 0.195400, 486.000000, 487.000000, 0.000000, 14.739220, 4.688635, 37, 1.022587, 2.476537, 17

      14000, 0.18880, 0.18770,   14.27,    3.98,     32,        960,          6
Batch 2, 1000, 4.757962, 0.188800, 0.187700, 472.000000, 471.000000, 0.000000, 14.265393, 3.976480, 32, 0.611465, 1.739343, 12

      15000, 0.19360, 0.19360,   15.09,    5.05,     40,        960,          8
Batch 3, 1000, 4.758836, 0.193600, 0.193600, 484.000000, 481.000000, 0.000000, 15.093555, 5.048265, 40, 0.952183, 2.444339, 17

      16000, 0.19640, 0.19900,   14.73,    4.61,     37,        960,          3
Batch 4, 1000, 4.709419, 0.196400, 0.199000, 491.000000, 499.000000, 0.000000, 14.729459, 4.605845, 37, 0.987976, 2.410622, 15

      17000, 0.18640, 0.18400,   14.67,    4.80,     58,        960,          8
Batch 5, 1000, 4.803030, 0.186400, 0.184000, 466.000000, 462.000000, 0.000000, 14.668831, 4.798845, 58, 0.826840, 2.052535, 13

      18000, 0.21640, 0.21725,   15.49,    5.36,     51,        960,          6
Batch 6, 1000, 4.776753, 0.216400, 0.217250, 541.000000, 542.000000, 0.000000, 15.487085, 5.363567, 51, 0.837638, 2.078724, 13

      19000, 0.18960, 0.18895,   14.26,    4.33,     43,        960,          6
Batch 7, 1000, 4.691332, 0.189600, 0.188950, 474.000000, 473.000000, 0.000000, 14.264271, 4.332564, 43, 0.712474, 2.115768, 20

      20000, 0.19840, 0.19900,   14.59,    4.61,     38,        960,          5
Batch 8, 1000, 4.734406, 0.198400, 0.199000, 496.000000, 497.000000, 0.000000, 14.589537, 4.611142, 38, 0.810865, 2.199808, 18

      21000, 0.18560, 0.18450,   14.23,    4.26,     33,        960,         10
Batch 9, 1000, 4.689130, 0.185600, 0.184500, 464.000000, 460.000000, 0.000000, 14.234783, 4.258694, 33, 0.732609, 2.059100, 16


===============================================================================================================================================================

Program Started at:               Wed May 13 11:20:42 2026
Execution completed at:           Wed May 13 11:20:43 2026
On machine:                       pop-os
Simulation clock (cycles/us):     21000    134.400
Total execution time:             1 secs
Cycles per Second:                21000.000000

Random seed:                      13

Topology, uni(1)/bidir(2):        megafly(1)Random link failures:             0

Operation modes Inj-Req-Arb-Con:  shortest other random multiple
Traf./Inj. queue len (pkt/ph):    4/32, 4/32, 1 injectors
VC management:                    dragonfly-dally, 3 VCs; 
VCs used:                         1

Routing in multistage network:    static
Parallel injection:               YES
Dropping/Extracting packets:      NO       NO

Global congestion control:        gcc=100%, update_period=1
In-transit priority, bub. to ad:  0.000000, NO

Traffic pattern:                  uniform at load 0.20000, packets of 8 phits
Trigger rate, packets triggered:  0.00000     0
Warm Up Period Prov., Used:       5000 + 15000, 11000
Conv. sampling period, threshold: 1000, 0.050000
Sample count, size, min pkts:     10 x 1000, 0

===============================================================================================================================================================

  #,  BatchTime, AvDistance,    InjLoad,    AccLoad, PacketSent, PacketRcvd, PacketDrop,   AvgDelay, StDevDelay,   MaxDelay,  InjAvgDel, InjStDvDel,  InjMaxDel
  0,       1000,    4.74245,    0.19880,    0.19820,        497,        497,          0,      15.11,       5.65,         47,       0.91,       2.28,         17
  1,       1000,    4.71663,    0.19440,    0.19540,        486,        487,          0,      14.74,       4.69,         37,       1.02,       2.48,         17
  2,       1000,    4.75796,    0.18880,    0.18770,        472,        471,          0,      14.27,       3.98,         32,       0.61,       1.74,         12
  3,       1000,    4.75884,    0.19360,    0.19360,        484,        481,          0,      15.09,       5.05,         40,       0.95,       2.44,         17
  4,       1000,    4.70942,    0.19640,    0.19900,        491,        499,          0,      14.73,       4.61,         37,       0.99,       2.41,         15
  5,       1000,    4.80303,    0.18640,    0.18400,        466,        462,          0,      14.67,       4.80,         58,       0.83,       2.05,         13
  6,       1000,    4.77675,    0.21640,    0.21725,        541,        542,          0,      15.49,       5.36,         51,       0.84,       2.08,         13
  7,       1000,    4.69133,    0.18960,    0.18895,        474,        473,          0,      14.26,       4.33,         43,       0.71,       2.12,         20
  8,       1000,    4.73441,    0.19840,    0.19900,        496,        497,          0,      14.59,       4.61,         38,       0.81,       2.20,         18
  9,       1000,    4.68913,    0.18560,    0.18450,        464,        460,          0,      14.23,       4.26,         33,       0.73,       2.06,         16

AVG,    1000.00,    4.73800,    0.19484,    0.19476,     487.10,     486.90,       0.00,      14.72,       4.73,      41.60,       0.84,       2.19,      15.80
STD,       0.00,    0.03717,    0.00893,    0.00978,      22.33,      24.06,       0.00,       0.42,       0.51,       8.25,       0.13,       0.23,       2.53
