switches: 98 
p: 6 
servers: 588 
WARNING: nways has no sense in indirect topologies
         Setting nways to 1!!!
WARNING: Using global congestion control with neither TORUS nor MESH topology
         Setting update_period to 1 cycles!!!
      clock, injload, accload,  avgdel,  stddel, maxdel, inj. limit, cur. occup.

       1000, 0.57106, 0.49278,   98.92,   67.32,    525,      13056,       1748
       2000, 0.53943, 0.49728,  132.41,   82.31,    748,      13056,       1779
       3000, 0.53013, 0.50097,  145.77,   84.90,    748,      13056,       1849
       4000, 0.52091, 0.50014,  153.22,   85.98,    748,      13056,       1739
       5000, 0.51821, 0.50067,  157.09,   86.01,    748,      13056,       1805
       6000, 0.51191, 0.49756,  160.71,   87.08,    748,      13056,       1712
       7000, 0.49809, 0.49891,  176.75,   90.52,    809,      13056,       1845
       8000, 0.50585, 0.50574,  171.18,   82.83,    628,      13056,       1762
       9000, 0.50456, 0.50378,  171.57,   83.61,    673,      13056,       1764
      10000, 0.48944, 0.49489,  176.33,   90.55,    735,      13056,       1724

 ---------------------------------------------
                Warmed Up !!!!!!               
 ---------------------------------------------

      11000, 0.49885, 0.49750,  170.29,   89.56,    658,      13056,       1794
Batch 0, 1000, 4.920913, 0.498853, 0.497500, 16961.000000, 16918.000000, 0.000000, 170.291051, 89.556937, 658, 68.743941, 63.396334, 492

      12000, 0.51459, 0.51367,  165.50,   78.54,    629,      13056,       1749
Batch 1, 1000, 4.926113, 0.514588, 0.513673, 17496.000000, 17459.000000, 0.000000, 165.496649, 78.542903, 629, 63.511885, 55.487064, 346

      13000, 0.50118, 0.49969,  169.59,   84.96,    584,      13056,       1741
Batch 2, 1000, 4.919025, 0.501176, 0.499695, 17040.000000, 16993.000000, 0.000000, 169.585418, 84.961122, 584, 68.095157, 61.781718, 460

      14000, 0.49118, 0.49502,  170.92,   93.22,    690,      13056,       1721
Batch 3, 1000, 4.918659, 0.491176, 0.495018, 16700.000000, 16818.000000, 0.000000, 170.923296, 93.219964, 690, 69.051136, 66.877804, 520

      15000, 0.50462, 0.50100,  167.99,   89.90,    707,      13056,       1750
Batch 4, 1000, 4.920202, 0.504618, 0.501004, 17157.000000, 17043.000000, 0.000000, 167.986563, 89.901639, 707, 68.240568, 63.880321, 458

      16000, 0.50315, 0.50395,  174.81,   82.77,    675,      13056,       1710
Batch 5, 1000, 4.923831, 0.503147, 0.503952, 17107.000000, 17133.000000, 0.000000, 174.809432, 82.769214, 675, 71.248351, 60.256729, 417

      17000, 0.50788, 0.50692,  168.95,   80.83,    605,      13056,       1767
Batch 6, 1000, 4.925980, 0.507882, 0.506915, 17268.000000, 17252.000000, 0.000000, 168.945745, 80.825147, 605, 67.151924, 58.002975, 402

      18000, 0.50138, 0.50032,  170.53,   83.18,    605,      13056,       1765
Batch 7, 1000, 4.922670, 0.501382, 0.500320, 17047.000000, 17005.000000, 0.000000, 170.529491, 83.175034, 605, 69.529550, 60.287380, 411

      19000, 0.50141, 0.50304,  174.11,   85.43,    783,      13056,       1802
Batch 8, 1000, 4.918870, 0.501412, 0.503044, 17048.000000, 17096.000000, 0.000000, 174.114998, 85.430636, 783, 70.176006, 61.403935, 633

      20000, 0.50406, 0.50346,  170.85,   82.66,    647,      13056,       1811
Batch 9, 1000, 4.923054, 0.504059, 0.503460, 17138.000000, 17116.000000, 0.000000, 170.852536, 82.663510, 647, 68.160610, 59.902867, 482


===============================================================================================================================================================

Program Started at:               Wed May 13 11:20:43 2026
Execution completed at:           Wed May 13 11:21:30 2026
On machine:                       pop-os
Simulation clock (cycles/us):     20000    128.000
Total execution time:             47 secs
Cycles per Second:                425.531915

Random seed:                      13

Topology, uni(1)/bidir(2):        megafly(1)Random link failures:             0

Operation modes Inj-Req-Arb-Con:  shortest other random multiple
Traf./Inj. queue len (pkt/ph):    4/32, 4/32, 1 injectors
VC management:                    dragonfly-dally, 3 VCs; 
VCs used:                         1

Routing in multistage network:    static
Parallel injection:               YES
Dropping/Extracting packets:      NO       NO

Global congestion control:        gcc=100%, update_period=1
In-transit priority, bub. to ad:  0.000000, NO

Traffic pattern:                  uniform at load 0.60000, packets of 8 phits
Trigger rate, packets triggered:  0.00000     0
Warm Up Period Prov., Used:       5000 + 15000, 10000
Conv. sampling period, threshold: 1000, 0.050000
Sample count, size, min pkts:     10 x 1000, 0

===============================================================================================================================================================

  #,  BatchTime, AvDistance,    InjLoad,    AccLoad, PacketSent, PacketRcvd, PacketDrop,   AvgDelay, StDevDelay,   MaxDelay,  InjAvgDel, InjStDvDel,  InjMaxDel
  0,       1000,    4.92091,    0.49885,    0.49750,      16961,      16918,          0,     170.29,      89.56,        658,      68.74,      63.40,        492
  1,       1000,    4.92611,    0.51459,    0.51367,      17496,      17459,          0,     165.50,      78.54,        629,      63.51,      55.49,        346
  2,       1000,    4.91903,    0.50118,    0.49969,      17040,      16993,          0,     169.59,      84.96,        584,      68.10,      61.78,        460
  3,       1000,    4.91866,    0.49118,    0.49502,      16700,      16818,          0,     170.92,      93.22,        690,      69.05,      66.88,        520
  4,       1000,    4.92020,    0.50462,    0.50100,      17157,      17043,          0,     167.99,      89.90,        707,      68.24,      63.88,        458
  5,       1000,    4.92383,    0.50315,    0.50395,      17107,      17133,          0,     174.81,      82.77,        675,      71.25,      60.26,        417
  6,       1000,    4.92598,    0.50788,    0.50692,      17268,      17252,          0,     168.95,      80.83,        605,      67.15,      58.00,        402
  7,       1000,    4.92267,    0.50138,    0.50032,      17047,      17005,          0,     170.53,      83.18,        605,      69.53,      60.29,        411
  8,       1000,    4.91887,    0.50141,    0.50304,      17048,      17096,          0,     174.11,      85.43,        783,      70.18,      61.40,        633
  9,       1000,    4.92305,    0.50406,    0.50346,      17138,      17116,          0,     170.85,      82.66,        647,      68.16,      59.90,        482

AVG,    1000.00,    4.92193,    0.50283,    0.50246,   17096.20,   17083.30,       0.00,     170.35,      85.10,     658.30,      68.39,      61.13,     462.10
STD,       0.00,    0.00283,    0.00603,    0.00520,     204.96,     178.55,       0.00,       2.72,       4.54,      59.06,       2.07,       3.18,      78.60
