switches: 98 
p: 6 
servers: 588 
WARNING: nways has no sense in indirect topologies
         Setting nways to 1!!!
WARNING: Using global congestion control with neither TORUS nor MESH topology
         Setting update_period to 1 cycles!!!
      clock, injload, accload,  avgdel,  stddel, maxdel, inj. limit, cur. occup.

       1000, 0.19241, 0.12422,  175.68,  132.37,    704,      13056,       1212
       2000, 0.16981, 0.12494,  343.66,  250.95,   1347,      13056,       1283
       3000, 0.15593, 0.12538,  458.35,  299.42,   1750,      13056,       1311
       4000, 0.14871, 0.12564,  526.72,  314.39,   1750,      13056,       1304
       5000, 0.14421, 0.12575,  568.01,  315.26,   1750,      13056,       1300
       6000, 0.14116, 0.12578,  595.11,  313.63,   1750,      13056,       1303
       7000, 0.12641, 0.12635,  734.22,  268.05,   1776,      13056,       1310
       8000, 0.12579, 0.12596,  731.37,  262.86,   1579,      13056,       1302
       9000, 0.12682, 0.12656,  730.22,  277.08,   1547,      13056,       1303
      10000, 0.12626, 0.12617,  735.59,  276.83,   1633,      13056,       1302

 ---------------------------------------------
                Warmed Up !!!!!!               
 ---------------------------------------------

      11000, 0.12465, 0.12539,  740.64,  271.53,   1694,      13056,       1301
Batch 0, 1000, 4.955227, 0.124647, 0.125393, 4238.000000, 4266.000000, 0.000000, 740.643460, 271.532969, 1694, 429.994140, 208.956240, 1383

      12000, 0.12756, 0.12636,  726.03,  266.31,   1569,      13056,       1308
Batch 1, 1000, 4.945272, 0.127559, 0.126357, 4337.000000, 4294.000000, 0.000000, 726.029343, 266.310678, 1569, 428.169772, 204.263438, 1255

      13000, 0.12679, 0.12597,  742.39,  265.78,   1650,      13056,       1302
Batch 2, 1000, 4.940957, 0.126794, 0.125971, 4311.000000, 4285.000000, 0.000000, 742.385298, 265.780694, 1650, 438.177596, 201.485221, 1205

      14000, 0.12397, 0.12576,  743.79,  263.07,   1867,      13056,       1300
Batch 3, 1000, 4.945952, 0.123971, 0.125757, 4215.000000, 4274.000000, 0.000000, 743.794338, 263.067668, 1867, 438.756200, 201.988463, 1251

      15000, 0.12594, 0.12590,  738.37,  266.09,   1658,      13056,       1307
Batch 4, 1000, 4.946950, 0.125941, 0.125897, 4282.000000, 4279.000000, 0.000000, 738.369713, 266.085447, 1658, 432.098387, 201.986924, 1327

      16000, 0.12565, 0.12663,  730.20,  272.34,   1866,      13056,       1296
Batch 5, 1000, 4.939851, 0.125647, 0.126629, 4272.000000, 4306.000000, 0.000000, 730.203437, 272.338244, 1866, 422.072225, 211.078867, 1388

      17000, 0.12656, 0.12593,  733.30,  278.69,   1937,      13056,       1301
Batch 6, 1000, 4.949089, 0.126559, 0.125926, 4303.000000, 4282.000000, 0.000000, 733.302896, 278.685100, 1937, 431.966604, 213.061683, 1367

      18000, 0.12679, 0.12558,  735.96,  270.44,   1617,      13056,       1314
Batch 7, 1000, 4.949883, 0.126794, 0.125577, 4311.000000, 4270.000000, 0.000000, 735.957845, 270.438397, 1617, 431.268384, 206.891559, 1326

      19000, 0.12526, 0.12616,  729.40,  264.47,   1721,      13056,       1300
Batch 8, 1000, 4.947086, 0.125265, 0.126158, 4259.000000, 4290.000000, 0.000000, 729.404196, 264.466886, 1721, 429.409091, 206.243285, 1383

      20000, 0.12476, 0.12640,  735.47,  275.69,   1737,      13056,       1294
Batch 9, 1000, 4.946242, 0.124765, 0.126404, 4242.000000, 4297.000000, 0.000000, 735.465906, 275.690415, 1737, 425.374913, 211.298979, 1271


===============================================================================================================================================================

Program Started at:               Wed May 13 11:20:44 2026
Execution completed at:           Wed May 13 11:21:27 2026
On machine:                       pop-os
Simulation clock (cycles/us):     20000    128.000
Total execution time:             43 secs
Cycles per Second:                465.116279

Random seed:                      13

Topology, uni(1)/bidir(2):        megafly(1)Random link failures:             0

Operation modes Inj-Req-Arb-Con:  shortest other random multiple
Traf./Inj. queue len (pkt/ph):    4/32, 4/32, 1 injectors
VC management:                    dragonfly-dally, 3 VCs; 
VCs used:                         1

Routing in multistage network:    static
Parallel injection:               YES
Dropping/Extracting packets:      NO       NO

Global congestion control:        gcc=100%, update_period=1
In-transit priority, bub. to ad:  0.000000, NO

Traffic pattern:                  shuffle at load 0.20000, packets of 8 phits
Trigger rate, packets triggered:  0.00000     0
Warm Up Period Prov., Used:       5000 + 15000, 10000
Conv. sampling period, threshold: 1000, 0.050000
Sample count, size, min pkts:     10 x 1000, 0

===============================================================================================================================================================

  #,  BatchTime, AvDistance,    InjLoad,    AccLoad, PacketSent, PacketRcvd, PacketDrop,   AvgDelay, StDevDelay,   MaxDelay,  InjAvgDel, InjStDvDel,  InjMaxDel
  0,       1000,    4.95523,    0.12465,    0.12539,       4238,       4266,          0,     740.64,     271.53,       1694,     429.99,     208.96,       1383
  1,       1000,    4.94527,    0.12756,    0.12636,       4337,       4294,          0,     726.03,     266.31,       1569,     428.17,     204.26,       1255
  2,       1000,    4.94096,    0.12679,    0.12597,       4311,       4285,          0,     742.39,     265.78,       1650,     438.18,     201.49,       1205
  3,       1000,    4.94595,    0.12397,    0.12576,       4215,       4274,          0,     743.79,     263.07,       1867,     438.76,     201.99,       1251
  4,       1000,    4.94695,    0.12594,    0.12590,       4282,       4279,          0,     738.37,     266.09,       1658,     432.10,     201.99,       1327
  5,       1000,    4.93985,    0.12565,    0.12663,       4272,       4306,          0,     730.20,     272.34,       1866,     422.07,     211.08,       1388
  6,       1000,    4.94909,    0.12656,    0.12593,       4303,       4282,          0,     733.30,     278.69,       1937,     431.97,     213.06,       1367
  7,       1000,    4.94988,    0.12679,    0.12558,       4311,       4270,          0,     735.96,     270.44,       1617,     431.27,     206.89,       1326
  8,       1000,    4.94709,    0.12526,    0.12616,       4259,       4290,          0,     729.40,     264.47,       1721,     429.41,     206.24,       1383
  9,       1000,    4.94624,    0.12476,    0.12640,       4242,       4297,          0,     735.47,     275.69,       1737,     425.37,     211.30,       1271

AVG,    1000.00,    4.94665,    0.12579,    0.12601,    4277.00,    4284.30,       0.00,     735.56,     269.44,    1731.60,     430.73,     206.73,    1315.60
STD,       0.00,    0.00436,    0.00114,    0.00038,      38.80,      12.64,       0.00,       5.88,       5.14,     121.01,       5.12,       4.26,      66.06
