switches: 98 
p: 6 
servers: 588 
WARNING: nways has no sense in indirect topologies
         Setting nways to 1!!!
WARNING: Using global congestion control with neither TORUS nor MESH topology
         Setting update_period to 1 cycles!!!
      clock, injload, accload,  avgdel,  stddel, maxdel, inj. limit, cur. occup.

       1000, 0.33094, 0.22735,  270.08,  203.35,    894,      13056,       1507
       2000, 0.26832, 0.21663,  374.79,  244.45,   1553,      13056,       1461
       3000, 0.24506, 0.21040,  422.58,  257.82,   1811,      13056,       1457
       4000, 0.23438, 0.20826,  446.31,  259.53,   1920,      13056,       1509
       5000, 0.22606, 0.20539,  459.74,  260.14,   1920,      13056,       1459
       6000, 0.22311, 0.20579,  470.88,  262.18,   1920,      13056,       1505
       7000, 0.20306, 0.20361,  507.63,  243.42,   1841,      13056,       1472
       8000, 0.18424, 0.18388,  545.29,  270.58,   1792,      13056,       1487
       9000, 0.20235, 0.20283,  533.74,  268.41,   1881,      13056,       1467
      10000, 0.21006, 0.20983,  502.08,  236.57,   1902,      13056,       1450
      11000, 0.20426, 0.20359,  517.00,  254.23,   1954,      13056,       1505
      12000, 0.20491, 0.20530,  505.55,  246.52,   2037,      13056,       1472
      13000, 0.20126, 0.20235,  506.37,  244.04,   1544,      13056,       1465

 ---------------------------------------------
                Warmed Up !!!!!!               
 ---------------------------------------------

      14000, 0.21079, 0.20968,  513.67,  243.33,   1964,      13056,       1472
Batch 0, 1000, 4.923282, 0.210794, 0.209684, 7167.000000, 7143.000000, 0.000000, 513.665407, 243.327361, 1964, 294.624948, 179.549731, 1576

      15000, 0.19609, 0.19734,  507.29,  239.19,   1501,      13056,       1486
Batch 1, 1000, 4.916344, 0.196088, 0.197342, 6667.000000, 6706.000000, 0.000000, 507.291381, 239.186742, 1501, 296.334327, 182.970223, 1219

      16000, 0.20468, 0.20357,  530.83,  270.95,   1821,      13056,       1500
Batch 2, 1000, 4.926188, 0.204676, 0.203566, 6959.000000, 6923.000000, 0.000000, 530.826087, 270.952172, 1821, 312.264192, 204.986222, 1524

      17000, 0.20268, 0.20197,  512.44,  239.90,   1764,      13056,       1518
Batch 3, 1000, 4.916740, 0.202676, 0.201967, 6891.000000, 6858.000000, 0.000000, 512.442840, 239.903958, 1764, 301.141295, 184.412329, 1250

      18000, 0.20582, 0.20565,  508.47,  243.92,   1713,      13056,       1471
Batch 4, 1000, 4.926651, 0.205824, 0.205651, 6998.000000, 6994.000000, 0.000000, 508.474979, 243.922215, 1713, 292.012296, 185.851758, 1546

      19000, 0.20291, 0.20360,  510.11,  244.19,   1500,      13056,       1487
Batch 5, 1000, 4.918241, 0.202912, 0.203596, 6899.000000, 6935.000000, 0.000000, 510.105552, 244.189225, 1500, 299.237203, 186.821822, 1235

      20000, 0.21247, 0.21269,  486.16,  241.32,   1731,      13056,       1473
Batch 6, 1000, 4.920050, 0.212471, 0.212695, 7224.000000, 7217.000000, 0.000000, 486.164057, 241.320050, 1731, 281.481502, 176.813981, 1419

      21000, 0.19926, 0.20027,  512.63,  255.51,   1828,      13056,       1476
Batch 7, 1000, 4.919653, 0.199265, 0.200272, 6775.000000, 6808.000000, 0.000000, 512.633079, 255.508504, 1828, 301.483108, 192.219775, 1405

      22000, 0.20518, 0.20404,  509.94,  254.30,   1714,      13056,       1465
Batch 8, 1000, 4.921682, 0.205176, 0.204040, 6976.000000, 6946.000000, 0.000000, 509.938238, 254.298512, 1714, 294.562338, 186.486855, 1321

      23000, 0.19468, 0.19489,  531.62,  253.36,   1880,      13056,       1468
Batch 9, 1000, 4.917939, 0.194676, 0.194890, 6619.000000, 6617.000000, 0.000000, 531.616291, 253.357734, 1880, 312.509748, 194.554362, 1436


===============================================================================================================================================================

Program Started at:               Wed May 13 11:20:44 2026
Execution completed at:           Wed May 13 11:21:34 2026
On machine:                       pop-os
Simulation clock (cycles/us):     23000    147.200
Total execution time:             50 secs
Cycles per Second:                460.000000

Random seed:                      13

Topology, uni(1)/bidir(2):        megafly(1)Random link failures:             0

Operation modes Inj-Req-Arb-Con:  shortest other random multiple
Traf./Inj. queue len (pkt/ph):    4/32, 4/32, 1 injectors
VC management:                    dragonfly-dally, 3 VCs; 
VCs used:                         1

Routing in multistage network:    static
Parallel injection:               YES
Dropping/Extracting packets:      NO       NO

Global congestion control:        gcc=100%, update_period=1
In-transit priority, bub. to ad:  0.000000, NO

Traffic pattern:                  hotregion at load 0.80000, packets of 8 phits
Trigger rate, packets triggered:  0.00000     0
Warm Up Period Prov., Used:       5000 + 15000, 13000
Conv. sampling period, threshold: 1000, 0.050000
Sample count, size, min pkts:     10 x 1000, 0

===============================================================================================================================================================

  #,  BatchTime, AvDistance,    InjLoad,    AccLoad, PacketSent, PacketRcvd, PacketDrop,   AvgDelay, StDevDelay,   MaxDelay,  InjAvgDel, InjStDvDel,  InjMaxDel
  0,       1000,    4.92328,    0.21079,    0.20968,       7167,       7143,          0,     513.67,     243.33,       1964,     294.62,     179.55,       1576
  1,       1000,    4.91634,    0.19609,    0.19734,       6667,       6706,          0,     507.29,     239.19,       1501,     296.33,     182.97,       1219
  2,       1000,    4.92619,    0.20468,    0.20357,       6959,       6923,          0,     530.83,     270.95,       1821,     312.26,     204.99,       1524
  3,       1000,    4.91674,    0.20268,    0.20197,       6891,       6858,          0,     512.44,     239.90,       1764,     301.14,     184.41,       1250
  4,       1000,    4.92665,    0.20582,    0.20565,       6998,       6994,          0,     508.47,     243.92,       1713,     292.01,     185.85,       1546
  5,       1000,    4.91824,    0.20291,    0.20360,       6899,       6935,          0,     510.11,     244.19,       1500,     299.24,     186.82,       1235
  6,       1000,    4.92005,    0.21247,    0.21269,       7224,       7217,          0,     486.16,     241.32,       1731,     281.48,     176.81,       1419
  7,       1000,    4.91965,    0.19926,    0.20027,       6775,       6808,          0,     512.63,     255.51,       1828,     301.48,     192.22,       1405
  8,       1000,    4.92168,    0.20518,    0.20404,       6976,       6946,          0,     509.94,     254.30,       1714,     294.56,     186.49,       1321
  9,       1000,    4.91794,    0.19468,    0.19489,       6619,       6617,          0,     531.62,     253.36,       1880,     312.51,     194.55,       1436

AVG,    1000.00,    4.92068,    0.20346,    0.20337,    6917.50,    6914.70,       0.00,     512.32,     248.60,    1741.60,     298.57,     187.47,    1393.10
STD,       0.00,    0.00370,    0.00573,    0.00530,     194.66,     181.98,       0.00,      12.70,       9.94,     149.38,       9.24,       8.09,     132.33
