switches: 98 
p: 6 
servers: 588 
WARNING: nways has no sense in indirect topologies
         Setting nways to 1!!!
WARNING: Using global congestion control with neither TORUS nor MESH topology
         Setting update_period to 1 cycles!!!
      clock, injload, accload,  avgdel,  stddel, maxdel, inj. limit, cur. occup.

       1000, 0.40600, 0.29830,  164.81,  169.71,    784,        960,        129
       2000, 0.34700, 0.29190,  264.57,  225.20,   1137,        960,        139
       3000, 0.32653, 0.29178,  302.99,  249.28,   1175,        960,        127
       4000, 0.31170, 0.28587,  322.00,  259.71,   1389,        960,        129
       5000, 0.30480, 0.28373,  329.91,  261.55,   1389,        960,        136
       6000, 0.29987, 0.28247,  345.09,  274.75,   1483,        960,        135
       7000, 0.27520, 0.27270,  364.23,  247.21,   1665,        960,        131
       8000, 0.31160, 0.31395,  353.01,  258.91,   1508,        960,        131
       9000, 0.29720, 0.30090,  366.14,  240.88,   1633,        960,        126
      10000, 0.28920, 0.28850,  349.05,  265.01,   1254,        960,        128
      11000, 0.33200, 0.33295,  307.61,  212.90,   1259,        960,        130
      12000, 0.29600, 0.29725,  349.68,  220.62,   1003,        960,        129
      13000, 0.28320, 0.28415,  379.61,  276.56,   1297,        960,        136
      14000, 0.31600, 0.30945,  332.36,  219.89,   1255,        960,        135
      15000, 0.27040, 0.27730,  363.79,  259.79,   1267,        960,        125
      16000, 0.29280, 0.28790,  375.42,  253.40,   1224,        960,        129
      17000, 0.26880, 0.26935,  383.34,  265.82,   1094,        960,        130
      18000, 0.27320, 0.27245,  373.58,  257.11,   1315,        960,        128
      19000, 0.29200, 0.28810,  383.52,  304.67,   1457,        960,        127
      20000, 0.31560, 0.31575,  328.15,  233.65,   1155,        960,        135

**********************************************
*        Convergency timeout reached.        *
*         Continue without converge!         *
**********************************************

      21000, 0.27240, 0.27510,  376.57,  237.09,   1255,        960,        134
Batch 0, 1000, 4.622999, 0.272400, 0.275100, 681.000000, 687.000000, 0.000000, 376.570597, 237.085678, 1255, 189.534207, 144.995581, 743

      22000, 0.29560, 0.30100,  376.02,  264.44,   1179,        960,        131
Batch 1, 1000, 4.662234, 0.295600, 0.301000, 739.000000, 752.000000, 0.000000, 376.019947, 264.440853, 1179, 184.581117, 155.640727, 752

      23000, 0.29240, 0.28295,  343.54,  216.84,    969,        960,        133
Batch 2, 1000, 4.672805, 0.292400, 0.282950, 731.000000, 706.000000, 0.000000, 343.536827, 216.840182, 969, 175.201133, 138.874725, 712

      24000, 0.31160, 0.31665,  349.59,  237.63,   1166,        960,        130
Batch 3, 1000, 4.658660, 0.311600, 0.316650, 779.000000, 791.000000, 0.000000, 349.594185, 237.628459, 1166, 169.576485, 134.711483, 750

      25000, 0.26840, 0.26585,  375.16,  269.18,   1269,        960,        127
Batch 4, 1000, 4.685157, 0.268400, 0.265850, 671.000000, 667.000000, 0.000000, 375.161919, 269.180149, 1269, 189.644678, 164.917537, 850

      26000, 0.26680, 0.26580,  403.66,  284.85,   1510,        960,        129
Batch 5, 1000, 4.671171, 0.266800, 0.265800, 667.000000, 666.000000, 0.000000, 403.660661, 284.853328, 1510, 204.501502, 164.313722, 830

      27000, 0.28400, 0.28605,  369.44,  230.98,    947,        960,        130
Batch 6, 1000, 4.621318, 0.284000, 0.286050, 710.000000, 713.000000, 0.000000, 369.436185, 230.976552, 947, 185.295933, 138.757278, 596

      28000, 0.29240, 0.29445,  369.93,  262.91,   1268,        960,        129
Batch 7, 1000, 4.651701, 0.292400, 0.294450, 731.000000, 735.000000, 0.000000, 369.925170, 262.906115, 1268, 184.576871, 157.751000, 759

      29000, 0.33320, 0.33055,  314.71,  216.82,   1125,        960,        134
Batch 8, 1000, 4.692029, 0.333200, 0.330550, 833.000000, 828.000000, 0.000000, 314.710145, 216.820647, 1125, 151.385266, 125.286063, 640

      30000, 0.30480, 0.30635,  332.30,  223.59,   1023,        960,        132
Batch 9, 1000, 4.675817, 0.304800, 0.306350, 762.000000, 765.000000, 0.000000, 332.300654, 223.589982, 1023, 166.180392, 137.550710, 695


===============================================================================================================================================================

Program Started at:               Wed May 13 11:20:42 2026
Execution completed at:           Wed May 13 11:20:44 2026
On machine:                       pop-os
Simulation clock (cycles/us):     30000    192.000
Total execution time:             2 secs
Cycles per Second:                15000.000000

Random seed:                      13

Topology, uni(1)/bidir(2):        megafly(1)Random link failures:             0

Operation modes Inj-Req-Arb-Con:  shortest other random multiple
Traf./Inj. queue len (pkt/ph):    4/32, 4/32, 1 injectors
VC management:                    dragonfly-dally, 3 VCs; 
VCs used:                         1

Routing in multistage network:    static
Parallel injection:               YES
Dropping/Extracting packets:      NO       NO

Global congestion control:        gcc=100%, update_period=1
In-transit priority, bub. to ad:  0.000000, NO

Traffic pattern:                  hotregion at load 0.60000, packets of 8 phits
Trigger rate, packets triggered:  0.00000     0
Warm Up Period Prov., Used:       5000 + 15000, 20000
Conv. sampling period, threshold: 1000, 0.050000
Sample count, size, min pkts:     10 x 1000, 0

===============================================================================================================================================================

  #,  BatchTime, AvDistance,    InjLoad,    AccLoad, PacketSent, PacketRcvd, PacketDrop,   AvgDelay, StDevDelay,   MaxDelay,  InjAvgDel, InjStDvDel,  InjMaxDel
  0,       1000,    4.62300,    0.27240,    0.27510,        681,        687,          0,     376.57,     237.09,       1255,     189.53,     145.00,        743
  1,       1000,    4.66223,    0.29560,    0.30100,        739,        752,          0,     376.02,     264.44,       1179,     184.58,     155.64,        752
  2,       1000,    4.67280,    0.29240,    0.28295,        731,        706,          0,     343.54,     216.84,        969,     175.20,     138.87,        712
  3,       1000,    4.65866,    0.31160,    0.31665,        779,        791,          0,     349.59,     237.63,       1166,     169.58,     134.71,        750
  4,       1000,    4.68516,    0.26840,    0.26585,        671,        667,          0,     375.16,     269.18,       1269,     189.64,     164.92,        850
  5,       1000,    4.67117,    0.26680,    0.26580,        667,        666,          0,     403.66,     284.85,       1510,     204.50,     164.31,        830
  6,       1000,    4.62132,    0.28400,    0.28605,        710,        713,          0,     369.44,     230.98,        947,     185.30,     138.76,        596
  7,       1000,    4.65170,    0.29240,    0.29445,        731,        735,          0,     369.93,     262.91,       1268,     184.58,     157.75,        759
  8,       1000,    4.69203,    0.33320,    0.33055,        833,        828,          0,     314.71,     216.82,       1125,     151.39,     125.29,        640
  9,       1000,    4.67582,    0.30480,    0.30635,        762,        765,          0,     332.30,     223.59,       1023,     166.18,     137.55,        695

AVG,    1000.00,    4.66139,    0.29216,    0.29247,     730.40,     731.00,       0.00,     361.09,     244.43,    1171.10,     180.05,     146.28,     732.70
STD,       0.00,    0.02385,    0.02081,    0.02149,      52.03,      53.57,       0.00,      25.91,      24.10,     168.68,      14.89,      13.56,      77.33
