switches: 98 
p: 6 
servers: 588 
WARNING: nways has no sense in indirect topologies
         Setting nways to 1!!!
WARNING: Using global congestion control with neither TORUS nor MESH topology
         Setting update_period to 1 cycles!!!
      clock, injload, accload,  avgdel,  stddel, maxdel, inj. limit, cur. occup.

       1000, 0.31771, 0.22467,  170.34,  152.80,    822,      13056,       1450
       2000, 0.26200, 0.21314,  297.37,  228.56,   1306,      13056,       1489
       3000, 0.24131, 0.20963,  358.18,  256.38,   1788,      13056,       1464
       4000, 0.23428, 0.21044,  383.52,  259.25,   1797,      13056,       1482
       5000, 0.22830, 0.20938,  399.86,  261.20,   1797,      13056,       1441
       6000, 0.22273, 0.20670,  413.27,  263.91,   1853,      13056,       1451
       7000, 0.19550, 0.19397,  504.19,  265.66,   1719,      13056,       1496
       8000, 0.19653, 0.19826,  498.06,  266.87,   2429,      13056,       1461
       9000, 0.19794, 0.19774,  479.26,  260.89,   1915,      13056,       1454
      10000, 0.20062, 0.20137,  487.38,  270.16,   1654,      13056,       1477

 ---------------------------------------------
                Warmed Up !!!!!!               
 ---------------------------------------------

      11000, 0.20385, 0.20424,  477.10,  252.15,   1918,      13056,       1478
Batch 0, 1000, 4.930092, 0.203853, 0.204235, 6931.000000, 6952.000000, 0.000000, 477.095656, 252.153678, 1918, 261.807394, 187.065572, 1473

      12000, 0.19647, 0.19574,  487.61,  262.17,   1528,      13056,       1461
Batch 1, 1000, 4.929505, 0.196471, 0.195743, 6680.000000, 6653.000000, 0.000000, 487.610251, 262.165483, 1528, 270.861717, 201.610069, 1211

      13000, 0.19341, 0.19516,  493.37,  275.81,   1832,      13056,       1462
Batch 2, 1000, 4.915433, 0.193412, 0.195158, 6576.000000, 6622.000000, 0.000000, 493.373754, 275.807335, 1832, 275.484446, 203.255878, 1340

      14000, 0.20741, 0.20611,  480.17,  265.71,   1703,      13056,       1488
Batch 3, 1000, 4.910921, 0.207412, 0.206110, 7052.000000, 7005.000000, 0.000000, 480.166881, 265.705643, 1703, 264.335617, 197.154042, 1281

      15000, 0.19935, 0.19890,  479.29,  247.49,   1751,      13056,       1470
Batch 4, 1000, 4.912509, 0.199353, 0.198901, 6778.000000, 6755.000000, 0.000000, 479.293560, 247.493947, 1751, 266.605033, 183.456875, 1299

      16000, 0.21153, 0.21068,  457.47,  255.44,   1825,      13056,       1473
Batch 5, 1000, 4.923922, 0.211529, 0.210676, 7192.000000, 7190.000000, 0.000000, 457.473157, 255.438496, 1825, 250.047427, 187.966213, 1269

      17000, 0.19847, 0.19840,  481.27,  249.16,   1574,      13056,       1467
Batch 6, 1000, 4.929314, 0.198471, 0.198397, 6748.000000, 6734.000000, 0.000000, 481.265518, 249.155144, 1574, 268.207455, 187.294286, 1097

      18000, 0.20376, 0.20383,  482.90,  273.18,   1824,      13056,       1494
Batch 7, 1000, 4.916294, 0.203765, 0.203835, 6928.000000, 6929.000000, 0.000000, 482.902150, 273.176537, 1824, 266.432241, 205.103063, 1437

      19000, 0.20821, 0.20923,  455.86,  252.22,   2031,      13056,       1458
Batch 8, 1000, 4.916480, 0.208206, 0.209232, 7079.000000, 7124.000000, 0.000000, 455.856401, 252.221868, 2031, 248.464907, 182.802331, 1460

      20000, 0.20371, 0.20313,  471.32,  250.98,   1708,      13056,       1470
Batch 9, 1000, 4.922063, 0.203706, 0.203129, 6926.000000, 6903.000000, 0.000000, 471.315370, 250.983679, 1708, 262.624656, 188.190271, 1216


===============================================================================================================================================================

Program Started at:               Wed May 13 11:20:44 2026
Execution completed at:           Wed May 13 11:21:27 2026
On machine:                       pop-os
Simulation clock (cycles/us):     20000    128.000
Total execution time:             43 secs
Cycles per Second:                465.116279

Random seed:                      13

Topology, uni(1)/bidir(2):        megafly(1)Random link failures:             0

Operation modes Inj-Req-Arb-Con:  shortest other random multiple
Traf./Inj. queue len (pkt/ph):    4/32, 4/32, 1 injectors
VC management:                    dragonfly-dally, 3 VCs; 
VCs used:                         1

Routing in multistage network:    static
Parallel injection:               YES
Dropping/Extracting packets:      NO       NO

Global congestion control:        gcc=100%, update_period=1
In-transit priority, bub. to ad:  0.000000, NO

Traffic pattern:                  hotregion at load 0.40000, packets of 8 phits
Trigger rate, packets triggered:  0.00000     0
Warm Up Period Prov., Used:       5000 + 15000, 10000
Conv. sampling period, threshold: 1000, 0.050000
Sample count, size, min pkts:     10 x 1000, 0

===============================================================================================================================================================

  #,  BatchTime, AvDistance,    InjLoad,    AccLoad, PacketSent, PacketRcvd, PacketDrop,   AvgDelay, StDevDelay,   MaxDelay,  InjAvgDel, InjStDvDel,  InjMaxDel
  0,       1000,    4.93009,    0.20385,    0.20424,       6931,       6952,          0,     477.10,     252.15,       1918,     261.81,     187.07,       1473
  1,       1000,    4.92951,    0.19647,    0.19574,       6680,       6653,          0,     487.61,     262.17,       1528,     270.86,     201.61,       1211
  2,       1000,    4.91543,    0.19341,    0.19516,       6576,       6622,          0,     493.37,     275.81,       1832,     275.48,     203.26,       1340
  3,       1000,    4.91092,    0.20741,    0.20611,       7052,       7005,          0,     480.17,     265.71,       1703,     264.34,     197.15,       1281
  4,       1000,    4.91251,    0.19935,    0.19890,       6778,       6755,          0,     479.29,     247.49,       1751,     266.61,     183.46,       1299
  5,       1000,    4.92392,    0.21153,    0.21068,       7192,       7190,          0,     457.47,     255.44,       1825,     250.05,     187.97,       1269
  6,       1000,    4.92931,    0.19847,    0.19840,       6748,       6734,          0,     481.27,     249.16,       1574,     268.21,     187.29,       1097
  7,       1000,    4.91629,    0.20376,    0.20383,       6928,       6929,          0,     482.90,     273.18,       1824,     266.43,     205.10,       1437
  8,       1000,    4.91648,    0.20821,    0.20923,       7079,       7124,          0,     455.86,     252.22,       2031,     248.46,     182.80,       1460
  9,       1000,    4.92206,    0.20371,    0.20313,       6926,       6903,          0,     471.32,     250.98,       1708,     262.62,     188.19,       1216

AVG,    1000.00,    4.92065,    0.20262,    0.20254,    6889.00,    6886.70,       0.00,     476.64,     258.43,    1769.40,     263.49,     192.39,    1308.30
STD,       0.00,    0.00730,    0.00566,    0.00537,     192.35,     192.63,       0.00,      12.06,      10.19,     151.10,       8.50,       8.50,     121.43
