switches: 98 
p: 6 
servers: 588 
WARNING: nways has no sense in indirect topologies
         Setting nways to 1!!!
WARNING: Using global congestion control with neither TORUS nor MESH topology
         Setting update_period to 1 cycles!!!
      clock, injload, accload,  avgdel,  stddel, maxdel, inj. limit, cur. occup.

       1000, 0.32553, 0.22261,  232.97,  180.81,    812,      13056,       1445
       2000, 0.26631, 0.21564,  354.14,  242.12,   1537,      13056,       1431
       3000, 0.24644, 0.21244,  401.07,  251.96,   1888,      13056,       1460
       4000, 0.23393, 0.20845,  428.44,  259.47,   1888,      13056,       1477
       5000, 0.22685, 0.20651,  445.58,  261.17,   2036,      13056,       1474
       6000, 0.22354, 0.20667,  455.37,  261.65,   2111,      13056,       1482
       7000, 0.20771, 0.20701,  497.10,  253.40,   1737,      13056,       1485
       8000, 0.20356, 0.20317,  495.82,  239.37,   1855,      13056,       1456
       9000, 0.19532, 0.19612,  523.07,  262.02,   1781,      13056,       1486
      10000, 0.20512, 0.20478,  508.40,  258.80,   1686,      13056,       1486
      11000, 0.20394, 0.20403,  503.25,  250.36,   1702,      13056,       1467
      12000, 0.20009, 0.20068,  502.91,  245.04,   1534,      13056,       1464

 ---------------------------------------------
                Warmed Up !!!!!!               
 ---------------------------------------------

      13000, 0.21476, 0.21506,  488.35,  250.02,   2216,      13056,       1494
Batch 0, 1000, 4.917760, 0.214765, 0.215059, 7302.000000, 7320.000000, 0.000000, 488.353415, 250.023965, 2216, 279.380191, 184.411580, 1409

      14000, 0.19762, 0.19750,  509.56,  243.31,   1602,      13056,       1463
Batch 1, 1000, 4.913134, 0.197618, 0.197500, 6719.000000, 6700.000000, 0.000000, 509.558209, 243.308942, 1602, 293.288955, 189.594354, 1209

      15000, 0.19803, 0.19663,  518.68,  269.81,   1711,      13056,       1480
Batch 2, 1000, 4.917015, 0.198029, 0.196629, 6733.000000, 6700.000000, 0.000000, 518.682537, 269.805138, 1711, 302.690746, 202.367714, 1324

      16000, 0.19753, 0.19863,  515.69,  255.83,   1640,      13056,       1460
Batch 3, 1000, 4.921662, 0.197529, 0.198632, 6716.000000, 6740.000000, 0.000000, 515.687685, 255.834961, 1640, 297.616024, 191.816180, 1165

      17000, 0.20285, 0.20175,  516.67,  270.30,   1721,      13056,       1486
Batch 4, 1000, 4.917649, 0.202853, 0.201750, 6897.000000, 6873.000000, 0.000000, 516.670450, 270.298955, 1721, 298.035647, 198.312309, 1308

      18000, 0.20659, 0.20692,  492.43,  252.91,   1620,      13056,       1461
Batch 5, 1000, 4.922989, 0.206588, 0.206915, 7024.000000, 7025.000000, 0.000000, 492.427616, 252.913019, 1620, 282.372954, 185.487858, 1280

      19000, 0.20421, 0.20586,  505.54,  252.04,   1766,      13056,       1486
Batch 6, 1000, 4.923055, 0.204206, 0.205864, 6943.000000, 6992.000000, 0.000000, 505.542763, 252.041055, 1766, 290.883152, 189.533446, 1314

      20000, 0.19803, 0.19572,  508.27,  247.00,   1703,      13056,       1465
Batch 7, 1000, 4.925588, 0.198029, 0.195721, 6733.000000, 6679.000000, 0.000000, 508.265159, 246.995452, 1703, 294.557119, 190.640023, 1457

      21000, 0.19762, 0.19858,  520.09,  260.22,   1857,      13056,       1480
Batch 8, 1000, 4.930056, 0.197618, 0.198577, 6719.000000, 6734.000000, 0.000000, 520.085833, 260.218093, 1857, 300.320166, 193.423868, 1366

      22000, 0.20468, 0.20481,  504.60,  256.27,   1612,      13056,       1468
Batch 9, 1000, 4.916762, 0.204676, 0.204805, 6959.000000, 6968.000000, 0.000000, 504.595293, 256.272285, 1612, 290.132606, 191.018527, 1312


===============================================================================================================================================================

Program Started at:               Wed May 13 11:20:44 2026
Execution completed at:           Wed May 13 11:21:32 2026
On machine:                       pop-os
Simulation clock (cycles/us):     22000    140.800
Total execution time:             48 secs
Cycles per Second:                458.333333

Random seed:                      13

Topology, uni(1)/bidir(2):        megafly(1)Random link failures:             0

Operation modes Inj-Req-Arb-Con:  shortest other random multiple
Traf./Inj. queue len (pkt/ph):    4/32, 4/32, 1 injectors
VC management:                    dragonfly-dally, 3 VCs; 
VCs used:                         1

Routing in multistage network:    static
Parallel injection:               YES
Dropping/Extracting packets:      NO       NO

Global congestion control:        gcc=100%, update_period=1
In-transit priority, bub. to ad:  0.000000, NO

Traffic pattern:                  hotregion at load 0.60000, packets of 8 phits
Trigger rate, packets triggered:  0.00000     0
Warm Up Period Prov., Used:       5000 + 15000, 12000
Conv. sampling period, threshold: 1000, 0.050000
Sample count, size, min pkts:     10 x 1000, 0

===============================================================================================================================================================

  #,  BatchTime, AvDistance,    InjLoad,    AccLoad, PacketSent, PacketRcvd, PacketDrop,   AvgDelay, StDevDelay,   MaxDelay,  InjAvgDel, InjStDvDel,  InjMaxDel
  0,       1000,    4.91776,    0.21476,    0.21506,       7302,       7320,          0,     488.35,     250.02,       2216,     279.38,     184.41,       1409
  1,       1000,    4.91313,    0.19762,    0.19750,       6719,       6700,          0,     509.56,     243.31,       1602,     293.29,     189.59,       1209
  2,       1000,    4.91701,    0.19803,    0.19663,       6733,       6700,          0,     518.68,     269.81,       1711,     302.69,     202.37,       1324
  3,       1000,    4.92166,    0.19753,    0.19863,       6716,       6740,          0,     515.69,     255.83,       1640,     297.62,     191.82,       1165
  4,       1000,    4.91765,    0.20285,    0.20175,       6897,       6873,          0,     516.67,     270.30,       1721,     298.04,     198.31,       1308
  5,       1000,    4.92299,    0.20659,    0.20692,       7024,       7025,          0,     492.43,     252.91,       1620,     282.37,     185.49,       1280
  6,       1000,    4.92305,    0.20421,    0.20586,       6943,       6992,          0,     505.54,     252.04,       1766,     290.88,     189.53,       1314
  7,       1000,    4.92559,    0.19803,    0.19572,       6733,       6679,          0,     508.27,     247.00,       1703,     294.56,     190.64,       1457
  8,       1000,    4.93006,    0.19762,    0.19858,       6719,       6734,          0,     520.09,     260.22,       1857,     300.32,     193.42,       1366
  9,       1000,    4.91676,    0.20468,    0.20481,       6959,       6968,          0,     504.60,     256.27,       1612,     290.13,     191.02,       1312

AVG,    1000.00,    4.92057,    0.20219,    0.20215,    6874.50,    6873.10,       0.00,     507.99,     255.77,    1744.80,     292.93,     191.66,    1314.40
STD,       0.00,    0.00502,    0.00564,    0.00605,     191.77,     205.64,       0.00,      10.77,       8.92,     183.52,       7.51,       5.40,      86.09
