switches: 98 
p: 6 
servers: 588 
WARNING: nways has no sense in indirect topologies
         Setting nways to 1!!!
WARNING: Using global congestion control with neither TORUS nor MESH topology
         Setting update_period to 1 cycles!!!
      clock, injload, accload,  avgdel,  stddel, maxdel, inj. limit, cur. occup.

       1000, 0.40170, 0.38871,   33.29,   19.76,    196,      31200,       1077
       2000, 0.40038, 0.39455,   34.23,   20.32,    198,      31200,        992
       3000, 0.40045, 0.39650,   34.16,   20.31,    294,      31200,       1001
       4000, 0.40094, 0.39771,   34.18,   20.32,    294,      31200,       1070
       5000, 0.40160, 0.39907,   34.37,   20.35,    294,      31200,       1065
       6000, 0.40190, 0.39966,   34.57,   20.63,    304,      31200,       1123
       7000, 0.39970, 0.40125,   33.79,   19.23,    183,      31200,       1014
       8000, 0.39830, 0.39789,   34.19,   20.05,    243,      31200,       1030
       9000, 0.39967, 0.39909,   34.67,   20.68,    229,      31200,       1082

 ---------------------------------------------
                Warmed Up !!!!!!               
 ---------------------------------------------

      10000, 0.40287, 0.40377,   35.08,   21.01,    197,      31200,        996
Batch 0, 1000, 4.952689, 0.402868, 0.403772, 32733.000000, 32804.000000, 0.000000, 35.076149, 21.005394, 197, 2.601329, 5.154298, 109

      11000, 0.39906, 0.39852,   35.29,   22.24,    346,      31200,       1055
Batch 1, 1000, 4.951815, 0.399065, 0.398518, 32424.000000, 32375.000000, 0.000000, 35.286270, 22.240491, 346, 2.535228, 5.426550, 152

      12000, 0.39886, 0.39991,   34.36,   20.20,    270,      31200,        949
Batch 2, 1000, 4.951736, 0.398855, 0.399906, 32407.000000, 32488.000000, 0.000000, 34.360933, 20.197288, 270, 2.567348, 4.849591, 105

      13000, 0.39825, 0.39722,   33.53,   19.40,    194,      31200,       1080
Batch 3, 1000, 4.950455, 0.398252, 0.397222, 32358.000000, 32274.000000, 0.000000, 33.532224, 19.397950, 194, 2.427186, 4.507352, 68

      14000, 0.40044, 0.40062,   35.92,   23.09,    291,      31200,       1029
Batch 4, 1000, 4.950144, 0.400443, 0.400625, 32536.000000, 32554.000000, 0.000000, 35.919426, 23.091156, 291, 2.847607, 7.381963, 216

      15000, 0.39775, 0.39708,   34.38,   20.54,    238,      31200,       1071
Batch 5, 1000, 4.951966, 0.397748, 0.397085, 32317.000000, 32269.000000, 0.000000, 34.378196, 20.537767, 238, 2.525768, 5.095012, 108

      16000, 0.39754, 0.39844,   33.84,   19.96,    218,      31200,       1064
Batch 6, 1000, 4.948663, 0.397538, 0.398443, 32300.000000, 32355.000000, 0.000000, 33.842188, 19.957205, 218, 2.435698, 4.901562, 115

      17000, 0.40361, 0.40289,   34.77,   20.78,    241,      31200,       1068
Batch 7, 1000, 4.947078, 0.403606, 0.402889, 32793.000000, 32746.000000, 0.000000, 34.766048, 20.780826, 241, 2.529836, 4.838094, 89

      18000, 0.40030, 0.40076,   35.60,   22.04,    242,      31200,       1050
Batch 8, 1000, 4.951107, 0.400295, 0.400763, 32524.000000, 32561.000000, 0.000000, 35.600995, 22.043914, 242, 2.663063, 5.521325, 104

      19000, 0.39974, 0.39933,   34.49,   20.83,    210,      31200,       1077
Batch 9, 1000, 4.950351, 0.399742, 0.399332, 32479.000000, 32448.000000, 0.000000, 34.493035, 20.826290, 210, 2.512050, 5.109620, 106


===============================================================================================================================================================

Program Started at:               Wed May 13 11:21:26 2026
Execution completed at:           Wed May 13 11:23:18 2026
On machine:                       pop-os
Simulation clock (cycles/us):     19000    121.600
Total execution time:             1 mins, 52 secs
Cycles per Second:                169.642857

Random seed:                      13

Topology, uni(1)/bidir(2):        megafly(1)Random link failures:             0

Operation modes Inj-Req-Arb-Con:  shortest other random multiple
Traf./Inj. queue len (pkt/ph):    4/32, 4/32, 1 injectors
VC management:                    dragonfly-dally, 3 VCs; 
VCs used:                         1

Routing in multistage network:    static
Parallel injection:               YES
Dropping/Extracting packets:      NO       NO

Global congestion control:        gcc=100%, update_period=1
In-transit priority, bub. to ad:  0.000000, NO

Traffic pattern:                  uniform at load 0.40000, packets of 8 phits
Trigger rate, packets triggered:  0.00000     0
Warm Up Period Prov., Used:       5000 + 15000, 9000
Conv. sampling period, threshold: 1000, 0.050000
Sample count, size, min pkts:     10 x 1000, 0

===============================================================================================================================================================

  #,  BatchTime, AvDistance,    InjLoad,    AccLoad, PacketSent, PacketRcvd, PacketDrop,   AvgDelay, StDevDelay,   MaxDelay,  InjAvgDel, InjStDvDel,  InjMaxDel
  0,       1000,    4.95269,    0.40287,    0.40377,      32733,      32804,          0,      35.08,      21.01,        197,       2.60,       5.15,        109
  1,       1000,    4.95181,    0.39906,    0.39852,      32424,      32375,          0,      35.29,      22.24,        346,       2.54,       5.43,        152
  2,       1000,    4.95174,    0.39886,    0.39991,      32407,      32488,          0,      34.36,      20.20,        270,       2.57,       4.85,        105
  3,       1000,    4.95046,    0.39825,    0.39722,      32358,      32274,          0,      33.53,      19.40,        194,       2.43,       4.51,         68
  4,       1000,    4.95014,    0.40044,    0.40062,      32536,      32554,          0,      35.92,      23.09,        291,       2.85,       7.38,        216
  5,       1000,    4.95197,    0.39775,    0.39708,      32317,      32269,          0,      34.38,      20.54,        238,       2.53,       5.10,        108
  6,       1000,    4.94866,    0.39754,    0.39844,      32300,      32355,          0,      33.84,      19.96,        218,       2.44,       4.90,        115
  7,       1000,    4.94708,    0.40361,    0.40289,      32793,      32746,          0,      34.77,      20.78,        241,       2.53,       4.84,         89
  8,       1000,    4.95111,    0.40030,    0.40076,      32524,      32561,          0,      35.60,      22.04,        242,       2.66,       5.52,        104
  9,       1000,    4.95035,    0.39974,    0.39933,      32479,      32448,          0,      34.49,      20.83,        210,       2.51,       5.11,        106

AVG,    1000.00,    4.95060,    0.39984,    0.39986,   32487.10,   32487.40,       0.00,      34.73,      21.01,     244.70,       2.56,       5.28,     117.20
STD,       0.00,    0.00169,    0.00205,    0.00223,     166.29,     183.16,       0.00,       0.76,       1.13,      46.99,       0.12,       0.80,      40.54
