switches: 98 
p: 6 
servers: 588 
WARNING: nways has no sense in indirect topologies
         Setting nways to 1!!!
WARNING: Using global congestion control with neither TORUS nor MESH topology
         Setting update_period to 1 cycles!!!
      clock, injload, accload,  avgdel,  stddel, maxdel, inj. limit, cur. occup.

       1000, 0.55326, 0.46845,  108.11,   75.14,    577,      31200,       4095
       2000, 0.51426, 0.47120,  146.95,   93.48,    895,      31200,       4202
       3000, 0.50414, 0.47496,  158.92,   94.11,    895,      31200,       4142
       4000, 0.49921, 0.47719,  165.34,   93.34,    895,      31200,       4288
       5000, 0.49414, 0.47689,  169.53,   93.53,    895,      31200,       3975
       6000, 0.49077, 0.47646,  172.48,   93.64,    895,      31200,       3979
       7000, 0.47737, 0.47720,  186.24,   95.90,    874,      31200,       4103
       8000, 0.48358, 0.48207,  184.29,   91.65,    846,      31200,       4241
       9000, 0.48322, 0.48215,  185.71,   90.13,   1040,      31200,       4166
      10000, 0.48292, 0.48230,  186.83,   90.68,   1056,      31200,       4230

 ---------------------------------------------
                Warmed Up !!!!!!               
 ---------------------------------------------

      11000, 0.47450, 0.47658,  187.52,   91.61,    714,      31200,       4126
Batch 0, 1000, 4.953392, 0.474498, 0.476575, 38553.000000, 38727.000000, 0.000000, 187.522788, 91.607504, 714, 80.347974, 67.678238, 508

      12000, 0.47591, 0.47558,  188.73,   94.66,    754,      31200,       4189
Batch 1, 1000, 4.950057, 0.475914, 0.475583, 38668.000000, 38644.000000, 0.000000, 188.733180, 94.659598, 754, 81.841398, 70.216845, 564

      13000, 0.48497, 0.48382,  186.12,   88.15,    700,      31200,       4271
Batch 2, 1000, 4.951503, 0.484972, 0.483822, 39404.000000, 39322.000000, 0.000000, 186.121077, 88.145687, 700, 78.707492, 64.364098, 521

      14000, 0.48576, 0.48664,  185.24,   88.66,    743,      31200,       4190
Batch 3, 1000, 4.951477, 0.485760, 0.486642, 39468.000000, 39528.000000, 0.000000, 185.235049, 88.655759, 743, 78.789795, 65.462256, 593

      15000, 0.47600, 0.47558,  186.59,   95.40,    837,      31200,       4208
Batch 4, 1000, 4.950766, 0.476000, 0.475578, 38675.000000, 38652.000000, 0.000000, 186.588301, 95.403570, 837, 79.634922, 70.902435, 694

      16000, 0.48009, 0.48050,  186.10,   91.56,    957,      31200,       4149
Batch 5, 1000, 4.948853, 0.480086, 0.480500, 39007.000000, 39044.000000, 0.000000, 186.103806, 91.562158, 957, 78.975592, 66.785586, 583

      17000, 0.47402, 0.47641,  188.81,   93.08,    869,      31200,       4029
Batch 6, 1000, 4.948985, 0.474018, 0.476408, 38514.000000, 38714.000000, 0.000000, 188.812858, 93.075459, 869, 80.555639, 68.742548, 750

      18000, 0.48647, 0.48493,  181.90,   90.24,    804,      31200,       4144
Batch 7, 1000, 4.951222, 0.486474, 0.484934, 39526.000000, 39362.000000, 0.000000, 181.903206, 90.235038, 804, 77.350058, 66.533384, 638

      19000, 0.48223, 0.48300,  183.75,   91.43,    913,      31200,       4019
Batch 8, 1000, 4.949868, 0.482228, 0.483000, 39181.000000, 39276.000000, 0.000000, 183.746996, 91.425368, 913, 77.284168, 67.259475, 693

      20000, 0.47998, 0.47912,  184.95,   95.27,    812,      31200,       4227
Batch 9, 1000, 4.950126, 0.479975, 0.479115, 38998.000000, 38898.000000, 0.000000, 184.949432, 95.271209, 812, 79.607769, 69.998783, 678


===============================================================================================================================================================

Program Started at:               Wed May 13 11:21:27 2026
Execution completed at:           Wed May 13 11:23:36 2026
On machine:                       pop-os
Simulation clock (cycles/us):     20000    128.000
Total execution time:             2 mins, 9 secs
Cycles per Second:                155.038760

Random seed:                      13

Topology, uni(1)/bidir(2):        megafly(1)Random link failures:             0

Operation modes Inj-Req-Arb-Con:  shortest other random multiple
Traf./Inj. queue len (pkt/ph):    4/32, 4/32, 1 injectors
VC management:                    dragonfly-dally, 3 VCs; 
VCs used:                         1

Routing in multistage network:    static
Parallel injection:               YES
Dropping/Extracting packets:      NO       NO

Global congestion control:        gcc=100%, update_period=1
In-transit priority, bub. to ad:  0.000000, NO

Traffic pattern:                  uniform at load 0.60000, packets of 8 phits
Trigger rate, packets triggered:  0.00000     0
Warm Up Period Prov., Used:       5000 + 15000, 10000
Conv. sampling period, threshold: 1000, 0.050000
Sample count, size, min pkts:     10 x 1000, 0

===============================================================================================================================================================

  #,  BatchTime, AvDistance,    InjLoad,    AccLoad, PacketSent, PacketRcvd, PacketDrop,   AvgDelay, StDevDelay,   MaxDelay,  InjAvgDel, InjStDvDel,  InjMaxDel
  0,       1000,    4.95339,    0.47450,    0.47658,      38553,      38727,          0,     187.52,      91.61,        714,      80.35,      67.68,        508
  1,       1000,    4.95006,    0.47591,    0.47558,      38668,      38644,          0,     188.73,      94.66,        754,      81.84,      70.22,        564
  2,       1000,    4.95150,    0.48497,    0.48382,      39404,      39322,          0,     186.12,      88.15,        700,      78.71,      64.36,        521
  3,       1000,    4.95148,    0.48576,    0.48664,      39468,      39528,          0,     185.24,      88.66,        743,      78.79,      65.46,        593
  4,       1000,    4.95077,    0.47600,    0.47558,      38675,      38652,          0,     186.59,      95.40,        837,      79.63,      70.90,        694
  5,       1000,    4.94885,    0.48009,    0.48050,      39007,      39044,          0,     186.10,      91.56,        957,      78.98,      66.79,        583
  6,       1000,    4.94898,    0.47402,    0.47641,      38514,      38714,          0,     188.81,      93.08,        869,      80.56,      68.74,        750
  7,       1000,    4.95122,    0.48647,    0.48493,      39526,      39362,          0,     181.90,      90.24,        804,      77.35,      66.53,        638
  8,       1000,    4.94987,    0.48223,    0.48300,      39181,      39276,          0,     183.75,      91.43,        913,      77.28,      67.26,        693
  9,       1000,    4.95013,    0.47998,    0.47912,      38998,      38898,          0,     184.95,      95.27,        812,      79.61,      70.00,        678

AVG,    1000.00,    4.95062,    0.47999,    0.48022,   38999.40,   39016.70,       0.00,     185.97,      92.00,     810.30,      79.31,      67.79,     622.20
STD,       0.00,    0.00135,    0.00476,    0.00417,     386.38,     333.90,       0.00,       2.15,       2.59,      85.25,       1.41,       2.14,      80.91
