switches: 98 
p: 6 
servers: 588 
WARNING: nways has no sense in indirect topologies
         Setting nways to 1!!!
WARNING: Using global congestion control with neither TORUS nor MESH topology
         Setting update_period to 1 cycles!!!
      clock, injload, accload,  avgdel,  stddel, maxdel, inj. limit, cur. occup.

       1000, 0.45720, 0.34560,  187.32,  161.14,    807,        960,        135
       2000, 0.37580, 0.32215,  277.91,  225.19,   1160,        960,        137
       3000, 0.36080, 0.32427,  299.71,  221.27,   1160,        960,        134
       4000, 0.34400, 0.31550,  318.68,  226.51,   1160,        960,        141
       5000, 0.34112, 0.31878,  318.81,  220.07,   1543,        960,        134
       6000, 0.33840, 0.31998,  326.74,  227.83,   1807,        960,        137
       7000, 0.30360, 0.30485,  349.61,  212.24,   1073,        960,        132
       8000, 0.33360, 0.33110,  340.23,  206.34,   1076,        960,        137
       9000, 0.31720, 0.31870,  345.86,  237.76,   1347,        960,        137
      10000, 0.30480, 0.30500,  353.51,  227.23,   1281,        960,        140
      11000, 0.28920, 0.28820,  406.09,  259.85,   1627,        960,        139
      12000, 0.30880, 0.31325,  361.23,  233.81,   1497,        960,        134
      13000, 0.29360, 0.29365,  363.28,  265.95,   1367,        960,        133
      14000, 0.27360, 0.27305,  408.98,  286.33,   1319,        960,        134
      15000, 0.31960, 0.31390,  369.23,  246.88,   1327,        960,        136
      16000, 0.30640, 0.31225,  349.70,  202.66,   1047,        960,        136
      17000, 0.30960, 0.30420,  372.10,  243.46,   1099,        960,        136
      18000, 0.28880, 0.29090,  379.60,  233.30,   1039,        960,        133
      19000, 0.29640, 0.29505,  352.38,  238.63,   1413,        960,        135
      20000, 0.27840, 0.27910,  408.19,  278.93,   1557,        960,        131

**********************************************
*        Convergency timeout reached.        *
*         Continue without converge!         *
**********************************************

      21000, 0.29040, 0.29035,  377.80,  240.96,   1207,        960,        134
Batch 0, 1000, 4.614540, 0.290400, 0.290350, 726.000000, 729.000000, 0.000000, 377.799726, 240.958471, 1207, 192.068587, 146.714132, 706

      22000, 0.30440, 0.30555,  384.73,  267.36,   1303,        960,        134
Batch 1, 1000, 4.643979, 0.304400, 0.305550, 761.000000, 764.000000, 0.000000, 384.731675, 267.363105, 1303, 192.969895, 152.169571, 950

      23000, 0.31120, 0.31100,  349.24,  231.47,   1239,        960,        134
Batch 2, 1000, 4.612613, 0.311200, 0.311000, 778.000000, 777.000000, 0.000000, 349.241956, 231.470124, 1239, 174.740026, 134.507873, 647

      24000, 0.30320, 0.30025,  382.03,  240.01,   1227,        960,        141
Batch 3, 1000, 4.638298, 0.303200, 0.300250, 758.000000, 752.000000, 0.000000, 382.025266, 240.012562, 1227, 197.569149, 143.725689, 875

      25000, 0.27600, 0.28100,  392.64,  256.71,   1124,        960,        140
Batch 4, 1000, 4.631054, 0.276000, 0.281000, 690.000000, 702.000000, 0.000000, 392.635328, 256.708893, 1124, 210.367521, 161.110904, 695

      26000, 0.32000, 0.31850,  358.05,  244.29,   1303,        960,        136
Batch 5, 1000, 4.636935, 0.320000, 0.318500, 800.000000, 796.000000, 0.000000, 358.048995, 244.285231, 1303, 177.868090, 136.422020, 711

      27000, 0.29920, 0.29995,  369.89,  255.02,   1175,        960,        139
Batch 6, 1000, 4.614667, 0.299200, 0.299950, 748.000000, 750.000000, 0.000000, 369.886667, 255.019697, 1175, 188.780000, 146.932246, 742

      28000, 0.31680, 0.31430,  338.90,  229.73,   1151,        960,        135
Batch 7, 1000, 4.666667, 0.316800, 0.314300, 792.000000, 786.000000, 0.000000, 338.896947, 229.728870, 1151, 173.810433, 135.277920, 743

      29000, 0.33880, 0.33955,  353.29,  231.06,   1224,        960,        141
Batch 8, 1000, 4.644970, 0.338800, 0.339550, 847.000000, 845.000000, 0.000000, 353.287574, 231.055535, 1224, 173.468639, 121.925694, 702

      30000, 0.32280, 0.32085,  327.25,  212.54,   1039,        960,        142
Batch 9, 1000, 4.685323, 0.322800, 0.320850, 807.000000, 804.000000, 0.000000, 327.252488, 212.538906, 1039, 167.444030, 130.178518, 703


===============================================================================================================================================================

Program Started at:               Wed May 13 11:20:42 2026
Execution completed at:           Wed May 13 11:20:44 2026
On machine:                       pop-os
Simulation clock (cycles/us):     30000    192.000
Total execution time:             2 secs
Cycles per Second:                15000.000000

Random seed:                      13

Topology, uni(1)/bidir(2):        megafly(1)Random link failures:             0

Operation modes Inj-Req-Arb-Con:  shortest other random multiple
Traf./Inj. queue len (pkt/ph):    4/32, 4/32, 1 injectors
VC management:                    dragonfly-dally, 3 VCs; 
VCs used:                         1

Routing in multistage network:    static
Parallel injection:               YES
Dropping/Extracting packets:      NO       NO

Global congestion control:        gcc=100%, update_period=1
In-transit priority, bub. to ad:  0.000000, NO

Traffic pattern:                  hotregion at load 0.80000, packets of 8 phits
Trigger rate, packets triggered:  0.00000     0
Warm Up Period Prov., Used:       5000 + 15000, 20000
Conv. sampling period, threshold: 1000, 0.050000
Sample count, size, min pkts:     10 x 1000, 0

===============================================================================================================================================================

  #,  BatchTime, AvDistance,    InjLoad,    AccLoad, PacketSent, PacketRcvd, PacketDrop,   AvgDelay, StDevDelay,   MaxDelay,  InjAvgDel, InjStDvDel,  InjMaxDel
  0,       1000,    4.61454,    0.29040,    0.29035,        726,        729,          0,     377.80,     240.96,       1207,     192.07,     146.71,        706
  1,       1000,    4.64398,    0.30440,    0.30555,        761,        764,          0,     384.73,     267.36,       1303,     192.97,     152.17,        950
  2,       1000,    4.61261,    0.31120,    0.31100,        778,        777,          0,     349.24,     231.47,       1239,     174.74,     134.51,        647
  3,       1000,    4.63830,    0.30320,    0.30025,        758,        752,          0,     382.03,     240.01,       1227,     197.57,     143.73,        875
  4,       1000,    4.63105,    0.27600,    0.28100,        690,        702,          0,     392.64,     256.71,       1124,     210.37,     161.11,        695
  5,       1000,    4.63693,    0.32000,    0.31850,        800,        796,          0,     358.05,     244.29,       1303,     177.87,     136.42,        711
  6,       1000,    4.61467,    0.29920,    0.29995,        748,        750,          0,     369.89,     255.02,       1175,     188.78,     146.93,        742
  7,       1000,    4.66667,    0.31680,    0.31430,        792,        786,          0,     338.90,     229.73,       1151,     173.81,     135.28,        743
  8,       1000,    4.64497,    0.33880,    0.33955,        847,        845,          0,     353.29,     231.06,       1224,     173.47,     121.93,        702
  9,       1000,    4.68532,    0.32280,    0.32085,        807,        804,          0,     327.25,     212.54,       1039,     167.44,     130.18,        703

AVG,    1000.00,    4.63890,    0.30828,    0.30813,     770.70,     770.50,       0.00,     363.38,     240.91,    1199.20,     184.91,     140.90,     747.40
STD,       0.00,    0.02340,    0.01778,    0.01664,      44.45,      40.59,       0.00,      21.46,      15.91,      80.84,      13.55,      11.46,      92.66
