switches: 98 
p: 6 
servers: 588 
WARNING: nways has no sense in indirect topologies
         Setting nways to 1!!!
WARNING: Using global congestion control with neither TORUS nor MESH topology
         Setting update_period to 1 cycles!!!
      clock, injload, accload,  avgdel,  stddel, maxdel, inj. limit, cur. occup.

       1000, 0.38160, 0.36530,   44.42,   41.49,    247,        960,         43
       2000, 0.37680, 0.36425,   51.01,   50.83,    312,        960,         53
       3000, 0.37613, 0.36613,   57.79,   65.47,    391,        960,         61
       4000, 0.37640, 0.36839,   63.07,   71.03,    391,        960,         63
       5000, 0.37472, 0.36876,   68.00,   83.79,    561,        960,         55
       6000, 0.37353, 0.36724,   71.13,   89.90,    561,        960,         65
       7000, 0.35520, 0.36205,   84.39,  103.05,    624,        960,         65
       8000, 0.37160, 0.36825,   83.94,   93.64,    391,        960,         72
       9000, 0.36800, 0.36415,  101.48,  113.89,    437,        960,         73
      10000, 0.37680, 0.37540,  106.27,  121.40,    604,        960,         74
      11000, 0.37760, 0.37495,  108.83,  117.37,    456,        960,         76
      12000, 0.37760, 0.38895,  106.41,  120.89,    482,        960,         51

 ---------------------------------------------
                Warmed Up !!!!!!               
 ---------------------------------------------

      13000, 0.36000, 0.35945,   90.14,  110.13,    472,        960,         61
Batch 0, 1000, 4.955407, 0.360000, 0.359450, 900.000000, 897.000000, 0.000000, 90.141583, 110.125867, 472, 28.493868, 55.427742, 296

      14000, 0.37400, 0.37320,   92.22,  100.36,    385,        960,         60
Batch 1, 1000, 4.946409, 0.374000, 0.373200, 935.000000, 933.000000, 0.000000, 92.218650, 100.357555, 385, 23.684887, 41.918956, 244

      15000, 0.36440, 0.36875,   88.16,  100.93,    490,        960,         62
Batch 2, 1000, 4.950163, 0.364400, 0.368750, 911.000000, 923.000000, 0.000000, 88.159263, 100.927389, 490, 22.397616, 48.625099, 296

      16000, 0.37960, 0.37990,   83.74,   93.68,    455,        960,         59
Batch 3, 1000, 4.940000, 0.379600, 0.379900, 949.000000, 950.000000, 0.000000, 83.737895, 93.678529, 455, 15.956842, 40.806945, 304

      17000, 0.37960, 0.36930,   88.55,   95.81,    424,        960,         68
Batch 4, 1000, 4.950054, 0.379600, 0.369300, 949.000000, 921.000000, 0.000000, 88.547231, 95.809924, 424, 23.441911, 43.795686, 226

      18000, 0.37800, 0.37165,  108.27,  133.67,    508,        960,         74
Batch 5, 1000, 4.944146, 0.378000, 0.371650, 945.000000, 931.000000, 0.000000, 108.272825, 133.672110, 508, 38.164339, 67.884293, 324

      19000, 0.36320, 0.37535,  110.22,  119.77,    464,        960,         61
Batch 6, 1000, 4.946695, 0.363200, 0.375350, 908.000000, 938.000000, 0.000000, 110.217484, 119.770581, 464, 38.195096, 60.160593, 303

      20000, 0.36360, 0.36760,   99.14,  107.58,    468,        960,         72
Batch 7, 1000, 4.941176, 0.363600, 0.367600, 909.000000, 918.000000, 0.000000, 99.143791, 107.582521, 468, 23.505447, 48.497282, 301

      21000, 0.37600, 0.38505,   73.76,   70.30,    311,        960,         37
Batch 8, 1000, 4.946058, 0.376000, 0.385050, 940.000000, 964.000000, 0.000000, 73.761411, 70.299339, 311, 10.338174, 23.559248, 142

      22000, 0.35960, 0.35765,   55.14,   73.28,    441,        960,         38
Batch 9, 1000, 4.951902, 0.359600, 0.357650, 899.000000, 894.000000, 0.000000, 55.139821, 73.282909, 441, 10.991051, 35.054300, 265


===============================================================================================================================================================

Program Started at:               Wed May 13 11:20:42 2026
Execution completed at:           Wed May 13 11:20:44 2026
On machine:                       pop-os
Simulation clock (cycles/us):     22000    140.800
Total execution time:             2 secs
Cycles per Second:                11000.000000

Random seed:                      13

Topology, uni(1)/bidir(2):        megafly(1)Random link failures:             0

Operation modes Inj-Req-Arb-Con:  shortest other random multiple
Traf./Inj. queue len (pkt/ph):    4/32, 4/32, 1 injectors
VC management:                    dragonfly-dally, 3 VCs; 
VCs used:                         1

Routing in multistage network:    static
Parallel injection:               YES
Dropping/Extracting packets:      NO       NO

Global congestion control:        gcc=100%, update_period=1
In-transit priority, bub. to ad:  0.000000, NO

Traffic pattern:                  shuffle at load 0.40000, packets of 8 phits
Trigger rate, packets triggered:  0.00000     0
Warm Up Period Prov., Used:       5000 + 15000, 12000
Conv. sampling period, threshold: 1000, 0.050000
Sample count, size, min pkts:     10 x 1000, 0

===============================================================================================================================================================

  #,  BatchTime, AvDistance,    InjLoad,    AccLoad, PacketSent, PacketRcvd, PacketDrop,   AvgDelay, StDevDelay,   MaxDelay,  InjAvgDel, InjStDvDel,  InjMaxDel
  0,       1000,    4.95541,    0.36000,    0.35945,        900,        897,          0,      90.14,     110.13,        472,      28.49,      55.43,        296
  1,       1000,    4.94641,    0.37400,    0.37320,        935,        933,          0,      92.22,     100.36,        385,      23.68,      41.92,        244
  2,       1000,    4.95016,    0.36440,    0.36875,        911,        923,          0,      88.16,     100.93,        490,      22.40,      48.63,        296
  3,       1000,    4.94000,    0.37960,    0.37990,        949,        950,          0,      83.74,      93.68,        455,      15.96,      40.81,        304
  4,       1000,    4.95005,    0.37960,    0.36930,        949,        921,          0,      88.55,      95.81,        424,      23.44,      43.80,        226
  5,       1000,    4.94415,    0.37800,    0.37165,        945,        931,          0,     108.27,     133.67,        508,      38.16,      67.88,        324
  6,       1000,    4.94670,    0.36320,    0.37535,        908,        938,          0,     110.22,     119.77,        464,      38.20,      60.16,        303
  7,       1000,    4.94118,    0.36360,    0.36760,        909,        918,          0,      99.14,     107.58,        468,      23.51,      48.50,        301
  8,       1000,    4.94606,    0.37600,    0.38505,        940,        964,          0,      73.76,      70.30,        311,      10.34,      23.56,        142
  9,       1000,    4.95190,    0.35960,    0.35765,        899,        894,          0,      55.14,      73.28,        441,      10.99,      35.05,        265

AVG,    1000.00,    4.94720,    0.36980,    0.37079,     924.50,     926.90,       0.00,      88.93,     100.55,     441.80,      23.52,      46.57,     270.10
STD,       0.00,    0.00478,    0.00834,    0.00838,      20.86,      21.58,       0.00,      16.14,      19.25,      57.37,       9.68,      12.69,      54.26
