switches: 98 
p: 6 
servers: 588 
WARNING: nways has no sense in indirect topologies
         Setting nways to 1!!!
WARNING: Using global congestion control with neither TORUS nor MESH topology
         Setting update_period to 1 cycles!!!
      clock, injload, accload,  avgdel,  stddel, maxdel, inj. limit, cur. occup.

       1000, 0.40009, 0.38849,   30.30,   16.59,    153,      13056,        400
       2000, 0.39843, 0.39302,   30.49,   16.98,    171,      13056,        394
       3000, 0.39894, 0.39514,   30.68,   17.22,    171,      13056,        380
       4000, 0.39901, 0.39630,   30.66,   17.18,    171,      13056,        380
       5000, 0.39941, 0.39735,   31.02,   17.73,    209,      13056,        356
       6000, 0.40012, 0.39821,   31.24,   17.88,    209,      13056,        409
       7000, 0.40229, 0.40353,   32.63,   19.56,    256,      13056,        370
       8000, 0.39153, 0.39121,   30.08,   16.48,    129,      13056,        391
       9000, 0.40441, 0.40152,   31.98,   18.64,    198,      13056,        477
      10000, 0.39997, 0.40204,   32.78,   20.16,    215,      13056,        406
      11000, 0.40056, 0.40124,   32.98,   19.81,    184,      13056,        373
      12000, 0.39959, 0.39921,   31.68,   17.96,    244,      13056,        384

 ---------------------------------------------
                Warmed Up !!!!!!               
 ---------------------------------------------

      13000, 0.40541, 0.40445,   31.64,   17.49,    170,      13056,        424
Batch 0, 1000, 4.921840, 0.405412, 0.404452, 13784.000000, 13741.000000, 0.000000, 31.642894, 17.494729, 170, 2.533003, 4.587975, 62

      14000, 0.39276, 0.39519,   31.54,   18.25,    246,      13056,        334
Batch 1, 1000, 4.926127, 0.392765, 0.395188, 13354.000000, 13442.000000, 0.000000, 31.535263, 18.248122, 246, 2.246392, 3.987182, 41

      15000, 0.40156, 0.40002,   31.39,   17.70,    180,      13056,        415
Batch 2, 1000, 4.926201, 0.401559, 0.400018, 13653.000000, 13591.000000, 0.000000, 31.387094, 17.695695, 180, 2.471121, 4.370249, 41

      16000, 0.40044, 0.40113,   32.20,   18.98,    197,      13056,        386
Batch 3, 1000, 4.924007, 0.400441, 0.401129, 13615.000000, 13646.000000, 0.000000, 32.204749, 18.982026, 197, 2.392496, 4.365172, 59

      17000, 0.39171, 0.39328,   31.27,   18.76,    201,      13056,        319
Batch 4, 1000, 4.921478, 0.391706, 0.393279, 13318.000000, 13372.000000, 0.000000, 31.271837, 18.756621, 201, 2.504861, 5.197762, 111

      18000, 0.39597, 0.39340,   32.10,   19.74,    231,      13056,        418
Batch 5, 1000, 4.926707, 0.395971, 0.393404, 13463.000000, 13371.000000, 0.000000, 32.097151, 19.735542, 231, 2.318600, 4.166386, 55

      19000, 0.39624, 0.39593,   31.23,   17.96,    172,      13056,        438
Batch 6, 1000, 4.922128, 0.396235, 0.395934, 13472.000000, 13458.000000, 0.000000, 31.229752, 17.958639, 172, 2.374201, 4.369324, 53

      20000, 0.39953, 0.40037,   31.58,   17.96,    153,      13056,        397
Batch 7, 1000, 4.921557, 0.399529, 0.400368, 13584.000000, 13615.000000, 0.000000, 31.575835, 17.958985, 153, 2.333309, 4.449242, 78

      21000, 0.39909, 0.39902,   31.38,   18.12,    164,      13056,        388
Batch 8, 1000, 4.922034, 0.399088, 0.399022, 13569.000000, 13570.000000, 0.000000, 31.378040, 18.116944, 164, 2.435372, 4.627377, 70

      22000, 0.40176, 0.39968,   31.43,   17.56,    168,      13056,        471
Batch 9, 1000, 4.920921, 0.401765, 0.399684, 13660.000000, 13594.000000, 0.000000, 31.431293, 17.562320, 168, 2.389584, 4.235306, 48


===============================================================================================================================================================

Program Started at:               Wed May 13 11:20:43 2026
Execution completed at:           Wed May 13 11:21:28 2026
On machine:                       pop-os
Simulation clock (cycles/us):     22000    140.800
Total execution time:             45 secs
Cycles per Second:                488.888889

Random seed:                      13

Topology, uni(1)/bidir(2):        megafly(1)Random link failures:             0

Operation modes Inj-Req-Arb-Con:  shortest other random multiple
Traf./Inj. queue len (pkt/ph):    4/32, 4/32, 1 injectors
VC management:                    dragonfly-dally, 3 VCs; 
VCs used:                         1

Routing in multistage network:    static
Parallel injection:               YES
Dropping/Extracting packets:      NO       NO

Global congestion control:        gcc=100%, update_period=1
In-transit priority, bub. to ad:  0.000000, NO

Traffic pattern:                  uniform at load 0.40000, packets of 8 phits
Trigger rate, packets triggered:  0.00000     0
Warm Up Period Prov., Used:       5000 + 15000, 12000
Conv. sampling period, threshold: 1000, 0.050000
Sample count, size, min pkts:     10 x 1000, 0

===============================================================================================================================================================

  #,  BatchTime, AvDistance,    InjLoad,    AccLoad, PacketSent, PacketRcvd, PacketDrop,   AvgDelay, StDevDelay,   MaxDelay,  InjAvgDel, InjStDvDel,  InjMaxDel
  0,       1000,    4.92184,    0.40541,    0.40445,      13784,      13741,          0,      31.64,      17.49,        170,       2.53,       4.59,         62
  1,       1000,    4.92613,    0.39276,    0.39519,      13354,      13442,          0,      31.54,      18.25,        246,       2.25,       3.99,         41
  2,       1000,    4.92620,    0.40156,    0.40002,      13653,      13591,          0,      31.39,      17.70,        180,       2.47,       4.37,         41
  3,       1000,    4.92401,    0.40044,    0.40113,      13615,      13646,          0,      32.20,      18.98,        197,       2.39,       4.37,         59
  4,       1000,    4.92148,    0.39171,    0.39328,      13318,      13372,          0,      31.27,      18.76,        201,       2.50,       5.20,        111
  5,       1000,    4.92671,    0.39597,    0.39340,      13463,      13371,          0,      32.10,      19.74,        231,       2.32,       4.17,         55
  6,       1000,    4.92213,    0.39624,    0.39593,      13472,      13458,          0,      31.23,      17.96,        172,       2.37,       4.37,         53
  7,       1000,    4.92156,    0.39953,    0.40037,      13584,      13615,          0,      31.58,      17.96,        153,       2.33,       4.45,         78
  8,       1000,    4.92203,    0.39909,    0.39902,      13569,      13570,          0,      31.38,      18.12,        164,       2.44,       4.63,         70
  9,       1000,    4.92092,    0.40176,    0.39968,      13660,      13594,          0,      31.43,      17.56,        168,       2.39,       4.24,         48

AVG,    1000.00,    4.92330,    0.39845,    0.39825,   13547.20,   13540.00,       0.00,      31.58,      18.25,     188.20,       2.40,       4.44,      61.80
STD,       0.00,    0.00225,    0.00426,    0.00365,     144.92,     123.28,       0.00,       0.33,       0.71,      30.38,       0.09,       0.33,      20.92
