switches: 98 
p: 6 
servers: 588 
switches: 98 
p: 6 
servers: 588 
WARNING: nways has no sense in indirect topologies
         Setting nways to 1!!!
WARNING: Using global congestion control with neither TORUS nor MESH topology
         Setting update_period to 1 cycles!!!
param_x: 1, 2:
 param_x2: 3, 6
      clock, injload, accload,  avgdel,  stddel, maxdel, inj. limit, cur. occup.

       1000, 0.28761, 0.19739,  183.34,  161.73,    937,      19992,       2877
       2000, 0.24533, 0.19869,  299.05,  255.31,   1890,      19992,       2950
       3000, 0.23084, 0.19936,  350.35,  304.12,   2865,      19992,       2962
       4000, 0.22332, 0.19969,  379.62,  334.57,   3849,      19992,       2954
       5000, 0.21885, 0.19989,  397.70,  358.52,   4716,      19992,       2984
       6000, 0.21582, 0.20002,  409.22,  374.35,   5865,      19992,       2980
       7000, 0.20071, 0.20089,  473.00,  450.63,   6790,      19992,       2950
       8000, 0.20086, 0.20037,  465.97,  442.80,   7650,      19992,       2983
       9000, 0.20107, 0.20152,  480.37,  507.39,   8796,      19992,       2965
      10000, 0.19999, 0.19994,  464.43,  448.75,   9885,      19992,       2966

 ---------------------------------------------
                Warmed Up !!!!!!               
 ---------------------------------------------

      11000, 0.20165, 0.20137,  473.85,  513.99,  10735,      19992,       2983
Batch 0, 1000, 3.894979, 0.201646, 0.201369, 14821.000000, 14797.000000, 0.000000, 473.847131, 513.992835, 10735, 275.086774, 367.148715, 10823

      12000, 0.19958, 0.20022,  472.71,  502.80,  11332,      19992,       2989
Batch 1, 1000, 3.895666, 0.199578, 0.200224, 14669.000000, 14722.000000, 0.000000, 472.711452, 502.802147, 11332, 273.790653, 352.441398, 11685

      13000, 0.20140, 0.20142,  475.08,  538.72,  12412,      19992,       2975
Batch 2, 1000, 3.893361, 0.201401, 0.201420, 14803.000000, 14807.000000, 0.000000, 475.079489, 538.721198, 12412, 272.616465, 377.578716, 12284

      14000, 0.20121, 0.20099,  462.63,  440.66,   9459,      19992,       2977
Batch 3, 1000, 3.895450, 0.201211, 0.200990, 14789.000000, 14768.000000, 0.000000, 462.630417, 440.662764, 9459, 266.398226, 292.145964, 5440

      15000, 0.20093, 0.20093,  464.12,  463.28,   9226,      19992,       2971
Batch 4, 1000, 3.894395, 0.200925, 0.200925, 14768.000000, 14772.000000, 0.000000, 464.124018, 463.283618, 9226, 266.142025, 309.143935, 6024

      16000, 0.20176, 0.20138,  473.30,  530.62,  15546,      19992,       2981
Batch 5, 1000, 3.897041, 0.201755, 0.201378, 14829.000000, 14802.000000, 0.000000, 473.301648, 530.616637, 15546, 275.441224, 376.282158, 15200

      17000, 0.20054, 0.20014,  472.02,  487.62,  16215,      19992,       2993
Batch 6, 1000, 3.894594, 0.200544, 0.200145, 14740.000000, 14705.000000, 0.000000, 472.018021, 487.619287, 16215, 271.207208, 341.758857, 16321

      18000, 0.19986, 0.20069,  481.27,  594.10,  17739,      19992,       2984
Batch 7, 1000, 3.895079, 0.199864, 0.200690, 14690.000000, 14754.000000, 0.000000, 481.267792, 594.096794, 17739, 276.684153, 398.916159, 14382

      19000, 0.20087, 0.20085,  468.95,  551.36,  18546,      19992,       2990
Batch 8, 1000, 3.895799, 0.200871, 0.200849, 14764.000000, 14760.000000, 0.000000, 468.947696, 551.364079, 18546, 270.455285, 376.498856, 14719

      20000, 0.20244, 0.20203,  474.85,  578.57,  19785,      19992,       2992
Batch 9, 1000, 3.894411, 0.202435, 0.202026, 14879.000000, 14850.000000, 0.000000, 474.850707, 578.568609, 19785, 276.330842, 429.072844, 15858


===============================================================================================================================================================

Program Started at:               Wed May 13 11:24:15 2026
Execution completed at:           Wed May 13 11:26:06 2026
On machine:                       pop-os
Simulation clock (cycles/us):     20000    128.000
Total execution time:             1 mins, 51 secs
Cycles per Second:                180.180180

Random seed:                      13

Topology, uni(1)/bidir(2):        slimfly(1)Random link failures:             0

Operation modes Inj-Req-Arb-Con:  shortest other random multiple
Traf./Inj. queue len (pkt/ph):    4/32, 4/32, 1 injectors
VC management:                    dragonfly-dally, 3 VCs; 
VCs used:                         1

Routing in multistage network:    static
Parallel injection:               YES
Dropping/Extracting packets:      NO       NO

Global congestion control:        gcc=100%, update_period=1
In-transit priority, bub. to ad:  0.000000, NO

Traffic pattern:                  shuffle at load 0.40000, packets of 8 phits
Trigger rate, packets triggered:  0.00000     0
Warm Up Period Prov., Used:       5000 + 15000, 10000
Conv. sampling period, threshold: 1000, 0.050000
Sample count, size, min pkts:     10 x 1000, 0

===============================================================================================================================================================

  #,  BatchTime, AvDistance,    InjLoad,    AccLoad, PacketSent, PacketRcvd, PacketDrop,   AvgDelay, StDevDelay,   MaxDelay,  InjAvgDel, InjStDvDel,  InjMaxDel
  0,       1000,    3.89498,    0.20165,    0.20137,      14821,      14797,          0,     473.85,     513.99,      10735,     275.09,     367.15,      10823
  1,       1000,    3.89567,    0.19958,    0.20022,      14669,      14722,          0,     472.71,     502.80,      11332,     273.79,     352.44,      11685
  2,       1000,    3.89336,    0.20140,    0.20142,      14803,      14807,          0,     475.08,     538.72,      12412,     272.62,     377.58,      12284
  3,       1000,    3.89545,    0.20121,    0.20099,      14789,      14768,          0,     462.63,     440.66,       9459,     266.40,     292.15,       5440
  4,       1000,    3.89439,    0.20093,    0.20093,      14768,      14772,          0,     464.12,     463.28,       9226,     266.14,     309.14,       6024
  5,       1000,    3.89704,    0.20176,    0.20138,      14829,      14802,          0,     473.30,     530.62,      15546,     275.44,     376.28,      15200
  6,       1000,    3.89459,    0.20054,    0.20014,      14740,      14705,          0,     472.02,     487.62,      16215,     271.21,     341.76,      16321
  7,       1000,    3.89508,    0.19986,    0.20069,      14690,      14754,          0,     481.27,     594.10,      17739,     276.68,     398.92,      14382
  8,       1000,    3.89580,    0.20087,    0.20085,      14764,      14760,          0,     468.95,     551.36,      18546,     270.46,     376.50,      14719
  9,       1000,    3.89441,    0.20244,    0.20203,      14879,      14850,          0,     474.85,     578.57,      19785,     276.33,     429.07,      15858

AVG,    1000.00,    3.89508,    0.20102,    0.20100,   14775.20,   14773.70,       0.00,     471.88,     520.17,   14099.50,     272.42,     362.10,   12273.60
STD,       0.00,    0.00100,    0.00087,    0.00057,      63.84,      42.53,       0.00,       5.46,      48.60,    3930.25,       3.84,      40.44,    3893.37
