switches: 98 
p: 6 
servers: 588 
switches: 98 
p: 6 
servers: 588 
WARNING: nways has no sense in indirect topologies
         Setting nways to 1!!!
WARNING: Using global congestion control with neither TORUS nor MESH topology
         Setting update_period to 1 cycles!!!
param_x: 1, 2:
 param_x2: 3, 6
      clock, injload, accload,  avgdel,  stddel, maxdel, inj. limit, cur. occup.

       1000, 0.30378, 0.20275,  277.47,  174.01,    958,      19992,       2979
       2000, 0.25390, 0.20325,  368.31,  245.92,   1965,      19992,       3003
       3000, 0.23725, 0.20347,  407.95,  296.13,   2932,      19992,       3010
       4000, 0.22933, 0.20394,  427.49,  325.26,   3910,      19992,       3015
       5000, 0.22430, 0.20403,  440.70,  348.79,   4897,      19992,       3010
       6000, 0.22088, 0.20399,  450.84,  367.75,   5859,      19992,       3009
       7000, 0.20544, 0.20530,  489.38,  426.42,   6858,      19992,       3007
       8000, 0.20450, 0.20438,  489.15,  420.45,   7801,      19992,       3015
       9000, 0.20434, 0.20444,  490.35,  445.90,   8613,      19992,       3023
      10000, 0.20414, 0.20411,  496.55,  509.91,   9768,      19992,       3026

 ---------------------------------------------
                Warmed Up !!!!!!               
 ---------------------------------------------

      11000, 0.20397, 0.20393,  501.49,  519.50,  10506,      19992,       3035
Batch 0, 1000, 3.885716, 0.203973, 0.203927, 14992.000000, 14989.000000, 0.000000, 501.490159, 519.497293, 10506, 298.560211, 333.507187, 10464

      12000, 0.20529, 0.20510,  502.07,  514.23,  11248,      19992,       3039
Batch 1, 1000, 3.880491, 0.205293, 0.205104, 15089.000000, 15070.000000, 0.000000, 502.066158, 514.228062, 11248, 301.980027, 363.314280, 10955

      13000, 0.20378, 0.20389,  490.55,  483.32,  12341,      19992,       3025
Batch 2, 1000, 3.881756, 0.203782, 0.203889, 14978.000000, 14986.000000, 0.000000, 490.550581, 483.319823, 12341, 293.379154, 321.119429, 10113

      14000, 0.20420, 0.20437,  497.65,  486.26,  12495,      19992,       3026
Batch 3, 1000, 3.881049, 0.204204, 0.204371, 15009.000000, 15023.000000, 0.000000, 497.647208, 486.258696, 12495, 298.456433, 317.879691, 8159

      15000, 0.20423, 0.20402,  495.45,  515.51,  14260,      19992,       3026
Batch 4, 1000, 3.879725, 0.204231, 0.204022, 15011.000000, 14999.000000, 0.000000, 495.451830, 515.512176, 14260, 297.535569, 360.825330, 11755

      16000, 0.20509, 0.20536,  509.54,  597.81,  15709,      19992,       3033
Batch 5, 1000, 3.882049, 0.205088, 0.205359, 15074.000000, 15091.000000, 0.000000, 509.535352, 597.810555, 15709, 305.902061, 429.685136, 15648

      17000, 0.20420, 0.20395,  509.87,  662.85,  16238,      19992,       3034
Batch 6, 1000, 3.879736, 0.204204, 0.203947, 15009.000000, 14992.000000, 0.000000, 509.871998, 662.850508, 16238, 304.442236, 432.128068, 14116

      18000, 0.20367, 0.20382,  500.61,  568.25,  17777,      19992,       3031
Batch 7, 1000, 3.886746, 0.203673, 0.203816, 14970.000000, 14984.000000, 0.000000, 500.606981, 568.253094, 17777, 298.288174, 339.969051, 13372

      19000, 0.20479, 0.20500,  493.56,  488.37,  17128,      19992,       3029
Batch 8, 1000, 3.882345, 0.204789, 0.205003, 15052.000000, 15061.000000, 0.000000, 493.558130, 488.370633, 17128, 295.475466, 325.589397, 13724

      20000, 0.20495, 0.20478,  503.47,  566.38,  16550,      19992,       3031
Batch 9, 1000, 3.884764, 0.204952, 0.204777, 15064.000000, 15056.000000, 0.000000, 503.465529, 566.381003, 16550, 299.303135, 373.181001, 15341


===============================================================================================================================================================

Program Started at:               Wed May 13 11:24:25 2026
Execution completed at:           Wed May 13 11:26:18 2026
On machine:                       pop-os
Simulation clock (cycles/us):     20000    128.000
Total execution time:             1 mins, 53 secs
Cycles per Second:                176.991150

Random seed:                      13

Topology, uni(1)/bidir(2):        slimfly(1)Random link failures:             0

Operation modes Inj-Req-Arb-Con:  shortest other random multiple
Traf./Inj. queue len (pkt/ph):    4/32, 4/32, 1 injectors
VC management:                    dragonfly-dally, 3 VCs; 
VCs used:                         1

Routing in multistage network:    static
Parallel injection:               YES
Dropping/Extracting packets:      NO       NO

Global congestion control:        gcc=100%, update_period=1
In-transit priority, bub. to ad:  0.000000, NO

Traffic pattern:                  shuffle at load 0.80000, packets of 8 phits
Trigger rate, packets triggered:  0.00000     0
Warm Up Period Prov., Used:       5000 + 15000, 10000
Conv. sampling period, threshold: 1000, 0.050000
Sample count, size, min pkts:     10 x 1000, 0

===============================================================================================================================================================

  #,  BatchTime, AvDistance,    InjLoad,    AccLoad, PacketSent, PacketRcvd, PacketDrop,   AvgDelay, StDevDelay,   MaxDelay,  InjAvgDel, InjStDvDel,  InjMaxDel
  0,       1000,    3.88572,    0.20397,    0.20393,      14992,      14989,          0,     501.49,     519.50,      10506,     298.56,     333.51,      10464
  1,       1000,    3.88049,    0.20529,    0.20510,      15089,      15070,          0,     502.07,     514.23,      11248,     301.98,     363.31,      10955
  2,       1000,    3.88176,    0.20378,    0.20389,      14978,      14986,          0,     490.55,     483.32,      12341,     293.38,     321.12,      10113
  3,       1000,    3.88105,    0.20420,    0.20437,      15009,      15023,          0,     497.65,     486.26,      12495,     298.46,     317.88,       8159
  4,       1000,    3.87973,    0.20423,    0.20402,      15011,      14999,          0,     495.45,     515.51,      14260,     297.54,     360.83,      11755
  5,       1000,    3.88205,    0.20509,    0.20536,      15074,      15091,          0,     509.54,     597.81,      15709,     305.90,     429.69,      15648
  6,       1000,    3.87974,    0.20420,    0.20395,      15009,      14992,          0,     509.87,     662.85,      16238,     304.44,     432.13,      14116
  7,       1000,    3.88675,    0.20367,    0.20382,      14970,      14984,          0,     500.61,     568.25,      17777,     298.29,     339.97,      13372
  8,       1000,    3.88235,    0.20479,    0.20500,      15052,      15061,          0,     493.56,     488.37,      17128,     295.48,     325.59,      13724
  9,       1000,    3.88476,    0.20495,    0.20478,      15064,      15056,          0,     503.47,     566.38,      16550,     299.30,     373.18,      15341

AVG,    1000.00,    3.88244,    0.20442,    0.20442,   15024.80,   15025.10,       0.00,     500.42,     540.25,   14425.20,     299.33,     359.72,   12364.70
STD,       0.00,    0.00249,    0.00057,    0.00059,      41.87,      40.70,       0.00,       6.35,      58.10,    2614.92,       3.83,      41.92,    2456.23
