switches: 98 
p: 6 
servers: 588 
switches: 50 
p: 4 
servers: 200 
WARNING: nways has no sense in indirect topologies
         Setting nways to 1!!!
WARNING: Using global congestion control with neither TORUS nor MESH topology
         Setting update_period to 1 cycles!!!
param_x: 1, 4:
 param_x2: 2, 3
DEBUG CON: nprocs=200, q=5, -> TARGET=-1
      clock, injload, accload,  avgdel,  stddel, maxdel, inj. limit, cur. occup.

       1000, 0.32944, 0.21076,  101.30,   99.19,    579,       6600,       1367
       2000, 0.16472, 0.10538,  101.30,   99.19,    579,       6600,       1367
       3000, 0.10981, 0.07025,  101.30,   99.19,    579,       6600,       1367
       4000, 0.08236, 0.05269,  101.30,   99.19,    579,       6600,       1367
       5000, 0.06589, 0.04215,  101.30,   99.19,    579,       6600,       1367
       6000, 0.05491, 0.03513,  101.30,   99.19,    579,       6600,       1367
       7000, 0.00000, 0.00000,    -nan,     nan,      0,       6600,       1367
       8000, 0.00000, 0.00000,    -nan,     nan,      0,       6600,       1367
       9000, 0.00000, 0.00000,    -nan,     nan,      0,       6600,       1367
      10000, 0.00000, 0.00000,    -nan,     nan,      0,       6600,       1367
      11000, 0.00000, 0.00000,    -nan,     nan,      0,       6600,       1367
      12000, 0.00000, 0.00000,    -nan,     nan,      0,       6600,       1367
      13000, 0.00000, 0.00000,    -nan,     nan,      0,       6600,       1367
      14000, 0.00000, 0.00000,    -nan,     nan,      0,       6600,       1367
      15000, 0.00000, 0.00000,    -nan,     nan,      0,       6600,       1367
      16000, 0.00000, 0.00000,    -nan,     nan,      0,       6600,       1367
      17000, 0.00000, 0.00000,    -nan,     nan,      0,       6600,       1367
      18000, 0.00000, 0.00000,    -nan,     nan,      0,       6600,       1367
      19000, 0.00000, 0.00000,    -nan,     nan,      0,       6600,       1367
      20000, 0.00000, 0.00000,    -nan,     nan,      0,       6600,       1367

**********************************************
*        Convergency timeout reached.        *
*         Continue without converge!         *
**********************************************

      21000, 0.00000, 0.00000,    -nan,     nan,      0,       6600,       1367
Batch 0, 1000, -nan, 0.000000, 0.000000, 0.000000, 0.000000, 0.000000, -nan, nan, 0, -nan, nan, 0

      22000, 0.00000, 0.00000,    -nan,     nan,      0,       6600,       1367
Batch 1, 1000, -nan, 0.000000, 0.000000, 0.000000, 0.000000, 0.000000, -nan, nan, 0, -nan, nan, 0

      23000, 0.00000, 0.00000,    -nan,     nan,      0,       6600,       1367
Batch 2, 1000, -nan, 0.000000, 0.000000, 0.000000, 0.000000, 0.000000, -nan, nan, 0, -nan, nan, 0

      24000, 0.00000, 0.00000,    -nan,     nan,      0,       6600,       1367
Batch 3, 1000, -nan, 0.000000, 0.000000, 0.000000, 0.000000, 0.000000, -nan, nan, 0, -nan, nan, 0

      25000, 0.00000, 0.00000,    -nan,     nan,      0,       6600,       1367
Batch 4, 1000, -nan, 0.000000, 0.000000, 0.000000, 0.000000, 0.000000, -nan, nan, 0, -nan, nan, 0

      26000, 0.00000, 0.00000,    -nan,     nan,      0,       6600,       1367
Batch 5, 1000, -nan, 0.000000, 0.000000, 0.000000, 0.000000, 0.000000, -nan, nan, 0, -nan, nan, 0

      27000, 0.00000, 0.00000,    -nan,     nan,      0,       6600,       1367
Batch 6, 1000, -nan, 0.000000, 0.000000, 0.000000, 0.000000, 0.000000, -nan, nan, 0, -nan, nan, 0

      28000, 0.00000, 0.00000,    -nan,     nan,      0,       6600,       1367
Batch 7, 1000, -nan, 0.000000, 0.000000, 0.000000, 0.000000, 0.000000, -nan, nan, 0, -nan, nan, 0

      29000, 0.00000, 0.00000,    -nan,     nan,      0,       6600,       1367
Batch 8, 1000, -nan, 0.000000, 0.000000, 0.000000, 0.000000, 0.000000, -nan, nan, 0, -nan, nan, 0

      30000, 0.00000, 0.00000,    -nan,     nan,      0,       6600,       1367
Batch 9, 1000, -nan, 0.000000, 0.000000, 0.000000, 0.000000, 0.000000, -nan, nan, 0, -nan, nan, 0


===============================================================================================================================================================

Program Started at:               Wed May 13 11:23:33 2026
Execution completed at:           Wed May 13 11:24:12 2026
On machine:                       pop-os
Simulation clock (cycles/us):     30000    192.000
Total execution time:             39 secs
Cycles per Second:                769.230769

Random seed:                      13

Topology, uni(1)/bidir(2):        slimfly(1)Random link failures:             0

Operation modes Inj-Req-Arb-Con:  shortest other random multiple
Traf./Inj. queue len (pkt/ph):    4/32, 4/32, 1 injectors
VC management:                    dragonfly-dally, 3 VCs; 
VCs used:                         1

Routing in multistage network:    static
Parallel injection:               YES
Dropping/Extracting packets:      NO       NO

Global congestion control:        gcc=100%, update_period=1
In-transit priority, bub. to ad:  0.000000, NO

Traffic pattern:                  uniform at load 0.60000, packets of 8 phits
Trigger rate, packets triggered:  0.00000     0
Warm Up Period Prov., Used:       5000 + 15000, 20000
Conv. sampling period, threshold: 1000, 0.050000
Sample count, size, min pkts:     10 x 1000, 0

===============================================================================================================================================================

  #,  BatchTime, AvDistance,    InjLoad,    AccLoad, PacketSent, PacketRcvd, PacketDrop,   AvgDelay, StDevDelay,   MaxDelay,  InjAvgDel, InjStDvDel,  InjMaxDel
  0,       1000,       -nan,    0.00000,    0.00000,          0,          0,          0,       -nan,        nan,          0,       -nan,        nan,          0
  1,       1000,       -nan,    0.00000,    0.00000,          0,          0,          0,       -nan,        nan,          0,       -nan,        nan,          0
  2,       1000,       -nan,    0.00000,    0.00000,          0,          0,          0,       -nan,        nan,          0,       -nan,        nan,          0
  3,       1000,       -nan,    0.00000,    0.00000,          0,          0,          0,       -nan,        nan,          0,       -nan,        nan,          0
  4,       1000,       -nan,    0.00000,    0.00000,          0,          0,          0,       -nan,        nan,          0,       -nan,        nan,          0
  5,       1000,       -nan,    0.00000,    0.00000,          0,          0,          0,       -nan,        nan,          0,       -nan,        nan,          0
  6,       1000,       -nan,    0.00000,    0.00000,          0,          0,          0,       -nan,        nan,          0,       -nan,        nan,          0
  7,       1000,       -nan,    0.00000,    0.00000,          0,          0,          0,       -nan,        nan,          0,       -nan,        nan,          0
  8,       1000,       -nan,    0.00000,    0.00000,          0,          0,          0,       -nan,        nan,          0,       -nan,        nan,          0
  9,       1000,       -nan,    0.00000,    0.00000,          0,          0,          0,       -nan,        nan,          0,       -nan,        nan,          0

AVG,    1000.00,       -nan,    0.00000,    0.00000,       0.00,       0.00,       0.00,       -nan,        nan,       0.00,       -nan,        nan,       0.00
STD,       0.00,        nan,    0.00000,    0.00000,       0.00,       0.00,       0.00,        nan,        nan,       0.00,        nan,        nan,       0.00
