switches: 98 
p: 6 
servers: 588 
switches: 18 
p: 3 
servers: 54 
WARNING: nways has no sense in indirect topologies
         Setting nways to 1!!!
WARNING: Using global congestion control with neither TORUS nor MESH topology
         Setting update_period to 1 cycles!!!
param_x: 1, 2:
 param_x2: 2, 1
      clock, injload, accload,  avgdel,  stddel, maxdel, inj. limit, cur. occup.

       1000, 0.47896, 0.39894,  141.30,  135.85,    825,       1728,        214
       2000, 0.44378, 0.40414,  169.35,  155.54,   1080,       1728,        207
       3000, 0.43081, 0.40396,  178.85,  164.77,   1536,       1728,        212
       4000, 0.42481, 0.40490,  184.37,  172.67,   1544,       1728,        211
       5000, 0.42018, 0.40424,  187.52,  172.31,   1544,       1728,        211
       6000, 0.41807, 0.40494,  189.35,  172.74,   1544,       1728,        210
       7000, 0.40311, 0.40457,  200.00,  172.97,   1152,       1728,        205
       8000, 0.40844, 0.40457,  197.11,  175.25,   1312,       1728,        213
       9000, 0.40148, 0.40452,  204.68,  183.34,   1264,       1728,        206
      10000, 0.40459, 0.40346,  198.56,  168.94,   1000,       1728,        212

 ---------------------------------------------
                Warmed Up !!!!!!               
 ---------------------------------------------

      11000, 0.40815, 0.40707,  196.65,  169.99,   1280,       1728,        211
Batch 0, 1000, 3.568463, 0.408148, 0.407074, 2755.000000, 2746.000000, 0.000000, 196.654406, 169.989803, 1280, 123.583394, 111.561537, 863

      12000, 0.40874, 0.40907,  199.77,  187.39,   1592,       1728,        208
Batch 1, 1000, 3.578623, 0.408741, 0.409074, 2759.000000, 2760.000000, 0.000000, 199.773551, 187.394061, 1592, 123.492391, 118.858193, 927

      13000, 0.40341, 0.40531,  198.22,  176.88,   1176,       1728,        209
Batch 2, 1000, 3.576178, 0.403407, 0.405315, 2723.000000, 2737.000000, 0.000000, 198.218853, 176.877516, 1176, 122.965656, 112.833445, 751

      14000, 0.40296, 0.40094,  197.35,  175.79,   1360,       1728,        208
Batch 3, 1000, 3.581395, 0.402963, 0.400944, 2720.000000, 2709.000000, 0.000000, 197.352898, 175.791889, 1360, 123.018457, 113.608307, 927

      15000, 0.40133, 0.40272,  201.40,  182.38,   1336,       1728,        207
Batch 4, 1000, 3.566385, 0.401333, 0.402722, 2709.000000, 2719.000000, 0.000000, 201.401250, 182.381284, 1336, 124.600588, 115.065989, 967

      16000, 0.40948, 0.40981,  197.33,  174.25,   1120,       1728,        208
Batch 5, 1000, 3.559696, 0.409481, 0.409815, 2764.000000, 2764.000000, 0.000000, 197.331404, 174.246279, 1120, 122.720333, 112.832397, 807

      17000, 0.40578, 0.40615,  201.27,  192.22,   1480,       1728,        205
Batch 6, 1000, 3.567834, 0.405778, 0.406148, 2739.000000, 2742.000000, 0.000000, 201.272794, 192.216879, 1480, 124.859227, 122.301306, 943

      18000, 0.40904, 0.40574,  198.20,  178.50,   1432,       1728,        212
Batch 7, 1000, 3.570646, 0.409037, 0.405741, 2761.000000, 2739.000000, 0.000000, 198.197152, 178.495352, 1432, 123.682731, 114.712967, 855

      19000, 0.40548, 0.40713,  198.21,  177.24,   1208,       1728,        210
Batch 8, 1000, 3.548035, 0.405481, 0.407130, 2737.000000, 2748.000000, 0.000000, 198.208515, 177.237818, 1208, 123.222707, 111.535054, 767

      20000, 0.40252, 0.40006,  204.72,  181.95,   1288,       1728,        211
Batch 9, 1000, 3.560696, 0.402519, 0.400056, 2717.000000, 2702.000000, 0.000000, 204.719097, 181.954433, 1288, 125.807920, 114.674281, 935


===============================================================================================================================================================

Program Started at:               Wed May 13 11:23:30 2026
Execution completed at:           Wed May 13 11:23:35 2026
On machine:                       pop-os
Simulation clock (cycles/us):     20000    128.000
Total execution time:             5 secs
Cycles per Second:                4000.000000

Random seed:                      13

Topology, uni(1)/bidir(2):        slimfly(1)Random link failures:             0

Operation modes Inj-Req-Arb-Con:  shortest other random multiple
Traf./Inj. queue len (pkt/ph):    4/32, 4/32, 1 injectors
VC management:                    dragonfly-dally, 3 VCs; 
VCs used:                         1

Routing in multistage network:    static
Parallel injection:               YES
Dropping/Extracting packets:      NO       NO

Global congestion control:        gcc=100%, update_period=1
In-transit priority, bub. to ad:  0.000000, NO

Traffic pattern:                  shuffle at load 0.80000, packets of 8 phits
Trigger rate, packets triggered:  0.00000     0
Warm Up Period Prov., Used:       5000 + 15000, 10000
Conv. sampling period, threshold: 1000, 0.050000
Sample count, size, min pkts:     10 x 1000, 0

===============================================================================================================================================================

  #,  BatchTime, AvDistance,    InjLoad,    AccLoad, PacketSent, PacketRcvd, PacketDrop,   AvgDelay, StDevDelay,   MaxDelay,  InjAvgDel, InjStDvDel,  InjMaxDel
  0,       1000,    3.56846,    0.40815,    0.40707,       2755,       2746,          0,     196.65,     169.99,       1280,     123.58,     111.56,        863
  1,       1000,    3.57862,    0.40874,    0.40907,       2759,       2760,          0,     199.77,     187.39,       1592,     123.49,     118.86,        927
  2,       1000,    3.57618,    0.40341,    0.40531,       2723,       2737,          0,     198.22,     176.88,       1176,     122.97,     112.83,        751
  3,       1000,    3.58140,    0.40296,    0.40094,       2720,       2709,          0,     197.35,     175.79,       1360,     123.02,     113.61,        927
  4,       1000,    3.56638,    0.40133,    0.40272,       2709,       2719,          0,     201.40,     182.38,       1336,     124.60,     115.07,        967
  5,       1000,    3.55970,    0.40948,    0.40981,       2764,       2764,          0,     197.33,     174.25,       1120,     122.72,     112.83,        807
  6,       1000,    3.56783,    0.40578,    0.40615,       2739,       2742,          0,     201.27,     192.22,       1480,     124.86,     122.30,        943
  7,       1000,    3.57065,    0.40904,    0.40574,       2761,       2739,          0,     198.20,     178.50,       1432,     123.68,     114.71,        855
  8,       1000,    3.54803,    0.40548,    0.40713,       2737,       2748,          0,     198.21,     177.24,       1208,     123.22,     111.54,        767
  9,       1000,    3.56070,    0.40252,    0.40006,       2717,       2702,          0,     204.72,     181.95,       1288,     125.81,     114.67,        935

AVG,    1000.00,    3.56780,    0.40569,    0.40540,    2738.40,    2736.60,       0.00,     199.31,     179.66,    1327.20,     123.80,     114.80,     874.20
STD,       0.00,    0.00994,    0.00303,    0.00325,      20.46,      20.60,       0.00,       2.50,       6.52,     145.06,       0.99,       3.39,      77.67
