switches: 98 
p: 6 
servers: 588 
switches: 98 
p: 6 
servers: 588 
WARNING: nways has no sense in indirect topologies
         Setting nways to 1!!!
WARNING: Using global congestion control with neither TORUS nor MESH topology
         Setting update_period to 1 cycles!!!
param_x: 1, 2:
 param_x2: 3, 6
      clock, injload, accload,  avgdel,  stddel, maxdel, inj. limit, cur. occup.

       1000, 0.23341, 0.11810,   75.87,   52.99,    330,      19992,       3772
       2000, 0.11671, 0.05905,   75.87,   52.99,    330,      19992,       3772
       3000, 0.07780, 0.03937,   75.87,   52.99,    330,      19992,       3772
       4000, 0.05835, 0.02952,   75.87,   52.99,    330,      19992,       3772
       5000, 0.04668, 0.02362,   75.87,   52.99,    330,      19992,       3772
       6000, 0.03890, 0.01968,   75.87,   52.99,    330,      19992,       3772
       7000, 0.00000, 0.00000,    -nan,     nan,      0,      19992,       3772
       8000, 0.00000, 0.00000,    -nan,     nan,      0,      19992,       3772
       9000, 0.00000, 0.00000,    -nan,     nan,      0,      19992,       3772
      10000, 0.00000, 0.00000,    -nan,     nan,      0,      19992,       3772
      11000, 0.00000, 0.00000,    -nan,     nan,      0,      19992,       3772
      12000, 0.00000, 0.00000,    -nan,     nan,      0,      19992,       3772
      13000, 0.00000, 0.00000,    -nan,     nan,      0,      19992,       3772
      14000, 0.00000, 0.00000,    -nan,     nan,      0,      19992,       3772
      15000, 0.00000, 0.00000,    -nan,     nan,      0,      19992,       3772
      16000, 0.00000, 0.00000,    -nan,     nan,      0,      19992,       3772
      17000, 0.00000, 0.00000,    -nan,     nan,      0,      19992,       3772
      18000, 0.00000, 0.00000,    -nan,     nan,      0,      19992,       3772
      19000, 0.00000, 0.00000,    -nan,     nan,      0,      19992,       3772
      20000, 0.00000, 0.00000,    -nan,     nan,      0,      19992,       3772

**********************************************
*        Convergency timeout reached.        *
*         Continue without converge!         *
**********************************************

      21000, 0.00000, 0.00000,    -nan,     nan,      0,      19992,       3772
Batch 0, 1000, -nan, 0.000000, 0.000000, 0.000000, 0.000000, 0.000000, -nan, nan, 0, -nan, nan, 0

      22000, 0.00000, 0.00000,    -nan,     nan,      0,      19992,       3772
Batch 1, 1000, -nan, 0.000000, 0.000000, 0.000000, 0.000000, 0.000000, -nan, nan, 0, -nan, nan, 0

      23000, 0.00000, 0.00000,    -nan,     nan,      0,      19992,       3772
Batch 2, 1000, -nan, 0.000000, 0.000000, 0.000000, 0.000000, 0.000000, -nan, nan, 0, -nan, nan, 0

      24000, 0.00000, 0.00000,    -nan,     nan,      0,      19992,       3772
Batch 3, 1000, -nan, 0.000000, 0.000000, 0.000000, 0.000000, 0.000000, -nan, nan, 0, -nan, nan, 0

      25000, 0.00000, 0.00000,    -nan,     nan,      0,      19992,       3772
Batch 4, 1000, -nan, 0.000000, 0.000000, 0.000000, 0.000000, 0.000000, -nan, nan, 0, -nan, nan, 0

      26000, 0.00000, 0.00000,    -nan,     nan,      0,      19992,       3772
Batch 5, 1000, -nan, 0.000000, 0.000000, 0.000000, 0.000000, 0.000000, -nan, nan, 0, -nan, nan, 0

      27000, 0.00000, 0.00000,    -nan,     nan,      0,      19992,       3772
Batch 6, 1000, -nan, 0.000000, 0.000000, 0.000000, 0.000000, 0.000000, -nan, nan, 0, -nan, nan, 0

      28000, 0.00000, 0.00000,    -nan,     nan,      0,      19992,       3772
Batch 7, 1000, -nan, 0.000000, 0.000000, 0.000000, 0.000000, 0.000000, -nan, nan, 0, -nan, nan, 0

      29000, 0.00000, 0.00000,    -nan,     nan,      0,      19992,       3772
Batch 8, 1000, -nan, 0.000000, 0.000000, 0.000000, 0.000000, 0.000000, -nan, nan, 0, -nan, nan, 0

      30000, 0.00000, 0.00000,    -nan,     nan,      0,      19992,       3772
Batch 9, 1000, -nan, 0.000000, 0.000000, 0.000000, 0.000000, 0.000000, -nan, nan, 0, -nan, nan, 0


===============================================================================================================================================================

Program Started at:               Wed May 13 11:24:06 2026
Execution completed at:           Wed May 13 11:26:46 2026
On machine:                       pop-os
Simulation clock (cycles/us):     30000    192.000
Total execution time:             2 mins, 40 secs
Cycles per Second:                187.500000

Random seed:                      13

Topology, uni(1)/bidir(2):        slimfly(1)Random link failures:             0

Operation modes Inj-Req-Arb-Con:  shortest other random multiple
Traf./Inj. queue len (pkt/ph):    4/32, 4/32, 1 injectors
VC management:                    dragonfly-dally, 3 VCs; 
VCs used:                         1

Routing in multistage network:    static
Parallel injection:               YES
Dropping/Extracting packets:      NO       NO

Global congestion control:        gcc=100%, update_period=1
In-transit priority, bub. to ad:  0.000000, NO

Traffic pattern:                  uniform at load 0.80000, packets of 8 phits
Trigger rate, packets triggered:  0.00000     0
Warm Up Period Prov., Used:       5000 + 15000, 20000
Conv. sampling period, threshold: 1000, 0.050000
Sample count, size, min pkts:     10 x 1000, 0

===============================================================================================================================================================

  #,  BatchTime, AvDistance,    InjLoad,    AccLoad, PacketSent, PacketRcvd, PacketDrop,   AvgDelay, StDevDelay,   MaxDelay,  InjAvgDel, InjStDvDel,  InjMaxDel
  0,       1000,       -nan,    0.00000,    0.00000,          0,          0,          0,       -nan,        nan,          0,       -nan,        nan,          0
  1,       1000,       -nan,    0.00000,    0.00000,          0,          0,          0,       -nan,        nan,          0,       -nan,        nan,          0
  2,       1000,       -nan,    0.00000,    0.00000,          0,          0,          0,       -nan,        nan,          0,       -nan,        nan,          0
  3,       1000,       -nan,    0.00000,    0.00000,          0,          0,          0,       -nan,        nan,          0,       -nan,        nan,          0
  4,       1000,       -nan,    0.00000,    0.00000,          0,          0,          0,       -nan,        nan,          0,       -nan,        nan,          0
  5,       1000,       -nan,    0.00000,    0.00000,          0,          0,          0,       -nan,        nan,          0,       -nan,        nan,          0
  6,       1000,       -nan,    0.00000,    0.00000,          0,          0,          0,       -nan,        nan,          0,       -nan,        nan,          0
  7,       1000,       -nan,    0.00000,    0.00000,          0,          0,          0,       -nan,        nan,          0,       -nan,        nan,          0
  8,       1000,       -nan,    0.00000,    0.00000,          0,          0,          0,       -nan,        nan,          0,       -nan,        nan,          0
  9,       1000,       -nan,    0.00000,    0.00000,          0,          0,          0,       -nan,        nan,          0,       -nan,        nan,          0

AVG,    1000.00,       -nan,    0.00000,    0.00000,       0.00,       0.00,       0.00,       -nan,        nan,       0.00,       -nan,        nan,       0.00
STD,       0.00,        nan,    0.00000,    0.00000,       0.00,       0.00,       0.00,        nan,        nan,       0.00,        nan,        nan,       0.00
