switches: 98 
p: 6 
servers: 588 
switches: 50 
p: 4 
servers: 200 
WARNING: nways has no sense in indirect topologies
         Setting nways to 1!!!
WARNING: Using global congestion control with neither TORUS nor MESH topology
         Setting update_period to 1 cycles!!!
param_x: 1, 4:
 param_x2: 2, 3
DEBUG CON: nprocs=200, q=5, -> TARGET=-1
      clock, injload, accload,  avgdel,  stddel, maxdel, inj. limit, cur. occup.

       1000, 0.19904, 0.19645,   15.11,    6.16,     64,       6600,         78
       2000, 0.19816, 0.19654,   15.04,    6.06,     65,       6600,        104
       3000, 0.19941, 0.19860,   15.07,    6.04,     65,       6600,         74
       4000, 0.19861, 0.19808,   15.06,    6.00,     65,       6600,         66
       5000, 0.19931, 0.19884,   15.09,    6.06,     65,       6600,         69
       6000, 0.19928, 0.19899,   15.15,    6.16,     75,       6600,         63
       7000, 0.20004, 0.19915,   15.25,    6.18,     57,       6600,         82
       8000, 0.19872, 0.19914,   15.07,    6.11,     71,       6600,         69
       9000, 0.20272, 0.20275,   15.93,    7.18,     72,       6600,         64
      10000, 0.20152, 0.20139,   15.24,    6.28,     69,       6600,         78
      11000, 0.19612, 0.19598,   15.18,    6.24,     63,       6600,         66
      12000, 0.19952, 0.20005,   15.38,    6.51,     73,       6600,         72

 ---------------------------------------------
                Warmed Up !!!!!!               
 ---------------------------------------------

      13000, 0.20192, 0.20173,   15.41,    6.53,     73,       6600,         68
Batch 0, 1000, 3.837795, 0.201920, 0.201730, 5048.000000, 5043.000000, 0.000000, 15.407694, 6.525174, 73, 0.851279, 2.241846, 21

      14000, 0.20204, 0.20203,   15.44,    6.50,     77,       6600,         71
Batch 1, 1000, 3.829871, 0.202040, 0.202025, 5051.000000, 5055.000000, 0.000000, 15.436202, 6.503008, 77, 0.827893, 2.232360, 26

      15000, 0.20056, 0.20016,   15.32,    6.14,     60,       6600,         75
Batch 2, 1000, 3.823435, 0.200560, 0.200160, 5014.000000, 5001.000000, 0.000000, 15.318536, 6.139667, 60, 0.855229, 2.239517, 20

      16000, 0.19872, 0.19855,   15.48,    6.52,     69,       6600,         84
Batch 3, 1000, 3.828865, 0.198720, 0.198550, 4968.000000, 4961.000000, 0.000000, 15.480951, 6.519952, 69, 0.931465, 2.355959, 23

      17000, 0.19812, 0.19860,   15.35,    6.29,     66,       6600,         65
Batch 4, 1000, 3.830314, 0.198120, 0.198600, 4953.000000, 4968.000000, 0.000000, 15.345612, 6.294139, 66, 0.886675, 2.347640, 26

      18000, 0.20020, 0.20026,   15.32,    6.08,     56,       6600,         60
Batch 5, 1000, 3.837557, 0.200200, 0.200265, 5005.000000, 5011.000000, 0.000000, 15.320694, 6.084233, 56, 0.910198, 2.290377, 20

      19000, 0.19756, 0.19777,   15.30,    6.23,     63,       6600,         63
Batch 6, 1000, 3.827433, 0.197560, 0.197770, 4939.000000, 4943.000000, 0.000000, 15.297593, 6.233245, 63, 0.876998, 2.315172, 30

      20000, 0.20320, 0.20294,   15.59,    6.88,     86,       6600,         66
Batch 7, 1000, 3.815706, 0.203200, 0.202935, 5080.000000, 5068.000000, 0.000000, 15.590963, 6.882892, 86, 0.884175, 2.228022, 17

      21000, 0.19972, 0.19886,   15.19,    6.11,     87,       6600,         82
Batch 8, 1000, 3.832195, 0.199720, 0.198860, 4993.000000, 4976.000000, 0.000000, 15.193730, 6.107632, 87, 0.870780, 2.217152, 19

      22000, 0.19800, 0.19884,   15.34,    6.64,     93,       6600,         73
Batch 9, 1000, 3.837088, 0.198000, 0.198845, 4950.000000, 4972.000000, 0.000000, 15.339300, 6.642987, 93, 0.794047, 2.091601, 20


===============================================================================================================================================================

Program Started at:               Wed May 13 11:23:32 2026
Execution completed at:           Wed May 13 11:23:56 2026
On machine:                       pop-os
Simulation clock (cycles/us):     22000    140.800
Total execution time:             24 secs
Cycles per Second:                916.666667

Random seed:                      13

Topology, uni(1)/bidir(2):        slimfly(1)Random link failures:             0

Operation modes Inj-Req-Arb-Con:  shortest other random multiple
Traf./Inj. queue len (pkt/ph):    4/32, 4/32, 1 injectors
VC management:                    dragonfly-dally, 3 VCs; 
VCs used:                         1

Routing in multistage network:    static
Parallel injection:               YES
Dropping/Extracting packets:      NO       NO

Global congestion control:        gcc=100%, update_period=1
In-transit priority, bub. to ad:  0.000000, NO

Traffic pattern:                  uniform at load 0.20000, packets of 8 phits
Trigger rate, packets triggered:  0.00000     0
Warm Up Period Prov., Used:       5000 + 15000, 12000
Conv. sampling period, threshold: 1000, 0.050000
Sample count, size, min pkts:     10 x 1000, 0

===============================================================================================================================================================

  #,  BatchTime, AvDistance,    InjLoad,    AccLoad, PacketSent, PacketRcvd, PacketDrop,   AvgDelay, StDevDelay,   MaxDelay,  InjAvgDel, InjStDvDel,  InjMaxDel
  0,       1000,    3.83779,    0.20192,    0.20173,       5048,       5043,          0,      15.41,       6.53,         73,       0.85,       2.24,         21
  1,       1000,    3.82987,    0.20204,    0.20203,       5051,       5055,          0,      15.44,       6.50,         77,       0.83,       2.23,         26
  2,       1000,    3.82344,    0.20056,    0.20016,       5014,       5001,          0,      15.32,       6.14,         60,       0.86,       2.24,         20
  3,       1000,    3.82887,    0.19872,    0.19855,       4968,       4961,          0,      15.48,       6.52,         69,       0.93,       2.36,         23
  4,       1000,    3.83031,    0.19812,    0.19860,       4953,       4968,          0,      15.35,       6.29,         66,       0.89,       2.35,         26
  5,       1000,    3.83756,    0.20020,    0.20026,       5005,       5011,          0,      15.32,       6.08,         56,       0.91,       2.29,         20
  6,       1000,    3.82743,    0.19756,    0.19777,       4939,       4943,          0,      15.30,       6.23,         63,       0.88,       2.32,         30
  7,       1000,    3.81571,    0.20320,    0.20294,       5080,       5068,          0,      15.59,       6.88,         86,       0.88,       2.23,         17
  8,       1000,    3.83219,    0.19972,    0.19886,       4993,       4976,          0,      15.19,       6.11,         87,       0.87,       2.22,         19
  9,       1000,    3.83709,    0.19800,    0.19884,       4950,       4972,          0,      15.34,       6.64,         93,       0.79,       2.09,         20

AVG,    1000.00,    3.83003,    0.20000,    0.19997,    5000.10,    4999.80,       0.00,      15.37,       6.39,      73.00,       0.87,       2.26,      22.20
STD,       0.00,    0.00690,    0.00193,    0.00175,      48.34,      43.17,       0.00,       0.11,       0.26,      12.49,       0.04,       0.08,       3.99
