switches: 98 
p: 6 
servers: 588 
switches: 18 
p: 3 
servers: 54 
WARNING: nways has no sense in indirect topologies
         Setting nways to 1!!!
WARNING: Using global congestion control with neither TORUS nor MESH topology
         Setting update_period to 1 cycles!!!
param_x: 1, 2:
 param_x2: 2, 1
      clock, injload, accload,  avgdel,  stddel, maxdel, inj. limit, cur. occup.

       1000, 0.19259, 0.18920,   18.64,   16.23,    143,       1728,         30
       2000, 0.19207, 0.19063,   18.06,   14.73,    145,       1728,         19
       3000, 0.19551, 0.19419,   19.87,   19.34,    229,       1728,         28
       4000, 0.19522, 0.19402,   22.62,   39.08,    675,       1728,         28
       5000, 0.19671, 0.19507,   25.15,   47.40,    675,       1728,         46
       6000, 0.19620, 0.19493,   28.19,   60.88,    768,       1728,         43
       7000, 0.19393, 0.19633,   37.38,   96.51,    848,       1728,         32
       8000, 0.18874, 0.18724,   37.17,  106.40,   1036,       1728,         37
       9000, 0.18933, 0.19143,   37.73,   91.03,    803,       1728,         32
      10000, 0.19230, 0.19296,   21.40,   25.77,    223,       1728,         30
      11000, 0.19022, 0.19265,   17.55,   12.78,    114,       1728,         16
      12000, 0.19837, 0.19372,   18.56,   21.77,    275,       1728,         37
      13000, 0.18933, 0.19252,   28.97,   62.47,    495,       1728,         19
      14000, 0.19719, 0.19548,   20.96,   26.92,    308,       1728,         36
      15000, 0.19985, 0.20231,   24.72,   44.28,    417,       1728,         19
      16000, 0.18726, 0.18480,   18.52,   15.53,    127,       1728,         33
      17000, 0.19185, 0.19389,   17.84,   13.55,    128,       1728,         20
      18000, 0.19467, 0.19148,   28.20,   56.93,    531,       1728,         31
      19000, 0.19230, 0.19280,   34.48,   80.64,    616,       1728,         38
      20000, 0.18859, 0.18978,   29.60,   65.25,    504,       1728,         34

**********************************************
*        Convergency timeout reached.        *
*         Continue without converge!         *
**********************************************

      21000, 0.20326, 0.20170,   27.68,   44.02,    355,       1728,         38
Batch 0, 1000, 3.593245, 0.203259, 0.201704, 1372.000000, 1362.000000, 0.000000, 27.679883, 44.024978, 355, 2.980176, 13.083647, 155

      22000, 0.19007, 0.19115,   25.27,   38.98,    292,       1728,         30
Batch 1, 1000, 3.572755, 0.190074, 0.191148, 1283.000000, 1292.000000, 0.000000, 25.272446, 38.979807, 292, 2.320433, 10.217743, 117

      23000, 0.19748, 0.19846,   26.16,   41.04,    319,       1728,         29
Batch 2, 1000, 3.611940, 0.197481, 0.198463, 1333.000000, 1340.000000, 0.000000, 26.156716, 41.043185, 319, 1.799254, 7.271077, 81

      24000, 0.19319, 0.19257,   19.81,   18.33,    131,       1728,         34
Batch 3, 1000, 3.594761, 0.193185, 0.192574, 1304.000000, 1298.000000, 0.000000, 19.811248, 18.330024, 131, 0.899076, 2.312145, 20

      25000, 0.19719, 0.19700,   25.07,   32.28,    301,       1728,         33
Batch 4, 1000, 3.585714, 0.197185, 0.197000, 1331.000000, 1330.000000, 0.000000, 25.069173, 32.279018, 301, 1.568421, 9.049994, 188

      26000, 0.19526, 0.19559,   26.47,   49.10,    400,       1728,         30
Batch 5, 1000, 3.620559, 0.195259, 0.195593, 1318.000000, 1323.000000, 0.000000, 26.466364, 49.098925, 400, 2.287982, 12.781809, 195

      27000, 0.19333, 0.19126,   24.18,   36.44,    342,       1728,         34
Batch 6, 1000, 3.591156, 0.193333, 0.191259, 1305.000000, 1289.000000, 0.000000, 24.183088, 36.438376, 342, 2.030256, 8.741092, 140

      28000, 0.20104, 0.19900,   33.59,   82.49,    686,       1728,         46
Batch 7, 1000, 3.623328, 0.201037, 0.199000, 1357.000000, 1346.000000, 0.000000, 33.589896, 82.489570, 686, 8.766716, 48.147981, 485

      29000, 0.19719, 0.20056,   34.41,   73.39,    632,       1728,         35
Batch 8, 1000, 3.594974, 0.197185, 0.200556, 1331.000000, 1353.000000, 0.000000, 34.407982, 73.388197, 632, 5.083518, 28.642351, 431

      30000, 0.20489, 0.20117,   29.19,   52.14,    462,       1728,         54
Batch 9, 1000, 3.595572, 0.204889, 0.201167, 1383.000000, 1355.000000, 0.000000, 29.188930, 52.138037, 462, 3.934317, 17.776496, 190


===============================================================================================================================================================

Program Started at:               Wed May 13 11:23:29 2026
Execution completed at:           Wed May 13 11:23:36 2026
On machine:                       pop-os
Simulation clock (cycles/us):     30000    192.000
Total execution time:             7 secs
Cycles per Second:                4285.714286

Random seed:                      13

Topology, uni(1)/bidir(2):        slimfly(1)Random link failures:             0

Operation modes Inj-Req-Arb-Con:  shortest other random multiple
Traf./Inj. queue len (pkt/ph):    4/32, 4/32, 1 injectors
VC management:                    dragonfly-dally, 3 VCs; 
VCs used:                         1

Routing in multistage network:    static
Parallel injection:               YES
Dropping/Extracting packets:      NO       NO

Global congestion control:        gcc=100%, update_period=1
In-transit priority, bub. to ad:  0.000000, NO

Traffic pattern:                  shuffle at load 0.20000, packets of 8 phits
Trigger rate, packets triggered:  0.00000     0
Warm Up Period Prov., Used:       5000 + 15000, 20000
Conv. sampling period, threshold: 1000, 0.050000
Sample count, size, min pkts:     10 x 1000, 0

===============================================================================================================================================================

  #,  BatchTime, AvDistance,    InjLoad,    AccLoad, PacketSent, PacketRcvd, PacketDrop,   AvgDelay, StDevDelay,   MaxDelay,  InjAvgDel, InjStDvDel,  InjMaxDel
  0,       1000,    3.59325,    0.20326,    0.20170,       1372,       1362,          0,      27.68,      44.02,        355,       2.98,      13.08,        155
  1,       1000,    3.57276,    0.19007,    0.19115,       1283,       1292,          0,      25.27,      38.98,        292,       2.32,      10.22,        117
  2,       1000,    3.61194,    0.19748,    0.19846,       1333,       1340,          0,      26.16,      41.04,        319,       1.80,       7.27,         81
  3,       1000,    3.59476,    0.19319,    0.19257,       1304,       1298,          0,      19.81,      18.33,        131,       0.90,       2.31,         20
  4,       1000,    3.58571,    0.19719,    0.19700,       1331,       1330,          0,      25.07,      32.28,        301,       1.57,       9.05,        188
  5,       1000,    3.62056,    0.19526,    0.19559,       1318,       1323,          0,      26.47,      49.10,        400,       2.29,      12.78,        195
  6,       1000,    3.59116,    0.19333,    0.19126,       1305,       1289,          0,      24.18,      36.44,        342,       2.03,       8.74,        140
  7,       1000,    3.62333,    0.20104,    0.19900,       1357,       1346,          0,      33.59,      82.49,        686,       8.77,      48.15,        485
  8,       1000,    3.59497,    0.19719,    0.20056,       1331,       1353,          0,      34.41,      73.39,        632,       5.08,      28.64,        431
  9,       1000,    3.59557,    0.20489,    0.20117,       1383,       1355,          0,      29.19,      52.14,        462,       3.93,      17.78,        190

AVG,    1000.00,    3.59840,    0.19729,    0.19685,    1331.70,    1328.80,       0.00,      27.18,      46.82,     392.00,       3.17,      15.80,     200.20
STD,       0.00,    0.01573,    0.00467,    0.00404,      31.51,      27.32,       0.00,       4.35,      18.99,     164.86,       2.31,      13.39,     146.79
