switches: 98 
p: 6 
servers: 588 
switches: 50 
p: 4 
servers: 200 
WARNING: nways has no sense in indirect topologies
         Setting nways to 1!!!
WARNING: Using global congestion control with neither TORUS nor MESH topology
         Setting update_period to 1 cycles!!!
param_x: 1, 4:
 param_x2: 2, 3
DEBUG CON: nprocs=200, q=5, -> TARGET=-1
      clock, injload, accload,  avgdel,  stddel, maxdel, inj. limit, cur. occup.

       1000, 0.38836, 0.29017,  201.36,  147.53,    969,       6600,       1008
       2000, 0.34100, 0.29178,  256.58,  213.88,   1881,       6600,       1010
       3000, 0.32524, 0.29233,  278.56,  254.60,   2943,       6600,       1017
       4000, 0.31735, 0.29266,  291.91,  291.91,   3841,       6600,       1014
       5000, 0.31263, 0.29273,  302.14,  324.32,   4744,       6600,       1016
       6000, 0.30917, 0.29284,  307.26,  338.82,   5349,       6600,       1016
       7000, 0.29416, 0.29270,  333.04,  385.97,   6183,       6600,       1026
       8000, 0.29124, 0.29218,  329.22,  370.99,   6095,       6600,       1018
       9000, 0.29508, 0.29518,  348.92,  493.83,   7967,       6600,       1012
      10000, 0.29140, 0.29164,  338.72,  450.33,   8927,       6600,       1016
      11000, 0.29312, 0.29358,  351.04,  506.35,   9165,       6600,       1009
      12000, 0.29388, 0.29334,  333.27,  404.83,   7879,       6600,       1015
      13000, 0.29440, 0.29389,  338.09,  429.04,   9223,       6600,       1015
      14000, 0.29296, 0.29259,  325.30,  363.45,   6075,       6600,       1016
      15000, 0.29128, 0.29214,  333.57,  442.12,  10216,       6600,       1012

 ---------------------------------------------
                Warmed Up !!!!!!               
 ---------------------------------------------

      16000, 0.29280, 0.29223,  347.90,  518.85,  10408,       6600,       1017
Batch 0, 1000, 3.732311, 0.292800, 0.292225, 7320.000000, 7307.000000, 0.000000, 347.896674, 518.853959, 10408, 208.288354, 328.577723, 7415

      17000, 0.29360, 0.29363,  344.89,  495.98,  12407,       6600,       1016
Batch 1, 1000, 3.731880, 0.293600, 0.293625, 7340.000000, 7340.000000, 0.000000, 344.894142, 495.977680, 12407, 202.432834, 302.504076, 8210

      18000, 0.29356, 0.29376,  340.84,  483.45,  12375,       6600,       1007
Batch 2, 1000, 3.735538, 0.293560, 0.293765, 7339.000000, 7347.000000, 0.000000, 340.843474, 483.446601, 12375, 202.825099, 316.216676, 8470

      19000, 0.29288, 0.29255,  340.56,  438.58,   9016,       6600,       1018
Batch 3, 1000, 3.733488, 0.292880, 0.292550, 7322.000000, 7313.000000, 0.000000, 340.555996, 438.580804, 9016, 202.530835, 282.634268, 10215

      20000, 0.29248, 0.29302,  323.52,  368.43,  11223,       6600,       1016
Batch 4, 1000, 3.730102, 0.292480, 0.293020, 7312.000000, 7325.000000, 0.000000, 323.518498, 368.427486, 11223, 190.526143, 214.043190, 4631

      21000, 0.29296, 0.29241,  339.42,  511.76,  12479,       6600,       1021
Batch 5, 1000, 3.737001, 0.292960, 0.292405, 7324.000000, 7308.000000, 0.000000, 339.420498, 511.764547, 12479, 205.271346, 379.249930, 10255

      22000, 0.29192, 0.29273,  333.91,  415.15,   7055,       6600,       1009
Batch 6, 1000, 3.738014, 0.291920, 0.292725, 7298.000000, 7321.000000, 0.000000, 333.906570, 415.147320, 7055, 197.190411, 255.321875, 3853

      23000, 0.29564, 0.29500,  367.13,  687.16,  14078,       6600,       1014
Batch 7, 1000, 3.739113, 0.295640, 0.295000, 7391.000000, 7371.000000, 0.000000, 367.129155, 687.164105, 14078, 215.711437, 408.064973, 11159

      24000, 0.29244, 0.29281,  341.27,  488.35,  12663,       6600,       1016
Batch 8, 1000, 3.739795, 0.292440, 0.292815, 7311.000000, 7325.000000, 0.000000, 341.269625, 488.345241, 12663, 202.297747, 289.314669, 6039

      25000, 0.29356, 0.29367,  345.46,  495.54,  13544,       6600,       1015
Batch 9, 1000, 3.739030, 0.293560, 0.293665, 7339.000000, 7338.000000, 0.000000, 345.460343, 495.536530, 13544, 202.603570, 289.190614, 8919


===============================================================================================================================================================

Program Started at:               Wed May 13 11:23:55 2026
Execution completed at:           Wed May 13 11:24:25 2026
On machine:                       pop-os
Simulation clock (cycles/us):     25000    160.000
Total execution time:             30 secs
Cycles per Second:                833.333333

Random seed:                      13

Topology, uni(1)/bidir(2):        slimfly(1)Random link failures:             0

Operation modes Inj-Req-Arb-Con:  shortest other random multiple
Traf./Inj. queue len (pkt/ph):    4/32, 4/32, 1 injectors
VC management:                    dragonfly-dally, 3 VCs; 
VCs used:                         1

Routing in multistage network:    static
Parallel injection:               YES
Dropping/Extracting packets:      NO       NO

Global congestion control:        gcc=100%, update_period=1
In-transit priority, bub. to ad:  0.000000, NO

Traffic pattern:                  shuffle at load 0.80000, packets of 8 phits
Trigger rate, packets triggered:  0.00000     0
Warm Up Period Prov., Used:       5000 + 15000, 15000
Conv. sampling period, threshold: 1000, 0.050000
Sample count, size, min pkts:     10 x 1000, 0

===============================================================================================================================================================

  #,  BatchTime, AvDistance,    InjLoad,    AccLoad, PacketSent, PacketRcvd, PacketDrop,   AvgDelay, StDevDelay,   MaxDelay,  InjAvgDel, InjStDvDel,  InjMaxDel
  0,       1000,    3.73231,    0.29280,    0.29223,       7320,       7307,          0,     347.90,     518.85,      10408,     208.29,     328.58,       7415
  1,       1000,    3.73188,    0.29360,    0.29363,       7340,       7340,          0,     344.89,     495.98,      12407,     202.43,     302.50,       8210
  2,       1000,    3.73554,    0.29356,    0.29376,       7339,       7347,          0,     340.84,     483.45,      12375,     202.83,     316.22,       8470
  3,       1000,    3.73349,    0.29288,    0.29255,       7322,       7313,          0,     340.56,     438.58,       9016,     202.53,     282.63,      10215
  4,       1000,    3.73010,    0.29248,    0.29302,       7312,       7325,          0,     323.52,     368.43,      11223,     190.53,     214.04,       4631
  5,       1000,    3.73700,    0.29296,    0.29241,       7324,       7308,          0,     339.42,     511.76,      12479,     205.27,     379.25,      10255
  6,       1000,    3.73801,    0.29192,    0.29273,       7298,       7321,          0,     333.91,     415.15,       7055,     197.19,     255.32,       3853
  7,       1000,    3.73911,    0.29564,    0.29500,       7391,       7371,          0,     367.13,     687.16,      14078,     215.71,     408.06,      11159
  8,       1000,    3.73980,    0.29244,    0.29281,       7311,       7325,          0,     341.27,     488.35,      12663,     202.30,     289.31,       6039
  9,       1000,    3.73903,    0.29356,    0.29367,       7339,       7338,          0,     345.46,     495.54,      13544,     202.60,     289.19,       8919

AVG,    1000.00,    3.73563,    0.29318,    0.29318,    7329.60,    7329.50,       0.00,     342.49,     490.32,   11524.80,     202.97,     306.51,    7916.60
STD,       0.00,    0.00348,    0.00102,    0.00084,      25.58,      19.90,       0.00,      11.06,      83.88,    2158.05,       6.54,      56.31,    2443.72
