switches: 98 
p: 6 
servers: 588 
switches: 50 
p: 4 
servers: 200 
WARNING: nways has no sense in indirect topologies
         Setting nways to 1!!!
WARNING: Using global congestion control with neither TORUS nor MESH topology
         Setting update_period to 1 cycles!!!
param_x: 1, 4:
 param_x2: 2, 3
DEBUG CON: nprocs=200, q=5, -> TARGET=-1
      clock, injload, accload,  avgdel,  stddel, maxdel, inj. limit, cur. occup.

       1000, 0.38012, 0.28747,  161.81,  147.37,    950,       6600,        988
       2000, 0.33704, 0.29003,  226.22,  218.04,   1925,       6600,       1008
       3000, 0.32239, 0.29074,  257.01,  270.26,   2874,       6600,       1008
       4000, 0.31442, 0.29102,  270.40,  291.93,   3813,       6600,       1004
       5000, 0.31018, 0.29154,  280.59,  325.12,   4907,       6600,        993
       6000, 0.30735, 0.29178,  288.80,  350.80,   5842,       6600,       1000
       7000, 0.28960, 0.29117,  315.99,  400.17,   6825,       6600,       1004
       8000, 0.29160, 0.29085,  317.25,  438.87,   7303,       6600,        999
       9000, 0.29040, 0.29004,  312.19,  406.72,   7399,       6600,        998
      10000, 0.29140, 0.29125,  324.67,  457.71,   6720,       6600,        995

 ---------------------------------------------
                Warmed Up !!!!!!               
 ---------------------------------------------

      11000, 0.29308, 0.29213,  333.06,  500.05,   8231,       6600,        999
Batch 0, 1000, 3.741922, 0.293080, 0.292130, 7327.000000, 7304.000000, 0.000000, 333.063116, 500.051416, 8231, 191.358160, 289.509632, 5527

      12000, 0.29016, 0.29090,  325.86,  485.76,   8867,       6600,       1004
Batch 1, 1000, 3.741337, 0.290160, 0.290900, 7254.000000, 7272.000000, 0.000000, 325.862211, 485.761193, 8867, 182.601073, 273.226696, 5607

      13000, 0.29292, 0.29222,  316.64,  383.76,   7967,       6600,       1007
Batch 2, 1000, 3.738881, 0.292920, 0.292220, 7323.000000, 7307.000000, 0.000000, 316.638429, 383.760307, 7967, 182.261393, 236.211152, 3967

      14000, 0.29084, 0.29246,  325.55,  475.88,   8524,       6600,        998
Batch 3, 1000, 3.747265, 0.290840, 0.292465, 7271.000000, 7312.000000, 0.000000, 325.552380, 475.878210, 8524, 189.196253, 315.105716, 6463

      15000, 0.29284, 0.29152,  318.05,  436.09,   8199,       6600,       1002
Batch 4, 1000, 3.739572, 0.292840, 0.291525, 7321.000000, 7288.000000, 0.000000, 318.054336, 436.093168, 8199, 180.807629, 252.527706, 4663

      16000, 0.29064, 0.29056,  319.77,  416.95,   9120,       6600,       1010
Batch 5, 1000, 3.739813, 0.290640, 0.290560, 7266.000000, 7264.000000, 0.000000, 319.769686, 416.954980, 9120, 186.766657, 281.181192, 7583

      17000, 0.29224, 0.29223,  339.82,  556.88,  10632,       6600,        999
Batch 6, 1000, 3.746271, 0.292240, 0.292230, 7306.000000, 7307.000000, 0.000000, 339.818804, 556.882781, 10632, 194.423977, 353.773296, 9335

      18000, 0.28860, 0.28984,  319.35,  458.99,  10728,       6600,       1000
Batch 7, 1000, 3.742131, 0.288600, 0.289840, 7215.000000, 7244.000000, 0.000000, 319.350497, 458.987433, 10728, 185.650055, 302.124061, 9591

      19000, 0.29384, 0.29360,  334.04,  526.44,  11256,       6600,       1006
Batch 8, 1000, 3.743971, 0.293840, 0.293600, 7346.000000, 7339.000000, 0.000000, 334.044693, 526.442967, 11256, 189.511923, 295.252280, 6811

      20000, 0.29140, 0.29133,  318.87,  453.58,  11792,       6600,        986
Batch 9, 1000, 3.743136, 0.291400, 0.291330, 7285.000000, 7284.000000, 0.000000, 318.866008, 453.578638, 11792, 180.259885, 269.346532, 7063


===============================================================================================================================================================

Program Started at:               Wed May 13 11:23:39 2026
Execution completed at:           Wed May 13 11:24:05 2026
On machine:                       pop-os
Simulation clock (cycles/us):     20000    128.000
Total execution time:             26 secs
Cycles per Second:                769.230769

Random seed:                      13

Topology, uni(1)/bidir(2):        slimfly(1)Random link failures:             0

Operation modes Inj-Req-Arb-Con:  shortest other random multiple
Traf./Inj. queue len (pkt/ph):    4/32, 4/32, 1 injectors
VC management:                    dragonfly-dally, 3 VCs; 
VCs used:                         1

Routing in multistage network:    static
Parallel injection:               YES
Dropping/Extracting packets:      NO       NO

Global congestion control:        gcc=100%, update_period=1
In-transit priority, bub. to ad:  0.000000, NO

Traffic pattern:                  shuffle at load 0.60000, packets of 8 phits
Trigger rate, packets triggered:  0.00000     0
Warm Up Period Prov., Used:       5000 + 15000, 10000
Conv. sampling period, threshold: 1000, 0.050000
Sample count, size, min pkts:     10 x 1000, 0

===============================================================================================================================================================

  #,  BatchTime, AvDistance,    InjLoad,    AccLoad, PacketSent, PacketRcvd, PacketDrop,   AvgDelay, StDevDelay,   MaxDelay,  InjAvgDel, InjStDvDel,  InjMaxDel
  0,       1000,    3.74192,    0.29308,    0.29213,       7327,       7304,          0,     333.06,     500.05,       8231,     191.36,     289.51,       5527
  1,       1000,    3.74134,    0.29016,    0.29090,       7254,       7272,          0,     325.86,     485.76,       8867,     182.60,     273.23,       5607
  2,       1000,    3.73888,    0.29292,    0.29222,       7323,       7307,          0,     316.64,     383.76,       7967,     182.26,     236.21,       3967
  3,       1000,    3.74726,    0.29084,    0.29246,       7271,       7312,          0,     325.55,     475.88,       8524,     189.20,     315.11,       6463
  4,       1000,    3.73957,    0.29284,    0.29152,       7321,       7288,          0,     318.05,     436.09,       8199,     180.81,     252.53,       4663
  5,       1000,    3.73981,    0.29064,    0.29056,       7266,       7264,          0,     319.77,     416.95,       9120,     186.77,     281.18,       7583
  6,       1000,    3.74627,    0.29224,    0.29223,       7306,       7307,          0,     339.82,     556.88,      10632,     194.42,     353.77,       9335
  7,       1000,    3.74213,    0.28860,    0.28984,       7215,       7244,          0,     319.35,     458.99,      10728,     185.65,     302.12,       9591
  8,       1000,    3.74397,    0.29384,    0.29360,       7346,       7339,          0,     334.04,     526.44,      11256,     189.51,     295.25,       6811
  9,       1000,    3.74314,    0.29140,    0.29133,       7285,       7284,          0,     318.87,     453.58,      11792,     180.26,     269.35,       7063

AVG,    1000.00,    3.74243,    0.29166,    0.29168,    7291.40,    7292.10,       0.00,     325.10,     469.44,    9531.60,     186.28,     286.83,    6661.00
STD,       0.00,    0.00279,    0.00162,    0.00108,      40.38,      27.43,       0.00,       8.04,      51.33,    1424.66,       4.80,      33.09,    1839.54
