switches: 98 
p: 6 
servers: 588 
switches: 50 
p: 4 
servers: 200 
WARNING: nways has no sense in indirect topologies
         Setting nways to 1!!!
WARNING: Using global congestion control with neither TORUS nor MESH topology
         Setting update_period to 1 cycles!!!
param_x: 1, 4:
 param_x2: 2, 3
DEBUG CON: nprocs=200, q=5, -> TARGET=-1
      clock, injload, accload,  avgdel,  stddel, maxdel, inj. limit, cur. occup.

       1000, 0.19604, 0.18267,   34.80,   55.07,    622,       6600,        255
       2000, 0.19292, 0.18353,   54.11,  109.72,   1199,       6600,        289
       3000, 0.19208, 0.18554,   70.37,  166.33,   1827,       6600,        288
       4000, 0.19094, 0.18620,   80.03,  197.95,   2219,       6600,        278
       5000, 0.19036, 0.18609,   84.42,  211.93,   2403,       6600,        320
       6000, 0.18885, 0.18538,   88.11,  225.49,   2955,       6600,        294
       7000, 0.18284, 0.18344,  115.54,  311.96,   3041,       6600,        304
       8000, 0.18144, 0.18098,  107.93,  282.13,   3904,       6600,        296
       9000, 0.18472, 0.18503,  115.53,  327.16,   4695,       6600,        299
      10000, 0.18996, 0.18857,  137.43,  457.90,   5241,       6600,        332
      11000, 0.18620, 0.18568,  110.91,  297.00,   3632,       6600,        330
      12000, 0.18192, 0.18313,  125.74,  318.85,   3134,       6600,        299
      13000, 0.18632, 0.18524,  117.35,  302.71,   3179,       6600,        322
      14000, 0.18428, 0.18596,  124.24,  339.34,   3712,       6600,        308
      15000, 0.19192, 0.19017,  120.32,  321.61,   3482,       6600,        318
      16000, 0.18936, 0.18857,  123.30,  298.35,   2711,       6600,        327
      17000, 0.18012, 0.18136,  132.26,  319.32,   2228,       6600,        318
      18000, 0.18156, 0.18029,  115.76,  277.76,   2520,       6600,        335
      19000, 0.18008, 0.18133,  123.65,  308.56,   3465,       6600,        314
      20000, 0.18268, 0.18109,  114.23,  297.07,   3483,       6600,        338

**********************************************
*        Convergency timeout reached.        *
*         Continue without converge!         *
**********************************************

      21000, 0.18636, 0.18738,  123.71,  345.97,   4265,       6600,        309
Batch 0, 1000, 3.777043, 0.186360, 0.187380, 4659.000000, 4687.000000, 0.000000, 123.707062, 345.974452, 4265, 54.838276, 206.820306, 3047

      22000, 0.18192, 0.18266,  132.47,  378.66,   3618,       6600,        309
Batch 1, 1000, 3.772717, 0.181920, 0.182660, 4548.000000, 4567.000000, 0.000000, 132.473396, 378.660633, 3618, 59.872345, 242.866561, 2982

      23000, 0.18568, 0.18583,  128.70,  348.59,   3753,       6600,        324
Batch 2, 1000, 3.780194, 0.185680, 0.185830, 4642.000000, 4645.000000, 0.000000, 128.696663, 348.591186, 3753, 53.129817, 214.024853, 3396

      24000, 0.18688, 0.18822,  123.38,  348.37,   4309,       6600,        309
Batch 3, 1000, 3.779881, 0.186880, 0.188220, 4672.000000, 4702.000000, 0.000000, 123.378988, 348.371672, 4309, 51.679498, 217.022863, 4267

      25000, 0.18424, 0.18343,  115.70,  339.61,   4935,       6600,        289
Batch 4, 1000, 3.779739, 0.184240, 0.183425, 4606.000000, 4590.000000, 0.000000, 115.703050, 339.614096, 4935, 46.844880, 180.186616, 2386

      26000, 0.19028, 0.18867,  118.10,  301.62,   3833,       6600,        339
Batch 5, 1000, 3.765642, 0.190280, 0.188670, 4757.000000, 4715.000000, 0.000000, 118.103075, 301.623064, 3833, 51.675716, 178.763554, 2306

      27000, 0.18124, 0.18289,  132.81,  336.99,   3762,       6600,        314
Batch 6, 1000, 3.766251, 0.181240, 0.182890, 4531.000000, 4569.000000, 0.000000, 132.805647, 336.992210, 3762, 57.710002, 205.431586, 2794

      28000, 0.18412, 0.18344,  121.85,  304.29,   3745,       6600,        316
Batch 7, 1000, 3.774896, 0.184120, 0.183440, 4603.000000, 4589.000000, 0.000000, 121.852473, 304.286059, 3745, 51.114840, 172.423224, 1995

      29000, 0.18636, 0.18656,  112.08,  277.78,   2872,       6600,        310
Batch 8, 1000, 3.774228, 0.186360, 0.186560, 4659.000000, 4664.000000, 0.000000, 112.080832, 277.778769, 2872, 48.898585, 172.433540, 1845

      30000, 0.18516, 0.18523,  120.45,  317.88,   3014,       6600,        311
Batch 9, 1000, 3.771040, 0.185160, 0.185225, 4629.000000, 4634.000000, 0.000000, 120.449935, 317.876546, 3014, 52.212991, 189.779189, 2379


===============================================================================================================================================================

Program Started at:               Wed May 13 11:23:36 2026
Execution completed at:           Wed May 13 11:24:10 2026
On machine:                       pop-os
Simulation clock (cycles/us):     30000    192.000
Total execution time:             34 secs
Cycles per Second:                882.352941

Random seed:                      13

Topology, uni(1)/bidir(2):        slimfly(1)Random link failures:             0

Operation modes Inj-Req-Arb-Con:  shortest other random multiple
Traf./Inj. queue len (pkt/ph):    4/32, 4/32, 1 injectors
VC management:                    dragonfly-dally, 3 VCs; 
VCs used:                         1

Routing in multistage network:    static
Parallel injection:               YES
Dropping/Extracting packets:      NO       NO

Global congestion control:        gcc=100%, update_period=1
In-transit priority, bub. to ad:  0.000000, NO

Traffic pattern:                  shuffle at load 0.20000, packets of 8 phits
Trigger rate, packets triggered:  0.00000     0
Warm Up Period Prov., Used:       5000 + 15000, 20000
Conv. sampling period, threshold: 1000, 0.050000
Sample count, size, min pkts:     10 x 1000, 0

===============================================================================================================================================================

  #,  BatchTime, AvDistance,    InjLoad,    AccLoad, PacketSent, PacketRcvd, PacketDrop,   AvgDelay, StDevDelay,   MaxDelay,  InjAvgDel, InjStDvDel,  InjMaxDel
  0,       1000,    3.77704,    0.18636,    0.18738,       4659,       4687,          0,     123.71,     345.97,       4265,      54.84,     206.82,       3047
  1,       1000,    3.77272,    0.18192,    0.18266,       4548,       4567,          0,     132.47,     378.66,       3618,      59.87,     242.87,       2982
  2,       1000,    3.78019,    0.18568,    0.18583,       4642,       4645,          0,     128.70,     348.59,       3753,      53.13,     214.02,       3396
  3,       1000,    3.77988,    0.18688,    0.18822,       4672,       4702,          0,     123.38,     348.37,       4309,      51.68,     217.02,       4267
  4,       1000,    3.77974,    0.18424,    0.18343,       4606,       4590,          0,     115.70,     339.61,       4935,      46.84,     180.19,       2386
  5,       1000,    3.76564,    0.19028,    0.18867,       4757,       4715,          0,     118.10,     301.62,       3833,      51.68,     178.76,       2306
  6,       1000,    3.76625,    0.18124,    0.18289,       4531,       4569,          0,     132.81,     336.99,       3762,      57.71,     205.43,       2794
  7,       1000,    3.77490,    0.18412,    0.18344,       4603,       4589,          0,     121.85,     304.29,       3745,      51.11,     172.42,       1995
  8,       1000,    3.77423,    0.18636,    0.18656,       4659,       4664,          0,     112.08,     277.78,       2872,      48.90,     172.43,       1845
  9,       1000,    3.77104,    0.18516,    0.18523,       4629,       4634,          0,     120.45,     317.88,       3014,      52.21,     189.78,       2379

AVG,    1000.00,    3.77416,    0.18522,    0.18543,    4630.60,    4636.20,       0.00,     122.93,     329.98,    3810.60,      52.80,     197.98,    2739.70
STD,       0.00,    0.00533,    0.00258,    0.00225,      64.59,      55.42,       0.00,       6.86,      29.42,     603.90,       3.87,      23.16,     724.02
