switches: 98 
p: 6 
servers: 588 
switches: 18 
p: 3 
servers: 54 
WARNING: nways has no sense in indirect topologies
         Setting nways to 1!!!
WARNING: Using global congestion control with neither TORUS nor MESH topology
         Setting update_period to 1 cycles!!!
param_x: 1, 2:
 param_x2: 2, 1
      clock, injload, accload,  avgdel,  stddel, maxdel, inj. limit, cur. occup.

       1000, 0.36444, 0.31319,   85.09,  101.92,    631,       1728,        167
       2000, 0.34496, 0.31769,  124.09,  153.73,   1064,       1728,        153
       3000, 0.33689, 0.31982,  137.65,  166.28,   1064,       1728,        155
       4000, 0.33219, 0.31931,  144.96,  174.57,   1157,       1728,        163
       5000, 0.33037, 0.32015,  148.80,  177.31,   1157,       1728,        155
       6000, 0.32953, 0.32135,  150.48,  179.44,   1264,       1728,        155
       7000, 0.33556, 0.33126,  161.54,  181.29,   1080,       1728,        164
       8000, 0.31733, 0.31787,  165.25,  185.48,   1136,       1728,        158
       9000, 0.31763, 0.31807,  164.46,  196.74,   1136,       1728,        170
      10000, 0.31837, 0.32028,  159.93,  200.69,   1603,       1728,        154

 ---------------------------------------------
                Warmed Up !!!!!!               
 ---------------------------------------------

      11000, 0.32830, 0.32604,  159.35,  196.79,   1264,       1728,        158
Batch 0, 1000, 3.590641, 0.328296, 0.326037, 2216.000000, 2201.000000, 0.000000, 159.353930, 196.790215, 1264, 88.015902, 122.642056, 775

      12000, 0.31630, 0.31780,  166.53,  190.33,   1093,       1728,        156
Batch 1, 1000, 3.576493, 0.316296, 0.317796, 2135.000000, 2144.000000, 0.000000, 166.527985, 190.326419, 1093, 92.191231, 120.675246, 793

      13000, 0.31437, 0.31398,  165.12,  184.37,   1216,       1728,        151
Batch 2, 1000, 3.577558, 0.314370, 0.313981, 2122.000000, 2121.000000, 0.000000, 165.122112, 184.374285, 1216, 90.991042, 116.305504, 919

      14000, 0.31541, 0.31857,  167.58,  206.14,   1352,       1728,        158
Batch 3, 1000, 3.587715, 0.315407, 0.318574, 2129.000000, 2149.000000, 0.000000, 167.582597, 206.140016, 1352, 93.061889, 136.354179, 1087

      15000, 0.32533, 0.32167,  156.87,  184.95,   1146,       1728,        158
Batch 4, 1000, 3.569784, 0.325333, 0.321667, 2196.000000, 2171.000000, 0.000000, 156.865500, 184.954079, 1146, 86.481806, 122.102643, 830

      16000, 0.31467, 0.31707,  171.46,  204.89,   1320,       1728,        156
Batch 5, 1000, 3.591589, 0.314667, 0.317074, 2124.000000, 2140.000000, 0.000000, 171.463551, 204.888492, 1320, 94.631308, 126.950418, 863

      17000, 0.32681, 0.32567,  153.55,  187.80,   1278,       1728,        153
Batch 6, 1000, 3.593821, 0.326815, 0.325667, 2206.000000, 2201.000000, 0.000000, 153.547933, 187.803738, 1278, 81.572467, 122.463810, 952

      18000, 0.32533, 0.32433,  160.89,  182.48,   1488,       1728,        155
Batch 7, 1000, 3.583181, 0.325333, 0.324333, 2196.000000, 2188.000000, 0.000000, 160.888483, 182.478587, 1488, 89.993601, 119.319649, 995

      19000, 0.32711, 0.32541,  166.50,  195.46,   1440,       1728,        156
Batch 8, 1000, 3.583599, 0.327111, 0.325407, 2208.000000, 2195.000000, 0.000000, 166.498405, 195.458912, 1440, 92.510251, 119.010729, 695

      20000, 0.31867, 0.31813,  169.20,  190.93,   1072,       1728,        159
Batch 9, 1000, 3.578947, 0.318667, 0.318130, 2151.000000, 2147.000000, 0.000000, 169.195622, 190.927402, 1072, 96.071728, 124.419515, 775


===============================================================================================================================================================

Program Started at:               Wed May 13 11:23:30 2026
Execution completed at:           Wed May 13 11:23:34 2026
On machine:                       pop-os
Simulation clock (cycles/us):     20000    128.000
Total execution time:             4 secs
Cycles per Second:                5000.000000

Random seed:                      13

Topology, uni(1)/bidir(2):        slimfly(1)Random link failures:             0

Operation modes Inj-Req-Arb-Con:  shortest other random multiple
Traf./Inj. queue len (pkt/ph):    4/32, 4/32, 1 injectors
VC management:                    dragonfly-dally, 3 VCs; 
VCs used:                         1

Routing in multistage network:    static
Parallel injection:               YES
Dropping/Extracting packets:      NO       NO

Global congestion control:        gcc=100%, update_period=1
In-transit priority, bub. to ad:  0.000000, NO

Traffic pattern:                  shuffle at load 0.40000, packets of 8 phits
Trigger rate, packets triggered:  0.00000     0
Warm Up Period Prov., Used:       5000 + 15000, 10000
Conv. sampling period, threshold: 1000, 0.050000
Sample count, size, min pkts:     10 x 1000, 0

===============================================================================================================================================================

  #,  BatchTime, AvDistance,    InjLoad,    AccLoad, PacketSent, PacketRcvd, PacketDrop,   AvgDelay, StDevDelay,   MaxDelay,  InjAvgDel, InjStDvDel,  InjMaxDel
  0,       1000,    3.59064,    0.32830,    0.32604,       2216,       2201,          0,     159.35,     196.79,       1264,      88.02,     122.64,        775
  1,       1000,    3.57649,    0.31630,    0.31780,       2135,       2144,          0,     166.53,     190.33,       1093,      92.19,     120.68,        793
  2,       1000,    3.57756,    0.31437,    0.31398,       2122,       2121,          0,     165.12,     184.37,       1216,      90.99,     116.31,        919
  3,       1000,    3.58772,    0.31541,    0.31857,       2129,       2149,          0,     167.58,     206.14,       1352,      93.06,     136.35,       1087
  4,       1000,    3.56978,    0.32533,    0.32167,       2196,       2171,          0,     156.87,     184.95,       1146,      86.48,     122.10,        830
  5,       1000,    3.59159,    0.31467,    0.31707,       2124,       2140,          0,     171.46,     204.89,       1320,      94.63,     126.95,        863
  6,       1000,    3.59382,    0.32681,    0.32567,       2206,       2201,          0,     153.55,     187.80,       1278,      81.57,     122.46,        952
  7,       1000,    3.58318,    0.32533,    0.32433,       2196,       2188,          0,     160.89,     182.48,       1488,      89.99,     119.32,        995
  8,       1000,    3.58360,    0.32711,    0.32541,       2208,       2195,          0,     166.50,     195.46,       1440,      92.51,     119.01,        695
  9,       1000,    3.57895,    0.31867,    0.31813,       2151,       2147,          0,     169.20,     190.93,       1072,      96.07,     124.42,        775

AVG,    1000.00,    3.58333,    0.32123,    0.32087,    2168.30,    2165.70,       0.00,     163.70,     192.41,    1266.90,      90.55,     123.02,     868.40
STD,       0.00,    0.00770,    0.00582,    0.00431,      39.25,      29.12,       0.00,       5.77,       8.29,     139.23,       4.27,       5.55,     119.29
