switches: 98 
p: 6 
servers: 588 
switches: 18 
p: 3 
servers: 54 
WARNING: nways has no sense in indirect topologies
         Setting nways to 1!!!
WARNING: Using global congestion control with neither TORUS nor MESH topology
         Setting update_period to 1 cycles!!!
param_x: 1, 2:
 param_x2: 2, 1
      clock, injload, accload,  avgdel,  stddel, maxdel, inj. limit, cur. occup.

       1000, 0.44356, 0.36972,  130.94,  129.20,    795,       1728,        201
       2000, 0.41200, 0.37554,  165.61,  158.21,    911,       1728,        201
       3000, 0.39862, 0.37470,  175.53,  164.36,   1200,       1728,        195
       4000, 0.39200, 0.37425,  181.89,  172.29,   1324,       1728,        200
       5000, 0.38649, 0.37254,  185.02,  172.09,   1324,       1728,        195
       6000, 0.38442, 0.37241,  187.03,  174.56,   1324,       1728,        200
       7000, 0.37733, 0.37789,  194.85,  183.23,   1328,       1728,        204
       8000, 0.38504, 0.38267,  199.42,  190.74,   1600,       1728,        202
       9000, 0.37304, 0.37430,  194.97,  175.60,   1144,       1728,        203

 ---------------------------------------------
                Warmed Up !!!!!!               
 ---------------------------------------------

      10000, 0.37407, 0.37485,  197.83,  188.46,   1440,       1728,        201
Batch 0, 1000, 3.565956, 0.374074, 0.374852, 2525.000000, 2532.000000, 0.000000, 197.827014, 188.457819, 1440, 118.964060, 124.291935, 1055

      11000, 0.37896, 0.37704,  197.89,  191.41,   1504,       1728,        199
Batch 1, 1000, 3.559309, 0.378963, 0.377037, 2558.000000, 2546.000000, 0.000000, 197.886881, 191.411805, 1504, 119.686567, 123.224446, 927

      12000, 0.37156, 0.37387,  203.67,  174.96,    992,       1728,        197
Batch 2, 1000, 3.580428, 0.371556, 0.373870, 2508.000000, 2524.000000, 0.000000, 203.668780, 174.958745, 992, 122.175515, 114.016988, 679

      13000, 0.37837, 0.37609,  197.63,  174.08,   1112,       1728,        198
Batch 3, 1000, 3.567717, 0.378370, 0.376093, 2554.000000, 2540.000000, 0.000000, 197.629528, 174.077152, 1112, 119.471654, 114.491621, 823

      14000, 0.37452, 0.37619,  194.72,  173.59,   1064,       1728,        200
Batch 4, 1000, 3.576104, 0.374519, 0.376185, 2528.000000, 2536.000000, 0.000000, 194.723975, 173.594436, 1064, 116.798896, 113.390640, 823

      15000, 0.36859, 0.36765,  199.69,  178.88,   1136,       1728,        202
Batch 5, 1000, 3.568493, 0.368593, 0.367648, 2488.000000, 2482.000000, 0.000000, 199.694198, 178.877379, 1136, 120.099517, 115.886921, 735

      16000, 0.37526, 0.37389,  203.43,  187.47,   1360,       1728,        201
Batch 6, 1000, 3.564804, 0.375259, 0.373889, 2533.000000, 2523.000000, 0.000000, 203.430044, 187.468547, 1360, 122.083234, 120.557768, 975

      17000, 0.37200, 0.37317,  202.04,  182.83,   1600,       1728,        202
Batch 7, 1000, 3.589754, 0.372000, 0.373167, 2511.000000, 2518.000000, 0.000000, 202.035346, 182.832188, 1600, 121.648928, 117.214085, 1104

      18000, 0.37615, 0.37537,  198.51,  185.86,   1280,       1728,        206
Batch 8, 1000, 3.559148, 0.376148, 0.375370, 2539.000000, 2536.000000, 0.000000, 198.511435, 185.858137, 1280, 119.638801, 125.249418, 951

      19000, 0.37778, 0.37715,  196.93,  175.06,   1264,       1728,        209
Batch 9, 1000, 3.586410, 0.377778, 0.377148, 2550.000000, 2546.000000, 0.000000, 196.934800, 175.055522, 1264, 118.872742, 112.262653, 719


===============================================================================================================================================================

Program Started at:               Wed May 13 11:23:30 2026
Execution completed at:           Wed May 13 11:23:34 2026
On machine:                       pop-os
Simulation clock (cycles/us):     19000    121.600
Total execution time:             4 secs
Cycles per Second:                4750.000000

Random seed:                      13

Topology, uni(1)/bidir(2):        slimfly(1)Random link failures:             0

Operation modes Inj-Req-Arb-Con:  shortest other random multiple
Traf./Inj. queue len (pkt/ph):    4/32, 4/32, 1 injectors
VC management:                    dragonfly-dally, 3 VCs; 
VCs used:                         1

Routing in multistage network:    static
Parallel injection:               YES
Dropping/Extracting packets:      NO       NO

Global congestion control:        gcc=100%, update_period=1
In-transit priority, bub. to ad:  0.000000, NO

Traffic pattern:                  shuffle at load 0.60000, packets of 8 phits
Trigger rate, packets triggered:  0.00000     0
Warm Up Period Prov., Used:       5000 + 15000, 9000
Conv. sampling period, threshold: 1000, 0.050000
Sample count, size, min pkts:     10 x 1000, 0

===============================================================================================================================================================

  #,  BatchTime, AvDistance,    InjLoad,    AccLoad, PacketSent, PacketRcvd, PacketDrop,   AvgDelay, StDevDelay,   MaxDelay,  InjAvgDel, InjStDvDel,  InjMaxDel
  0,       1000,    3.56596,    0.37407,    0.37485,       2525,       2532,          0,     197.83,     188.46,       1440,     118.96,     124.29,       1055
  1,       1000,    3.55931,    0.37896,    0.37704,       2558,       2546,          0,     197.89,     191.41,       1504,     119.69,     123.22,        927
  2,       1000,    3.58043,    0.37156,    0.37387,       2508,       2524,          0,     203.67,     174.96,        992,     122.18,     114.02,        679
  3,       1000,    3.56772,    0.37837,    0.37609,       2554,       2540,          0,     197.63,     174.08,       1112,     119.47,     114.49,        823
  4,       1000,    3.57610,    0.37452,    0.37619,       2528,       2536,          0,     194.72,     173.59,       1064,     116.80,     113.39,        823
  5,       1000,    3.56849,    0.36859,    0.36765,       2488,       2482,          0,     199.69,     178.88,       1136,     120.10,     115.89,        735
  6,       1000,    3.56480,    0.37526,    0.37389,       2533,       2523,          0,     203.43,     187.47,       1360,     122.08,     120.56,        975
  7,       1000,    3.58975,    0.37200,    0.37317,       2511,       2518,          0,     202.04,     182.83,       1600,     121.65,     117.21,       1104
  8,       1000,    3.55915,    0.37615,    0.37537,       2539,       2536,          0,     198.51,     185.86,       1280,     119.64,     125.25,        951
  9,       1000,    3.58641,    0.37778,    0.37715,       2550,       2546,          0,     196.93,     175.06,       1264,     118.87,     112.26,        719

AVG,    1000.00,    3.57181,    0.37473,    0.37453,    2529.40,    2528.30,       0.00,     199.23,     181.26,    1275.20,     119.94,     118.06,     879.10
STD,       0.00,    0.01083,    0.00331,    0.00277,      22.32,      18.83,       0.00,       2.94,       6.76,     200.88,       1.66,       4.87,     145.65
