╰─❯ ./insee topo=slimfly_13 routing=static load=0.2 tpattern=shuffle rseed=13
switches: 98 
p: 6 
servers: 588 
switches: 338 
p: 10 
servers: 3380 
WARNING: nways has no sense in indirect topologies
         Setting nways to 1!!!
WARNING: Using global congestion control with neither TORUS nor MESH topology
         Setting update_period to 1 cycles!!!
param_x: 1, 4:
 param_x2: 2, 8
      clock, injload, accload,  avgdel,  stddel, maxdel, inj. limit, cur. occup.
       1000, 0.18222, 0.13694,   92.16,  122.98,    971,     117624,       9479
       2000, 0.16548, 0.13868,  158.40,  238.07,   1934,     117624,      10526
       3000, 0.15838, 0.13948,  208.89,  326.23,   2933,     117624,      10945
       4000, 0.15430, 0.13982,  245.07,  393.06,   3943,     117624,      11086
       5000, 0.15184, 0.14019,  269.94,  443.16,   4886,     117624,      11198
       6000, 0.15021, 0.14041,  288.43,  484.30,   5907,     117624,      11271
       7000, 0.14277, 0.14167,  394.04,  679.89,   6755,     117624,      11503
       8000, 0.14098, 0.14119,  398.05,  706.19,   7926,     117624,      11468
       9000, 0.14187, 0.14197,  397.81,  719.76,   8906,     117624,      11353
      10000, 0.14123, 0.14164,  393.43,  716.19,   9769,     117624,      11295

 ---------------------------------------------
                Warmed Up !!!!!!               
 ---------------------------------------------

      11000, 0.14221, 0.14201,  395.89,  740.33,  10679,     117624,      11307
Batch 0, 1000, 3.918970, 0.142213, 0.142007, 60085.000000, 59990.000000, 0.000000, 395.890398, 740.326653, 10679, 219.973146, 527.834729, 10713

      12000, 0.14186, 0.14165,  402.74,  758.39,  11796,     117624,      11358
Batch 1, 1000, 3.919120, 0.141860, 0.141649, 59936.000000, 59854.000000, 0.000000, 402.735289, 758.388906, 11796, 222.539847, 536.443431, 11632

      13000, 0.14092, 0.14079,  402.76,  771.97,  12900,     117624,      11417
Batch 2, 1000, 3.919103, 0.140918, 0.140794, 59538.000000, 59483.000000, 0.000000, 402.763580, 771.972601, 12900, 222.310761, 542.106121, 12547

      14000, 0.14091, 0.14062,  406.77,  779.50,  13937,     117624,      11373
Batch 3, 1000, 3.917713, 0.140914, 0.140617, 59536.000000, 59402.000000, 0.000000, 406.767062, 779.499516, 13937, 227.282667, 580.511199, 13783

      15000, 0.14166, 0.14142,  408.06,  786.76,  14827,     117624,      11519
Batch 4, 1000, 3.918746, 0.141659, 0.141422, 59851.000000, 59763.000000, 0.000000, 408.057444, 786.756184, 14827, 227.500945, 572.237170, 14690

      16000, 0.14191, 0.14185,  412.55,  839.50,  15890,     117624,      11429
Batch 5, 1000, 3.917929, 0.141912, 0.141854, 59958.000000, 59924.000000, 0.000000, 412.551081, 839.501629, 15890, 230.607119, 623.223126, 15710

      17000, 0.14144, 0.14162,  408.68,  826.46,  16679,     117624,      11523
Batch 6, 1000, 3.919285, 0.141439, 0.141617, 59758.000000, 59828.000000, 0.000000, 408.678779, 826.464039, 16679, 226.900782, 589.656143, 16450

      18000, 0.14164, 0.14172,  412.38,  863.73,  17859,     117624,      11512
Batch 7, 1000, 3.919290, 0.141645, 0.141717, 59845.000000, 59881.000000, 0.000000, 412.384663, 863.732584, 17859, 229.175632, 625.907565, 17563

      19000, 0.14147, 0.14184,  407.84,  845.71,  18809,     117624,      11411
Batch 8, 1000, 3.917803, 0.141472, 0.141837, 59772.000000, 59929.000000, 0.000000, 407.842347, 845.712567, 18809, 224.042283, 591.486450, 18372

      20000, 0.14228, 0.14197,  410.68,  876.74,  19922,     117624,      11505
Batch 9, 1000, 3.917875, 0.142284, 0.141967, 60115.000000, 59982.000000, 0.000000, 410.682021, 876.741358, 19922, 229.283852, 639.912140, 19470


===============================================================================================================================================================

Program Started at:               Wed May 13 16:06:45 2026
Execution completed at:           Wed May 13 16:17:02 2026
On machine:                       pop-os
Simulation clock (cycles/us):     20000    128.000
Total execution time:             10 mins, 17 secs
Cycles per Second:                32.414911

Random seed:                      13

Topology, uni(1)/bidir(2):        slimfly(1)Random link failures:             0

Operation modes Inj-Req-Arb-Con:  shortest other random multiple
Traf./Inj. queue len (pkt/ph):    4/32, 4/32, 1 injectors
VC management:                    dragonfly-dally, 3 VCs; 
VCs used:                         1

Routing in multistage network:    static
Parallel injection:               YES
Dropping/Extracting packets:      NO       NO

Global congestion control:        gcc=100%, update_period=1
In-transit priority, bub. to ad:  0.000000, NO

Traffic pattern:                  shuffle at load 0.20000, packets of 8 phits
Trigger rate, packets triggered:  0.00000     0
Warm Up Period Prov., Used:       5000 + 15000, 10000
Conv. sampling period, threshold: 1000, 0.050000
Sample count, size, min pkts:     10 x 1000, 0

===============================================================================================================================================================

  #,  BatchTime, AvDistance,    InjLoad,    AccLoad, PacketSent, PacketRcvd, PacketDrop,   AvgDelay, StDevDelay,   MaxDelay,  InjAvgDel, InjStDvDel,  InjMaxDel
  0,       1000,    3.91897,    0.14221,    0.14201,      60085,      59990,          0,     395.89,     740.33,      10679,     219.97,     527.83,      10713
  1,       1000,    3.91912,    0.14186,    0.14165,      59936,      59854,          0,     402.74,     758.39,      11796,     222.54,     536.44,      11632
  2,       1000,    3.91910,    0.14092,    0.14079,      59538,      59483,          0,     402.76,     771.97,      12900,     222.31,     542.11,      12547
  3,       1000,    3.91771,    0.14091,    0.14062,      59536,      59402,          0,     406.77,     779.50,      13937,     227.28,     580.51,      13783
  4,       1000,    3.91875,    0.14166,    0.14142,      59851,      59763,          0,     408.06,     786.76,      14827,     227.50,     572.24,      14690
  5,       1000,    3.91793,    0.14191,    0.14185,      59958,      59924,          0,     412.55,     839.50,      15890,     230.61,     623.22,      15710
  6,       1000,    3.91929,    0.14144,    0.14162,      59758,      59828,          0,     408.68,     826.46,      16679,     226.90,     589.66,      16450
  7,       1000,    3.91929,    0.14164,    0.14172,      59845,      59881,          0,     412.38,     863.73,      17859,     229.18,     625.91,      17563
  8,       1000,    3.91780,    0.14147,    0.14184,      59772,      59929,          0,     407.84,     845.71,      18809,     224.04,     591.49,      18372
  9,       1000,    3.91788,    0.14228,    0.14197,      60115,      59982,          0,     410.68,     876.74,      19922,     229.28,     639.91,      19470

AVG,    1000.00,    3.91858,    0.14163,    0.14155,   59839.40,   59803.60,       0.00,     406.84,     808.91,   15329.80,     225.96,     582.93,   15093.00
STD,       0.00,    0.00067,    0.00047,    0.00048,     198.30,     203.21,       0.00,       5.14,      47.35,    3053.93,       3.54,      39.19,    2939.32
