switches: 98 
p: 6 
servers: 588 
switches: 98 
p: 6 
servers: 588 
WARNING: nways has no sense in indirect topologies
         Setting nways to 1!!!
WARNING: Using global congestion control with neither TORUS nor MESH topology
         Setting update_period to 1 cycles!!!
param_x: 1, 2:
 param_x2: 3, 6
      clock, injload, accload,  avgdel,  stddel, maxdel, inj. limit, cur. occup.

       1000, 0.30306, 0.20302,  253.66,  171.92,    949,      19992,       2976
       2000, 0.25344, 0.20334,  354.23,  246.25,   1962,      19992,       2990
       3000, 0.23727, 0.20380,  395.36,  292.25,   2810,      19992,       2999
       4000, 0.22889, 0.20381,  416.59,  319.35,   3802,      19992,       3006
       5000, 0.22371, 0.20363,  429.46,  337.96,   4809,      19992,       3013
       6000, 0.22022, 0.20355,  439.19,  358.87,   5945,      19992,       3015
       7000, 0.20506, 0.20466,  505.86,  506.76,   6766,      19992,       3007
       8000, 0.20355, 0.20316,  487.52,  444.71,   7614,      19992,       3020
       9000, 0.20347, 0.20378,  493.07,  487.70,   8687,      19992,       3017
      10000, 0.20422, 0.20422,  493.18,  476.23,   9803,      19992,       3026

 ---------------------------------------------
                Warmed Up !!!!!!               
 ---------------------------------------------

      11000, 0.20407, 0.20418,  495.58,  504.80,  10815,      19992,       3017
Batch 0, 1000, 3.890740, 0.204068, 0.204175, 14999.000000, 15010.000000, 0.000000, 495.581479, 504.796776, 10815, 295.578481, 355.095418, 10512

      12000, 0.20322, 0.20328,  505.16,  551.00,  11744,      19992,       3025
Batch 1, 1000, 3.889588, 0.203224, 0.203282, 14937.000000, 14935.000000, 0.000000, 505.155273, 551.000589, 11744, 299.995581, 363.316591, 11761

      13000, 0.20408, 0.20372,  490.24,  453.48,   9356,      19992,       3022
Batch 2, 1000, 3.888080, 0.204082, 0.203718, 15000.000000, 14975.000000, 0.000000, 490.235058, 453.482885, 9356, 291.519199, 289.997873, 5559

      14000, 0.20380, 0.20374,  495.98,  490.58,  13867,      19992,       3033
Batch 3, 1000, 3.885483, 0.203796, 0.203736, 14979.000000, 14976.000000, 0.000000, 495.982238, 490.579575, 13867, 294.137086, 337.273373, 13085

      15000, 0.20267, 0.20296,  497.73,  476.55,  14737,      19992,       3008
Batch 4, 1000, 3.885866, 0.202667, 0.202956, 14896.000000, 14921.000000, 0.000000, 497.731921, 476.549067, 14737, 297.141881, 345.856021, 14702

      16000, 0.20293, 0.20273,  499.97,  566.32,  15642,      19992,       3023
Batch 5, 1000, 3.888919, 0.202925, 0.202731, 14915.000000, 14899.000000, 0.000000, 499.966374, 566.321834, 15642, 300.401235, 427.185298, 15437

      17000, 0.20335, 0.20353,  496.09,  515.43,  16221,      19992,       3006
Batch 6, 1000, 3.891876, 0.203347, 0.203534, 14946.000000, 14955.000000, 0.000000, 496.088265, 515.425100, 16221, 294.205751, 335.127751, 13775

      18000, 0.20362, 0.20352,  497.17,  548.49,  17636,      19992,       3018
Batch 7, 1000, 3.886178, 0.203619, 0.203520, 14966.000000, 14962.000000, 0.000000, 497.170966, 548.488065, 17636, 296.991445, 371.782143, 13387

      19000, 0.20382, 0.20400,  489.09,  473.90,  17969,      19992,       3023
Batch 8, 1000, 3.889022, 0.203823, 0.204002, 14981.000000, 14994.000000, 0.000000, 489.089236, 473.900651, 17969, 290.679672, 314.223997, 15491

      20000, 0.20412, 0.20383,  496.17,  508.66,  16893,      19992,       3028
Batch 9, 1000, 3.885247, 0.204122, 0.203832, 15003.000000, 14980.000000, 0.000000, 496.170961, 508.656845, 16893, 293.828972, 349.949536, 19652


===============================================================================================================================================================

Program Started at:               Wed May 13 11:24:15 2026
Execution completed at:           Wed May 13 11:26:09 2026
On machine:                       pop-os
Simulation clock (cycles/us):     20000    128.000
Total execution time:             1 mins, 54 secs
Cycles per Second:                175.438596

Random seed:                      13

Topology, uni(1)/bidir(2):        slimfly(1)Random link failures:             0

Operation modes Inj-Req-Arb-Con:  shortest other random multiple
Traf./Inj. queue len (pkt/ph):    4/32, 4/32, 1 injectors
VC management:                    dragonfly-dally, 3 VCs; 
VCs used:                         1

Routing in multistage network:    static
Parallel injection:               YES
Dropping/Extracting packets:      NO       NO

Global congestion control:        gcc=100%, update_period=1
In-transit priority, bub. to ad:  0.000000, NO

Traffic pattern:                  shuffle at load 0.60000, packets of 8 phits
Trigger rate, packets triggered:  0.00000     0
Warm Up Period Prov., Used:       5000 + 15000, 10000
Conv. sampling period, threshold: 1000, 0.050000
Sample count, size, min pkts:     10 x 1000, 0

===============================================================================================================================================================

  #,  BatchTime, AvDistance,    InjLoad,    AccLoad, PacketSent, PacketRcvd, PacketDrop,   AvgDelay, StDevDelay,   MaxDelay,  InjAvgDel, InjStDvDel,  InjMaxDel
  0,       1000,    3.89074,    0.20407,    0.20418,      14999,      15010,          0,     495.58,     504.80,      10815,     295.58,     355.10,      10512
  1,       1000,    3.88959,    0.20322,    0.20328,      14937,      14935,          0,     505.16,     551.00,      11744,     300.00,     363.32,      11761
  2,       1000,    3.88808,    0.20408,    0.20372,      15000,      14975,          0,     490.24,     453.48,       9356,     291.52,     290.00,       5559
  3,       1000,    3.88548,    0.20380,    0.20374,      14979,      14976,          0,     495.98,     490.58,      13867,     294.14,     337.27,      13085
  4,       1000,    3.88587,    0.20267,    0.20296,      14896,      14921,          0,     497.73,     476.55,      14737,     297.14,     345.86,      14702
  5,       1000,    3.88892,    0.20293,    0.20273,      14915,      14899,          0,     499.97,     566.32,      15642,     300.40,     427.19,      15437
  6,       1000,    3.89188,    0.20335,    0.20353,      14946,      14955,          0,     496.09,     515.43,      16221,     294.21,     335.13,      13775
  7,       1000,    3.88618,    0.20362,    0.20352,      14966,      14962,          0,     497.17,     548.49,      17636,     296.99,     371.78,      13387
  8,       1000,    3.88902,    0.20382,    0.20400,      14981,      14994,          0,     489.09,     473.90,      17969,     290.68,     314.22,      15491
  9,       1000,    3.88525,    0.20412,    0.20383,      15003,      14980,          0,     496.17,     508.66,      16893,     293.83,     349.95,      19652

AVG,    1000.00,    3.88810,    0.20357,    0.20355,   14962.20,   14960.70,       0.00,     496.32,     508.92,   14488.00,     295.45,     348.98,   13336.10
STD,       0.00,    0.00232,    0.00051,    0.00045,      37.42,      34.04,       0.00,       4.52,      37.08,    2980.53,       3.24,      36.37,    3681.96
