switches: 98 
p: 6 
servers: 588 
switches: 50 
p: 4 
servers: 200 
WARNING: nways has no sense in indirect topologies
         Setting nways to 1!!!
WARNING: Using global congestion control with neither TORUS nor MESH topology
         Setting update_period to 1 cycles!!!
param_x: 1, 4:
 param_x2: 2, 3
DEBUG CON: nprocs=200, q=5, -> TARGET=-1
      clock, injload, accload,  avgdel,  stddel, maxdel, inj. limit, cur. occup.

       1000, 0.32068, 0.25805,  101.93,  136.03,    872,       6600,        764
       2000, 0.29282, 0.26076,  157.21,  230.80,   1747,       6600,        766
       3000, 0.28296, 0.26139,  186.36,  289.32,   2629,       6600,        766
       4000, 0.27797, 0.26130,  197.01,  312.05,   3853,       6600,        796
       5000, 0.27430, 0.26112,  207.67,  341.11,   4841,       6600,        784
       6000, 0.27215, 0.26115,  214.37,  357.26,   5637,       6600,        788
       7000, 0.26192, 0.26142,  260.05,  469.72,   6543,       6600,        803
       8000, 0.26396, 0.26183,  274.56,  603.01,   7557,       6600,        824
       9000, 0.26256, 0.26125,  278.78,  539.53,   8146,       6600,        805
      10000, 0.25784, 0.25948,  265.01,  479.82,   8136,       6600,        799
      11000, 0.26272, 0.26433,  263.21,  470.47,   8056,       6600,        805
      12000, 0.26356, 0.26303,  265.07,  458.12,   6751,       6600,        796
      13000, 0.26308, 0.26247,  259.08,  422.38,   5008,       6600,        807

 ---------------------------------------------
                Warmed Up !!!!!!               
 ---------------------------------------------

      14000, 0.26804, 0.26553,  263.66,  457.11,   6159,       6600,        830
Batch 0, 1000, 3.756031, 0.268040, 0.265525, 6701.000000, 6632.000000, 0.000000, 263.658625, 457.105050, 6159, 139.833082, 289.876181, 4423

      15000, 0.25952, 0.26216,  278.61,  513.88,   6386,       6600,        809
Batch 1, 1000, 3.764419, 0.259520, 0.262155, 6488.000000, 6554.000000, 0.000000, 278.611230, 513.883769, 6386, 146.696979, 306.752816, 4191

      16000, 0.26508, 0.26474,  260.15,  460.60,   5543,       6600,        798
Batch 2, 1000, 3.764688, 0.265080, 0.264740, 6627.000000, 6621.000000, 0.000000, 260.150430, 460.602541, 5543, 137.448120, 268.523997, 3207

      17000, 0.25824, 0.25971,  256.02,  420.78,   5320,       6600,        804
Batch 3, 1000, 3.754967, 0.258240, 0.259705, 6456.000000, 6493.000000, 0.000000, 256.019097, 420.778694, 5320, 136.551825, 253.142325, 3359

      18000, 0.26472, 0.26576,  261.55,  446.14,   5798,       6600,        796
Batch 4, 1000, 3.759861, 0.264720, 0.265765, 6618.000000, 6642.000000, 0.000000, 261.551340, 446.136580, 5798, 135.999548, 265.475414, 3490

      19000, 0.26588, 0.26449,  236.31,  385.88,   4442,       6600,        805
Batch 5, 1000, 3.758089, 0.265880, 0.264490, 6647.000000, 6614.000000, 0.000000, 236.309041, 385.878289, 4442, 125.773964, 245.444471, 3129

      20000, 0.26664, 0.26551,  243.64,  405.52,   6215,       6600,        816
Batch 6, 1000, 3.759265, 0.266640, 0.265510, 6666.000000, 6638.000000, 0.000000, 243.643417, 405.523187, 6215, 129.951943, 267.897928, 5319

      21000, 0.26592, 0.26594,  262.55,  490.71,   7404,       6600,        797
Batch 7, 1000, 3.747068, 0.265920, 0.265940, 6648.000000, 6650.000000, 0.000000, 262.552632, 490.712132, 7404, 143.521203, 323.826042, 5935

      22000, 0.26592, 0.26549,  260.00,  501.91,   7655,       6600,        805
Batch 8, 1000, 3.755535, 0.265920, 0.265490, 6648.000000, 6639.000000, 0.000000, 260.004820, 501.905752, 7655, 139.520108, 323.248267, 5479

      23000, 0.26160, 0.26197,  267.61,  527.47,   7967,       6600,        803
Batch 9, 1000, 3.754731, 0.261600, 0.261965, 6540.000000, 6552.000000, 0.000000, 267.610958, 527.473644, 7967, 142.025336, 317.968695, 5839


===============================================================================================================================================================

Program Started at:               Wed May 13 11:23:37 2026
Execution completed at:           Wed May 13 11:24:06 2026
On machine:                       pop-os
Simulation clock (cycles/us):     23000    147.200
Total execution time:             29 secs
Cycles per Second:                793.103448

Random seed:                      13

Topology, uni(1)/bidir(2):        slimfly(1)Random link failures:             0

Operation modes Inj-Req-Arb-Con:  shortest other random multiple
Traf./Inj. queue len (pkt/ph):    4/32, 4/32, 1 injectors
VC management:                    dragonfly-dally, 3 VCs; 
VCs used:                         1

Routing in multistage network:    static
Parallel injection:               YES
Dropping/Extracting packets:      NO       NO

Global congestion control:        gcc=100%, update_period=1
In-transit priority, bub. to ad:  0.000000, NO

Traffic pattern:                  shuffle at load 0.40000, packets of 8 phits
Trigger rate, packets triggered:  0.00000     0
Warm Up Period Prov., Used:       5000 + 15000, 13000
Conv. sampling period, threshold: 1000, 0.050000
Sample count, size, min pkts:     10 x 1000, 0

===============================================================================================================================================================

  #,  BatchTime, AvDistance,    InjLoad,    AccLoad, PacketSent, PacketRcvd, PacketDrop,   AvgDelay, StDevDelay,   MaxDelay,  InjAvgDel, InjStDvDel,  InjMaxDel
  0,       1000,    3.75603,    0.26804,    0.26553,       6701,       6632,          0,     263.66,     457.11,       6159,     139.83,     289.88,       4423
  1,       1000,    3.76442,    0.25952,    0.26216,       6488,       6554,          0,     278.61,     513.88,       6386,     146.70,     306.75,       4191
  2,       1000,    3.76469,    0.26508,    0.26474,       6627,       6621,          0,     260.15,     460.60,       5543,     137.45,     268.52,       3207
  3,       1000,    3.75497,    0.25824,    0.25971,       6456,       6493,          0,     256.02,     420.78,       5320,     136.55,     253.14,       3359
  4,       1000,    3.75986,    0.26472,    0.26576,       6618,       6642,          0,     261.55,     446.14,       5798,     136.00,     265.48,       3490
  5,       1000,    3.75809,    0.26588,    0.26449,       6647,       6614,          0,     236.31,     385.88,       4442,     125.77,     245.44,       3129
  6,       1000,    3.75926,    0.26664,    0.26551,       6666,       6638,          0,     243.64,     405.52,       6215,     129.95,     267.90,       5319
  7,       1000,    3.74707,    0.26592,    0.26594,       6648,       6650,          0,     262.55,     490.71,       7404,     143.52,     323.83,       5935
  8,       1000,    3.75554,    0.26592,    0.26549,       6648,       6639,          0,     260.00,     501.91,       7655,     139.52,     323.25,       5479
  9,       1000,    3.75473,    0.26160,    0.26197,       6540,       6552,          0,     267.61,     527.47,       7967,     142.03,     317.97,       5839

AVG,    1000.00,    3.75747,    0.26416,    0.26413,    6603.90,    6603.50,       0.00,     259.01,     461.00,    6288.90,     137.73,     286.22,    4437.10
STD,       0.00,    0.00514,    0.00324,    0.00212,      81.07,      52.32,       0.00,      11.84,      47.55,    1110.79,       6.22,      29.93,    1126.29
