switches: 98 
p: 6 
servers: 588 
switches: 18 
p: 3 
servers: 54 
WARNING: nways has no sense in indirect topologies
         Setting nways to 1!!!
WARNING: Using global congestion control with neither TORUS nor MESH topology
         Setting update_period to 1 cycles!!!
param_x: 1, 2:
 param_x2: 2, 1
      clock, injload, accload,  avgdel,  stddel, maxdel, inj. limit, cur. occup.

       1000, 0.20356, 0.20002,   18.62,   12.64,     97,       1728,         29
       2000, 0.20333, 0.20176,   23.74,   27.13,    270,       1728,         30
       3000, 0.20272, 0.20184,   22.49,   24.75,    308,       1728,         20
       4000, 0.20219, 0.20136,   21.31,   22.23,    308,       1728,         29
       5000, 0.20086, 0.20040,   20.83,   20.83,    308,       1728,         19
       6000, 0.20109, 0.20062,   20.20,   19.41,    308,       1728,         20
       7000, 0.19348, 0.19319,   21.17,   19.59,    183,       1728,         24
       8000, 0.20667, 0.20330,   19.46,   14.90,    126,       1728,         44
       9000, 0.20222, 0.20559,   20.45,   17.33,    158,       1728,         22
      10000, 0.19259, 0.19152,   17.86,   11.31,    119,       1728,         30
      11000, 0.20637, 0.20781,   18.66,   13.34,     96,       1728,         21
      12000, 0.20444, 0.20311,   18.80,   13.07,    129,       1728,         29
      13000, 0.19793, 0.19928,   23.86,   22.04,    149,       1728,         26
      14000, 0.19348, 0.19346,   19.75,   15.38,    136,       1728,         25
      15000, 0.20370, 0.20161,   20.00,   17.44,    154,       1728,         33
      16000, 0.19363, 0.19707,   16.73,    9.45,     79,       1728,         14
      17000, 0.20237, 0.20141,   16.42,    9.17,     80,       1728,         23
      18000, 0.20252, 0.20017,   18.19,   12.51,    128,       1728,         32
      19000, 0.19970, 0.20265,   19.98,   15.46,    118,       1728,         22
      20000, 0.19244, 0.19293,   16.20,    8.59,     74,       1728,         10

**********************************************
*        Convergency timeout reached.        *
*         Continue without converge!         *
**********************************************

      21000, 0.20800, 0.20548,   18.24,   10.87,     89,       1728,         26
Batch 0, 1000, 3.650794, 0.208000, 0.205481, 1404.000000, 1386.000000, 0.000000, 18.242424, 10.874424, 89, 1.047619, 2.607246, 23

      22000, 0.20326, 0.20443,   18.22,   13.03,    130,       1728,         18
Batch 1, 1000, 3.637155, 0.203259, 0.204426, 1372.000000, 1378.000000, 0.000000, 18.215530, 13.032806, 130, 0.865022, 2.273732, 21

      23000, 0.20237, 0.20243,   18.34,   12.22,    102,       1728,         22
Batch 2, 1000, 3.629846, 0.202370, 0.202426, 1366.000000, 1367.000000, 0.000000, 18.337235, 12.216853, 102, 0.980249, 2.498970, 18

      24000, 0.20415, 0.20294,   17.16,   10.43,    106,       1728,         29
Batch 3, 1000, 3.629927, 0.204148, 0.202944, 1378.000000, 1370.000000, 0.000000, 17.159854, 10.431102, 106, 0.931387, 2.439562, 21

      25000, 0.19867, 0.20028,   17.99,   10.82,    115,       1728,         17
Batch 4, 1000, 3.669867, 0.198667, 0.200278, 1341.000000, 1354.000000, 0.000000, 17.987445, 10.819379, 115, 0.850074, 2.235335, 17

      26000, 0.19348, 0.19215,   17.28,   10.91,     97,       1728,         25
Batch 5, 1000, 3.623166, 0.193481, 0.192148, 1306.000000, 1295.000000, 0.000000, 17.275676, 10.911566, 97, 0.787645, 2.178758, 23

      27000, 0.20074, 0.20133,   16.76,    9.27,     91,       1728,         28
Batch 6, 1000, 3.617712, 0.200741, 0.201333, 1355.000000, 1355.000000, 0.000000, 16.762362, 9.274155, 91, 0.855351, 2.206752, 17

      28000, 0.19911, 0.19650,   17.58,   12.27,    137,       1728,         43
Batch 7, 1000, 3.638554, 0.199111, 0.196500, 1344.000000, 1328.000000, 0.000000, 17.580572, 12.274227, 137, 0.881777, 2.227194, 15

      29000, 0.19748, 0.20054,   20.84,   19.35,    175,       1728,         21
Batch 8, 1000, 3.647493, 0.197481, 0.200537, 1333.000000, 1356.000000, 0.000000, 20.836283, 19.351090, 175, 0.853245, 2.399230, 24

      30000, 0.19896, 0.19822,   18.73,   12.96,    111,       1728,         24
Batch 9, 1000, 3.619297, 0.198963, 0.198222, 1343.000000, 1337.000000, 0.000000, 18.727749, 12.961334, 111, 0.962603, 2.381021, 17


===============================================================================================================================================================

Program Started at:               Wed May 13 11:23:20 2026
Execution completed at:           Wed May 13 11:23:26 2026
On machine:                       pop-os
Simulation clock (cycles/us):     30000    192.000
Total execution time:             6 secs
Cycles per Second:                5000.000000

Random seed:                      13

Topology, uni(1)/bidir(2):        slimfly(1)Random link failures:             0

Operation modes Inj-Req-Arb-Con:  shortest other random multiple
Traf./Inj. queue len (pkt/ph):    4/32, 4/32, 1 injectors
VC management:                    dragonfly-dally, 3 VCs; 
VCs used:                         1

Routing in multistage network:    static
Parallel injection:               YES
Dropping/Extracting packets:      NO       NO

Global congestion control:        gcc=100%, update_period=1
In-transit priority, bub. to ad:  0.000000, NO

Traffic pattern:                  hotregion at load 0.20000, packets of 8 phits
Trigger rate, packets triggered:  0.00000     0
Warm Up Period Prov., Used:       5000 + 15000, 20000
Conv. sampling period, threshold: 1000, 0.050000
Sample count, size, min pkts:     10 x 1000, 0

===============================================================================================================================================================

  #,  BatchTime, AvDistance,    InjLoad,    AccLoad, PacketSent, PacketRcvd, PacketDrop,   AvgDelay, StDevDelay,   MaxDelay,  InjAvgDel, InjStDvDel,  InjMaxDel
  0,       1000,    3.65079,    0.20800,    0.20548,       1404,       1386,          0,      18.24,      10.87,         89,       1.05,       2.61,         23
  1,       1000,    3.63716,    0.20326,    0.20443,       1372,       1378,          0,      18.22,      13.03,        130,       0.87,       2.27,         21
  2,       1000,    3.62985,    0.20237,    0.20243,       1366,       1367,          0,      18.34,      12.22,        102,       0.98,       2.50,         18
  3,       1000,    3.62993,    0.20415,    0.20294,       1378,       1370,          0,      17.16,      10.43,        106,       0.93,       2.44,         21
  4,       1000,    3.66987,    0.19867,    0.20028,       1341,       1354,          0,      17.99,      10.82,        115,       0.85,       2.24,         17
  5,       1000,    3.62317,    0.19348,    0.19215,       1306,       1295,          0,      17.28,      10.91,         97,       0.79,       2.18,         23
  6,       1000,    3.61771,    0.20074,    0.20133,       1355,       1355,          0,      16.76,       9.27,         91,       0.86,       2.21,         17
  7,       1000,    3.63855,    0.19911,    0.19650,       1344,       1328,          0,      17.58,      12.27,        137,       0.88,       2.23,         15
  8,       1000,    3.64749,    0.19748,    0.20054,       1333,       1356,          0,      20.84,      19.35,        175,       0.85,       2.40,         24
  9,       1000,    3.61930,    0.19896,    0.19822,       1343,       1337,          0,      18.73,      12.96,        111,       0.96,       2.38,         17

AVG,    1000.00,    3.63638,    0.20062,    0.20043,    1354.20,    1352.60,       0.00,      18.11,      12.21,     115.30,       0.90,       2.34,      19.60
STD,       0.00,    0.01618,    0.00404,    0.00397,      27.24,      26.78,       0.00,       1.14,       2.78,      26.14,       0.08,       0.14,       3.17
