switches: 98 
p: 6 
servers: 588 
switches: 98 
p: 6 
servers: 588 
WARNING: nways has no sense in indirect topologies
         Setting nways to 1!!!
WARNING: Using global congestion control with neither TORUS nor MESH topology
         Setting update_period to 1 cycles!!!
param_x: 1, 2:
 param_x2: 3, 6
      clock, injload, accload,  avgdel,  stddel, maxdel, inj. limit, cur. occup.

       1000, 0.19833, 0.19601,   15.65,    6.61,     76,      19992,        207
       2000, 0.19934, 0.19802,   15.65,    6.65,     76,      19992,        240
       3000, 0.19995, 0.19918,   15.72,    6.70,     76,      19992,        206
       4000, 0.20016, 0.19960,   15.72,    6.70,     98,      19992,        203
       5000, 0.20090, 0.20041,   15.75,    6.73,     98,      19992,        222
       6000, 0.20039, 0.19998,   15.75,    6.73,     98,      19992,        240
       7000, 0.20216, 0.20201,   15.86,    6.86,     82,      19992,        223
       8000, 0.20275, 0.20290,   15.80,    6.69,     77,      19992,        212
       9000, 0.20127, 0.20088,   15.88,    6.94,     76,      19992,        253

 ---------------------------------------------
                Warmed Up !!!!!!               
 ---------------------------------------------

      10000, 0.19880, 0.19941,   15.62,    6.58,     89,      19992,        209
Batch 0, 1000, 3.867449, 0.198803, 0.199415, 14612.000000, 14666.000000, 0.000000, 15.624097, 6.576553, 89, 0.831720, 2.167998, 20

      11000, 0.19799, 0.19786,   15.81,    6.91,     93,      19992,        214
Batch 1, 1000, 3.869730, 0.197986, 0.197861, 14552.000000, 14539.000000, 0.000000, 15.807277, 6.912130, 93, 0.886925, 2.330661, 25

      12000, 0.19993, 0.19979,   15.79,    6.87,     76,      19992,        224
Batch 2, 1000, 3.864624, 0.199932, 0.199787, 14695.000000, 14685.000000, 0.000000, 15.791965, 6.866907, 76, 0.931086, 2.424623, 29

      13000, 0.19721, 0.19789,   15.63,    6.62,     73,      19992,        180
Batch 3, 1000, 3.865668, 0.197211, 0.197891, 14495.000000, 14546.000000, 0.000000, 15.627595, 6.617589, 73, 0.832463, 2.171516, 25

      14000, 0.20231, 0.20139,   15.71,    6.67,     74,      19992,        249
Batch 4, 1000, 3.867893, 0.202313, 0.201393, 14870.000000, 14791.000000, 0.000000, 15.705159, 6.665834, 74, 0.896018, 2.285594, 29

      15000, 0.19922, 0.19956,   15.70,    6.75,     68,      19992,        220
Batch 5, 1000, 3.868234, 0.199224, 0.199563, 14643.000000, 14670.000000, 0.000000, 15.702658, 6.750821, 68, 0.842468, 2.186183, 21

      16000, 0.20321, 0.20304,   15.78,    6.68,     80,      19992,        233
Batch 6, 1000, 3.870043, 0.203211, 0.203037, 14936.000000, 14928.000000, 0.000000, 15.776795, 6.683889, 80, 0.905547, 2.307952, 22

      17000, 0.19922, 0.19926,   15.84,    6.74,     84,      19992,        227
Batch 7, 1000, 3.870800, 0.199224, 0.199262, 14643.000000, 14644.000000, 0.000000, 15.840549, 6.738745, 84, 0.881658, 2.293167, 25

      18000, 0.20053, 0.20055,   15.88,    6.88,     75,      19992,        238
Batch 8, 1000, 3.872616, 0.200531, 0.200548, 14739.000000, 14735.000000, 0.000000, 15.875602, 6.878490, 75, 0.901323, 2.319740, 23

      19000, 0.19980, 0.20029,   15.88,    6.77,     84,      19992,        196
Batch 9, 1000, 3.869382, 0.199796, 0.200291, 14685.000000, 14730.000000, 0.000000, 15.877054, 6.774198, 84, 0.907875, 2.320360, 24


===============================================================================================================================================================

Program Started at:               Wed May 13 11:23:56 2026
Execution completed at:           Wed May 13 11:25:30 2026
On machine:                       pop-os
Simulation clock (cycles/us):     19000    121.600
Total execution time:             1 mins, 34 secs
Cycles per Second:                202.127660

Random seed:                      13

Topology, uni(1)/bidir(2):        slimfly(1)Random link failures:             0

Operation modes Inj-Req-Arb-Con:  shortest other random multiple
Traf./Inj. queue len (pkt/ph):    4/32, 4/32, 1 injectors
VC management:                    dragonfly-dally, 3 VCs; 
VCs used:                         1

Routing in multistage network:    static
Parallel injection:               YES
Dropping/Extracting packets:      NO       NO

Global congestion control:        gcc=100%, update_period=1
In-transit priority, bub. to ad:  0.000000, NO

Traffic pattern:                  uniform at load 0.20000, packets of 8 phits
Trigger rate, packets triggered:  0.00000     0
Warm Up Period Prov., Used:       5000 + 15000, 9000
Conv. sampling period, threshold: 1000, 0.050000
Sample count, size, min pkts:     10 x 1000, 0

===============================================================================================================================================================

  #,  BatchTime, AvDistance,    InjLoad,    AccLoad, PacketSent, PacketRcvd, PacketDrop,   AvgDelay, StDevDelay,   MaxDelay,  InjAvgDel, InjStDvDel,  InjMaxDel
  0,       1000,    3.86745,    0.19880,    0.19941,      14612,      14666,          0,      15.62,       6.58,         89,       0.83,       2.17,         20
  1,       1000,    3.86973,    0.19799,    0.19786,      14552,      14539,          0,      15.81,       6.91,         93,       0.89,       2.33,         25
  2,       1000,    3.86462,    0.19993,    0.19979,      14695,      14685,          0,      15.79,       6.87,         76,       0.93,       2.42,         29
  3,       1000,    3.86567,    0.19721,    0.19789,      14495,      14546,          0,      15.63,       6.62,         73,       0.83,       2.17,         25
  4,       1000,    3.86789,    0.20231,    0.20139,      14870,      14791,          0,      15.71,       6.67,         74,       0.90,       2.29,         29
  5,       1000,    3.86823,    0.19922,    0.19956,      14643,      14670,          0,      15.70,       6.75,         68,       0.84,       2.19,         21
  6,       1000,    3.87004,    0.20321,    0.20304,      14936,      14928,          0,      15.78,       6.68,         80,       0.91,       2.31,         22
  7,       1000,    3.87080,    0.19922,    0.19926,      14643,      14644,          0,      15.84,       6.74,         84,       0.88,       2.29,         25
  8,       1000,    3.87262,    0.20053,    0.20055,      14739,      14735,          0,      15.88,       6.88,         75,       0.90,       2.32,         23
  9,       1000,    3.86938,    0.19980,    0.20029,      14685,      14730,          0,      15.88,       6.77,         84,       0.91,       2.32,         24

AVG,    1000.00,    3.86864,    0.19982,    0.19990,   14687.00,   14693.40,       0.00,      15.76,       6.75,      79.60,       0.88,       2.28,      24.30
STD,       0.00,    0.00239,    0.00183,    0.00155,     134.51,     114.02,       0.00,       0.09,       0.11,       7.82,       0.03,       0.08,       3.02
