switches: 98 
p: 6 
servers: 588 
switches: 50 
p: 4 
servers: 200 
WARNING: nways has no sense in indirect topologies
         Setting nways to 1!!!
WARNING: Using global congestion control with neither TORUS nor MESH topology
         Setting update_period to 1 cycles!!!
param_x: 1, 4:
 param_x2: 2, 3
DEBUG CON: nprocs=200, q=5, -> TARGET=-1
      clock, injload, accload,  avgdel,  stddel, maxdel, inj. limit, cur. occup.

       1000, 0.19940, 0.19679,   19.92,   14.03,    159,       6600,         81
       2000, 0.19948, 0.19801,   19.19,   12.94,    159,       6600,         86
       3000, 0.20019, 0.19933,   19.44,   13.39,    177,       6600,         76
       4000, 0.20193, 0.20075,   19.46,   13.20,    177,       6600,        130
       5000, 0.20217, 0.20140,   20.00,   14.27,    177,       6600,        114
       6000, 0.20223, 0.20175,   19.88,   14.08,    177,       6600,         85
       7000, 0.20152, 0.20075,   20.26,   15.65,    147,       6600,        101
       8000, 0.19656, 0.19702,   21.13,   17.12,    231,       6600,         99
       9000, 0.20140, 0.20081,   20.29,   14.54,    146,       6600,        101

 ---------------------------------------------
                Warmed Up !!!!!!               
 ---------------------------------------------

      10000, 0.19824, 0.19920,   23.80,   26.08,    340,       6600,         83
Batch 0, 1000, 3.831560, 0.198240, 0.199200, 4956.000000, 4981.000000, 0.000000, 23.801646, 26.079127, 340, 1.046577, 4.966053, 179

      11000, 0.19732, 0.19684,   20.66,   16.21,    209,       6600,         96
Batch 1, 1000, 3.842137, 0.197320, 0.196845, 4933.000000, 4922.000000, 0.000000, 20.664364, 16.214997, 209, 0.837261, 2.304967, 25

      12000, 0.19836, 0.19817,   20.81,   17.24,    213,       6600,         96
Batch 2, 1000, 3.831651, 0.198360, 0.198175, 4959.000000, 4954.000000, 0.000000, 20.807630, 17.242652, 213, 0.941865, 2.671354, 52

      13000, 0.20432, 0.20343,   21.65,   18.82,    244,       6600,        125
Batch 3, 1000, 3.827437, 0.204320, 0.203430, 5108.000000, 5088.000000, 0.000000, 21.652516, 18.818657, 244, 0.834513, 2.253218, 29

      14000, 0.19704, 0.19793,   24.37,   25.43,    330,       6600,         93
Batch 4, 1000, 3.814066, 0.197040, 0.197930, 4926.000000, 4948.000000, 0.000000, 24.372878, 25.433946, 330, 1.254244, 6.894688, 176

      15000, 0.20012, 0.20003,   23.19,   24.92,    316,       6600,        100
Batch 5, 1000, 3.833967, 0.200120, 0.200025, 5003.000000, 4999.000000, 0.000000, 23.189638, 24.923004, 316, 1.089418, 4.708320, 105

      16000, 0.19988, 0.19975,   21.30,   16.65,    227,       6600,        107
Batch 6, 1000, 3.822244, 0.199880, 0.199745, 4997.000000, 4990.000000, 0.000000, 21.302405, 16.648722, 227, 0.903206, 2.664746, 64

      17000, 0.20172, 0.19981,   22.08,   21.03,    258,       6600,        156
Batch 7, 1000, 3.824519, 0.201720, 0.199810, 5043.000000, 4992.000000, 0.000000, 22.083333, 21.027795, 258, 0.940304, 3.073866, 81

      18000, 0.20104, 0.20217,   26.99,   31.43,    506,       6600,        123
Batch 8, 1000, 3.841668, 0.201040, 0.202175, 5026.000000, 5059.000000, 0.000000, 26.987745, 31.433509, 506, 1.167424, 4.599697, 170

      19000, 0.20112, 0.20166,   21.85,   18.63,    236,       6600,        109
Batch 9, 1000, 3.828838, 0.201120, 0.201660, 5028.000000, 5042.000000, 0.000000, 21.846093, 18.633300, 236, 0.880801, 2.279140, 19


===============================================================================================================================================================

Program Started at:               Wed May 13 11:23:34 2026
Execution completed at:           Wed May 13 11:23:56 2026
On machine:                       pop-os
Simulation clock (cycles/us):     19000    121.600
Total execution time:             22 secs
Cycles per Second:                863.636364

Random seed:                      13

Topology, uni(1)/bidir(2):        slimfly(1)Random link failures:             0

Operation modes Inj-Req-Arb-Con:  shortest other random multiple
Traf./Inj. queue len (pkt/ph):    4/32, 4/32, 1 injectors
VC management:                    dragonfly-dally, 3 VCs; 
VCs used:                         1

Routing in multistage network:    static
Parallel injection:               YES
Dropping/Extracting packets:      NO       NO

Global congestion control:        gcc=100%, update_period=1
In-transit priority, bub. to ad:  0.000000, NO

Traffic pattern:                  hotregion at load 0.20000, packets of 8 phits
Trigger rate, packets triggered:  0.00000     0
Warm Up Period Prov., Used:       5000 + 15000, 9000
Conv. sampling period, threshold: 1000, 0.050000
Sample count, size, min pkts:     10 x 1000, 0

===============================================================================================================================================================

  #,  BatchTime, AvDistance,    InjLoad,    AccLoad, PacketSent, PacketRcvd, PacketDrop,   AvgDelay, StDevDelay,   MaxDelay,  InjAvgDel, InjStDvDel,  InjMaxDel
  0,       1000,    3.83156,    0.19824,    0.19920,       4956,       4981,          0,      23.80,      26.08,        340,       1.05,       4.97,        179
  1,       1000,    3.84214,    0.19732,    0.19684,       4933,       4922,          0,      20.66,      16.21,        209,       0.84,       2.30,         25
  2,       1000,    3.83165,    0.19836,    0.19817,       4959,       4954,          0,      20.81,      17.24,        213,       0.94,       2.67,         52
  3,       1000,    3.82744,    0.20432,    0.20343,       5108,       5088,          0,      21.65,      18.82,        244,       0.83,       2.25,         29
  4,       1000,    3.81407,    0.19704,    0.19793,       4926,       4948,          0,      24.37,      25.43,        330,       1.25,       6.89,        176
  5,       1000,    3.83397,    0.20012,    0.20003,       5003,       4999,          0,      23.19,      24.92,        316,       1.09,       4.71,        105
  6,       1000,    3.82224,    0.19988,    0.19975,       4997,       4990,          0,      21.30,      16.65,        227,       0.90,       2.66,         64
  7,       1000,    3.82452,    0.20172,    0.19981,       5043,       4992,          0,      22.08,      21.03,        258,       0.94,       3.07,         81
  8,       1000,    3.84167,    0.20104,    0.20217,       5026,       5059,          0,      26.99,      31.43,        506,       1.17,       4.60,        170
  9,       1000,    3.82884,    0.20112,    0.20166,       5028,       5042,          0,      21.85,      18.63,        236,       0.88,       2.28,         19

AVG,    1000.00,    3.82981,    0.19992,    0.19990,    4997.90,    4997.50,       0.00,      22.67,      21.65,     287.90,       0.99,       3.64,      90.00
STD,       0.00,    0.00854,    0.00225,    0.00204,      56.30,      52.02,       0.00,       1.96,       5.08,      90.62,       0.14,       1.57,      64.23
