switches: 98 
p: 6 
servers: 588 
switches: 98 
p: 6 
servers: 588 
WARNING: nways has no sense in indirect topologies
         Setting nways to 1!!!
WARNING: Using global congestion control with neither TORUS nor MESH topology
         Setting update_period to 1 cycles!!!
param_x: 1, 2:
 param_x2: 3, 6
      clock, injload, accload,  avgdel,  stddel, maxdel, inj. limit, cur. occup.

       1000, 0.19382, 0.15916,   74.58,  105.30,    812,      19992,       1410
       2000, 0.18104, 0.15978,  125.13,  202.89,   1823,      19992,       1506
       3000, 0.17512, 0.16034,  164.41,  278.97,   2533,      19992,       1524
       4000, 0.17171, 0.16019,  190.38,  328.76,   3430,      19992,       1584
       5000, 0.16934, 0.16024,  207.21,  358.14,   4495,      19992,       1556
       6000, 0.16810, 0.16048,  220.06,  387.63,   5551,      19992,       1563
       7000, 0.16313, 0.16161,  278.38,  480.54,   6344,      19992,       1598
       8000, 0.16384, 0.16306,  293.06,  526.88,   7556,      19992,       1609
       9000, 0.16090, 0.16150,  297.07,  573.91,   8689,      19992,       1600
      10000, 0.15863, 0.15937,  302.73,  529.17,   9389,      19992,       1571
      11000, 0.16113, 0.16171,  298.99,  615.31,  10317,      19992,       1576

 ---------------------------------------------
                Warmed Up !!!!!!               
 ---------------------------------------------

      12000, 0.16224, 0.16202,  288.96,  554.03,  11424,      19992,       1551
Batch 0, 1000, 3.887573, 0.162245, 0.162024, 11925.000000, 11910.000000, 0.000000, 288.955248, 554.028622, 11424, 158.791688, 367.765563, 9858

      13000, 0.16079, 0.16071,  304.91,  619.74,  12082,      19992,       1566
Batch 1, 1000, 3.884843, 0.160789, 0.160711, 11818.000000, 11810.000000, 0.000000, 304.911177, 619.744325, 12082, 163.538611, 364.650441, 9251

      14000, 0.16196, 0.16216,  297.20,  579.22,  12791,      19992,       1565
Batch 2, 1000, 3.885271, 0.161959, 0.162158, 11904.000000, 11915.000000, 0.000000, 297.197146, 579.224919, 12791, 162.572304, 386.489412, 10256

      15000, 0.16239, 0.16167,  295.70,  585.69,  12344,      19992,       1585
Batch 3, 1000, 3.884091, 0.162395, 0.161673, 11936.000000, 11880.000000, 0.000000, 295.699327, 585.690804, 12344, 158.758838, 343.353466, 6979

      16000, 0.16079, 0.16162,  281.87,  501.47,  10844,      19992,       1574
Batch 4, 1000, 3.881279, 0.160789, 0.161619, 11818.000000, 11885.000000, 0.000000, 281.870761, 501.473241, 10844, 151.852587, 304.426469, 5125

      17000, 0.15981, 0.15959,  282.76,  484.27,   8620,      19992,       1612
Batch 5, 1000, 3.886577, 0.159810, 0.159594, 11746.000000, 11726.000000, 0.000000, 282.756183, 484.273658, 8620, 155.776309, 350.900077, 12944

      18000, 0.15948, 0.15943,  282.67,  492.95,  10663,      19992,       1572
Batch 6, 1000, 3.883005, 0.159483, 0.159429, 11722.000000, 11727.000000, 0.000000, 282.669140, 492.947824, 10663, 152.774878, 313.622318, 6538

      19000, 0.16177, 0.16182,  290.59,  562.71,  15816,      19992,       1562
Batch 7, 1000, 3.880784, 0.161769, 0.161818, 11890.000000, 11886.000000, 0.000000, 290.593051, 562.709423, 15816, 157.325088, 364.709913, 13280

      20000, 0.16127, 0.16146,  294.14,  538.22,  15896,      19992,       1541
Batch 8, 1000, 3.884123, 0.161265, 0.161461, 11853.000000, 11866.000000, 0.000000, 294.138041, 538.219175, 15896, 159.056801, 348.069599, 14192

      21000, 0.15927, 0.15867,  283.29,  503.96,  14387,      19992,       1588
Batch 9, 1000, 3.886089, 0.159265, 0.158673, 11706.000000, 11667.000000, 0.000000, 283.293820, 503.964543, 14387, 156.284306, 327.677763, 8980


===============================================================================================================================================================

Program Started at:               Wed May 13 11:24:14 2026
Execution completed at:           Wed May 13 11:26:04 2026
On machine:                       pop-os
Simulation clock (cycles/us):     21000    134.400
Total execution time:             1 mins, 50 secs
Cycles per Second:                190.909091

Random seed:                      13

Topology, uni(1)/bidir(2):        slimfly(1)Random link failures:             0

Operation modes Inj-Req-Arb-Con:  shortest other random multiple
Traf./Inj. queue len (pkt/ph):    4/32, 4/32, 1 injectors
VC management:                    dragonfly-dally, 3 VCs; 
VCs used:                         1

Routing in multistage network:    static
Parallel injection:               YES
Dropping/Extracting packets:      NO       NO

Global congestion control:        gcc=100%, update_period=1
In-transit priority, bub. to ad:  0.000000, NO

Traffic pattern:                  shuffle at load 0.20000, packets of 8 phits
Trigger rate, packets triggered:  0.00000     0
Warm Up Period Prov., Used:       5000 + 15000, 11000
Conv. sampling period, threshold: 1000, 0.050000
Sample count, size, min pkts:     10 x 1000, 0

===============================================================================================================================================================

  #,  BatchTime, AvDistance,    InjLoad,    AccLoad, PacketSent, PacketRcvd, PacketDrop,   AvgDelay, StDevDelay,   MaxDelay,  InjAvgDel, InjStDvDel,  InjMaxDel
  0,       1000,    3.88757,    0.16224,    0.16202,      11925,      11910,          0,     288.96,     554.03,      11424,     158.79,     367.77,       9858
  1,       1000,    3.88484,    0.16079,    0.16071,      11818,      11810,          0,     304.91,     619.74,      12082,     163.54,     364.65,       9251
  2,       1000,    3.88527,    0.16196,    0.16216,      11904,      11915,          0,     297.20,     579.22,      12791,     162.57,     386.49,      10256
  3,       1000,    3.88409,    0.16239,    0.16167,      11936,      11880,          0,     295.70,     585.69,      12344,     158.76,     343.35,       6979
  4,       1000,    3.88128,    0.16079,    0.16162,      11818,      11885,          0,     281.87,     501.47,      10844,     151.85,     304.43,       5125
  5,       1000,    3.88658,    0.15981,    0.15959,      11746,      11726,          0,     282.76,     484.27,       8620,     155.78,     350.90,      12944
  6,       1000,    3.88301,    0.15948,    0.15943,      11722,      11727,          0,     282.67,     492.95,      10663,     152.77,     313.62,       6538
  7,       1000,    3.88078,    0.16177,    0.16182,      11890,      11886,          0,     290.59,     562.71,      15816,     157.33,     364.71,      13280
  8,       1000,    3.88412,    0.16127,    0.16146,      11853,      11866,          0,     294.14,     538.22,      15896,     159.06,     348.07,      14192
  9,       1000,    3.88609,    0.15927,    0.15867,      11706,      11667,          0,     283.29,     503.96,      14387,     156.28,     327.68,       8980

AVG,    1000.00,    3.88436,    0.16098,    0.16092,   11831.80,   11827.20,       0.00,     290.21,     542.23,   12486.70,     157.67,     347.17,    9740.30
STD,       0.00,    0.00220,    0.00115,    0.00125,      84.47,      89.38,       0.00,       7.76,      45.65,    2326.19,       3.75,      25.70,    3034.77
