╰─❯ ./insee topo=slimfly_17 routing=static load=0.2 tpattern=shuffle rseed=13
switches: 98 
p: 6 
servers: 588 
switches: 578 
p: 13 
servers: 7514 
WARNING: nways has no sense in indirect topologies
         Setting nways to 1!!!
WARNING: Using global congestion control with neither TORUS nor MESH topology
         Setting update_period to 1 cycles!!!
param_x: 1, 9:
 param_x2: 3, 10
      clock, injload, accload,  avgdel,  stddel, maxdel, inj. limit, cur. occup.

       1000, 0.18283, 0.12404,  138.46,  139.09,    965,     263568,      26556
       2000, 0.16218, 0.12509,  260.79,  260.66,   1919,     263568,      29149
       3000, 0.15171, 0.12543,  351.08,  339.67,   2921,     263568,      29822
       4000, 0.14571, 0.12563,  409.71,  389.79,   3879,     263568,      30118
       5000, 0.14191, 0.12572,  449.43,  431.55,   4911,     263568,      30189
       6000, 0.13934, 0.12581,  478.33,  468.59,   5897,     263568,      30178
       7000, 0.12624, 0.12621,  626.72,  644.18,   6898,     263568,      30182
       8000, 0.12575, 0.12613,  635.21,  687.39,   7814,     263568,      30133
       9000, 0.12601, 0.12617,  631.79,  698.48,   8812,     263568,      30196
      10000, 0.12678, 0.12607,  636.15,  729.74,   9785,     263568,      30239

 ---------------------------------------------
                Warmed Up !!!!!!               
 ---------------------------------------------

      11000, 0.12600, 0.12610,  642.30,  744.54,  10734,     263568,      30189
Batch 0, 1000, 3.961678, 0.126003, 0.126100, 118348.000000, 118444.000000, 0.000000, 642.303738, 744.544048, 10734, 392.375401, 533.006447, 10665

      12000, 0.12630, 0.12620,  647.08,  769.45,  11784,     263568,      30259
Batch 1, 1000, 3.961770, 0.126299, 0.126195, 118626.000000, 118521.000000, 0.000000, 647.079598, 769.449924, 11784, 392.901992, 538.953909, 11465

      13000, 0.12585, 0.12625,  643.29,  763.46,  12856,     263568,      30209
Batch 2, 1000, 3.961243, 0.125855, 0.126254, 118209.000000, 118586.000000, 0.000000, 643.294183, 763.457930, 12856, 391.939133, 550.027891, 12608

      14000, 0.12629, 0.12615,  647.30,  790.95,  13822,     263568,      30204
Batch 3, 1000, 3.962249, 0.126287, 0.126153, 118615.000000, 118486.000000, 0.000000, 647.303428, 790.945060, 13822, 392.809446, 557.811573, 13582

      15000, 0.12605, 0.12630,  641.15,  766.28,  14699,     263568,      30146
Batch 4, 1000, 3.961158, 0.126053, 0.126304, 118395.000000, 118634.000000, 0.000000, 641.154332, 766.281088, 14699, 388.907885, 543.511099, 14665

      16000, 0.12660, 0.12631,  644.49,  790.73,  15816,     263568,      30287
Batch 5, 1000, 3.961275, 0.126598, 0.126309, 118907.000000, 118630.000000, 0.000000, 644.487558, 790.730321, 15816, 391.594184, 562.005447, 15656

      17000, 0.12611, 0.12632,  638.26,  752.00,  16702,     263568,      30170
Batch 6, 1000, 3.961897, 0.126111, 0.126319, 118450.000000, 118651.000000, 0.000000, 638.264187, 752.004356, 16702, 387.041685, 530.363181, 16721

      18000, 0.12646, 0.12619,  640.27,  761.98,  17722,     263568,      30239
Batch 7, 1000, 3.961957, 0.126457, 0.126185, 118775.000000, 118524.000000, 0.000000, 640.273278, 761.981961, 17722, 388.166970, 541.754988, 17487

      19000, 0.12618, 0.12630,  641.54,  781.79,  18667,     263568,      30175
Batch 8, 1000, 3.961381, 0.126177, 0.126297, 118512.000000, 118620.000000, 0.000000, 641.535567, 781.786518, 18667, 391.196071, 571.957885, 18515

      20000, 0.12648, 0.12618,  639.81,  793.51,  19625,     263568,      30240
Batch 9, 1000, 3.961206, 0.126478, 0.126184, 118794.000000, 118523.000000, 0.000000, 639.809337, 793.509764, 19625, 389.246627, 565.089652, 19634


===============================================================================================================================================================

Program Started at:               Wed May 13 17:34:06 2026
Execution completed at:           Wed May 13 18:03:09 2026
On machine:                       pop-os
Simulation clock (cycles/us):     20000    128.000
Total execution time:             29 mins, 3 secs
Cycles per Second:                11.474469

Random seed:                      13

Topology, uni(1)/bidir(2):        slimfly(1)Random link failures:             0

Operation modes Inj-Req-Arb-Con:  shortest other random multiple
Traf./Inj. queue len (pkt/ph):    4/32, 4/32, 1 injectors
VC management:                    dragonfly-dally, 3 VCs; 
VCs used:                         1

Routing in multistage network:    static
Parallel injection:               YES
Dropping/Extracting packets:      NO       NO

Global congestion control:        gcc=100%, update_period=1
In-transit priority, bub. to ad:  0.000000, NO

Traffic pattern:                  shuffle at load 0.20000, packets of 8 phits
Trigger rate, packets triggered:  0.00000     0
Warm Up Period Prov., Used:       5000 + 15000, 10000
Conv. sampling period, threshold: 1000, 0.050000
Sample count, size, min pkts:     10 x 1000, 0

===============================================================================================================================================================

  #,  BatchTime, AvDistance,    InjLoad,    AccLoad, PacketSent, PacketRcvd, PacketDrop,   AvgDelay, StDevDelay,   MaxDelay,  InjAvgDel, InjStDvDel,  InjMaxDel
  0,       1000,    3.96168,    0.12600,    0.12610,     118348,     118444,          0,     642.30,     744.54,      10734,     392.38,     533.01,      10665
  1,       1000,    3.96177,    0.12630,    0.12620,     118626,     118521,          0,     647.08,     769.45,      11784,     392.90,     538.95,      11465
  2,       1000,    3.96124,    0.12585,    0.12625,     118209,     118586,          0,     643.29,     763.46,      12856,     391.94,     550.03,      12608
  3,       1000,    3.96225,    0.12629,    0.12615,     118615,     118486,          0,     647.30,     790.95,      13822,     392.81,     557.81,      13582
  4,       1000,    3.96116,    0.12605,    0.12630,     118395,     118634,          0,     641.15,     766.28,      14699,     388.91,     543.51,      14665
  5,       1000,    3.96127,    0.12660,    0.12631,     118907,     118630,          0,     644.49,     790.73,      15816,     391.59,     562.01,      15656
  6,       1000,    3.96190,    0.12611,    0.12632,     118450,     118651,          0,     638.26,     752.00,      16702,     387.04,     530.36,      16721
  7,       1000,    3.96196,    0.12646,    0.12619,     118775,     118524,          0,     640.27,     761.98,      17722,     388.17,     541.75,      17487
  8,       1000,    3.96138,    0.12618,    0.12630,     118512,     118620,          0,     641.54,     781.79,      18667,     391.20,     571.96,      18515
  9,       1000,    3.96121,    0.12648,    0.12618,     118794,     118523,          0,     639.81,     793.51,      19625,     389.25,     565.09,      19634

AVG,    1000.00,    3.96158,    0.12623,    0.12623,  118563.10,  118561.90,       0.00,     642.55,     771.47,   15242.70,     390.62,     549.45,   15099.80
STD,       0.00,    0.00038,    0.00023,    0.00008,     220.72,      71.50,       0.00,       3.01,      17.10,    2978.38,       2.10,      14.21,    3026.55
