switches: 98 
p: 6 
servers: 588 
switches: 18 
p: 3 
servers: 54 
WARNING: nways has no sense in indirect topologies
         Setting nways to 1!!!
WARNING: Using global congestion control with neither TORUS nor MESH topology
         Setting update_period to 1 cycles!!!
param_x: 1, 2:
 param_x2: 2, 1
      clock, injload, accload,  avgdel,  stddel, maxdel, inj. limit, cur. occup.

       1000, 0.39452, 0.38287,   25.58,   15.30,    118,       1728,         79
       2000, 0.39970, 0.39174,   27.05,   17.65,    137,       1728,        105
       3000, 0.40316, 0.39918,   29.51,   20.14,    182,       1728,         79
       4000, 0.40511, 0.40211,   30.41,   20.83,    182,       1728,         85
       5000, 0.40519, 0.40302,   30.97,   22.25,    214,       1728,         74
       6000, 0.40375, 0.40156,   30.55,   21.71,    214,       1728,         87
       7000, 0.39022, 0.38502,   29.69,   22.35,    187,       1728,        123
       8000, 0.39481, 0.39985,   33.48,   25.54,    181,       1728,         90
       9000, 0.40415, 0.40574,   30.99,   20.44,    152,       1728,         88
      10000, 0.40326, 0.39961,   27.38,   17.82,    136,       1728,         95
      11000, 0.40533, 0.40994,   35.04,   27.28,    196,       1728,         71
      12000, 0.40119, 0.40130,   28.38,   17.59,    142,       1728,         78
      13000, 0.41363, 0.40983,   32.41,   22.74,    167,       1728,        100
      14000, 0.40726, 0.41085,   30.64,   23.33,    175,       1728,         81
      15000, 0.39481, 0.39433,   29.06,   18.77,    176,       1728,         84
      16000, 0.39007, 0.39393,   26.25,   16.05,    128,       1728,         57
      17000, 0.40089, 0.39693,   28.85,   19.22,    201,       1728,         76
      18000, 0.38919, 0.38948,   29.17,   19.60,    160,       1728,         72
      19000, 0.39570, 0.39724,   28.22,   18.60,    151,       1728,         72
      20000, 0.40533, 0.40019,   31.00,   20.59,    145,       1728,        100

**********************************************
*        Convergency timeout reached.        *
*         Continue without converge!         *
**********************************************

      21000, 0.39719, 0.40365,   30.86,   22.98,    201,       1728,         58
Batch 0, 1000, 3.634728, 0.397185, 0.403648, 2681.000000, 2724.000000, 0.000000, 30.859765, 22.979836, 201, 2.832599, 6.715718, 80

      22000, 0.39881, 0.39661,   27.08,   17.55,    139,       1728,         68
Batch 1, 1000, 3.651232, 0.398815, 0.396611, 2692.000000, 2678.000000, 0.000000, 27.075803, 17.546242, 139, 2.368559, 4.478865, 41

      23000, 0.41037, 0.41194,   28.25,   17.50,    125,       1728,         67
Batch 2, 1000, 3.645173, 0.410370, 0.411944, 2770.000000, 2776.000000, 0.000000, 28.248559, 17.495065, 125, 2.532421, 4.944706, 62

      24000, 0.39941, 0.39556,   34.85,   28.33,    208,       1728,         87
Batch 3, 1000, 3.659423, 0.399407, 0.395556, 2696.000000, 2669.000000, 0.000000, 34.849382, 28.332939, 208, 3.706632, 9.020036, 99

      25000, 0.39126, 0.39524,   31.24,   23.59,    191,       1728,         61
Batch 4, 1000, 3.633782, 0.391259, 0.395241, 2641.000000, 2676.000000, 0.000000, 31.243274, 23.592511, 191, 2.943946, 7.565529, 118

      26000, 0.40341, 0.39876,   28.16,   18.46,    140,       1728,         85
Batch 5, 1000, 3.634437, 0.403407, 0.398759, 2723.000000, 2689.000000, 0.000000, 28.160283, 18.461953, 140, 2.478245, 4.660217, 62

      27000, 0.40637, 0.40622,   36.35,   29.66,    243,       1728,         92
Batch 6, 1000, 3.650857, 0.406370, 0.406222, 2743.000000, 2741.000000, 0.000000, 36.346589, 29.656776, 243, 4.161255, 9.682453, 82

      28000, 0.40859, 0.41015,   30.63,   21.26,    221,       1728,         85
Batch 7, 1000, 3.624503, 0.408593, 0.410148, 2758.000000, 2767.000000, 0.000000, 30.627033, 21.258958, 221, 2.819299, 5.589140, 56

      29000, 0.40148, 0.39787,   37.59,   33.01,    247,       1728,        103
Batch 8, 1000, 3.657228, 0.401481, 0.397870, 2710.000000, 2684.000000, 0.000000, 37.593517, 33.006948, 247, 4.129657, 13.111592, 155

      30000, 0.39793, 0.40509,   31.81,   22.82,    161,       1728,         56
Batch 9, 1000, 3.638321, 0.397926, 0.405093, 2686.000000, 2740.000000, 0.000000, 31.805109, 22.824488, 161, 3.001095, 6.743867, 70


===============================================================================================================================================================

Program Started at:               Wed May 13 11:23:07 2026
Execution completed at:           Wed May 13 11:23:13 2026
On machine:                       pop-os
Simulation clock (cycles/us):     30000    192.000
Total execution time:             6 secs
Cycles per Second:                5000.000000

Random seed:                      13

Topology, uni(1)/bidir(2):        slimfly(1)Random link failures:             0

Operation modes Inj-Req-Arb-Con:  shortest other random multiple
Traf./Inj. queue len (pkt/ph):    4/32, 4/32, 1 injectors
VC management:                    dragonfly-dally, 3 VCs; 
VCs used:                         1

Routing in multistage network:    static
Parallel injection:               YES
Dropping/Extracting packets:      NO       NO

Global congestion control:        gcc=100%, update_period=1
In-transit priority, bub. to ad:  0.000000, NO

Traffic pattern:                  uniform at load 0.40000, packets of 8 phits
Trigger rate, packets triggered:  0.00000     0
Warm Up Period Prov., Used:       5000 + 15000, 20000
Conv. sampling period, threshold: 1000, 0.050000
Sample count, size, min pkts:     10 x 1000, 0

===============================================================================================================================================================

  #,  BatchTime, AvDistance,    InjLoad,    AccLoad, PacketSent, PacketRcvd, PacketDrop,   AvgDelay, StDevDelay,   MaxDelay,  InjAvgDel, InjStDvDel,  InjMaxDel
  0,       1000,    3.63473,    0.39719,    0.40365,       2681,       2724,          0,      30.86,      22.98,        201,       2.83,       6.72,         80
  1,       1000,    3.65123,    0.39881,    0.39661,       2692,       2678,          0,      27.08,      17.55,        139,       2.37,       4.48,         41
  2,       1000,    3.64517,    0.41037,    0.41194,       2770,       2776,          0,      28.25,      17.50,        125,       2.53,       4.94,         62
  3,       1000,    3.65942,    0.39941,    0.39556,       2696,       2669,          0,      34.85,      28.33,        208,       3.71,       9.02,         99
  4,       1000,    3.63378,    0.39126,    0.39524,       2641,       2676,          0,      31.24,      23.59,        191,       2.94,       7.57,        118
  5,       1000,    3.63444,    0.40341,    0.39876,       2723,       2689,          0,      28.16,      18.46,        140,       2.48,       4.66,         62
  6,       1000,    3.65086,    0.40637,    0.40622,       2743,       2741,          0,      36.35,      29.66,        243,       4.16,       9.68,         82
  7,       1000,    3.62450,    0.40859,    0.41015,       2758,       2767,          0,      30.63,      21.26,        221,       2.82,       5.59,         56
  8,       1000,    3.65723,    0.40148,    0.39787,       2710,       2684,          0,      37.59,      33.01,        247,       4.13,      13.11,        155
  9,       1000,    3.63832,    0.39793,    0.40509,       2686,       2740,          0,      31.81,      22.82,        161,       3.00,       6.74,         70

AVG,    1000.00,    3.64297,    0.40148,    0.40211,    2710.00,    2714.40,       0.00,      31.68,      23.52,     187.60,       3.10,       7.25,      82.50
STD,       0.00,    0.01153,    0.00581,    0.00614,      39.24,      40.06,       0.00,       3.56,       5.32,      44.19,       0.67,       2.72,      33.69
