switches: 98 
p: 6 
servers: 588 
switches: 98 
p: 6 
servers: 588 
WARNING: nways has no sense in indirect topologies
         Setting nways to 1!!!
WARNING: Using global congestion control with neither TORUS nor MESH topology
         Setting update_period to 1 cycles!!!
param_x: 1, 2:
 param_x2: 3, 6
      clock, injload, accload,  avgdel,  stddel, maxdel, inj. limit, cur. occup.

       1000, 0.38761, 0.32707,   37.78,   34.31,    394,      19992,       2770
       2000, 0.22351, 0.16646,   38.63,   37.11,    430,      19992,       3682
       3000, 0.14901, 0.11098,   38.63,   37.11,    430,      19992,       3682
       4000, 0.11176, 0.08323,   38.63,   37.11,    430,      19992,       3682
       5000, 0.08940, 0.06659,   38.63,   37.11,    430,      19992,       3682
       6000, 0.07450, 0.05549,   38.63,   37.11,    430,      19992,       3682
       7000, 0.00000, 0.00000,    -nan,     nan,      0,      19992,       3682
       8000, 0.00000, 0.00000,    -nan,     nan,      0,      19992,       3682
       9000, 0.00000, 0.00000,    -nan,     nan,      0,      19992,       3682
      10000, 0.00000, 0.00000,    -nan,     nan,      0,      19992,       3682
      11000, 0.00000, 0.00000,    -nan,     nan,      0,      19992,       3682
      12000, 0.00000, 0.00000,    -nan,     nan,      0,      19992,       3682
      13000, 0.00000, 0.00000,    -nan,     nan,      0,      19992,       3682
      14000, 0.00000, 0.00000,    -nan,     nan,      0,      19992,       3682
      15000, 0.00000, 0.00000,    -nan,     nan,      0,      19992,       3682
      16000, 0.00000, 0.00000,    -nan,     nan,      0,      19992,       3682
      17000, 0.00000, 0.00000,    -nan,     nan,      0,      19992,       3682
      18000, 0.00000, 0.00000,    -nan,     nan,      0,      19992,       3682
      19000, 0.00000, 0.00000,    -nan,     nan,      0,      19992,       3682
      20000, 0.00000, 0.00000,    -nan,     nan,      0,      19992,       3682

**********************************************
*        Convergency timeout reached.        *
*         Continue without converge!         *
**********************************************

      21000, 0.00000, 0.00000,    -nan,     nan,      0,      19992,       3682
Batch 0, 1000, -nan, 0.000000, 0.000000, 0.000000, 0.000000, 0.000000, -nan, nan, 0, -nan, nan, 0

      22000, 0.00000, 0.00000,    -nan,     nan,      0,      19992,       3682
Batch 1, 1000, -nan, 0.000000, 0.000000, 0.000000, 0.000000, 0.000000, -nan, nan, 0, -nan, nan, 0

      23000, 0.00000, 0.00000,    -nan,     nan,      0,      19992,       3682
Batch 2, 1000, -nan, 0.000000, 0.000000, 0.000000, 0.000000, 0.000000, -nan, nan, 0, -nan, nan, 0

      24000, 0.00000, 0.00000,    -nan,     nan,      0,      19992,       3682
Batch 3, 1000, -nan, 0.000000, 0.000000, 0.000000, 0.000000, 0.000000, -nan, nan, 0, -nan, nan, 0

      25000, 0.00000, 0.00000,    -nan,     nan,      0,      19992,       3682
Batch 4, 1000, -nan, 0.000000, 0.000000, 0.000000, 0.000000, 0.000000, -nan, nan, 0, -nan, nan, 0

      26000, 0.00000, 0.00000,    -nan,     nan,      0,      19992,       3682
Batch 5, 1000, -nan, 0.000000, 0.000000, 0.000000, 0.000000, 0.000000, -nan, nan, 0, -nan, nan, 0

      27000, 0.00000, 0.00000,    -nan,     nan,      0,      19992,       3682
Batch 6, 1000, -nan, 0.000000, 0.000000, 0.000000, 0.000000, 0.000000, -nan, nan, 0, -nan, nan, 0

      28000, 0.00000, 0.00000,    -nan,     nan,      0,      19992,       3682
Batch 7, 1000, -nan, 0.000000, 0.000000, 0.000000, 0.000000, 0.000000, -nan, nan, 0, -nan, nan, 0

      29000, 0.00000, 0.00000,    -nan,     nan,      0,      19992,       3682
Batch 8, 1000, -nan, 0.000000, 0.000000, 0.000000, 0.000000, 0.000000, -nan, nan, 0, -nan, nan, 0

      30000, 0.00000, 0.00000,    -nan,     nan,      0,      19992,       3682
Batch 9, 1000, -nan, 0.000000, 0.000000, 0.000000, 0.000000, 0.000000, -nan, nan, 0, -nan, nan, 0


===============================================================================================================================================================

Program Started at:               Wed May 13 11:23:56 2026
Execution completed at:           Wed May 13 11:26:45 2026
On machine:                       pop-os
Simulation clock (cycles/us):     30000    192.000
Total execution time:             2 mins, 49 secs
Cycles per Second:                177.514793

Random seed:                      13

Topology, uni(1)/bidir(2):        slimfly(1)Random link failures:             0

Operation modes Inj-Req-Arb-Con:  shortest other random multiple
Traf./Inj. queue len (pkt/ph):    4/32, 4/32, 1 injectors
VC management:                    dragonfly-dally, 3 VCs; 
VCs used:                         1

Routing in multistage network:    static
Parallel injection:               YES
Dropping/Extracting packets:      NO       NO

Global congestion control:        gcc=100%, update_period=1
In-transit priority, bub. to ad:  0.000000, NO

Traffic pattern:                  uniform at load 0.40000, packets of 8 phits
Trigger rate, packets triggered:  0.00000     0
Warm Up Period Prov., Used:       5000 + 15000, 20000
Conv. sampling period, threshold: 1000, 0.050000
Sample count, size, min pkts:     10 x 1000, 0

===============================================================================================================================================================

  #,  BatchTime, AvDistance,    InjLoad,    AccLoad, PacketSent, PacketRcvd, PacketDrop,   AvgDelay, StDevDelay,   MaxDelay,  InjAvgDel, InjStDvDel,  InjMaxDel
  0,       1000,       -nan,    0.00000,    0.00000,          0,          0,          0,       -nan,        nan,          0,       -nan,        nan,          0
  1,       1000,       -nan,    0.00000,    0.00000,          0,          0,          0,       -nan,        nan,          0,       -nan,        nan,          0
  2,       1000,       -nan,    0.00000,    0.00000,          0,          0,          0,       -nan,        nan,          0,       -nan,        nan,          0
  3,       1000,       -nan,    0.00000,    0.00000,          0,          0,          0,       -nan,        nan,          0,       -nan,        nan,          0
  4,       1000,       -nan,    0.00000,    0.00000,          0,          0,          0,       -nan,        nan,          0,       -nan,        nan,          0
  5,       1000,       -nan,    0.00000,    0.00000,          0,          0,          0,       -nan,        nan,          0,       -nan,        nan,          0
  6,       1000,       -nan,    0.00000,    0.00000,          0,          0,          0,       -nan,        nan,          0,       -nan,        nan,          0
  7,       1000,       -nan,    0.00000,    0.00000,          0,          0,          0,       -nan,        nan,          0,       -nan,        nan,          0
  8,       1000,       -nan,    0.00000,    0.00000,          0,          0,          0,       -nan,        nan,          0,       -nan,        nan,          0
  9,       1000,       -nan,    0.00000,    0.00000,          0,          0,          0,       -nan,        nan,          0,       -nan,        nan,          0

AVG,    1000.00,       -nan,    0.00000,    0.00000,       0.00,       0.00,       0.00,       -nan,        nan,       0.00,       -nan,        nan,       0.00
STD,       0.00,        nan,    0.00000,    0.00000,       0.00,       0.00,       0.00,        nan,        nan,       0.00,        nan,        nan,       0.00
