DEBUG flag is on.
Constructing electric Network
All connections in the topology seem consistent!!!
Wrote stats to file: ./megafly_p2_a4_h2_min_sequential_fr0.00_seed99.2026.05.12.12.47.dat
inrflow.version                     v0.4.1              
network                                                 
topology                            megafly             
p                                   4                   
topo.version                        v0.1                
n.servers                           20                  
n.switches                          20                  
switch.radix                        4                   
n.links                             100                 
n.cables                            50                  
p.cable.failures                    0.000000            
n.cable.failures                    0                   
n.server.pairs.NN                   400                 
n.server.pairs.NN-1                 380                 
routing.algorithm                   min                 
max_paths                           0                   
traffic                                                 
pattern                             onetoall            
n.flows                             20                  
n.flows.delivered                   20                  
p.flows.connected                   100.000000          
placement.strategy                  sequential          
miscelanea                                              
r.seed                              99                  
started.at.y.m.d.h.m                2026.05.12.12.47    
on machine                          pop-os              
runtime                             0.000000            
path.info                                               
min.link.path.length                0                   
max.link.path.length                5                   
mean.link.path.length               4.500000            
median.link.path.length             5.000000            
var.link.path.length                1.631579            
std.link.path.length                1.277333            
hop.info                                                
min.server.hop.length               0                   
max.server.hop.length               1                   
mean.server.hop.length              0.950000            
median.server.hop.length            1.000000            
var.server.hop.length               0.050000            
std.server.hop.length               0.223607            
flow.info                                               
min.flows.per.link                  0                   
max.flows.per.link                  19                  
mean.flows.per.link                 0.900000            
median.flows.per.link               0.000000            
var.flows.per.link                  5.686869            
std.flows.per.link                  2.384716            
connected.nonzero.flows.over.bottleneck.flow 20.000000           
connected.flows.over.bottleneck.flow 21.052632           
connected.nonzero.flows.over.mean.flow 422.222222          
connected.flows.over.mean.flow      444.444444          
#Server hop length histogram (server hop path length, number of occurrences)
h    0         1
h    1        19
#Path length histogram (path length, number of occurrences)
p    0         1
p    2         1
p    4         2
p    5        16
#Flows histogram (number of flows, number of uni-directional links with this many flows)
f    0        65
f    1        19
f    2         9
f    4         4
f    8         1
f   10         1
f   19         1
DEBUG flag is on.
