DEBUG flag is on.
Constructing electric Network
All connections in the topology seem consistent!!!
Wrote stats to file: ./megafly_p2_a4_h2_min_sequential_fr0.00_seed42.2026.05.12.12.15.dat
inrflow.version                     v0.4.1              
network                                                 
topology                            megafly             
p                                   4                   
topo.version                        v0.1                
n.servers                           20                  
n.switches                          20                  
switch.radix                        4                   
n.links                             100                 
n.cables                            50                  
p.cable.failures                    0.000000            
n.cable.failures                    0                   
n.server.pairs.NN                   400                 
n.server.pairs.NN-1                 380                 
routing.algorithm                   min                 
max_paths                           0                   
traffic                                                 
pattern                             random              
nrndflows                           5000                
n.flows                             5000                
n.flows.delivered                   5000                
p.flows.connected                   100.000000          
placement.strategy                  sequential          
miscelanea                                              
r.seed                              42                  
started.at.y.m.d.h.m                2026.05.12.12.15    
on machine                          pop-os              
runtime                             0.000000            
path.info                                               
min.link.path.length                0                   
max.link.path.length                5                   
mean.link.path.length               4.483800            
median.link.path.length             5.000000            
var.link.path.length                1.631264            
std.link.path.length                1.277209            
hop.info                                                
min.server.hop.length               0                   
max.server.hop.length               1                   
mean.server.hop.length              0.946000            
median.server.hop.length            1.000000            
var.server.hop.length               0.051094            
std.server.hop.length               0.226040            
flow.info                                               
min.flows.per.link                  170                 
max.flows.per.link                  275                 
mean.flows.per.link                 224.190000          
median.flows.per.link               225.500000          
var.flows.per.link                  710.943333          
std.flows.per.link                  26.663521           
connected.nonzero.flows.over.bottleneck.flow 1.381818            
connected.flows.over.bottleneck.flow 1.454545            
connected.nonzero.flows.over.mean.flow 1.694991            
connected.flows.over.mean.flow      1.784201            
#Server hop length histogram (server hop path length, number of occurrences)
h    0       270
h    1      4730
#Path length histogram (path length, number of occurrences)
p    0       270
p    2       251
p    4       478
p    5      4001
#Flows histogram (number of flows, number of uni-directional links with this many flows)
f  170         1
f  173         1
f  181         2
f  182         2
f  184         3
f  185         2
f  186         2
f  187         2
f  188         1
f  191         1
f  195         1
f  198         1
f  199         1
f  200         1
f  201         1
f  204         2
f  206         2
f  207         2
f  208         1
f  209         1
f  210         1
f  211         2
f  212         2
f  215         3
f  216         1
f  217         3
f  219         1
f  221         2
f  222         2
f  223         1
f  224         1
f  225         1
f  226         2
f  228         1
f  229         1
f  230         1
f  231         5
f  232         3
f  234         3
f  235         1
f  238         1
f  239         1
f  240         2
f  241         1
f  242         1
f  244         1
f  245         1
f  246         1
f  247         1
f  248         1
f  249         1
f  250         1
f  251         1
f  252         2
f  253         1
f  254         2
f  255         2
f  257         1
f  258         1
f  259         1
f  263         3
f  266         1
f  269         1
f  272         1
f  273         1
f  274         1
f  275         1
DEBUG flag is on.
