DEBUG flag is on.
Constructing electric Network
All connections in the topology seem consistent!!!
Wrote stats to file: ./megafly_p8_a16_h8_min_sequential_fr0.00_seed13.2026.05.12.12.47.dat
inrflow.version                     v0.4.1              
network                                                 
topology                            megafly             
p                                   16                  
topo.version                        v0.1                
n.servers                           4160                
n.switches                          1040                
switch.radix                        16                  
n.links                             20800               
n.cables                            10400               
p.cable.failures                    0.000000            
n.cable.failures                    0                   
n.server.pairs.NN                   17305600            
n.server.pairs.NN-1                 17301440            
routing.algorithm                   min                 
max_paths                           0                   
traffic                                                 
pattern                             random              
nrndflows                           100000              
n.flows                             100000              
n.flows.delivered                   100000              
p.flows.connected                   100.000000          
placement.strategy                  sequential          
miscelanea                                              
r.seed                              13                  
started.at.y.m.d.h.m                2026.05.12.12.47    
on machine                          pop-os              
runtime                             0.000000            
path.info                                               
min.link.path.length                0                   
max.link.path.length                5                   
mean.link.path.length               4.980100            
median.link.path.length             5.000000            
var.link.path.length                0.036144            
std.link.path.length                0.190117            
hop.info                                                
min.server.hop.length               0                   
max.server.hop.length               1                   
mean.server.hop.length              0.999720            
median.server.hop.length            1.000000            
var.server.hop.length               0.000280            
std.server.hop.length               0.016731            
flow.info                                               
min.flows.per.link                  5                   
max.flows.per.link                  47                  
mean.flows.per.link                 23.942788           
median.flows.per.link               24.000000           
var.flows.per.link                  24.121156           
std.flows.per.link                  4.911329            
connected.nonzero.flows.over.bottleneck.flow 368115.744681       
connected.flows.over.bottleneck.flow 368204.255319       
connected.nonzero.flows.over.mean.flow 722615.915343       
connected.flows.over.mean.flow      722789.662858       
#Server hop length histogram (server hop path length, number of occurrences)
h    0        28
h    1     99972
#Path length histogram (path length, number of occurrences)
p    0        28
p    2       184
p    4      1298
p    5     98490
#Flows histogram (number of flows, number of uni-directional links with this many flows)
f    5         1
f    8         2
f    9         5
f   10        15
f   11        30
f   12        62
f   13       118
f   14       189
f   15       350
f   16       454
f   17       634
f   18       889
f   19      1088
f   20      1316
f   21      1475
f   22      1613
f   23      1646
f   24      1703
f   25      1645
f   26      1465
f   27      1328
f   28      1120
f   29       967
f   30       775
f   31       537
f   32       393
f   33       321
f   34       221
f   35       160
f   36       113
f   37        69
f   38        37
f   39        23
f   40        15
f   41        12
f   42         2
f   43         2
f   44         4
f   47         1
DEBUG flag is on.
