DEBUG flag is on.
Constructing electric Network
All connections in the topology seem consistent!!!
Wrote stats to file: ./megafly_p8_a16_h8_min_sequential_fr0.00_seed13.2026.05.12.12.47.dat
inrflow.version                     v0.4.1              
network                                                 
topology                            megafly             
p                                   16                  
topo.version                        v0.1                
n.servers                           4160                
n.switches                          1040                
switch.radix                        16                  
n.links                             20800               
n.cables                            10400               
p.cable.failures                    0.000000            
n.cable.failures                    0                   
n.server.pairs.NN                   17305600            
n.server.pairs.NN-1                 17301440            
routing.algorithm                   min                 
max_paths                           0                   
traffic                                                 
pattern                             hotregion           
nhotrflows                          500                 
n.flows                             500                 
n.flows.delivered                   500                 
p.flows.connected                   100.000000          
placement.strategy                  sequential          
miscelanea                                              
r.seed                              13                  
started.at.y.m.d.h.m                2026.05.12.12.47    
on machine                          pop-os              
runtime                             0.000000            
path.info                                               
min.link.path.length                2                   
max.link.path.length                5                   
mean.link.path.length               4.976000            
median.link.path.length             5.000000            
var.link.path.length                0.035495            
std.link.path.length                0.188401            
hop.info                                                
min.server.hop.length               1                   
max.server.hop.length               1                   
mean.server.hop.length              1.000000            
median.server.hop.length            1.000000            
var.server.hop.length               0.000000            
std.server.hop.length               0.000000            
flow.info                                               
min.flows.per.link                  0                   
max.flows.per.link                  3                   
mean.flows.per.link                 0.119615            
median.flows.per.link               0.000000            
var.flows.per.link                  0.125314            
std.flows.per.link                  0.353997            
connected.nonzero.flows.over.bottleneck.flow 5767146.666667      
connected.flows.over.bottleneck.flow 5768533.333333      
connected.nonzero.flows.over.mean.flow 144642263.665595    
connected.flows.over.mean.flow      144677041.800643    
#Server hop length histogram (server hop path length, number of occurrences)
h    1       500
#Path length histogram (path length, number of occurrences)
p    2         1
p    4         9
p    5       490
#Flows histogram (number of flows, number of uni-directional links with this many flows)
f    0     18506
f    1      2114
f    2       166
f    3        14
DEBUG flag is on.
