DEBUG flag is on.
Constructing electric Network
All connections in the topology seem consistent!!!
Wrote stats to file: ./megafly_p4_a8_h4_min_sequential_fr0.00_seed99.2026.05.12.12.47.dat
inrflow.version                     v0.4.1              
network                                                 
topology                            megafly             
p                                   8                   
topo.version                        v0.1                
n.servers                           272                 
n.switches                          136                 
switch.radix                        8                   
n.links                             1360                
n.cables                            680                 
p.cable.failures                    0.000000            
n.cable.failures                    0                   
n.server.pairs.NN                   73984               
n.server.pairs.NN-1                 73712               
routing.algorithm                   min                 
max_paths                           0                   
traffic                                                 
pattern                             random              
nrndflows                           100000              
n.flows                             100000              
n.flows.delivered                   100000              
p.flows.connected                   100.000000          
placement.strategy                  sequential          
miscelanea                                              
r.seed                              99                  
started.at.y.m.d.h.m                2026.05.12.12.47    
on machine                          pop-os              
runtime                             0.000000            
path.info                                               
min.link.path.length                0                   
max.link.path.length                5                   
mean.link.path.length               4.903800            
median.link.path.length             5.000000            
var.link.path.length                0.231548            
std.link.path.length                0.481194            
hop.info                                                
min.server.hop.length               0                   
max.server.hop.length               1                   
mean.server.hop.length              0.996220            
median.server.hop.length            1.000000            
var.server.hop.length               0.003766            
std.server.hop.length               0.061366            
flow.info                                               
min.flows.per.link                  287                 
max.flows.per.link                  453                 
mean.flows.per.link                 360.573529          
median.flows.per.link               360.000000          
var.flows.per.link                  565.744405          
std.flows.per.link                  23.785382           
connected.nonzero.flows.over.bottleneck.flow 162.719647          
connected.flows.over.bottleneck.flow 163.320088          
connected.nonzero.flows.over.mean.flow 204.429871          
connected.flows.over.mean.flow      205.184224          
#Server hop length histogram (server hop path length, number of occurrences)
h    0       378
h    1     99622
#Path length histogram (path length, number of occurrences)
p    0       378
p    2      1150
p    4      4280
p    5     94192
#Flows histogram (number of flows, number of uni-directional links with this many flows)
f  287         1
f  288         1
f  290         1
f  291         1
f  295         1
f  296         1
f  302         1
f  303         1
f  305         1
f  306         1
f  307         1
f  308         2
f  309         2
f  310         4
f  311         1
f  312         2
f  313         1
f  314         3
f  315         3
f  316         4
f  318         6
f  319         2
f  320         3
f  321         9
f  322         3
f  323         5
f  324         5
f  325         9
f  326         7
f  327        10
f  328         9
f  329        11
f  330        13
f  331         9
f  332        13
f  333        13
f  334        14
f  335         9
f  336        18
f  337        11
f  338        23
f  339        18
f  340        17
f  341        19
f  342        17
f  343        22
f  344        15
f  345        18
f  346        21
f  347        19
f  348        20
f  349        32
f  350        25
f  351        22
f  352        17
f  353        22
f  354        26
f  355        18
f  356        24
f  357        28
f  358        19
f  359        24
f  360        28
f  361        15
f  362        21
f  363        29
f  364        27
f  365        26
f  366        16
f  367        20
f  368        24
f  369        22
f  370        15
f  371        29
f  372        18
f  373        12
f  374        18
f  375        21
f  376        23
f  377        17
f  378        16
f  379        14
f  380        16
f  381        15
f  382        10
f  383        13
f  384        11
f  385        13
f  386        12
f  387        18
f  388         9
f  389        10
f  390         9
f  391        12
f  392         8
f  393         6
f  394         7
f  395         7
f  396         6
f  397         3
f  398         6
f  399         8
f  400         7
f  401         1
f  402         4
f  403         3
f  404         4
f  405         2
f  406         2
f  407         2
f  408         2
f  409         2
f  410         3
f  411         4
f  412         1
f  413         1
f  414         2
f  415         3
f  416         1
f  417         1
f  418         4
f  419         3
f  420         1
f  421         1
f  422         1
f  423         3
f  424         2
f  428         2
f  429         1
f  431         2
f  433         1
f  436         1
f  437         1
f  439         1
f  444         2
f  453         1
DEBUG flag is on.
