DEBUG flag is on.
Constructing electric Network
All connections in the topology seem consistent!!!
Wrote stats to file: ./megafly_p8_a16_h8_min_sequential_fr0.00_seed99.2026.05.12.12.47.dat
inrflow.version                     v0.4.1              
network                                                 
topology                            megafly             
p                                   16                  
topo.version                        v0.1                
n.servers                           4160                
n.switches                          1040                
switch.radix                        16                  
n.links                             20800               
n.cables                            10400               
p.cable.failures                    0.000000            
n.cable.failures                    0                   
n.server.pairs.NN                   17305600            
n.server.pairs.NN-1                 17301440            
routing.algorithm                   min                 
max_paths                           0                   
traffic                                                 
pattern                             random              
nrndflows                           100000              
n.flows                             100000              
n.flows.delivered                   100000              
p.flows.connected                   100.000000          
placement.strategy                  sequential          
miscelanea                                              
r.seed                              99                  
started.at.y.m.d.h.m                2026.05.12.12.47    
on machine                          pop-os              
runtime                             0.000000            
path.info                                               
min.link.path.length                0                   
max.link.path.length                5                   
mean.link.path.length               4.980630            
median.link.path.length             5.000000            
var.link.path.length                0.034335            
std.link.path.length                0.185297            
hop.info                                                
min.server.hop.length               0                   
max.server.hop.length               1                   
mean.server.hop.length              0.999770            
median.server.hop.length            1.000000            
var.server.hop.length               0.000230            
std.server.hop.length               0.015164            
flow.info                                               
min.flows.per.link                  8                   
max.flows.per.link                  45                  
mean.flows.per.link                 23.945337           
median.flows.per.link               24.000000           
var.flows.per.link                  23.855034           
std.flows.per.link                  4.884162            
connected.nonzero.flows.over.bottleneck.flow 384476.444444       
connected.flows.over.bottleneck.flow 384568.888889       
connected.nonzero.flows.over.mean.flow 722539.020164       
connected.flows.over.mean.flow      722712.749190       
#Server hop length histogram (server hop path length, number of occurrences)
h    0        23
h    1     99977
#Path length histogram (path length, number of occurrences)
p    0        23
p    2       179
p    4      1285
p    5     98513
#Flows histogram (number of flows, number of uni-directional links with this many flows)
f    8         1
f    9        10
f   10        17
f   11        28
f   12        62
f   13       112
f   14       187
f   15       307
f   16       462
f   17       655
f   18       873
f   19      1064
f   20      1294
f   21      1491
f   22      1694
f   23      1716
f   24      1676
f   25      1638
f   26      1453
f   27      1314
f   28      1079
f   29       944
f   30       708
f   31       624
f   32       479
f   33       286
f   34       226
f   35       143
f   36       109
f   37        66
f   38        25
f   39        23
f   40        11
f   41         8
f   42         8
f   43         4
f   44         1
f   45         2
DEBUG flag is on.
