DEBUG flag is on.
Constructing electric Network
All connections in the topology seem consistent!!!
Wrote stats to file: ./megafly_p2_a4_h2_min_sequential_fr0.00_seed99.2026.05.12.12.47.dat
inrflow.version                     v0.4.1              
network                                                 
topology                            megafly             
p                                   4                   
topo.version                        v0.1                
n.servers                           20                  
n.switches                          20                  
switch.radix                        4                   
n.links                             100                 
n.cables                            50                  
p.cable.failures                    0.000000            
n.cable.failures                    0                   
n.server.pairs.NN                   400                 
n.server.pairs.NN-1                 380                 
routing.algorithm                   min                 
max_paths                           0                   
traffic                                                 
pattern                             random              
nrndflows                           100000              
n.flows                             100000              
n.flows.delivered                   100000              
p.flows.connected                   100.000000          
placement.strategy                  sequential          
miscelanea                                              
r.seed                              99                  
started.at.y.m.d.h.m                2026.05.12.12.47    
on machine                          pop-os              
runtime                             0.000000            
path.info                                               
min.link.path.length                0                   
max.link.path.length                5                   
mean.link.path.length               4.504870            
median.link.path.length             5.000000            
var.link.path.length                1.529752            
std.link.path.length                1.236831            
hop.info                                                
min.server.hop.length               0                   
max.server.hop.length               1                   
mean.server.hop.length              0.950610            
median.server.hop.length            1.000000            
var.server.hop.length               0.046951            
std.server.hop.length               0.216682            
flow.info                                               
min.flows.per.link                  3858                
max.flows.per.link                  5197                
mean.flows.per.link                 4504.870000         
median.flows.per.link               4700.000000         
var.flows.per.link                  190246.437475       
std.flows.per.link                  436.172486          
connected.nonzero.flows.over.bottleneck.flow 0.073119            
connected.flows.over.bottleneck.flow 0.076967            
connected.nonzero.flows.over.mean.flow 0.084353            
connected.flows.over.mean.flow      0.088793            
#Server hop length histogram (server hop path length, number of occurrences)
h    0      4939
h    1     95061
#Path length histogram (path length, number of occurrences)
p    0      4939
p    2      4866
p    4     10220
p    5     79975
#Flows histogram (number of flows, number of uni-directional links with this many flows)
f 3858         1
f 3861         1
f 3893         1
f 3907         1
f 3912         1
f 3929         1
f 3931         1
f 3932         1
f 3943         1
f 3944         1
f 3958         1
f 3975         1
f 3979         1
f 3983         1
f 3984         2
f 3990         1
f 3991         2
f 3992         1
f 3995         1
f 4000         1
f 4003         1
f 4004         1
f 4017         2
f 4024         1
f 4026         1
f 4031         1
f 4036         1
f 4041         2
f 4051         1
f 4060         1
f 4066         1
f 4079         1
f 4080         1
f 4097         1
f 4099         1
f 4142         1
f 4580         2
f 4602         1
f 4606         1
f 4611         1
f 4643         1
f 4675         1
f 4687         1
f 4695         2
f 4705         1
f 4719         1
f 4720         1
f 4724         2
f 4733         1
f 4734         1
f 4740         2
f 4752         2
f 4756         1
f 4757         1
f 4766         1
f 4773         1
f 4779         2
f 4788         1
f 4806         1
f 4807         1
f 4810         1
f 4827         1
f 4834         1
f 4868         1
f 4876         1
f 4879         1
f 4883         1
f 4893         3
f 4921         1
f 4931         1
f 4932         1
f 4955         1
f 4975         1
f 4988         1
f 4989         1
f 5005         1
f 5006         1
f 5008         1
f 5016         1
f 5035         1
f 5055         1
f 5065         1
f 5069         1
f 5080         1
f 5088         1
f 5090         1
f 5152         1
f 5197         1
DEBUG flag is on.
