DEBUG flag is on.
Constructing electric Network
All connections in the topology seem consistent!!!
Wrote stats to file: ./megafly_p10_a20_h10_min_sequential_fr0.00_seed99.2026.05.12.12.47.dat
inrflow.version                     v0.4.1              
network                                                 
topology                            megafly             
p                                   20                  
topo.version                        v0.1                
n.servers                           10100               
n.switches                          2020                
switch.radix                        20                  
n.links                             50500               
n.cables                            25250               
p.cable.failures                    0.000000            
n.cable.failures                    0                   
n.server.pairs.NN                   102010000           
n.server.pairs.NN-1                 101999900           
routing.algorithm                   min                 
max_paths                           0                   
traffic                                                 
pattern                             random              
nrndflows                           100000              
n.flows                             100000              
n.flows.delivered                   100000              
p.flows.connected                   100.000000          
placement.strategy                  sequential          
miscelanea                                              
r.seed                              99                  
started.at.y.m.d.h.m                2026.05.12.12.47    
on machine                          pop-os              
runtime                             0.000000            
path.info                                               
min.link.path.length                0                   
max.link.path.length                5                   
mean.link.path.length               4.988040            
median.link.path.length             5.000000            
var.link.path.length                0.017737            
std.link.path.length                0.133181            
hop.info                                                
min.server.hop.length               0                   
max.server.hop.length               1                   
mean.server.hop.length              0.999950            
median.server.hop.length            1.000000            
var.server.hop.length               0.000050            
std.server.hop.length               0.007071            
flow.info                                               
min.flows.per.link                  0                   
max.flows.per.link                  26                  
mean.flows.per.link                 9.877307            
median.flows.per.link               10.000000           
var.flows.per.link                  9.761813            
std.flows.per.link                  3.124390            
connected.nonzero.flows.over.bottleneck.flow 3923073.076923      
connected.flows.over.bottleneck.flow 3923461.538462      
connected.nonzero.flows.over.mean.flow 10326691.345699     
connected.flows.over.mean.flow      10327713.891629     
#Server hop length histogram (server hop path length, number of occurrences)
h    0         5
h    1     99995
#Path length histogram (path length, number of occurrences)
p    0         5
p    2        82
p    4       925
p    5     98988
#Flows histogram (number of flows, number of uni-directional links with this many flows)
f    0         4
f    1        28
f    2       124
f    3       383
f    4      1022
f    5      2067
f    6      3213
f    7      4732
f    8      5863
f    9      6409
f   10      6388
f   11      5692
f   12      4747
f   13      3494
f   14      2498
f   15      1659
f   16       998
f   17       567
f   18       302
f   19       157
f   20        86
f   21        26
f   22        19
f   23        11
f   24         5
f   25         5
f   26         1
DEBUG flag is on.
