DEBUG flag is on.
Constructing electric Network
All connections in the topology seem consistent!!!
Wrote stats to file: ./megafly_p10_a20_h10_min_sequential_fr0.00_seed13.2026.05.12.12.47.dat
inrflow.version                     v0.4.1              
network                                                 
topology                            megafly             
p                                   20                  
topo.version                        v0.1                
n.servers                           10100               
n.switches                          2020                
switch.radix                        20                  
n.links                             50500               
n.cables                            25250               
p.cable.failures                    0.000000            
n.cable.failures                    0                   
n.server.pairs.NN                   102010000           
n.server.pairs.NN-1                 101999900           
routing.algorithm                   min                 
max_paths                           0                   
traffic                                                 
pattern                             shift               
stride                              10                  
n.flows                             10100               
n.flows.delivered                   10100               
p.flows.connected                   100.000000          
placement.strategy                  sequential          
miscelanea                                              
r.seed                              13                  
started.at.y.m.d.h.m                2026.05.12.12.47    
on machine                          pop-os              
runtime                             0.000000            
path.info                                               
min.link.path.length                4                   
max.link.path.length                5                   
mean.link.path.length               4.100000            
median.link.path.length             4.000000            
var.link.path.length                0.090009            
std.link.path.length                0.300015            
hop.info                                                
min.server.hop.length               1                   
max.server.hop.length               1                   
mean.server.hop.length              1.000000            
median.server.hop.length            1.000000            
var.server.hop.length               0.000000            
std.server.hop.length               0.000000            
flow.info                                               
min.flows.per.link                  0                   
max.flows.per.link                  10                  
mean.flows.per.link                 0.820000            
median.flows.per.link               0.000000            
var.flows.per.link                  3.927678            
std.flows.per.link                  1.981837            
connected.nonzero.flows.over.bottleneck.flow 10199990.000000     
connected.flows.over.bottleneck.flow 10201000.000000     
connected.nonzero.flows.over.mean.flow 124390121.951220    
connected.flows.over.mean.flow      124402439.024390    
#Server hop length histogram (server hop path length, number of occurrences)
h    1     10100
#Path length histogram (path length, number of occurrences)
p    4      9090
p    5      1010
#Flows histogram (number of flows, number of uni-directional links with this many flows)
f    0     28179
f    1     20200
f   10      2121
DEBUG flag is on.
