DEBUG flag is on.
Constructing electric Network
All connections in the topology seem consistent!!!
Wrote stats to file: ./megafly_p2_a4_h2_min_sequential_fr0.00_seed99.2026.05.12.12.47.dat
inrflow.version                     v0.4.1              
network                                                 
topology                            megafly             
p                                   4                   
topo.version                        v0.1                
n.servers                           20                  
n.switches                          20                  
switch.radix                        4                   
n.links                             100                 
n.cables                            50                  
p.cable.failures                    0.000000            
n.cable.failures                    0                   
n.server.pairs.NN                   400                 
n.server.pairs.NN-1                 380                 
routing.algorithm                   min                 
max_paths                           0                   
traffic                                                 
pattern                             hotregion           
nhotrflows                          500                 
n.flows                             500                 
n.flows.delivered                   500                 
p.flows.connected                   100.000000          
placement.strategy                  sequential          
miscelanea                                              
r.seed                              99                  
started.at.y.m.d.h.m                2026.05.12.12.47    
on machine                          pop-os              
runtime                             0.000000            
path.info                                               
min.link.path.length                0                   
max.link.path.length                5                   
mean.link.path.length               4.468000            
median.link.path.length             5.000000            
var.link.path.length                1.676329            
std.link.path.length                1.294731            
hop.info                                                
min.server.hop.length               0                   
max.server.hop.length               1                   
mean.server.hop.length              0.948000            
median.server.hop.length            1.000000            
var.server.hop.length               0.049395            
std.server.hop.length               0.222249            
flow.info                                               
min.flows.per.link                  7                   
max.flows.per.link                  89                  
mean.flows.per.link                 22.340000           
median.flows.per.link               18.000000           
var.flows.per.link                  234.246869          
std.flows.per.link                  15.305126           
connected.nonzero.flows.over.bottleneck.flow 4.269663            
connected.flows.over.bottleneck.flow 4.494382            
connected.nonzero.flows.over.mean.flow 17.009848           
connected.flows.over.mean.flow      17.905103           
#Server hop length histogram (server hop path length, number of occurrences)
h    0        26
h    1       474
#Path length histogram (path length, number of occurrences)
p    0        26
p    2        32
p    4        40
p    5       402
#Flows histogram (number of flows, number of uni-directional links with this many flows)
f    7         1
f    8         1
f    9         2
f   10         6
f   11         5
f   12         2
f   13         2
f   14         8
f   15         7
f   16         4
f   17         8
f   18         7
f   19         6
f   20         4
f   21         2
f   22         3
f   23         5
f   24         3
f   25         1
f   26         2
f   27         3
f   28         1
f   29         1
f   30         2
f   33         2
f   34         1
f   35         2
f   37         1
f   41         1
f   47         2
f   50         1
f   81         1
f   82         1
f   85         1
f   89         1
DEBUG flag is on.
