DEBUG flag is on.
Constructing electric Network
All connections in the topology seem consistent!!!
Wrote stats to file: ./megafly_p4_a8_h4_min_sequential_fr0.00_seed13.2026.05.12.12.47.dat
inrflow.version                     v0.4.1              
network                                                 
topology                            megafly             
p                                   8                   
topo.version                        v0.1                
n.servers                           272                 
n.switches                          136                 
switch.radix                        8                   
n.links                             1360                
n.cables                            680                 
p.cable.failures                    0.000000            
n.cable.failures                    0                   
n.server.pairs.NN                   73984               
n.server.pairs.NN-1                 73712               
routing.algorithm                   min                 
max_paths                           0                   
traffic                                                 
pattern                             random              
nrndflows                           50000               
n.flows                             50000               
n.flows.delivered                   50000               
p.flows.connected                   100.000000          
placement.strategy                  sequential          
miscelanea                                              
r.seed                              13                  
started.at.y.m.d.h.m                2026.05.12.12.47    
on machine                          pop-os              
runtime                             0.000000            
path.info                                               
min.link.path.length                0                   
max.link.path.length                5                   
mean.link.path.length               4.904320            
median.link.path.length             5.000000            
var.link.path.length                0.223650            
std.link.path.length                0.472916            
hop.info                                                
min.server.hop.length               0                   
max.server.hop.length               1                   
mean.server.hop.length              0.996480            
median.server.hop.length            1.000000            
var.server.hop.length               0.003508            
std.server.hop.length               0.059226            
flow.info                                               
min.flows.per.link                  132                 
max.flows.per.link                  240                 
mean.flows.per.link                 180.305882          
median.flows.per.link               179.000000          
var.flows.per.link                  234.080024          
std.flows.per.link                  15.299674           
connected.nonzero.flows.over.bottleneck.flow 307.133333          
connected.flows.over.bottleneck.flow 308.266667          
connected.nonzero.flows.over.mean.flow 408.816390          
connected.flows.over.mean.flow      410.324938          
#Server hop length histogram (server hop path length, number of occurrences)
h    0       176
h    1     49824
#Path length histogram (path length, number of occurrences)
p    0       176
p    2       556
p    4      2236
p    5     47032
#Flows histogram (number of flows, number of uni-directional links with this many flows)
f  132         1
f  135         1
f  139         2
f  141         1
f  143         1
f  144         3
f  145         2
f  146         1
f  147         1
f  148         2
f  149         1
f  150         6
f  151         4
f  152        11
f  153         9
f  154         4
f  155        13
f  156         8
f  157        11
f  158         9
f  159        16
f  160        16
f  161        15
f  162        16
f  163        22
f  164        23
f  165        26
f  166        23
f  167        27
f  168        27
f  169        30
f  170        36
f  171        29
f  172        28
f  173        37
f  174        32
f  175        39
f  176        31
f  177        41
f  178        32
f  179        45
f  180        30
f  181        34
f  182        34
f  183        35
f  184        31
f  185        34
f  186        44
f  187        27
f  188        29
f  189        27
f  190        22
f  191        21
f  192        17
f  193        15
f  194        29
f  195        21
f  196        25
f  197        26
f  198        13
f  199        21
f  200        22
f  201        11
f  202        16
f  203         6
f  204        10
f  205         7
f  206         4
f  207         6
f  208        10
f  209         5
f  210         6
f  211         6
f  212         4
f  213         3
f  214         2
f  216         2
f  217         3
f  218         3
f  219         4
f  220         2
f  221         3
f  223         1
f  226         2
f  230         1
f  231         1
f  232         1
f  234         1
f  240         1
DEBUG flag is on.
