DEBUG flag is on.
Constructing electric Network
All connections in the topology seem consistent!!!
Wrote stats to file: ./megafly_p4_a8_h4_min_sequential_fr0.00_seed99.2026.05.12.12.47.dat
inrflow.version                     v0.4.1              
network                                                 
topology                            megafly             
p                                   8                   
topo.version                        v0.1                
n.servers                           272                 
n.switches                          136                 
switch.radix                        8                   
n.links                             1360                
n.cables                            680                 
p.cable.failures                    0.000000            
n.cable.failures                    0                   
n.server.pairs.NN                   73984               
n.server.pairs.NN-1                 73712               
routing.algorithm                   min                 
max_paths                           0                   
traffic                                                 
pattern                             hotregion           
nhotrflows                          100                 
n.flows                             100                 
n.flows.delivered                   100                 
p.flows.connected                   100.000000          
placement.strategy                  sequential          
miscelanea                                              
r.seed                              99                  
started.at.y.m.d.h.m                2026.05.12.12.47    
on machine                          pop-os              
runtime                             0.000000            
path.info                                               
min.link.path.length                4                   
max.link.path.length                5                   
mean.link.path.length               4.950000            
median.link.path.length             5.000000            
var.link.path.length                0.047980            
std.link.path.length                0.219043            
hop.info                                                
min.server.hop.length               1                   
max.server.hop.length               1                   
mean.server.hop.length              1.000000            
median.server.hop.length            1.000000            
var.server.hop.length               0.000000            
std.server.hop.length               0.000000            
flow.info                                               
min.flows.per.link                  0                   
max.flows.per.link                  4                   
mean.flows.per.link                 0.363971            
median.flows.per.link               0.000000            
var.flows.per.link                  0.392078            
std.flows.per.link                  0.626162            
connected.nonzero.flows.over.bottleneck.flow 18428.000000        
connected.flows.over.bottleneck.flow 18496.000000        
connected.nonzero.flows.over.mean.flow 202521.858586       
connected.flows.over.mean.flow      203269.171717       
#Server hop length histogram (server hop path length, number of occurrences)
h    1       100
#Path length histogram (path length, number of occurrences)
p    4         5
p    5        95
#Flows histogram (number of flows, number of uni-directional links with this many flows)
f    0       956
f    1       329
f    2        61
f    3        12
f    4         2
DEBUG flag is on.
