DEBUG flag is on.
Constructing electric Network
All connections in the topology seem consistent!!!
Wrote stats to file: ./megafly_p4_a8_h4_min_sequential_fr0.00_seed13.2026.05.12.12.47.dat
inrflow.version                     v0.4.1              
network                                                 
topology                            megafly             
p                                   8                   
topo.version                        v0.1                
n.servers                           272                 
n.switches                          136                 
switch.radix                        8                   
n.links                             1360                
n.cables                            680                 
p.cable.failures                    0.000000            
n.cable.failures                    0                   
n.server.pairs.NN                   73984               
n.server.pairs.NN-1                 73712               
routing.algorithm                   min                 
max_paths                           0                   
traffic                                                 
pattern                             hotregion           
nhotrflows                          500                 
n.flows                             500                 
n.flows.delivered                   500                 
p.flows.connected                   100.000000          
placement.strategy                  sequential          
miscelanea                                              
r.seed                              13                  
started.at.y.m.d.h.m                2026.05.12.12.47    
on machine                          pop-os              
runtime                             0.000000            
path.info                                               
min.link.path.length                0                   
max.link.path.length                5                   
mean.link.path.length               4.904000            
median.link.path.length             5.000000            
var.link.path.length                0.211206            
std.link.path.length                0.459572            
hop.info                                                
min.server.hop.length               0                   
max.server.hop.length               1                   
mean.server.hop.length              0.998000            
median.server.hop.length            1.000000            
var.server.hop.length               0.002000            
std.server.hop.length               0.044721            
flow.info                                               
min.flows.per.link                  0                   
max.flows.per.link                  10                  
mean.flows.per.link                 1.802941            
median.flows.per.link               1.000000            
var.flows.per.link                  2.791161            
std.flows.per.link                  1.670677            
connected.nonzero.flows.over.bottleneck.flow 7371.200000         
connected.flows.over.bottleneck.flow 7398.400000         
connected.nonzero.flows.over.mean.flow 40884.306688        
connected.flows.over.mean.flow      41035.171289        
#Server hop length histogram (server hop path length, number of occurrences)
h    0         1
h    1       499
#Path length histogram (path length, number of occurrences)
p    0         1
p    2         7
p    4        22
p    5       470
#Flows histogram (number of flows, number of uni-directional links with this many flows)
f    0       286
f    1       415
f    2       320
f    3       160
f    4        87
f    5        38
f    6        24
f    7        17
f    8         3
f    9         8
f   10         2
DEBUG flag is on.
