DEBUG flag is on.
Constructing electric Network
All connections in the topology seem consistent!!!
Wrote stats to file: ./megafly_p10_a20_h10_min_sequential_fr0.00_seed99.2026.05.12.12.47.dat
inrflow.version                     v0.4.1              
network                                                 
topology                            megafly             
p                                   20                  
topo.version                        v0.1                
n.servers                           10100               
n.switches                          2020                
switch.radix                        20                  
n.links                             50500               
n.cables                            25250               
p.cable.failures                    0.000000            
n.cable.failures                    0                   
n.server.pairs.NN                   102010000           
n.server.pairs.NN-1                 101999900           
routing.algorithm                   min                 
max_paths                           0                   
traffic                                                 
pattern                             random              
nrndflows                           10000               
n.flows                             10000               
n.flows.delivered                   10000               
p.flows.connected                   100.000000          
placement.strategy                  sequential          
miscelanea                                              
r.seed                              99                  
started.at.y.m.d.h.m                2026.05.12.12.47    
on machine                          pop-os              
runtime                             0.000000            
path.info                                               
min.link.path.length                2                   
max.link.path.length                5                   
mean.link.path.length               4.983700            
median.link.path.length             5.000000            
var.link.path.length                0.026237            
std.link.path.length                0.161978            
hop.info                                                
min.server.hop.length               1                   
max.server.hop.length               1                   
mean.server.hop.length              1.000000            
median.server.hop.length            1.000000            
var.server.hop.length               0.000000            
std.server.hop.length               0.000000            
flow.info                                               
min.flows.per.link                  0                   
max.flows.per.link                  10                  
mean.flows.per.link                 0.986871            
median.flows.per.link               1.000000            
var.flows.per.link                  0.989610            
std.flows.per.link                  0.994791            
connected.nonzero.flows.over.bottleneck.flow 10199990.000000     
connected.flows.over.bottleneck.flow 10201000.000000     
connected.nonzero.flows.over.mean.flow 103356842.305917    
connected.flows.over.mean.flow      103367076.669944    
#Server hop length histogram (server hop path length, number of occurrences)
h    1     10000
#Path length histogram (path length, number of occurrences)
p    2        17
p    4       112
p    5      9871
#Flows histogram (number of flows, number of uni-directional links with this many flows)
f    0     18841
f    1     18558
f    2      9170
f    3      2999
f    4       750
f    5       157
f    6        21
f    7         3
f   10         1
DEBUG flag is on.
