DEBUG flag is on.
Constructing electric Network
All connections in the topology seem consistent!!!
Wrote stats to file: ./megafly_p8_a16_h8_min_sequential_fr0.00_seed42.2026.05.12.12.47.dat
inrflow.version                     v0.4.1              
network                                                 
topology                            megafly             
p                                   16                  
topo.version                        v0.1                
n.servers                           4160                
n.switches                          1040                
switch.radix                        16                  
n.links                             20800               
n.cables                            10400               
p.cable.failures                    0.000000            
n.cable.failures                    0                   
n.server.pairs.NN                   17305600            
n.server.pairs.NN-1                 17301440            
routing.algorithm                   min                 
max_paths                           0                   
traffic                                                 
pattern                             random              
nrndflows                           50000               
n.flows                             50000               
n.flows.delivered                   50000               
p.flows.connected                   100.000000          
placement.strategy                  sequential          
miscelanea                                              
r.seed                              42                  
started.at.y.m.d.h.m                2026.05.12.12.47    
on machine                          pop-os              
runtime                             0.000000            
path.info                                               
min.link.path.length                0                   
max.link.path.length                5                   
mean.link.path.length               4.980640            
median.link.path.length             5.000000            
var.link.path.length                0.034026            
std.link.path.length                0.184461            
hop.info                                                
min.server.hop.length               0                   
max.server.hop.length               1                   
mean.server.hop.length              0.999740            
median.server.hop.length            1.000000            
var.server.hop.length               0.000260            
std.server.hop.length               0.016123            
flow.info                                               
min.flows.per.link                  2                   
max.flows.per.link                  30                  
mean.flows.per.link                 11.972692           
median.flows.per.link               12.000000           
var.flows.per.link                  12.044449           
std.flows.per.link                  3.470511            
connected.nonzero.flows.over.bottleneck.flow 576714.666667       
connected.flows.over.bottleneck.flow 576853.333333       
connected.nonzero.flows.over.mean.flow 1445075.138938      
connected.flows.over.mean.flow      1445422.596293      
#Server hop length histogram (server hop path length, number of occurrences)
h    0        13
h    1     49987
#Path length histogram (path length, number of occurrences)
p    0        13
p    2        82
p    4       657
p    5     49248
#Flows histogram (number of flows, number of uni-directional links with this many flows)
f    2        14
f    3        47
f    4       143
f    5       271
f    6       530
f    7       915
f    8      1384
f    9      1798
f   10      2182
f   11      2318
f   12      2299
f   13      2241
f   14      1914
f   15      1549
f   16      1124
f   17       834
f   18       503
f   19       319
f   20       202
f   21        95
f   22        58
f   23        31
f   24        13
f   25         8
f   26         5
f   27         2
f   30         1
DEBUG flag is on.
