DEBUG flag is on.
Constructing electric Network
All connections in the topology seem consistent!!!
Wrote stats to file: ./megafly_p2_a4_h2_min_sequential_fr0.00_seed99.2026.05.12.12.47.dat
inrflow.version                     v0.4.1              
network                                                 
topology                            megafly             
p                                   4                   
topo.version                        v0.1                
n.servers                           20                  
n.switches                          20                  
switch.radix                        4                   
n.links                             100                 
n.cables                            50                  
p.cable.failures                    0.000000            
n.cable.failures                    0                   
n.server.pairs.NN                   400                 
n.server.pairs.NN-1                 380                 
routing.algorithm                   min                 
max_paths                           0                   
traffic                                                 
pattern                             hotregion           
nhotrflows                          100                 
n.flows                             100                 
n.flows.delivered                   100                 
p.flows.connected                   100.000000          
placement.strategy                  sequential          
miscelanea                                              
r.seed                              99                  
started.at.y.m.d.h.m                2026.05.12.12.47    
on machine                          pop-os              
runtime                             0.000000            
path.info                                               
min.link.path.length                0                   
max.link.path.length                5                   
mean.link.path.length               4.480000            
median.link.path.length             5.000000            
var.link.path.length                1.403636            
std.link.path.length                1.184752            
hop.info                                                
min.server.hop.length               0                   
max.server.hop.length               1                   
mean.server.hop.length              0.970000            
median.server.hop.length            1.000000            
var.server.hop.length               0.029394            
std.server.hop.length               0.171447            
flow.info                                               
min.flows.per.link                  0                   
max.flows.per.link                  24                  
mean.flows.per.link                 4.480000            
median.flows.per.link               4.000000            
var.flows.per.link                  18.090505           
std.flows.per.link                  4.253293            
connected.nonzero.flows.over.bottleneck.flow 15.833333           
connected.flows.over.bottleneck.flow 16.666667           
connected.nonzero.flows.over.mean.flow 84.821429           
connected.flows.over.mean.flow      89.285714           
#Server hop length histogram (server hop path length, number of occurrences)
h    0         3
h    1        97
#Path length histogram (path length, number of occurrences)
p    0         3
p    2         9
p    4        10
p    5        78
#Flows histogram (number of flows, number of uni-directional links with this many flows)
f    0         7
f    1         6
f    2        18
f    3        17
f    4        23
f    5         4
f    6         9
f    7         3
f    8         6
f    9         1
f   12         1
f   15         1
f   17         1
f   20         1
f   23         1
f   24         1
DEBUG flag is on.
