DEBUG flag is on.
Constructing electric Network
All connections in the topology seem consistent!!!
Wrote stats to file: ./megafly_p10_a20_h10_min_sequential_fr0.00_seed99.2026.05.12.12.47.dat
inrflow.version                     v0.4.1              
network                                                 
topology                            megafly             
p                                   20                  
topo.version                        v0.1                
n.servers                           10100               
n.switches                          2020                
switch.radix                        20                  
n.links                             50500               
n.cables                            25250               
p.cable.failures                    0.000000            
n.cable.failures                    0                   
n.server.pairs.NN                   102010000           
n.server.pairs.NN-1                 101999900           
routing.algorithm                   min                 
max_paths                           0                   
traffic                                                 
pattern                             random              
nrndflows                           50000               
n.flows                             50000               
n.flows.delivered                   50000               
p.flows.connected                   100.000000          
placement.strategy                  sequential          
miscelanea                                              
r.seed                              99                  
started.at.y.m.d.h.m                2026.05.12.12.47    
on machine                          pop-os              
runtime                             0.000000            
path.info                                               
min.link.path.length                0                   
max.link.path.length                5                   
mean.link.path.length               4.987340            
median.link.path.length             5.000000            
var.link.path.length                0.019860            
std.link.path.length                0.140926            
hop.info                                                
min.server.hop.length               0                   
max.server.hop.length               1                   
mean.server.hop.length              0.999920            
median.server.hop.length            1.000000            
var.server.hop.length               0.000080            
std.server.hop.length               0.008944            
flow.info                                               
min.flows.per.link                  0                   
max.flows.per.link                  19                  
mean.flows.per.link                 4.937960            
median.flows.per.link               5.000000            
var.flows.per.link                  4.927952            
std.flows.per.link                  2.219899            
connected.nonzero.flows.over.bottleneck.flow 5368415.789474      
connected.flows.over.bottleneck.flow 5368947.368421      
connected.nonzero.flows.over.mean.flow 20656281.504770     
connected.flows.over.mean.flow      20658326.883669     
#Server hop length histogram (server hop path length, number of occurrences)
h    0         4
h    1     49996
#Path length histogram (path length, number of occurrences)
p    0         4
p    2        48
p    4       469
p    5     49479
#Flows histogram (number of flows, number of uni-directional links with this many flows)
f    0       338
f    1      1737
f    2      4521
f    3      7275
f    4      8915
f    5      8851
f    6      7361
f    7      5097
f    8      3177
f    9      1711
f   10       901
f   11       363
f   12       152
f   13        70
f   14        23
f   15         3
f   16         3
f   17         1
f   19         1
DEBUG flag is on.
