DEBUG flag is on.
Constructing electric Network
All connections in the topology seem consistent!!!
Wrote stats to file: ./megafly_p4_a8_h4_min_sequential_fr0.00_seed99.2026.05.12.12.47.dat
inrflow.version                     v0.4.1              
network                                                 
topology                            megafly             
p                                   8                   
topo.version                        v0.1                
n.servers                           272                 
n.switches                          136                 
switch.radix                        8                   
n.links                             1360                
n.cables                            680                 
p.cable.failures                    0.000000            
n.cable.failures                    0                   
n.server.pairs.NN                   73984               
n.server.pairs.NN-1                 73712               
routing.algorithm                   min                 
max_paths                           0                   
traffic                                                 
pattern                             hotregion           
nhotrflows                          10                  
n.flows                             10                  
n.flows.delivered                   10                  
p.flows.connected                   100.000000          
placement.strategy                  sequential          
miscelanea                                              
r.seed                              99                  
started.at.y.m.d.h.m                2026.05.12.12.47    
on machine                          pop-os              
runtime                             0.000000            
path.info                                               
min.link.path.length                4                   
max.link.path.length                5                   
mean.link.path.length               4.800000            
median.link.path.length             5.000000            
var.link.path.length                0.177778            
std.link.path.length                0.421637            
hop.info                                                
min.server.hop.length               1                   
max.server.hop.length               1                   
mean.server.hop.length              1.000000            
median.server.hop.length            1.000000            
var.server.hop.length               0.000000            
std.server.hop.length               0.000000            
flow.info                                               
min.flows.per.link                  0                   
max.flows.per.link                  1                   
mean.flows.per.link                 0.035294            
median.flows.per.link               0.000000            
var.flows.per.link                  0.034073            
std.flows.per.link                  0.184590            
connected.nonzero.flows.over.bottleneck.flow 73712.000000        
connected.flows.over.bottleneck.flow 73984.000000        
connected.nonzero.flows.over.mean.flow 2088506.666667      
connected.flows.over.mean.flow      2096213.333333      
#Server hop length histogram (server hop path length, number of occurrences)
h    1        10
#Path length histogram (path length, number of occurrences)
p    4         2
p    5         8
#Flows histogram (number of flows, number of uni-directional links with this many flows)
f    0      1312
f    1        48
DEBUG flag is on.
