DEBUG flag is on.
Constructing electric Network
All connections in the topology seem consistent!!!
Wrote stats to file: ./megafly_p2_a4_h2_min_sequential_fr0.00_seed42.2026.05.12.12.47.dat
inrflow.version                     v0.4.1              
network                                                 
topology                            megafly             
p                                   4                   
topo.version                        v0.1                
n.servers                           20                  
n.switches                          20                  
switch.radix                        4                   
n.links                             100                 
n.cables                            50                  
p.cable.failures                    0.000000            
n.cable.failures                    0                   
n.server.pairs.NN                   400                 
n.server.pairs.NN-1                 380                 
routing.algorithm                   min                 
max_paths                           0                   
traffic                                                 
pattern                             random              
nrndflows                           100000              
n.flows                             100000              
n.flows.delivered                   100000              
p.flows.connected                   100.000000          
placement.strategy                  sequential          
miscelanea                                              
r.seed                              42                  
started.at.y.m.d.h.m                2026.05.12.12.47    
on machine                          pop-os              
runtime                             1.000000            
path.info                                               
min.link.path.length                0                   
max.link.path.length                5                   
mean.link.path.length               4.503580            
median.link.path.length             5.000000            
var.link.path.length                1.541923            
std.link.path.length                1.241742            
hop.info                                                
min.server.hop.length               0                   
max.server.hop.length               1                   
mean.server.hop.length              0.950110            
median.server.hop.length            1.000000            
var.server.hop.length               0.047401            
std.server.hop.length               0.217719            
flow.info                                               
min.flows.per.link                  3836                
max.flows.per.link                  5129                
mean.flows.per.link                 4503.580000         
median.flows.per.link               4713.000000         
var.flows.per.link                  182735.296566       
std.flows.per.link                  427.475492          
connected.nonzero.flows.over.bottleneck.flow 0.074089            
connected.flows.over.bottleneck.flow 0.077988            
connected.nonzero.flows.over.mean.flow 0.084377            
connected.flows.over.mean.flow      0.088818            
#Server hop length histogram (server hop path length, number of occurrences)
h    0      4989
h    1     95011
#Path length histogram (path length, number of occurrences)
p    0      4989
p    2      4902
p    4      9991
p    5     80118
#Flows histogram (number of flows, number of uni-directional links with this many flows)
f 3836         1
f 3874         1
f 3903         1
f 3913         1
f 3926         1
f 3929         1
f 3932         1
f 3936         1
f 3938         1
f 3940         1
f 3943         1
f 3946         1
f 3947         1
f 3965         1
f 3966         1
f 3975         1
f 3985         1
f 3986         1
f 4000         1
f 4004         1
f 4014         1
f 4015         1
f 4017         1
f 4018         1
f 4024         1
f 4031         1
f 4033         1
f 4040         1
f 4057         1
f 4060         1
f 4069         1
f 4071         1
f 4074         1
f 4080         1
f 4084         1
f 4091         1
f 4098         1
f 4118         1
f 4122         1
f 4142         1
f 4592         1
f 4634         1
f 4642         1
f 4664         1
f 4695         1
f 4698         1
f 4704         2
f 4708         1
f 4713         2
f 4715         1
f 4719         1
f 4725         1
f 4730         1
f 4731         1
f 4735         1
f 4740         1
f 4745         1
f 4746         1
f 4747         1
f 4748         1
f 4762         2
f 4763         1
f 4766         1
f 4767         1
f 4779         2
f 4783         1
f 4788         1
f 4801         1
f 4810         1
f 4822         1
f 4826         2
f 4828         1
f 4846         1
f 4848         1
f 4868         1
f 4905         1
f 4918         1
f 4949         2
f 4972         1
f 4975         1
f 4977         1
f 4998         1
f 5001         1
f 5007         1
f 5012         1
f 5026         1
f 5038         1
f 5048         1
f 5059         1
f 5061         1
f 5065         1
f 5092         1
f 5103         1
f 5129         1
DEBUG flag is on.
