DEBUG flag is on.
Constructing electric Network
All connections in the topology seem consistent!!!
Wrote stats to file: ./megafly_p2_a4_h2_min_sequential_fr0.00_seed99.2026.05.12.12.47.dat
inrflow.version                     v0.4.1              
network                                                 
topology                            megafly             
p                                   4                   
topo.version                        v0.1                
n.servers                           20                  
n.switches                          20                  
switch.radix                        4                   
n.links                             100                 
n.cables                            50                  
p.cable.failures                    0.000000            
n.cable.failures                    0                   
n.server.pairs.NN                   400                 
n.server.pairs.NN-1                 380                 
routing.algorithm                   min                 
max_paths                           0                   
traffic                                                 
pattern                             random              
nrndflows                           50000               
n.flows                             50000               
n.flows.delivered                   50000               
p.flows.connected                   100.000000          
placement.strategy                  sequential          
miscelanea                                              
r.seed                              99                  
started.at.y.m.d.h.m                2026.05.12.12.47    
on machine                          pop-os              
runtime                             0.000000            
path.info                                               
min.link.path.length                0                   
max.link.path.length                5                   
mean.link.path.length               4.494320            
median.link.path.length             5.000000            
var.link.path.length                1.566519            
std.link.path.length                1.251607            
hop.info                                                
min.server.hop.length               0                   
max.server.hop.length               1                   
mean.server.hop.length              0.949060            
median.server.hop.length            1.000000            
var.server.hop.length               0.048346            
std.server.hop.length               0.219877            
flow.info                                               
min.flows.per.link                  1888                
max.flows.per.link                  2644                
mean.flows.per.link                 2247.160000         
median.flows.per.link               2326.500000         
var.flows.per.link                  48439.509495        
std.flows.per.link                  220.089776          
connected.nonzero.flows.over.bottleneck.flow 0.143722            
connected.flows.over.bottleneck.flow 0.151286            
connected.nonzero.flows.over.mean.flow 0.169102            
connected.flows.over.mean.flow      0.178002            
#Server hop length histogram (server hop path length, number of occurrences)
h    0      2547
h    1     47453
#Path length histogram (path length, number of occurrences)
p    0      2547
p    2      2481
p    4      5106
p    5     39866
#Flows histogram (number of flows, number of uni-directional links with this many flows)
f 1888         1
f 1928         1
f 1935         1
f 1936         1
f 1953         1
f 1957         3
f 1959         1
f 1963         1
f 1967         1
f 1968         1
f 1969         1
f 1970         1
f 1974         1
f 1975         1
f 1978         1
f 1980         2
f 1981         1
f 1985         3
f 1987         2
f 1992         1
f 2013         1
f 2023         1
f 2025         1
f 2028         1
f 2032         1
f 2034         1
f 2037         1
f 2042         1
f 2052         2
f 2053         1
f 2064         1
f 2099         1
f 2109         1
f 2264         1
f 2266         1
f 2307         1
f 2314         1
f 2318         3
f 2322         1
f 2323         1
f 2325         1
f 2328         1
f 2330         1
f 2332         2
f 2333         1
f 2337         1
f 2338         1
f 2355         1
f 2357         1
f 2363         1
f 2365         1
f 2367         1
f 2369         1
f 2376         1
f 2385         1
f 2389         1
f 2391         1
f 2408         1
f 2414         1
f 2415         1
f 2418         1
f 2422         1
f 2424         1
f 2431         1
f 2433         1
f 2434         1
f 2435         1
f 2437         1
f 2438         1
f 2444         1
f 2445         1
f 2447         1
f 2467         1
f 2472         1
f 2474         1
f 2475         1
f 2488         2
f 2491         2
f 2508         1
f 2525         1
f 2531         1
f 2540         1
f 2543         2
f 2545         1
f 2563         1
f 2602         1
f 2644         1
DEBUG flag is on.
