DEBUG flag is on.
Constructing electric Network
All connections in the topology seem consistent!!!
Wrote stats to file: ./megafly_p10_a20_h10_min_sequential_fr0.00_seed42.2026.05.12.12.47.dat
inrflow.version                     v0.4.1              
network                                                 
topology                            megafly             
p                                   20                  
topo.version                        v0.1                
n.servers                           10100               
n.switches                          2020                
switch.radix                        20                  
n.links                             50500               
n.cables                            25250               
p.cable.failures                    0.000000            
n.cable.failures                    0                   
n.server.pairs.NN                   102010000           
n.server.pairs.NN-1                 101999900           
routing.algorithm                   min                 
max_paths                           0                   
traffic                                                 
pattern                             random              
nrndflows                           50000               
n.flows                             50000               
n.flows.delivered                   50000               
p.flows.connected                   100.000000          
placement.strategy                  sequential          
miscelanea                                              
r.seed                              42                  
started.at.y.m.d.h.m                2026.05.12.12.47    
on machine                          pop-os              
runtime                             0.000000            
path.info                                               
min.link.path.length                0                   
max.link.path.length                5                   
mean.link.path.length               4.987840            
median.link.path.length             5.000000            
var.link.path.length                0.018533            
std.link.path.length                0.136134            
hop.info                                                
min.server.hop.length               0                   
max.server.hop.length               1                   
mean.server.hop.length              0.999980            
median.server.hop.length            1.000000            
var.server.hop.length               0.000020            
std.server.hop.length               0.004472            
flow.info                                               
min.flows.per.link                  0                   
max.flows.per.link                  18                  
mean.flows.per.link                 4.938455            
median.flows.per.link               5.000000            
var.flows.per.link                  4.963439            
std.flows.per.link                  2.227878            
connected.nonzero.flows.over.bottleneck.flow 5666661.111111      
connected.flows.over.bottleneck.flow 5667222.222222      
connected.nonzero.flows.over.mean.flow 20654210.840765     
connected.flows.over.mean.flow      20656256.014628     
#Server hop length histogram (server hop path length, number of occurrences)
h    0         1
h    1     49999
#Path length histogram (path length, number of occurrences)
p    0         1
p    2        51
p    4       450
p    5     49498
#Flows histogram (number of flows, number of uni-directional links with this many flows)
f    0       366
f    1      1821
f    2      4403
f    3      7310
f    4      8789
f    5      8900
f    6      7401
f    7      5118
f    8      3191
f    9      1698
f   10       834
f   11       397
f   12       163
f   13        74
f   14        20
f   15        10
f   16         4
f   18         1
DEBUG flag is on.
