DEBUG flag is on.
Constructing electric Network
All connections in the topology seem consistent!!!
Wrote stats to file: ./megafly_p2_a4_h2_min_sequential_fr0.00_seed13.2026.05.12.12.47.dat
inrflow.version                     v0.4.1              
network                                                 
topology                            megafly             
p                                   4                   
topo.version                        v0.1                
n.servers                           20                  
n.switches                          20                  
switch.radix                        4                   
n.links                             100                 
n.cables                            50                  
p.cable.failures                    0.000000            
n.cable.failures                    0                   
n.server.pairs.NN                   400                 
n.server.pairs.NN-1                 380                 
routing.algorithm                   min                 
max_paths                           0                   
traffic                                                 
pattern                             random              
nrndflows                           100000              
n.flows                             100000              
n.flows.delivered                   100000              
p.flows.connected                   100.000000          
placement.strategy                  sequential          
miscelanea                                              
r.seed                              13                  
started.at.y.m.d.h.m                2026.05.12.12.47    
on machine                          pop-os              
runtime                             0.000000            
path.info                                               
min.link.path.length                0                   
max.link.path.length                5                   
mean.link.path.length               4.501970            
median.link.path.length             5.000000            
var.link.path.length                1.548592            
std.link.path.length                1.244424            
hop.info                                                
min.server.hop.length               0                   
max.server.hop.length               1                   
mean.server.hop.length              0.949720            
median.server.hop.length            1.000000            
var.server.hop.length               0.047752            
std.server.hop.length               0.218523            
flow.info                                               
min.flows.per.link                  3893                
max.flows.per.link                  5121                
mean.flows.per.link                 4501.970000         
median.flows.per.link               4689.500000         
var.flows.per.link                  178392.009192       
std.flows.per.link                  422.364782          
connected.nonzero.flows.over.bottleneck.flow 0.074204            
connected.flows.over.bottleneck.flow 0.078110            
connected.nonzero.flows.over.mean.flow 0.084407            
connected.flows.over.mean.flow      0.088850            
#Server hop length histogram (server hop path length, number of occurrences)
h    0      5028
h    1     94972
#Path length histogram (path length, number of occurrences)
p    0      5028
p    2      4883
p    4     10014
p    5     80075
#Flows histogram (number of flows, number of uni-directional links with this many flows)
f 3893         1
f 3906         1
f 3908         1
f 3922         1
f 3925         1
f 3946         2
f 3951         1
f 3954         1
f 3956         1
f 3961         1
f 3968         1
f 3969         1
f 3971         1
f 3990         1
f 4002         1
f 4004         1
f 4005         1
f 4007         1
f 4010         2
f 4014         1
f 4016         1
f 4021         2
f 4025         1
f 4028         1
f 4030         1
f 4037         1
f 4038         1
f 4040         1
f 4044         1
f 4056         1
f 4065         1
f 4073         1
f 4081         1
f 4089         1
f 4100         2
f 4140         1
f 4626         1
f 4627         1
f 4635         1
f 4651         1
f 4656         1
f 4657         1
f 4661         1
f 4666         1
f 4681         2
f 4698         1
f 4709         1
f 4718         1
f 4720         1
f 4727         1
f 4734         1
f 4740         1
f 4741         1
f 4752         1
f 4758         1
f 4765         1
f 4779         2
f 4780         2
f 4782         1
f 4784         1
f 4792         1
f 4795         1
f 4798         2
f 4799         1
f 4804         1
f 4805         1
f 4818         1
f 4819         1
f 4847         1
f 4854         1
f 4860         1
f 4868         1
f 4897         1
f 4923         1
f 4940         1
f 4957         1
f 4971         1
f 4972         1
f 4973         1
f 4975         2
f 4990         1
f 4999         1
f 5004         1
f 5008         1
f 5012         1
f 5026         1
f 5033         1
f 5062         1
f 5092         1
f 5101         1
f 5121         1
DEBUG flag is on.
