DEBUG flag is on.
Constructing electric Network
All connections in the topology seem consistent!!!
Wrote stats to file: ./megafly_p2_a4_h2_min_sequential_fr0.00_seed13.2026.05.12.12.47.dat
inrflow.version                     v0.4.1              
network                                                 
topology                            megafly             
p                                   4                   
topo.version                        v0.1                
n.servers                           20                  
n.switches                          20                  
switch.radix                        4                   
n.links                             100                 
n.cables                            50                  
p.cable.failures                    0.000000            
n.cable.failures                    0                   
n.server.pairs.NN                   400                 
n.server.pairs.NN-1                 380                 
routing.algorithm                   min                 
max_paths                           0                   
traffic                                                 
pattern                             random              
nrndflows                           50000               
n.flows                             50000               
n.flows.delivered                   50000               
p.flows.connected                   100.000000          
placement.strategy                  sequential          
miscelanea                                              
r.seed                              13                  
started.at.y.m.d.h.m                2026.05.12.12.47    
on machine                          pop-os              
runtime                             0.000000            
path.info                                               
min.link.path.length                0                   
max.link.path.length                5                   
mean.link.path.length               4.510640            
median.link.path.length             5.000000            
var.link.path.length                1.518757            
std.link.path.length                1.232379            
hop.info                                                
min.server.hop.length               0                   
max.server.hop.length               1                   
mean.server.hop.length              0.951060            
median.server.hop.length            1.000000            
var.server.hop.length               0.046546            
std.server.hop.length               0.215745            
flow.info                                               
min.flows.per.link                  1894                
max.flows.per.link                  2554                
mean.flows.per.link                 2255.320000         
median.flows.per.link               2353.500000         
var.flows.per.link                  45908.926869        
std.flows.per.link                  214.263685          
connected.nonzero.flows.over.bottleneck.flow 0.148786            
connected.flows.over.bottleneck.flow 0.156617            
connected.nonzero.flows.over.mean.flow 0.168491            
connected.flows.over.mean.flow      0.177358            
#Server hop length histogram (server hop path length, number of occurrences)
h    0      2447
h    1     47553
#Path length histogram (path length, number of occurrences)
p    0      2447
p    2      2417
p    4      4982
p    5     40154
#Flows histogram (number of flows, number of uni-directional links with this many flows)
f 1894         1
f 1925         1
f 1942         1
f 1958         1
f 1961         1
f 1966         1
f 1967         1
f 1974         1
f 1977         1
f 1980         1
f 1982         1
f 1987         2
f 1989         1
f 1993         1
f 2000         1
f 2003         2
f 2006         2
f 2008         1
f 2009         2
f 2011         2
f 2021         1
f 2022         1
f 2023         1
f 2033         1
f 2037         1
f 2038         1
f 2040         3
f 2042         1
f 2050         1
f 2051         1
f 2072         1
f 2080         1
f 2086         1
f 2286         1
f 2306         1
f 2317         1
f 2319         1
f 2328         1
f 2338         1
f 2343         2
f 2348         1
f 2350         1
f 2357         1
f 2358         1
f 2361         1
f 2365         2
f 2366         1
f 2368         1
f 2369         2
f 2377         1
f 2379         1
f 2380         1
f 2381         1
f 2382         1
f 2386         2
f 2388         1
f 2392         1
f 2394         1
f 2395         1
f 2400         1
f 2402         1
f 2403         1
f 2420         1
f 2429         1
f 2433         1
f 2440         1
f 2442         1
f 2447         1
f 2449         1
f 2454         1
f 2463         1
f 2470         1
f 2477         1
f 2478         1
f 2492         1
f 2500         1
f 2509         1
f 2513         1
f 2515         1
f 2520         1
f 2521         1
f 2532         2
f 2534         1
f 2535         1
f 2548         1
f 2549         1
f 2552         1
f 2554         1
DEBUG flag is on.
