DEBUG flag is on.
Constructing electric Network
All connections in the topology seem consistent!!!
Wrote stats to file: ./megafly_p2_a4_h2_min_sequential_fr0.00_seed42.2026.05.12.12.47.dat
inrflow.version                     v0.4.1              
network                                                 
topology                            megafly             
p                                   4                   
topo.version                        v0.1                
n.servers                           20                  
n.switches                          20                  
switch.radix                        4                   
n.links                             100                 
n.cables                            50                  
p.cable.failures                    0.000000            
n.cable.failures                    0                   
n.server.pairs.NN                   400                 
n.server.pairs.NN-1                 380                 
routing.algorithm                   min                 
max_paths                           0                   
traffic                                                 
pattern                             random              
nrndflows                           10000               
n.flows                             10000               
n.flows.delivered                   10000               
p.flows.connected                   100.000000          
placement.strategy                  sequential          
miscelanea                                              
r.seed                              42                  
started.at.y.m.d.h.m                2026.05.12.12.47    
on machine                          pop-os              
runtime                             0.000000            
path.info                                               
min.link.path.length                0                   
max.link.path.length                5                   
mean.link.path.length               4.500700            
median.link.path.length             5.000000            
var.link.path.length                1.557955            
std.link.path.length                1.248181            
hop.info                                                
min.server.hop.length               0                   
max.server.hop.length               1                   
mean.server.hop.length              0.948800            
median.server.hop.length            1.000000            
var.server.hop.length               0.048583            
std.server.hop.length               0.220416            
flow.info                                               
min.flows.per.link                  367                 
max.flows.per.link                  527                 
mean.flows.per.link                 450.070000          
median.flows.per.link               458.000000          
var.flows.per.link                  2066.934444         
std.flows.per.link                  45.463551           
connected.nonzero.flows.over.bottleneck.flow 0.721063            
connected.flows.over.bottleneck.flow 0.759013            
connected.nonzero.flows.over.mean.flow 0.844313            
connected.flows.over.mean.flow      0.888751            
#Server hop length histogram (server hop path length, number of occurrences)
h    0       512
h    1      9488
#Path length histogram (path length, number of occurrences)
p    0       512
p    2       473
p    4      1014
p    5      8001
#Flows histogram (number of flows, number of uni-directional links with this many flows)
f  367         1
f  369         1
f  372         1
f  374         1
f  376         1
f  377         1
f  379         1
f  387         2
f  388         1
f  389         1
f  392         2
f  393         1
f  395         1
f  397         2
f  398         1
f  399         2
f  400         1
f  402         1
f  404         2
f  405         3
f  407         1
f  409         1
f  411         1
f  412         1
f  413         1
f  414         1
f  424         1
f  428         1
f  433         1
f  434         1
f  436         3
f  443         1
f  445         1
f  446         1
f  449         1
f  451         1
f  452         1
f  454         1
f  456         1
f  457         2
f  459         1
f  460         1
f  464         1
f  465         1
f  466         1
f  467         1
f  469         3
f  472         2
f  473         2
f  474         1
f  475         1
f  476         2
f  477         2
f  478         1
f  480         1
f  481         1
f  483         2
f  485         3
f  487         1
f  488         3
f  489         1
f  496         1
f  502         2
f  507         3
f  508         1
f  511         1
f  512         1
f  514         2
f  516         1
f  517         2
f  519         1
f  520         1
f  523         1
f  527         1
DEBUG flag is on.
