DEBUG flag is on.
Constructing electric Network
All connections in the topology seem consistent!!!
Wrote stats to file: ./megafly_p4_a8_h4_min_sequential_fr0.00_seed99.2026.05.12.12.47.dat
inrflow.version                     v0.4.1              
network                                                 
topology                            megafly             
p                                   8                   
topo.version                        v0.1                
n.servers                           272                 
n.switches                          136                 
switch.radix                        8                   
n.links                             1360                
n.cables                            680                 
p.cable.failures                    0.000000            
n.cable.failures                    0                   
n.server.pairs.NN                   73984               
n.server.pairs.NN-1                 73712               
routing.algorithm                   min                 
max_paths                           0                   
traffic                                                 
pattern                             hotregion           
nhotrflows                          500                 
n.flows                             500                 
n.flows.delivered                   500                 
p.flows.connected                   100.000000          
placement.strategy                  sequential          
miscelanea                                              
r.seed                              99                  
started.at.y.m.d.h.m                2026.05.12.12.47    
on machine                          pop-os              
runtime                             0.000000            
path.info                                               
min.link.path.length                0                   
max.link.path.length                5                   
mean.link.path.length               4.906000            
median.link.path.length             5.000000            
var.link.path.length                0.253671            
std.link.path.length                0.503658            
hop.info                                                
min.server.hop.length               0                   
max.server.hop.length               1                   
mean.server.hop.length              0.994000            
median.server.hop.length            1.000000            
var.server.hop.length               0.005976            
std.server.hop.length               0.077304            
flow.info                                               
min.flows.per.link                  0                   
max.flows.per.link                  11                  
mean.flows.per.link                 1.803676            
median.flows.per.link               1.000000            
var.flows.per.link                  2.690641            
std.flows.per.link                  1.640317            
connected.nonzero.flows.over.bottleneck.flow 6701.090909         
connected.flows.over.bottleneck.flow 6725.818182         
connected.nonzero.flows.over.mean.flow 40867.639625        
connected.flows.over.mean.flow      41018.442723        
#Server hop length histogram (server hop path length, number of occurrences)
h    0         3
h    1       497
#Path length histogram (path length, number of occurrences)
p    0         3
p    2         4
p    4        20
p    5       473
#Flows histogram (number of flows, number of uni-directional links with this many flows)
f    0       267
f    1       438
f    2       311
f    3       177
f    4        77
f    5        39
f    6        22
f    7        14
f    8         9
f    9         4
f   10         1
f   11         1
DEBUG flag is on.
