DEBUG flag is on.
Constructing electric Network
All connections in the topology seem consistent!!!
Wrote stats to file: ./megafly_p8_a16_h8_min_sequential_fr0.00_seed99.2026.05.12.12.47.dat
inrflow.version                     v0.4.1              
network                                                 
topology                            megafly             
p                                   16                  
topo.version                        v0.1                
n.servers                           4160                
n.switches                          1040                
switch.radix                        16                  
n.links                             20800               
n.cables                            10400               
p.cable.failures                    0.000000            
n.cable.failures                    0                   
n.server.pairs.NN                   17305600            
n.server.pairs.NN-1                 17301440            
routing.algorithm                   min                 
max_paths                           0                   
traffic                                                 
pattern                             hotregion           
nhotrflows                          100                 
n.flows                             100                 
n.flows.delivered                   100                 
p.flows.connected                   100.000000          
placement.strategy                  sequential          
miscelanea                                              
r.seed                              99                  
started.at.y.m.d.h.m                2026.05.12.12.47    
on machine                          pop-os              
runtime                             0.000000            
path.info                                               
min.link.path.length                4                   
max.link.path.length                5                   
mean.link.path.length               4.970000            
median.link.path.length             5.000000            
var.link.path.length                0.029394            
std.link.path.length                0.171447            
hop.info                                                
min.server.hop.length               1                   
max.server.hop.length               1                   
mean.server.hop.length              1.000000            
median.server.hop.length            1.000000            
var.server.hop.length               0.000000            
std.server.hop.length               0.000000            
flow.info                                               
min.flows.per.link                  0                   
max.flows.per.link                  2                   
mean.flows.per.link                 0.023894            
median.flows.per.link               0.000000            
var.flows.per.link                  0.023901            
std.flows.per.link                  0.154601            
connected.nonzero.flows.over.bottleneck.flow 8650720.000000      
connected.flows.over.bottleneck.flow 8652800.000000      
connected.nonzero.flows.over.mean.flow 724084410.462777    
connected.flows.over.mean.flow      724258511.066398    
#Server hop length histogram (server hop path length, number of occurrences)
h    1       100
#Path length histogram (path length, number of occurrences)
p    4         3
p    5        97
#Flows histogram (number of flows, number of uni-directional links with this many flows)
f    0     20309
f    1       485
f    2         6
DEBUG flag is on.
