DEBUG flag is on.
param_delta_final: 1
switches: 578 
p: 13 
servers: 7514 
x[0]=1
x[1]=2
x[2]=4
x[3]=8
x[4]=9
x[5]=13
x[6]=15
x[7]=16
x[0]=3
x[1]=5
x[2]=6
x[3]=7
x[4]=10
x[5]=11
x[6]=12
x[7]=14
Constructing electric Network
All connections in the topology seem consistent!!!
Wrote stats to file: ./slimfly_p13_a17_h17_min_sequential_fr0.00_seed99.2026.05.12.12.47.dat
inrflow.version                     v0.4.1              
network                                                 
topology                            slimfly             
p                                   17                  
topo.version                        v0.1                
n.servers                           7514                
n.switches                          578                 
switch.radix                        38                  
n.links                             29478               
n.cables                            14739               
p.cable.failures                    0.000000            
n.cable.failures                    0                   
n.server.pairs.NN                   56460196            
n.server.pairs.NN-1                 56452682            
routing.algorithm                   min                 
max_paths                           0                   
traffic                                                 
pattern                             hotregion           
nhotrflows                          100                 
n.flows                             100                 
n.flows.delivered                   100                 
p.flows.connected                   100.000000          
placement.strategy                  sequential          
miscelanea                                              
r.seed                              99                  
started.at.y.m.d.h.m                2026.05.12.12.47    
on machine                          pop-os              
runtime                             0.000000            
path.info                                               
min.link.path.length                3                   
max.link.path.length                4                   
mean.link.path.length               3.940000            
median.link.path.length             4.000000            
var.link.path.length                0.056970            
std.link.path.length                0.238683            
hop.info                                                
min.server.hop.length               1                   
max.server.hop.length               1                   
mean.server.hop.length              1.000000            
median.server.hop.length            1.000000            
var.server.hop.length               0.000000            
std.server.hop.length               0.000000            
flow.info                                               
min.flows.per.link                  0                   
max.flows.per.link                  1                   
mean.flows.per.link                 0.013366            
median.flows.per.link               0.000000            
var.flows.per.link                  0.013188            
std.flows.per.link                  0.114838            
connected.nonzero.flows.over.bottleneck.flow 56452682.000000     
connected.flows.over.bottleneck.flow 56460196.000000     
connected.nonzero.flows.over.mean.flow 4223634923.847715   
connected.flows.over.mean.flow      4224197100.730964   
#Server hop length histogram (server hop path length, number of occurrences)
h    1       100
#Path length histogram (path length, number of occurrences)
p    3         6
p    4        94
#Flows histogram (number of flows, number of uni-directional links with this many flows)
f    0     29084
f    1       394
DEBUG flag is on.
