DEBUG flag is on.
param_delta_final: -1
switches: 18 
p: 3 
servers: 54 
x[0]=1
x[1]=2
x[0]=1
x[1]=2
Constructing electric Network
All connections in the topology seem consistent!!!
Wrote stats to file: ./slimfly_p3_a3_h3_min_sequential_fr0.00_seed42.2026.05.12.12.47.dat
inrflow.version                     v0.4.1              
network                                                 
topology                            slimfly             
p                                   3                   
topo.version                        v0.1                
n.servers                           54                  
n.switches                          18                  
switch.radix                        8                   
n.links                             198                 
n.cables                            99                  
p.cable.failures                    0.000000            
n.cable.failures                    0                   
n.server.pairs.NN                   2916                
n.server.pairs.NN-1                 2862                
routing.algorithm                   min                 
max_paths                           0                   
traffic                                                 
pattern                             random              
nrndflows                           50000               
n.flows                             50000               
n.flows.delivered                   50000               
p.flows.connected                   100.000000          
placement.strategy                  sequential          
miscelanea                                              
r.seed                              42                  
started.at.y.m.d.h.m                2026.05.12.12.47    
on machine                          pop-os              
runtime                             0.000000            
path.info                                               
min.link.path.length                0                   
max.link.path.length                4                   
mean.link.path.length               3.575260            
median.link.path.length             4.000000            
var.link.path.length                0.534827            
std.link.path.length                0.731318            
hop.info                                                
min.server.hop.length               0                   
max.server.hop.length               1                   
mean.server.hop.length              0.982060            
median.server.hop.length            1.000000            
var.server.hop.length               0.017619            
std.server.hop.length               0.132735            
flow.info                                               
min.flows.per.link                  567                 
max.flows.per.link                  1167                
mean.flows.per.link                 902.843434          
median.flows.per.link               913.000000          
var.flows.per.link                  24554.802774        
std.flows.per.link                  156.699722          
connected.nonzero.flows.over.bottleneck.flow 2.452442            
connected.flows.over.bottleneck.flow 2.498715            
connected.nonzero.flows.over.mean.flow 3.169985            
connected.flows.over.mean.flow      3.229796            
#Server hop length histogram (server hop path length, number of occurrences)
h    0       897
h    1     49103
#Path length histogram (path length, number of occurrences)
p    0       897
p    2      1880
p    3     13889
p    4     33334
#Flows histogram (number of flows, number of uni-directional links with this many flows)
f  567         1
f  573         1
f  581         1
f  582         1
f  586         2
f  598         2
f  601         1
f  603         1
f  604         1
f  606         1
f  607         2
f  608         1
f  613         1
f  615         1
f  620         1
f  621         2
f  622         2
f  623         1
f  626         2
f  628         2
f  632         1
f  637         1
f  638         1
f  641         2
f  650         1
f  653         1
f  655         1
f  670         1
f  847         2
f  848         1
f  852         1
f  857         1
f  863         1
f  864         1
f  866         1
f  867         1
f  870         1
f  871         1
f  872         3
f  875         1
f  876         1
f  877         1
f  878         1
f  881         1
f  883         1
f  886         2
f  887         2
f  888         1
f  889         1
f  890         4
f  892         2
f  893         2
f  894         1
f  896         1
f  897         2
f  898         1
f  900         1
f  902         2
f  903         1
f  904         2
f  905         3
f  906         1
f  907         4
f  908         2
f  910         4
f  911         2
f  912         2
f  913         2
f  914         1
f  919         1
f  920         1
f  921         1
f  922         2
f  923         1
f  924         2
f  925         3
f  926         1
f  927         1
f  930         2
f  931         1
f  932         1
f  933         2
f  935         3
f  937         1
f  938         2
f  941         1
f  943         3
f  946         2
f  947         1
f  948         2
f  950         1
f  954         1
f  956         1
f  957         1
f  958         1
f  960         1
f  966         1
f 1011         1
f 1020         2
f 1024         1
f 1038         1
f 1039         1
f 1040         3
f 1041         1
f 1043         1
f 1058         2
f 1059         1
f 1060         1
f 1066         1
f 1071         1
f 1072         3
f 1073         3
f 1074         1
f 1076         1
f 1077         1
f 1078         1
f 1079         1
f 1080         1
f 1083         1
f 1084         3
f 1085         1
f 1086         1
f 1089         2
f 1091         1
f 1096         1
f 1097         1
f 1098         1
f 1099         1
f 1100         3
f 1111         1
f 1116         1
f 1118         1
f 1119         2
f 1128         2
f 1140         1
f 1141         1
f 1167         1
DEBUG flag is on.
