DEBUG flag is on.
param_delta_final: -1
switches: 18 
p: 3 
servers: 54 
x[0]=1
x[1]=2
x[0]=1
x[1]=2
Constructing electric Network
All connections in the topology seem consistent!!!
Wrote stats to file: ./slimfly_p3_a3_h3_min_sequential_fr0.00_seed42.2026.05.12.12.47.dat
inrflow.version                     v0.4.1              
network                                                 
topology                            slimfly             
p                                   3                   
topo.version                        v0.1                
n.servers                           54                  
n.switches                          18                  
switch.radix                        8                   
n.links                             198                 
n.cables                            99                  
p.cable.failures                    0.000000            
n.cable.failures                    0                   
n.server.pairs.NN                   2916                
n.server.pairs.NN-1                 2862                
routing.algorithm                   min                 
max_paths                           0                   
traffic                                                 
pattern                             random              
nrndflows                           10000               
n.flows                             10000               
n.flows.delivered                   10000               
p.flows.connected                   100.000000          
placement.strategy                  sequential          
miscelanea                                              
r.seed                              42                  
started.at.y.m.d.h.m                2026.05.12.12.47    
on machine                          pop-os              
runtime                             0.000000            
path.info                                               
min.link.path.length                0                   
max.link.path.length                4                   
mean.link.path.length               3.577500            
median.link.path.length             4.000000            
var.link.path.length                0.519446            
std.link.path.length                0.720726            
hop.info                                                
min.server.hop.length               0                   
max.server.hop.length               1                   
mean.server.hop.length              0.983600            
median.server.hop.length            1.000000            
var.server.hop.length               0.016133            
std.server.hop.length               0.127014            
flow.info                                               
min.flows.per.link                  104                 
max.flows.per.link                  254                 
mean.flows.per.link                 180.681818          
median.flows.per.link               183.000000          
var.flows.per.link                  1159.101292         
std.flows.per.link                  34.045577           
connected.nonzero.flows.over.bottleneck.flow 11.267717           
connected.flows.over.bottleneck.flow 11.480315           
connected.nonzero.flows.over.mean.flow 15.840000           
connected.flows.over.mean.flow      16.138868           
#Server hop length histogram (server hop path length, number of occurrences)
h    0       164
h    1      9836
#Path length histogram (path length, number of occurrences)
p    0       164
p    2       393
p    3      2783
p    4      6660
#Flows histogram (number of flows, number of uni-directional links with this many flows)
f  104         1
f  105         2
f  106         2
f  107         1
f  113         2
f  114         3
f  115         3
f  116         1
f  122         2
f  123         2
f  125         1
f  126         1
f  127         1
f  128         4
f  129         1
f  130         2
f  132         1
f  133         3
f  136         1
f  137         1
f  138         1
f  154         1
f  157         1
f  161         1
f  162         1
f  164         2
f  165         4
f  166         1
f  167         1
f  168         2
f  169         3
f  170         1
f  171         1
f  172         2
f  173         2
f  174         6
f  175         8
f  176         1
f  177         6
f  178         2
f  179         3
f  180         5
f  181         2
f  182         3
f  183         5
f  184         3
f  185         3
f  186         2
f  187         1
f  188         5
f  189         4
f  190         4
f  191         2
f  192         1
f  193         1
f  194         1
f  195         3
f  197         1
f  199         1
f  200         3
f  201         5
f  202         3
f  203         3
f  204         2
f  205         4
f  206         1
f  207         2
f  208         3
f  209         1
f  210         4
f  211         2
f  212         1
f  213         1
f  215         1
f  216         1
f  217         1
f  218         3
f  220         2
f  221         1
f  222         2
f  223         2
f  224         2
f  225         1
f  226         3
f  227         1
f  228         3
f  229         3
f  234         1
f  240         1
f  246         1
f  247         1
f  254         1
DEBUG flag is on.
