DEBUG flag is on.
param_delta_final: -1
switches: 18 
p: 3 
servers: 54 
x[0]=1
x[1]=2
x[0]=1
x[1]=2
Constructing electric Network
All connections in the topology seem consistent!!!
Wrote stats to file: ./slimfly_p3_a3_h3_min_sequential_fr0.00_seed42.2026.05.12.12.15.dat
inrflow.version                     v0.4.1              
network                                                 
topology                            slimfly             
p                                   3                   
topo.version                        v0.1                
n.servers                           54                  
n.switches                          18                  
switch.radix                        8                   
n.links                             198                 
n.cables                            99                  
p.cable.failures                    0.000000            
n.cable.failures                    0                   
n.server.pairs.NN                   2916                
n.server.pairs.NN-1                 2862                
routing.algorithm                   min                 
max_paths                           0                   
traffic                                                 
pattern                             random              
nrndflows                           5000                
n.flows                             5000                
n.flows.delivered                   5000                
p.flows.connected                   100.000000          
placement.strategy                  sequential          
miscelanea                                              
r.seed                              42                  
started.at.y.m.d.h.m                2026.05.12.12.15    
on machine                          pop-os              
runtime                             0.000000            
path.info                                               
min.link.path.length                0                   
max.link.path.length                4                   
mean.link.path.length               3.573800            
median.link.path.length             4.000000            
var.link.path.length                0.530260            
std.link.path.length                0.728189            
hop.info                                                
min.server.hop.length               0                   
max.server.hop.length               1                   
mean.server.hop.length              0.982800            
median.server.hop.length            1.000000            
var.server.hop.length               0.016908            
std.server.hop.length               0.130029            
flow.info                                               
min.flows.per.link                  45                  
max.flows.per.link                  131                 
mean.flows.per.link                 90.247475           
median.flows.per.link               93.000000           
var.flows.per.link                  339.232862          
std.flows.per.link                  18.418275           
connected.nonzero.flows.over.bottleneck.flow 21.847328           
connected.flows.over.bottleneck.flow 22.259542           
connected.nonzero.flows.over.mean.flow 31.712799           
connected.flows.over.mean.flow      32.311153           
#Server hop length histogram (server hop path length, number of occurrences)
h    0        86
h    1      4914
#Path length histogram (path length, number of occurrences)
p    0        86
p    2       198
p    3      1391
p    4      3325
#Flows histogram (number of flows, number of uni-directional links with this many flows)
f   45         1
f   46         1
f   47         1
f   49         1
f   52         2
f   53         1
f   54         1
f   55         1
f   56         2
f   57         2
f   59         6
f   61         3
f   62         1
f   64         1
f   65         4
f   66         2
f   68         1
f   70         2
f   71         2
f   72         1
f   74         2
f   75         1
f   76         2
f   77         1
f   78         4
f   79         2
f   80         1
f   82         3
f   83         6
f   84         7
f   85         3
f   86         2
f   87         5
f   88         5
f   89         3
f   90         6
f   91         5
f   92         4
f   93         8
f   94         4
f   95         3
f   96         3
f   97         3
f   98        10
f   99         7
f  100         4
f  101         6
f  102         4
f  103         2
f  104         6
f  105         3
f  106         5
f  107         2
f  108         1
f  109         2
f  110         3
f  111         3
f  112         2
f  113         1
f  115         3
f  116         1
f  117         4
f  118         1
f  119         3
f  120         1
f  123         1
f  125         1
f  128         1
f  130         1
f  131         1
DEBUG flag is on.
