DEBUG flag is on.
param_delta_final: 1
switches: 50 
p: 4 
servers: 200 
x[0]=1
x[1]=4
x[0]=2
x[1]=3
Constructing electric Network
All connections in the topology seem consistent!!!
Wrote stats to file: ./slimfly_p4_a5_h5_min_sequential_fr0.00_seed42.2026.05.12.12.47.dat
inrflow.version                     v0.4.1              
network                                                 
topology                            slimfly             
p                                   5                   
topo.version                        v0.1                
n.servers                           200                 
n.switches                          50                  
switch.radix                        11                  
n.links                             750                 
n.cables                            375                 
p.cable.failures                    0.000000            
n.cable.failures                    0                   
n.server.pairs.NN                   40000               
n.server.pairs.NN-1                 39800               
routing.algorithm                   min                 
max_paths                           0                   
traffic                                                 
pattern                             random              
nrndflows                           50000               
n.flows                             50000               
n.flows.delivered                   50000               
p.flows.connected                   100.000000          
placement.strategy                  sequential          
miscelanea                                              
r.seed                              42                  
started.at.y.m.d.h.m                2026.05.12.12.47    
on machine                          pop-os              
runtime                             0.000000            
path.info                                               
min.link.path.length                0                   
max.link.path.length                4                   
mean.link.path.length               3.808840            
median.link.path.length             4.000000            
var.link.path.length                0.247463            
std.link.path.length                0.497456            
hop.info                                                
min.server.hop.length               0                   
max.server.hop.length               1                   
mean.server.hop.length              0.994760            
median.server.hop.length            1.000000            
var.server.hop.length               0.005213            
std.server.hop.length               0.072199            
flow.info                                               
min.flows.per.link                  205                 
max.flows.per.link                  304                 
mean.flows.per.link                 253.922667          
median.flows.per.link               254.000000          
var.flows.per.link                  296.709632          
std.flows.per.link                  17.225261           
connected.nonzero.flows.over.bottleneck.flow 130.921053          
connected.flows.over.bottleneck.flow 131.578947          
connected.nonzero.flows.over.mean.flow 156.740635          
connected.flows.over.mean.flow      157.528276          
#Server hop length histogram (server hop path length, number of occurrences)
h    0       262
h    1     49738
#Path length histogram (path length, number of occurrences)
p    0       262
p    2       749
p    3      7012
p    4     41977
#Flows histogram (number of flows, number of uni-directional links with this many flows)
f  205         1
f  207         2
f  209         1
f  211         2
f  213         3
f  216         2
f  217         2
f  218         1
f  219         4
f  220         1
f  221         2
f  222         2
f  223         4
f  224         2
f  225         5
f  226         7
f  227         7
f  228         6
f  229         8
f  230         6
f  231         6
f  232         5
f  233         7
f  234        12
f  235         7
f  236         9
f  237        12
f  238        14
f  239        10
f  240        16
f  241        15
f  242        11
f  243        21
f  244        11
f  245        13
f  246        19
f  247        21
f  248        18
f  249        12
f  250        12
f  251        23
f  252        11
f  253        13
f  254        16
f  255        16
f  256        13
f  257        19
f  258        14
f  259        22
f  260        14
f  261        15
f  262        23
f  263        15
f  264        15
f  265        14
f  266        14
f  267        11
f  268        14
f  269        11
f  270        10
f  271        13
f  272         8
f  273        13
f  274         5
f  275        11
f  276         5
f  277        11
f  278         5
f  279         6
f  280         7
f  281         4
f  282         3
f  283         2
f  284         3
f  285         4
f  286         5
f  287         2
f  288         2
f  289         5
f  290         2
f  291         1
f  292         1
f  293         1
f  294         1
f  295         2
f  296         1
f  298         2
f  299         1
f  300         1
f  304         1
DEBUG flag is on.
