DEBUG flag is on.
param_delta_final: -1
switches: 18 
p: 3 
servers: 54 
x[0]=1
x[1]=2
x[0]=1
x[1]=2
Constructing electric Network
All connections in the topology seem consistent!!!
Wrote stats to file: ./slimfly_p3_a3_h3_min_sequential_fr0.00_seed13.2026.05.12.12.47.dat
inrflow.version                     v0.4.1              
network                                                 
topology                            slimfly             
p                                   3                   
topo.version                        v0.1                
n.servers                           54                  
n.switches                          18                  
switch.radix                        8                   
n.links                             198                 
n.cables                            99                  
p.cable.failures                    0.000000            
n.cable.failures                    0                   
n.server.pairs.NN                   2916                
n.server.pairs.NN-1                 2862                
routing.algorithm                   min                 
max_paths                           0                   
traffic                                                 
pattern                             random              
nrndflows                           50000               
n.flows                             50000               
n.flows.delivered                   50000               
p.flows.connected                   100.000000          
placement.strategy                  sequential          
miscelanea                                              
r.seed                              13                  
started.at.y.m.d.h.m                2026.05.12.12.47    
on machine                          pop-os              
runtime                             0.000000            
path.info                                               
min.link.path.length                0                   
max.link.path.length                4                   
mean.link.path.length               3.573700            
median.link.path.length             4.000000            
var.link.path.length                0.543539            
std.link.path.length                0.737251            
hop.info                                                
min.server.hop.length               0                   
max.server.hop.length               1                   
mean.server.hop.length              0.981240            
median.server.hop.length            1.000000            
var.server.hop.length               0.018408            
std.server.hop.length               0.135678            
flow.info                                               
min.flows.per.link                  573                 
max.flows.per.link                  1165                
mean.flows.per.link                 902.449495          
median.flows.per.link               916.000000          
var.flows.per.link                  24273.213172        
std.flows.per.link                  155.798630          
connected.nonzero.flows.over.bottleneck.flow 2.456652            
connected.flows.over.bottleneck.flow 2.503004            
connected.nonzero.flows.over.mean.flow 3.171369            
connected.flows.over.mean.flow      3.231206            
#Server hop length histogram (server hop path length, number of occurrences)
h    0       938
h    1     49062
#Path length histogram (path length, number of occurrences)
p    0       938
p    2      1846
p    3     13871
p    4     33345
#Flows histogram (number of flows, number of uni-directional links with this many flows)
f  573         1
f  576         1
f  577         1
f  591         3
f  593         2
f  594         1
f  596         1
f  605         2
f  611         1
f  613         1
f  614         1
f  615         1
f  616         1
f  618         2
f  620         1
f  621         2
f  625         1
f  628         1
f  630         1
f  632         1
f  635         1
f  636         1
f  638         1
f  641         1
f  645         1
f  648         1
f  653         1
f  654         1
f  660         1
f  664         1
f  838         1
f  857         1
f  860         1
f  861         1
f  862         1
f  863         1
f  866         2
f  867         1
f  868         1
f  871         1
f  872         1
f  873         2
f  874         1
f  875         1
f  876         2
f  877         1
f  878         1
f  880         2
f  881         1
f  883         1
f  885         1
f  886         4
f  887         2
f  888         2
f  890         2
f  891         1
f  892         1
f  893         2
f  894         1
f  896         1
f  900         1
f  901         1
f  902         2
f  903         1
f  906         3
f  907         2
f  908         2
f  909         2
f  910         1
f  911         2
f  912         1
f  914         2
f  915         1
f  916         4
f  917         1
f  919         1
f  920         1
f  921         1
f  922         2
f  924         2
f  925         2
f  926         1
f  927         1
f  929         2
f  930         5
f  934         4
f  935         1
f  936         2
f  938         2
f  940         1
f  941         1
f  942         1
f  945         1
f  947         1
f  948         2
f  950         1
f  951         1
f  972         1
f  974         1
f  976         1
f  984         1
f  987         1
f 1029         1
f 1033         2
f 1038         1
f 1044         1
f 1047         1
f 1049         1
f 1051         2
f 1053         1
f 1055         2
f 1056         1
f 1058         1
f 1060         2
f 1061         1
f 1064         2
f 1065         1
f 1067         1
f 1071         1
f 1072         1
f 1073         1
f 1075         1
f 1076         1
f 1077         2
f 1078         1
f 1079         1
f 1082         1
f 1083         1
f 1084         1
f 1085         1
f 1089         1
f 1090         1
f 1093         1
f 1097         1
f 1099         2
f 1104         1
f 1107         2
f 1108         1
f 1112         2
f 1114         1
f 1115         2
f 1119         1
f 1120         1
f 1124         1
f 1126         1
f 1165         1
DEBUG flag is on.
