DEBUG flag is on.
param_delta_final: 1
switches: 578 
p: 13 
servers: 7514 
x[0]=1
x[1]=2
x[2]=4
x[3]=8
x[4]=9
x[5]=13
x[6]=15
x[7]=16
x[0]=3
x[1]=5
x[2]=6
x[3]=7
x[4]=10
x[5]=11
x[6]=12
x[7]=14
Constructing electric Network
All connections in the topology seem consistent!!!
Wrote stats to file: ./slimfly_p13_a17_h17_min_sequential_fr0.00_seed99.2026.05.12.12.47.dat
inrflow.version                     v0.4.1              
network                                                 
topology                            slimfly             
p                                   17                  
topo.version                        v0.1                
n.servers                           7514                
n.switches                          578                 
switch.radix                        38                  
n.links                             29478               
n.cables                            14739               
p.cable.failures                    0.000000            
n.cable.failures                    0                   
n.server.pairs.NN                   56460196            
n.server.pairs.NN-1                 56452682            
routing.algorithm                   min                 
max_paths                           0                   
traffic                                                 
pattern                             random              
nrndflows                           100000              
n.flows                             100000              
n.flows.delivered                   100000              
p.flows.connected                   100.000000          
placement.strategy                  sequential          
miscelanea                                              
r.seed                              99                  
started.at.y.m.d.h.m                2026.05.12.12.47    
on machine                          pop-os              
runtime                             0.000000            
path.info                                               
min.link.path.length                0                   
max.link.path.length                4                   
mean.link.path.length               3.955150            
median.link.path.length             4.000000            
var.link.path.length                0.047039            
std.link.path.length                0.216885            
hop.info                                                
min.server.hop.length               0                   
max.server.hop.length               1                   
mean.server.hop.length              0.999910            
median.server.hop.length            1.000000            
var.server.hop.length               0.000090            
std.server.hop.length               0.009486            
flow.info                                               
min.flows.per.link                  1                   
max.flows.per.link                  31                  
mean.flows.per.link                 13.417294           
median.flows.per.link               13.000000           
var.flows.per.link                  14.937540           
std.flows.per.link                  3.864911            
connected.nonzero.flows.over.bottleneck.flow 1821054.258065      
connected.flows.over.bottleneck.flow 1821296.645161      
connected.nonzero.flows.over.mean.flow 4207456.506064      
connected.flows.over.mean.flow      4208016.529558      
#Server hop length histogram (server hop path length, number of occurrences)
h    0         9
h    1     99991
#Path length histogram (path length, number of occurrences)
p    0         9
p    2       156
p    3      4137
p    4     95698
#Flows histogram (number of flows, number of uni-directional links with this many flows)
f    1         1
f    2         6
f    3        28
f    4       101
f    5       235
f    6       426
f    7       781
f    8      1225
f    9      1757
f   10      2253
f   11      2640
f   12      3056
f   13      3105
f   14      2841
f   15      2673
f   16      2209
f   17      1811
f   18      1391
f   19      1012
f   20       731
f   21       493
f   22       307
f   23       171
f   24        97
f   25        60
f   26        33
f   27        14
f   28        10
f   29         7
f   30         1
f   31         3
DEBUG flag is on.
