DEBUG flag is on.
param_delta_final: 1
switches: 50 
p: 4 
servers: 200 
x[0]=1
x[1]=4
x[0]=2
x[1]=3
Constructing electric Network
All connections in the topology seem consistent!!!
Wrote stats to file: ./slimfly_p4_a5_h5_min_sequential_fr0.00_seed99.2026.05.12.12.47.dat
inrflow.version                     v0.4.1              
network                                                 
topology                            slimfly             
p                                   5                   
topo.version                        v0.1                
n.servers                           200                 
n.switches                          50                  
switch.radix                        11                  
n.links                             750                 
n.cables                            375                 
p.cable.failures                    0.000000            
n.cable.failures                    0                   
n.server.pairs.NN                   40000               
n.server.pairs.NN-1                 39800               
routing.algorithm                   min                 
max_paths                           0                   
traffic                                                 
pattern                             random              
nrndflows                           100000              
n.flows                             100000              
n.flows.delivered                   100000              
p.flows.connected                   100.000000          
placement.strategy                  sequential          
miscelanea                                              
r.seed                              99                  
started.at.y.m.d.h.m                2026.05.12.12.47    
on machine                          pop-os              
runtime                             0.000000            
path.info                                               
min.link.path.length                0                   
max.link.path.length                4                   
mean.link.path.length               3.809650            
median.link.path.length             4.000000            
var.link.path.length                0.243059            
std.link.path.length                0.493010            
hop.info                                                
min.server.hop.length               0                   
max.server.hop.length               1                   
mean.server.hop.length              0.995110            
median.server.hop.length            1.000000            
var.server.hop.length               0.004866            
std.server.hop.length               0.069758            
flow.info                                               
min.flows.per.link                  441                 
max.flows.per.link                  598                 
mean.flows.per.link                 507.953333          
median.flows.per.link               507.000000          
var.flows.per.link                  679.510503          
std.flows.per.link                  26.067422           
connected.nonzero.flows.over.bottleneck.flow 66.555184           
connected.flows.over.bottleneck.flow 66.889632           
connected.nonzero.flows.over.mean.flow 78.353655           
connected.flows.over.mean.flow      78.747391           
#Server hop length histogram (server hop path length, number of occurrences)
h    0       489
h    1     99511
#Path length histogram (path length, number of occurrences)
p    0       489
p    2      1513
p    3     14053
p    4     83945
#Flows histogram (number of flows, number of uni-directional links with this many flows)
f  441         1
f  442         2
f  443         3
f  445         2
f  448         1
f  451         1
f  452         1
f  454         1
f  455         2
f  456         2
f  457         2
f  458         2
f  459         4
f  460         1
f  461         2
f  462         4
f  463         5
f  464         3
f  465         2
f  466         4
f  467         3
f  468         4
f  469         4
f  471         3
f  472         3
f  473         4
f  475         6
f  476         8
f  477         6
f  478         5
f  479         5
f  480         2
f  481         9
f  482        11
f  483         5
f  484         9
f  485         5
f  486         9
f  487         7
f  488         8
f  489         9
f  490        10
f  491        14
f  492         8
f  493        13
f  494        16
f  495        11
f  496         6
f  497         9
f  498        14
f  499        14
f  500        12
f  501        15
f  502         9
f  503        10
f  504        14
f  505        12
f  506        16
f  507        10
f  508        14
f  509        13
f  510        15
f  511        11
f  512         8
f  513        16
f  514         9
f  515        11
f  516         6
f  517        10
f  518         8
f  519        10
f  520         9
f  521         8
f  522         9
f  523         7
f  524         6
f  525         7
f  526         5
f  527         8
f  528        15
f  529        11
f  530         8
f  531         4
f  532         8
f  533         7
f  534         7
f  535        10
f  536         6
f  537         4
f  538         6
f  539         6
f  540         6
f  541         2
f  542         8
f  543         3
f  544         2
f  545         2
f  546         5
f  547         4
f  548         7
f  549         5
f  550         4
f  551         2
f  552         1
f  553         1
f  554         1
f  555         1
f  556         2
f  557         3
f  558         2
f  559         1
f  560         2
f  562         1
f  563         2
f  564         3
f  565         2
f  566         1
f  567         1
f  568         2
f  570         1
f  571         1
f  574         1
f  575         1
f  581         2
f  584         1
f  585         1
f  598         1
DEBUG flag is on.
