DEBUG flag is on.
param_delta_final: 1
switches: 50 
p: 4 
servers: 200 
x[0]=1
x[1]=4
x[0]=2
x[1]=3
Constructing electric Network
All connections in the topology seem consistent!!!
Wrote stats to file: ./slimfly_p4_a5_h5_min_sequential_fr0.00_seed42.2026.05.12.12.47.dat
inrflow.version                     v0.4.1              
network                                                 
topology                            slimfly             
p                                   5                   
topo.version                        v0.1                
n.servers                           200                 
n.switches                          50                  
switch.radix                        11                  
n.links                             750                 
n.cables                            375                 
p.cable.failures                    0.000000            
n.cable.failures                    0                   
n.server.pairs.NN                   40000               
n.server.pairs.NN-1                 39800               
routing.algorithm                   min                 
max_paths                           0                   
traffic                                                 
pattern                             random              
nrndflows                           10000               
n.flows                             10000               
n.flows.delivered                   10000               
p.flows.connected                   100.000000          
placement.strategy                  sequential          
miscelanea                                              
r.seed                              42                  
started.at.y.m.d.h.m                2026.05.12.12.47    
on machine                          pop-os              
runtime                             0.000000            
path.info                                               
min.link.path.length                0                   
max.link.path.length                4                   
mean.link.path.length               3.802500            
median.link.path.length             4.000000            
var.link.path.length                0.259920            
std.link.path.length                0.509823            
hop.info                                                
min.server.hop.length               0                   
max.server.hop.length               1                   
mean.server.hop.length              0.993900            
median.server.hop.length            1.000000            
var.server.hop.length               0.006063            
std.server.hop.length               0.077868            
flow.info                                               
min.flows.per.link                  30                  
max.flows.per.link                  72                  
mean.flows.per.link                 50.700000           
median.flows.per.link               51.000000           
var.flows.per.link                  52.015354           
std.flows.per.link                  7.212167            
connected.nonzero.flows.over.bottleneck.flow 552.777778          
connected.flows.over.bottleneck.flow 555.555556          
connected.nonzero.flows.over.mean.flow 785.009862          
connected.flows.over.mean.flow      788.954635          
#Server hop length histogram (server hop path length, number of occurrences)
h    0        61
h    1      9939
#Path length histogram (path length, number of occurrences)
p    0        61
p    2       141
p    3      1449
p    4      8349
#Flows histogram (number of flows, number of uni-directional links with this many flows)
f   30         1
f   31         1
f   32         1
f   33         2
f   34         3
f   35         2
f   36         6
f   37         8
f   38        11
f   39        13
f   40        10
f   41        15
f   42        22
f   43        27
f   44        25
f   45        31
f   46        37
f   47        27
f   48        39
f   49        38
f   50        49
f   51        37
f   52        55
f   53        33
f   54        48
f   55        33
f   56        26
f   57        24
f   58        24
f   59        17
f   60        16
f   61        13
f   62        12
f   63        13
f   64         7
f   65         5
f   66         2
f   67         6
f   68         2
f   69         6
f   70         2
f   72         1
DEBUG flag is on.
