DEBUG flag is on.
param_delta_final: 1
switches: 50 
p: 4 
servers: 200 
x[0]=1
x[1]=4
x[0]=2
x[1]=3
Constructing electric Network
All connections in the topology seem consistent!!!
Wrote stats to file: ./slimfly_p4_a5_h5_min_sequential_fr0.00_seed13.2026.05.12.12.47.dat
inrflow.version                     v0.4.1              
network                                                 
topology                            slimfly             
p                                   5                   
topo.version                        v0.1                
n.servers                           200                 
n.switches                          50                  
switch.radix                        11                  
n.links                             750                 
n.cables                            375                 
p.cable.failures                    0.000000            
n.cable.failures                    0                   
n.server.pairs.NN                   40000               
n.server.pairs.NN-1                 39800               
routing.algorithm                   min                 
max_paths                           0                   
traffic                                                 
pattern                             random              
nrndflows                           10000               
n.flows                             10000               
n.flows.delivered                   10000               
p.flows.connected                   100.000000          
placement.strategy                  sequential          
miscelanea                                              
r.seed                              13                  
started.at.y.m.d.h.m                2026.05.12.12.47    
on machine                          pop-os              
runtime                             0.000000            
path.info                                               
min.link.path.length                0                   
max.link.path.length                4                   
mean.link.path.length               3.806500            
median.link.path.length             4.000000            
var.link.path.length                0.247282            
std.link.path.length                0.497275            
hop.info                                                
min.server.hop.length               0                   
max.server.hop.length               1                   
mean.server.hop.length              0.995100            
median.server.hop.length            1.000000            
var.server.hop.length               0.004876            
std.server.hop.length               0.069832            
flow.info                                               
min.flows.per.link                  29                  
max.flows.per.link                  76                  
mean.flows.per.link                 50.753333           
median.flows.per.link               51.000000           
var.flows.per.link                  52.295550           
std.flows.per.link                  7.231566            
connected.nonzero.flows.over.bottleneck.flow 523.684211          
connected.flows.over.bottleneck.flow 526.315789          
connected.nonzero.flows.over.mean.flow 784.184947          
connected.flows.over.mean.flow      788.125575          
#Server hop length histogram (server hop path length, number of occurrences)
h    0        49
h    1      9951
#Path length histogram (path length, number of occurrences)
p    0        49
p    2       162
p    3      1415
p    4      8374
#Flows histogram (number of flows, number of uni-directional links with this many flows)
f   29         1
f   30         1
f   31         1
f   34         2
f   35         5
f   36         5
f   37         8
f   38         9
f   39        10
f   40        11
f   41        23
f   42        20
f   43        27
f   44        27
f   45        29
f   46        32
f   47        38
f   48        36
f   49        31
f   50        52
f   51        41
f   52        38
f   53        47
f   54        40
f   55        26
f   56        27
f   57        33
f   58        25
f   59        20
f   60        22
f   61        14
f   62        13
f   63         9
f   64         6
f   65         5
f   66         3
f   67         2
f   69         2
f   70         3
f   71         2
f   72         2
f   73         1
f   76         1
DEBUG flag is on.
