DEBUG flag is on.
param_delta_final: -1
switches: 18 
p: 3 
servers: 54 
x[0]=1
x[1]=2
x[0]=1
x[1]=2
Constructing electric Network
All connections in the topology seem consistent!!!
Wrote stats to file: ./slimfly_p3_a3_h3_min_sequential_fr0.00_seed13.2026.05.12.12.47.dat
inrflow.version                     v0.4.1              
network                                                 
topology                            slimfly             
p                                   3                   
topo.version                        v0.1                
n.servers                           54                  
n.switches                          18                  
switch.radix                        8                   
n.links                             198                 
n.cables                            99                  
p.cable.failures                    0.000000            
n.cable.failures                    0                   
n.server.pairs.NN                   2916                
n.server.pairs.NN-1                 2862                
routing.algorithm                   min                 
max_paths                           0                   
traffic                                                 
pattern                             hotregion           
nhotrflows                          500                 
n.flows                             500                 
n.flows.delivered                   500                 
p.flows.connected                   100.000000          
placement.strategy                  sequential          
miscelanea                                              
r.seed                              13                  
started.at.y.m.d.h.m                2026.05.12.12.47    
on machine                          pop-os              
runtime                             0.000000            
path.info                                               
min.link.path.length                0                   
max.link.path.length                4                   
mean.link.path.length               3.564000            
median.link.path.length             4.000000            
var.link.path.length                0.494894            
std.link.path.length                0.703487            
hop.info                                                
min.server.hop.length               0                   
max.server.hop.length               1                   
mean.server.hop.length              0.988000            
median.server.hop.length            1.000000            
var.server.hop.length               0.011880            
std.server.hop.length               0.108994            
flow.info                                               
min.flows.per.link                  1                   
max.flows.per.link                  37                  
mean.flows.per.link                 9.000000            
median.flows.per.link               8.000000            
var.flows.per.link                  29.411168           
std.flows.per.link                  5.423206            
connected.nonzero.flows.over.bottleneck.flow 77.351351           
connected.flows.over.bottleneck.flow 78.810811           
connected.nonzero.flows.over.mean.flow 318.000000          
connected.flows.over.mean.flow      324.000000          
#Server hop length histogram (server hop path length, number of occurrences)
h    0         6
h    1       494
#Path length histogram (path length, number of occurrences)
p    0         6
p    2        26
p    3       142
p    4       326
#Flows histogram (number of flows, number of uni-directional links with this many flows)
f    1         3
f    2         4
f    3         6
f    4        21
f    5        14
f    6        21
f    7        28
f    8        18
f    9        14
f   10        11
f   11        13
f   12         5
f   13        11
f   14         9
f   15         2
f   16         1
f   17         3
f   18         3
f   19         2
f   22         2
f   23         1
f   24         1
f   25         2
f   28         1
f   30         1
f   37         1
DEBUG flag is on.
