DEBUG flag is on.
param_delta_final: -1
switches: 18 
p: 3 
servers: 54 
x[0]=1
x[1]=2
x[0]=1
x[1]=2
Constructing electric Network
All connections in the topology seem consistent!!!
Wrote stats to file: ./slimfly_p3_a3_h3_min_sequential_fr0.00_seed13.2026.05.12.12.47.dat
inrflow.version                     v0.4.1              
network                                                 
topology                            slimfly             
p                                   3                   
topo.version                        v0.1                
n.servers                           54                  
n.switches                          18                  
switch.radix                        8                   
n.links                             198                 
n.cables                            99                  
p.cable.failures                    0.000000            
n.cable.failures                    0                   
n.server.pairs.NN                   2916                
n.server.pairs.NN-1                 2862                
routing.algorithm                   min                 
max_paths                           0                   
traffic                                                 
pattern                             random              
nrndflows                           100000              
n.flows                             100000              
n.flows.delivered                   100000              
p.flows.connected                   100.000000          
placement.strategy                  sequential          
miscelanea                                              
r.seed                              13                  
started.at.y.m.d.h.m                2026.05.12.12.47    
on machine                          pop-os              
runtime                             0.000000            
path.info                                               
min.link.path.length                0                   
max.link.path.length                4                   
mean.link.path.length               3.570580            
median.link.path.length             4.000000            
var.link.path.length                0.545624            
std.link.path.length                0.738664            
hop.info                                                
min.server.hop.length               0                   
max.server.hop.length               1                   
mean.server.hop.length              0.981130            
median.server.hop.length            1.000000            
var.server.hop.length               0.018514            
std.server.hop.length               0.136067            
flow.info                                               
min.flows.per.link                  1133                
max.flows.per.link                  2266                
mean.flows.per.link                 1803.323232         
median.flows.per.link               1828.000000         
var.flows.per.link                  95629.387376        
std.flows.per.link                  309.240016          
connected.nonzero.flows.over.bottleneck.flow 1.263019            
connected.flows.over.bottleneck.flow 1.286849            
connected.nonzero.flows.over.mean.flow 1.587070            
connected.flows.over.mean.flow      1.617015            
#Server hop length histogram (server hop path length, number of occurrences)
h    0      1887
h    1     98113
#Path length histogram (path length, number of occurrences)
p    0      1887
p    2      3708
p    3     27978
p    4     66427
#Flows histogram (number of flows, number of uni-directional links with this many flows)
f 1133         1
f 1169         1
f 1187         1
f 1190         1
f 1201         2
f 1203         1
f 1205         1
f 1206         1
f 1210         1
f 1211         2
f 1215         1
f 1216         1
f 1217         1
f 1218         2
f 1221         1
f 1226         1
f 1234         1
f 1235         1
f 1238         1
f 1243         1
f 1244         1
f 1250         1
f 1255         1
f 1256         1
f 1258         1
f 1262         1
f 1273         1
f 1280         1
f 1294         1
f 1300         1
f 1304         1
f 1308         1
f 1311         1
f 1712         1
f 1714         2
f 1716         1
f 1720         1
f 1721         1
f 1734         1
f 1740         1
f 1741         1
f 1743         1
f 1746         1
f 1750         1
f 1753         1
f 1757         1
f 1761         1
f 1771         1
f 1772         1
f 1775         1
f 1777         1
f 1779         2
f 1783         1
f 1786         1
f 1787         1
f 1788         1
f 1789         1
f 1792         1
f 1793         2
f 1796         3
f 1797         2
f 1798         2
f 1801         1
f 1803         1
f 1804         1
f 1806         2
f 1807         1
f 1809         1
f 1811         1
f 1812         3
f 1813         1
f 1814         3
f 1815         2
f 1817         1
f 1819         1
f 1820         2
f 1822         1
f 1824         2
f 1826         1
f 1827         1
f 1828         2
f 1829         2
f 1830         4
f 1834         1
f 1838         1
f 1839         1
f 1841         1
f 1844         2
f 1845         1
f 1849         1
f 1854         3
f 1855         2
f 1858         2
f 1859         2
f 1860         2
f 1864         2
f 1865         3
f 1867         1
f 1868         1
f 1869         1
f 1871         1
f 1872         1
f 1875         1
f 1879         1
f 1882         1
f 1893         2
f 1896         1
f 1899         1
f 1903         1
f 1911         1
f 2055         1
f 2074         2
f 2076         1
f 2085         1
f 2091         1
f 2097         1
f 2099         1
f 2108         1
f 2112         1
f 2115         1
f 2124         2
f 2126         3
f 2128         1
f 2129         1
f 2132         1
f 2133         1
f 2138         1
f 2142         1
f 2145         1
f 2147         1
f 2148         1
f 2150         1
f 2155         1
f 2156         1
f 2157         1
f 2163         1
f 2168         1
f 2169         1
f 2170         2
f 2171         1
f 2179         1
f 2181         1
f 2183         1
f 2185         1
f 2189         1
f 2190         1
f 2193         1
f 2196         1
f 2203         1
f 2206         1
f 2210         1
f 2211         1
f 2215         1
f 2218         1
f 2223         1
f 2228         1
f 2233         1
f 2237         1
f 2266         1
DEBUG flag is on.
