DEBUG flag is on.
param_delta_final: -1
switches: 18 
p: 3 
servers: 54 
x[0]=1
x[1]=2
x[0]=1
x[1]=2
Constructing electric Network
All connections in the topology seem consistent!!!
Wrote stats to file: ./slimfly_p3_a3_h3_min_sequential_fr0.00_seed42.2026.05.12.12.47.dat
inrflow.version                     v0.4.1              
network                                                 
topology                            slimfly             
p                                   3                   
topo.version                        v0.1                
n.servers                           54                  
n.switches                          18                  
switch.radix                        8                   
n.links                             198                 
n.cables                            99                  
p.cable.failures                    0.000000            
n.cable.failures                    0                   
n.server.pairs.NN                   2916                
n.server.pairs.NN-1                 2862                
routing.algorithm                   min                 
max_paths                           0                   
traffic                                                 
pattern                             hotregion           
nhotrflows                          500                 
n.flows                             500                 
n.flows.delivered                   500                 
p.flows.connected                   100.000000          
placement.strategy                  sequential          
miscelanea                                              
r.seed                              42                  
started.at.y.m.d.h.m                2026.05.12.12.47    
on machine                          pop-os              
runtime                             0.000000            
path.info                                               
min.link.path.length                0                   
max.link.path.length                4                   
mean.link.path.length               3.508000            
median.link.path.length             4.000000            
var.link.path.length                0.695327            
std.link.path.length                0.833862            
hop.info                                                
min.server.hop.length               0                   
max.server.hop.length               1                   
mean.server.hop.length              0.968000            
median.server.hop.length            1.000000            
var.server.hop.length               0.031038            
std.server.hop.length               0.176176            
flow.info                                               
min.flows.per.link                  0                   
max.flows.per.link                  34                  
mean.flows.per.link                 8.858586            
median.flows.per.link               8.000000            
var.flows.per.link                  34.731170           
std.flows.per.link                  5.893316            
connected.nonzero.flows.over.bottleneck.flow 84.176471           
connected.flows.over.bottleneck.flow 85.764706           
connected.nonzero.flows.over.mean.flow 323.076397          
connected.flows.over.mean.flow      329.172178          
#Server hop length histogram (server hop path length, number of occurrences)
h    0        16
h    1       484
#Path length histogram (path length, number of occurrences)
p    0        16
p    2        15
p    3       152
p    4       317
#Flows histogram (number of flows, number of uni-directional links with this many flows)
f    0         1
f    1         4
f    2         5
f    3        11
f    4        14
f    5        18
f    6        26
f    7        18
f    8        16
f    9        19
f   10        15
f   11        14
f   12         7
f   13         6
f   14         1
f   15         4
f   16         4
f   17         1
f   19         1
f   20         2
f   21         1
f   23         3
f   24         1
f   26         1
f   29         1
f   31         1
f   33         2
f   34         1
DEBUG flag is on.
