DEBUG flag is on.
param_delta_final: 1
switches: 578 
p: 13 
servers: 7514 
x[0]=1
x[1]=2
x[2]=4
x[3]=8
x[4]=9
x[5]=13
x[6]=15
x[7]=16
x[0]=3
x[1]=5
x[2]=6
x[3]=7
x[4]=10
x[5]=11
x[6]=12
x[7]=14
Constructing electric Network
All connections in the topology seem consistent!!!
Wrote stats to file: ./slimfly_p13_a17_h17_min_sequential_fr0.00_seed42.2026.05.12.12.47.dat
inrflow.version                     v0.4.1              
network                                                 
topology                            slimfly             
p                                   17                  
topo.version                        v0.1                
n.servers                           7514                
n.switches                          578                 
switch.radix                        38                  
n.links                             29478               
n.cables                            14739               
p.cable.failures                    0.000000            
n.cable.failures                    0                   
n.server.pairs.NN                   56460196            
n.server.pairs.NN-1                 56452682            
routing.algorithm                   min                 
max_paths                           0                   
traffic                                                 
pattern                             random              
nrndflows                           50000               
n.flows                             50000               
n.flows.delivered                   50000               
p.flows.connected                   100.000000          
placement.strategy                  sequential          
miscelanea                                              
r.seed                              42                  
started.at.y.m.d.h.m                2026.05.12.12.47    
on machine                          pop-os              
runtime                             0.000000            
path.info                                               
min.link.path.length                0                   
max.link.path.length                4                   
mean.link.path.length               3.951680            
median.link.path.length             4.000000            
var.link.path.length                0.052506            
std.link.path.length                0.229142            
hop.info                                                
min.server.hop.length               0                   
max.server.hop.length               1                   
mean.server.hop.length              0.999740            
median.server.hop.length            1.000000            
var.server.hop.length               0.000260            
std.server.hop.length               0.016123            
flow.info                                               
min.flows.per.link                  0                   
max.flows.per.link                  20                  
mean.flows.per.link                 6.702761            
median.flows.per.link               7.000000            
var.flows.per.link                  7.007144            
std.flows.per.link                  2.647101            
connected.nonzero.flows.over.bottleneck.flow 2822634.100000      
connected.flows.over.bottleneck.flow 2823009.800000      
connected.nonzero.flows.over.mean.flow 8422302.210685      
connected.flows.over.mean.flow      8423423.241194      
#Server hop length histogram (server hop path length, number of occurrences)
h    0        13
h    1     49987
#Path length histogram (path length, number of occurrences)
p    0        13
p    2        85
p    3      2194
p    4     47708
#Flows histogram (number of flows, number of uni-directional links with this many flows)
f    0        35
f    1       299
f    2       868
f    3      1830
f    4      3114
f    5      4016
f    6      4506
f    7      4301
f    8      3460
f    9      2741
f   10      1868
f   11      1125
f   12       656
f   13       353
f   14       171
f   15        73
f   16        40
f   17        15
f   18         3
f   19         3
f   20         1
DEBUG flag is on.
