DEBUG flag is on.
param_delta_final: 1
switches: 578 
p: 13 
servers: 7514 
x[0]=1
x[1]=2
x[2]=4
x[3]=8
x[4]=9
x[5]=13
x[6]=15
x[7]=16
x[0]=3
x[1]=5
x[2]=6
x[3]=7
x[4]=10
x[5]=11
x[6]=12
x[7]=14
Constructing electric Network
All connections in the topology seem consistent!!!
Wrote stats to file: ./slimfly_p13_a17_h17_min_sequential_fr0.00_seed99.2026.05.12.12.47.dat
inrflow.version                     v0.4.1              
network                                                 
topology                            slimfly             
p                                   17                  
topo.version                        v0.1                
n.servers                           7514                
n.switches                          578                 
switch.radix                        38                  
n.links                             29478               
n.cables                            14739               
p.cable.failures                    0.000000            
n.cable.failures                    0                   
n.server.pairs.NN                   56460196            
n.server.pairs.NN-1                 56452682            
routing.algorithm                   min                 
max_paths                           0                   
traffic                                                 
pattern                             random              
nrndflows                           50000               
n.flows                             50000               
n.flows.delivered                   50000               
p.flows.connected                   100.000000          
placement.strategy                  sequential          
miscelanea                                              
r.seed                              99                  
started.at.y.m.d.h.m                2026.05.12.12.47    
on machine                          pop-os              
runtime                             0.000000            
path.info                                               
min.link.path.length                0                   
max.link.path.length                4                   
mean.link.path.length               3.954100            
median.link.path.length             4.000000            
var.link.path.length                0.048954            
std.link.path.length                0.221256            
hop.info                                                
min.server.hop.length               0                   
max.server.hop.length               1                   
mean.server.hop.length              0.999840            
median.server.hop.length            1.000000            
var.server.hop.length               0.000160            
std.server.hop.length               0.012648            
flow.info                                               
min.flows.per.link                  0                   
max.flows.per.link                  20                  
mean.flows.per.link                 6.706866            
median.flows.per.link               7.000000            
var.flows.per.link                  7.120264            
std.flows.per.link                  2.668382            
connected.nonzero.flows.over.bottleneck.flow 2822634.100000      
connected.flows.over.bottleneck.flow 2823009.800000      
connected.nonzero.flows.over.mean.flow 8417147.568327      
connected.flows.over.mean.flow      8418267.912739      
#Server hop length histogram (server hop path length, number of occurrences)
h    0         8
h    1     49992
#Path length histogram (path length, number of occurrences)
p    0         8
p    2        81
p    3      2101
p    4     47810
#Flows histogram (number of flows, number of uni-directional links with this many flows)
f    0        38
f    1       275
f    2       937
f    3      1905
f    4      3081
f    5      4002
f    6      4415
f    7      4127
f    8      3561
f    9      2778
f   10      1833
f   11      1219
f   12       640
f   13       360
f   14       161
f   15        89
f   16        32
f   17        17
f   18         5
f   19         1
f   20         2
DEBUG flag is on.
