DEBUG flag is on.
param_delta_final: 1
switches: 578 
p: 13 
servers: 7514 
x[0]=1
x[1]=2
x[2]=4
x[3]=8
x[4]=9
x[5]=13
x[6]=15
x[7]=16
x[0]=3
x[1]=5
x[2]=6
x[3]=7
x[4]=10
x[5]=11
x[6]=12
x[7]=14
Constructing electric Network
All connections in the topology seem consistent!!!
Wrote stats to file: ./slimfly_p13_a17_h17_min_sequential_fr0.00_seed99.2026.05.12.12.47.dat
inrflow.version                     v0.4.1              
network                                                 
topology                            slimfly             
p                                   17                  
topo.version                        v0.1                
n.servers                           7514                
n.switches                          578                 
switch.radix                        38                  
n.links                             29478               
n.cables                            14739               
p.cable.failures                    0.000000            
n.cable.failures                    0                   
n.server.pairs.NN                   56460196            
n.server.pairs.NN-1                 56452682            
routing.algorithm                   min                 
max_paths                           0                   
traffic                                                 
pattern                             shift               
stride                              10                  
n.flows                             7514                
n.flows.delivered                   7514                
p.flows.connected                   100.000000          
placement.strategy                  sequential          
miscelanea                                              
r.seed                              99                  
started.at.y.m.d.h.m                2026.05.12.12.47    
on machine                          pop-os              
runtime                             0.000000            
path.info                                               
min.link.path.length                2                   
max.link.path.length                4                   
mean.link.path.length               3.176471            
median.link.path.length             3.000000            
var.link.path.length                0.606948            
std.link.path.length                0.779069            
hop.info                                                
min.server.hop.length               1                   
max.server.hop.length               1                   
mean.server.hop.length              1.000000            
median.server.hop.length            1.000000            
var.server.hop.length               0.000000            
std.server.hop.length               0.000000            
flow.info                                               
min.flows.per.link                  0                   
max.flows.per.link                  10                  
mean.flows.per.link                 0.809689            
median.flows.per.link               1.000000            
var.flows.per.link                  2.853152            
std.flows.per.link                  1.689127            
connected.nonzero.flows.over.bottleneck.flow 5645268.200000      
connected.flows.over.bottleneck.flow 5646019.600000      
connected.nonzero.flows.over.mean.flow 69721474.777778     
connected.flows.over.mean.flow      69730754.888889     
#Server hop length histogram (server hop path length, number of occurrences)
h    1      7514
#Path length histogram (path length, number of occurrences)
p    2      1734
p    3      2720
p    4      3060
#Flows histogram (number of flows, number of uni-directional links with this many flows)
f    0     13566
f    1     15028
f   10       884
DEBUG flag is on.
