DEBUG flag is on.
param_delta_final: -1
switches: 18 
p: 3 
servers: 54 
x[0]=1
x[1]=2
x[0]=1
x[1]=2
Constructing electric Network
All connections in the topology seem consistent!!!
Wrote stats to file: ./slimfly_p3_a3_h3_min_sequential_fr0.00_seed13.2026.05.12.12.47.dat
inrflow.version                     v0.4.1              
network                                                 
topology                            slimfly             
p                                   3                   
topo.version                        v0.1                
n.servers                           54                  
n.switches                          18                  
switch.radix                        8                   
n.links                             198                 
n.cables                            99                  
p.cable.failures                    0.000000            
n.cable.failures                    0                   
n.server.pairs.NN                   2916                
n.server.pairs.NN-1                 2862                
routing.algorithm                   min                 
max_paths                           0                   
traffic                                                 
pattern                             random              
nrndflows                           10000               
n.flows                             10000               
n.flows.delivered                   10000               
p.flows.connected                   100.000000          
placement.strategy                  sequential          
miscelanea                                              
r.seed                              13                  
started.at.y.m.d.h.m                2026.05.12.12.47    
on machine                          pop-os              
runtime                             0.000000            
path.info                                               
min.link.path.length                0                   
max.link.path.length                4                   
mean.link.path.length               3.568700            
median.link.path.length             4.000000            
var.link.path.length                0.549335            
std.link.path.length                0.741172            
hop.info                                                
min.server.hop.length               0                   
max.server.hop.length               1                   
mean.server.hop.length              0.981300            
median.server.hop.length            1.000000            
var.server.hop.length               0.018352            
std.server.hop.length               0.135470            
flow.info                                               
min.flows.per.link                  97                  
max.flows.per.link                  245                 
mean.flows.per.link                 180.237374          
median.flows.per.link               184.000000          
var.flows.per.link                  1092.121033         
std.flows.per.link                  33.047255           
connected.nonzero.flows.over.bottleneck.flow 11.681633           
connected.flows.over.bottleneck.flow 11.902041           
connected.nonzero.flows.over.mean.flow 15.879060           
connected.flows.over.mean.flow      16.178664           
#Server hop length histogram (server hop path length, number of occurrences)
h    0       187
h    1      9813
#Path length histogram (path length, number of occurrences)
p    0       187
p    2       398
p    3      2769
p    4      6646
#Flows histogram (number of flows, number of uni-directional links with this many flows)
f   97         1
f  102         1
f  108         1
f  109         3
f  115         1
f  116         2
f  117         1
f  119         1
f  121         1
f  122         1
f  123         1
f  124         1
f  126         2
f  127         4
f  128         2
f  129         2
f  130         3
f  131         1
f  132         2
f  134         1
f  135         2
f  136         1
f  143         1
f  147         1
f  153         1
f  159         1
f  162         2
f  163         3
f  164         3
f  165         2
f  166         1
f  167         2
f  168         2
f  169         5
f  171         1
f  172         2
f  173         6
f  174         1
f  175         1
f  176         1
f  177         5
f  178         6
f  179         4
f  180         2
f  181         6
f  182         3
f  183         2
f  184         6
f  185         2
f  186         4
f  187         3
f  188         1
f  189         1
f  191         3
f  192         2
f  193         3
f  194         5
f  195         3
f  196         1
f  197         2
f  198         3
f  199         3
f  200         2
f  201         3
f  202         4
f  203         1
f  204         1
f  206         2
f  207         1
f  208         2
f  209         5
f  210         1
f  211         2
f  212         5
f  213         1
f  214         1
f  216         1
f  217         1
f  218         1
f  219         2
f  220         1
f  221         4
f  223         2
f  224         1
f  225         1
f  229         1
f  231         3
f  233         2
f  234         1
f  235         1
f  240         1
f  241         1
f  242         1
f  245         1
DEBUG flag is on.
