DEBUG flag is on.
param_delta_final: 1
switches: 338 
p: 10 
servers: 3380 
x[0]=1
x[1]=3
x[2]=4
x[3]=9
x[4]=10
x[5]=12
x[0]=2
x[1]=5
x[2]=6
x[3]=7
x[4]=8
x[5]=11
Constructing electric Network
All connections in the topology seem consistent!!!
Wrote stats to file: ./slimfly_p10_a13_h13_min_sequential_fr0.00_seed42.2026.05.12.12.47.dat
inrflow.version                     v0.4.1              
network                                                 
topology                            slimfly             
p                                   13                  
topo.version                        v0.1                
n.servers                           3380                
n.switches                          338                 
switch.radix                        29                  
n.links                             13182               
n.cables                            6591                
p.cable.failures                    0.000000            
n.cable.failures                    0                   
n.server.pairs.NN                   11424400            
n.server.pairs.NN-1                 11421020            
routing.algorithm                   min                 
max_paths                           0                   
traffic                                                 
pattern                             random              
nrndflows                           100000              
n.flows                             100000              
n.flows.delivered                   100000              
p.flows.connected                   100.000000          
placement.strategy                  sequential          
miscelanea                                              
r.seed                              42                  
started.at.y.m.d.h.m                2026.05.12.12.47    
on machine                          pop-os              
runtime                             0.000000            
path.info                                               
min.link.path.length                0                   
max.link.path.length                4                   
mean.link.path.length               3.937290            
median.link.path.length             4.000000            
var.link.path.length                0.068178            
std.link.path.length                0.261109            
hop.info                                                
min.server.hop.length               0                   
max.server.hop.length               1                   
mean.server.hop.length              0.999720            
median.server.hop.length            1.000000            
var.server.hop.length               0.000280            
std.server.hop.length               0.016731            
flow.info                                               
min.flows.per.link                  10                  
max.flows.per.link                  56                  
mean.flows.per.link                 29.868685           
median.flows.per.link               30.000000           
var.flows.per.link                  35.257393           
std.flows.per.link                  5.937794            
connected.nonzero.flows.over.bottleneck.flow 203946.785714       
connected.flows.over.bottleneck.flow 204007.142857       
connected.nonzero.flows.over.mean.flow 382374.388577       
connected.flows.over.mean.flow      382487.550574       
#Server hop length histogram (server hop path length, number of occurrences)
h    0        28
h    1     99972
#Path length histogram (path length, number of occurrences)
p    0        28
p    2       302
p    3      5555
p    4     94115
#Flows histogram (number of flows, number of uni-directional links with this many flows)
f   10         3
f   12         2
f   13         7
f   14        19
f   15        31
f   16        39
f   17        79
f   18       122
f   19       173
f   20       226
f   21       317
f   22       365
f   23       475
f   24       585
f   25       637
f   26       745
f   27       775
f   28       937
f   29       823
f   30       923
f   31       818
f   32       837
f   33       798
f   34       652
f   35       574
f   36       512
f   37       375
f   38       325
f   39       265
f   40       201
f   41       169
f   42       103
f   43        78
f   44        63
f   45        43
f   46        22
f   47        22
f   48        18
f   49         6
f   50         7
f   51         4
f   52         2
f   54         2
f   55         2
f   56         1
DEBUG flag is on.
