DEBUG flag is on.
param_delta_final: 1
switches: 578 
p: 13 
servers: 7514 
x[0]=1
x[1]=2
x[2]=4
x[3]=8
x[4]=9
x[5]=13
x[6]=15
x[7]=16
x[0]=3
x[1]=5
x[2]=6
x[3]=7
x[4]=10
x[5]=11
x[6]=12
x[7]=14
Constructing electric Network
All connections in the topology seem consistent!!!
Wrote stats to file: ./slimfly_p13_a17_h17_min_sequential_fr0.00_seed13.2026.05.12.12.47.dat
inrflow.version                     v0.4.1              
network                                                 
topology                            slimfly             
p                                   17                  
topo.version                        v0.1                
n.servers                           7514                
n.switches                          578                 
switch.radix                        38                  
n.links                             29478               
n.cables                            14739               
p.cable.failures                    0.000000            
n.cable.failures                    0                   
n.server.pairs.NN                   56460196            
n.server.pairs.NN-1                 56452682            
routing.algorithm                   min                 
max_paths                           0                   
traffic                                                 
pattern                             random              
nrndflows                           50000               
n.flows                             50000               
n.flows.delivered                   50000               
p.flows.connected                   100.000000          
placement.strategy                  sequential          
miscelanea                                              
r.seed                              13                  
started.at.y.m.d.h.m                2026.05.12.12.47    
on machine                          pop-os              
runtime                             0.000000            
path.info                                               
min.link.path.length                0                   
max.link.path.length                4                   
mean.link.path.length               3.952560            
median.link.path.length             4.000000            
var.link.path.length                0.049790            
std.link.path.length                0.223138            
hop.info                                                
min.server.hop.length               0                   
max.server.hop.length               1                   
mean.server.hop.length              0.999860            
median.server.hop.length            1.000000            
var.server.hop.length               0.000140            
std.server.hop.length               0.011831            
flow.info                                               
min.flows.per.link                  0                   
max.flows.per.link                  19                  
mean.flows.per.link                 6.704254            
median.flows.per.link               7.000000            
var.flows.per.link                  7.097319            
std.flows.per.link                  2.664079            
connected.nonzero.flows.over.bottleneck.flow 2971193.789474      
connected.flows.over.bottleneck.flow 2971589.263158      
connected.nonzero.flows.over.mean.flow 8420427.064971      
connected.flows.over.mean.flow      8421547.845892      
#Server hop length histogram (server hop path length, number of occurrences)
h    0         7
h    1     49993
#Path length histogram (path length, number of occurrences)
p    0         7
p    2        73
p    3      2198
p    4     47722
#Flows histogram (number of flows, number of uni-directional links with this many flows)
f    0        40
f    1       302
f    2       891
f    3      1866
f    4      3060
f    5      4061
f    6      4412
f    7      4270
f    8      3568
f    9      2685
f   10      1833
f   11      1153
f   12       644
f   13       363
f   14       176
f   15        92
f   16        39
f   17        14
f   18         7
f   19         2
DEBUG flag is on.
