DEBUG flag is on.
param_delta_final: 1
switches: 578 
p: 13 
servers: 7514 
x[0]=1
x[1]=2
x[2]=4
x[3]=8
x[4]=9
x[5]=13
x[6]=15
x[7]=16
x[0]=3
x[1]=5
x[2]=6
x[3]=7
x[4]=10
x[5]=11
x[6]=12
x[7]=14
Constructing electric Network
All connections in the topology seem consistent!!!
Wrote stats to file: ./slimfly_p13_a17_h17_min_sequential_fr0.00_seed42.2026.05.12.12.47.dat
inrflow.version                     v0.4.1              
network                                                 
topology                            slimfly             
p                                   17                  
topo.version                        v0.1                
n.servers                           7514                
n.switches                          578                 
switch.radix                        38                  
n.links                             29478               
n.cables                            14739               
p.cable.failures                    0.000000            
n.cable.failures                    0                   
n.server.pairs.NN                   56460196            
n.server.pairs.NN-1                 56452682            
routing.algorithm                   min                 
max_paths                           0                   
traffic                                                 
pattern                             random              
nrndflows                           100000              
n.flows                             100000              
n.flows.delivered                   100000              
p.flows.connected                   100.000000          
placement.strategy                  sequential          
miscelanea                                              
r.seed                              42                  
started.at.y.m.d.h.m                2026.05.12.12.47    
on machine                          pop-os              
runtime                             0.000000            
path.info                                               
min.link.path.length                0                   
max.link.path.length                4                   
mean.link.path.length               3.952090            
median.link.path.length             4.000000            
var.link.path.length                0.051375            
std.link.path.length                0.226661            
hop.info                                                
min.server.hop.length               0                   
max.server.hop.length               1                   
mean.server.hop.length              0.999780            
median.server.hop.length            1.000000            
var.server.hop.length               0.000220            
std.server.hop.length               0.014831            
flow.info                                               
min.flows.per.link                  1                   
max.flows.per.link                  33                  
mean.flows.per.link                 13.406914           
median.flows.per.link               13.000000           
var.flows.per.link                  14.657668           
std.flows.per.link                  3.828533            
connected.nonzero.flows.over.bottleneck.flow 1710687.333333      
connected.flows.over.bottleneck.flow 1710915.030303      
connected.nonzero.flows.over.mean.flow 4210714.229676      
connected.flows.over.mean.flow      4211274.686781      
#Server hop length histogram (server hop path length, number of occurrences)
h    0        22
h    1     99978
#Path length histogram (path length, number of occurrences)
p    0        22
p    2       156
p    3      4391
p    4     95431
#Flows histogram (number of flows, number of uni-directional links with this many flows)
f    1         2
f    2         4
f    3        34
f    4        96
f    5       190
f    6       414
f    7       803
f    8      1277
f    9      1706
f   10      2263
f   11      2663
f   12      2958
f   13      3095
f   14      3025
f   15      2635
f   16      2306
f   17      1764
f   18      1444
f   19      1017
f   20       667
f   21       432
f   22       257
f   23       188
f   24       110
f   25        66
f   26        27
f   27        15
f   28        12
f   29         6
f   30         1
f   33         1
DEBUG flag is on.
