DEBUG flag is on.
param_delta_final: -1
switches: 18 
p: 3 
servers: 54 
x[0]=1
x[1]=2
x[0]=1
x[1]=2
Constructing electric Network
All connections in the topology seem consistent!!!
Wrote stats to file: ./slimfly_p3_a3_h3_min_sequential_fr0.00_seed99.2026.05.12.12.47.dat
inrflow.version                     v0.4.1              
network                                                 
topology                            slimfly             
p                                   3                   
topo.version                        v0.1                
n.servers                           54                  
n.switches                          18                  
switch.radix                        8                   
n.links                             198                 
n.cables                            99                  
p.cable.failures                    0.000000            
n.cable.failures                    0                   
n.server.pairs.NN                   2916                
n.server.pairs.NN-1                 2862                
routing.algorithm                   min                 
max_paths                           0                   
traffic                                                 
pattern                             hotregion           
nhotrflows                          10                  
n.flows                             10                  
n.flows.delivered                   10                  
p.flows.connected                   100.000000          
placement.strategy                  sequential          
miscelanea                                              
r.seed                              99                  
started.at.y.m.d.h.m                2026.05.12.12.47    
on machine                          pop-os              
runtime                             0.000000            
path.info                                               
min.link.path.length                3                   
max.link.path.length                4                   
mean.link.path.length               3.400000            
median.link.path.length             3.000000            
var.link.path.length                0.266667            
std.link.path.length                0.516398            
hop.info                                                
min.server.hop.length               1                   
max.server.hop.length               1                   
mean.server.hop.length              1.000000            
median.server.hop.length            1.000000            
var.server.hop.length               0.000000            
std.server.hop.length               0.000000            
flow.info                                               
min.flows.per.link                  0                   
max.flows.per.link                  2                   
mean.flows.per.link                 0.171717            
median.flows.per.link               0.000000            
var.flows.per.link                  0.163257            
std.flows.per.link                  0.404051            
connected.nonzero.flows.over.bottleneck.flow 1431.000000         
connected.flows.over.bottleneck.flow 1458.000000         
connected.nonzero.flows.over.mean.flow 16666.941176        
connected.flows.over.mean.flow      16981.411765        
#Server hop length histogram (server hop path length, number of occurrences)
h    1        10
#Path length histogram (path length, number of occurrences)
p    3         6
p    4         4
#Flows histogram (number of flows, number of uni-directional links with this many flows)
f    0       166
f    1        30
f    2         2
DEBUG flag is on.
